###############################################################
#  Generated by:      Cadence Innovus 15.23-s045_1
#  OS:                Linux x86_64(Host ID ieng6-ece-13.ucsd.edu)
#  Generated on:      Mon Mar 10 19:44:45 2025
#  Design:            sram_w16
#  Command:           verifyConnectivity
###############################################################
Verify Connectivity Report is created on Mon Mar 10 19:44:45 2025



Net VDD: dangling Wire at (229.800, 211.600) (229.800, 211.600) on layer: M1
Net VDD: dangling Wire at (229.800, 208.000) (229.800, 208.000) on layer: M1
Net VDD: dangling Wire at (229.800, 229.600) (229.800, 229.600) on layer: M1
Net VDD: dangling Wire at (229.800, 186.400) (229.800, 186.400) on layer: M1
Net VDD: dangling Wire at (229.800, 182.800) (229.800, 182.800) on layer: M1
Net VDD: dangling Wire at (229.800, 204.400) (229.800, 204.400) on layer: M1
Net VDD: dangling Wire at (229.800, 197.200) (229.800, 197.200) on layer: M1
Net VDD: dangling Wire at (10.000, 193.600) (10.000, 193.600) on layer: M1
Net VDD: dangling Wire at (229.800, 164.800) (229.800, 164.800) on layer: M1
Net VDD: dangling Wire at (229.800, 168.400) (229.800, 168.400) on layer: M1
Net VDD: dangling Wire at (229.800, 172.000) (229.800, 172.000) on layer: M1
Net VDD: dangling Wire at (229.800, 175.600) (229.800, 175.600) on layer: M1
Net VDD: dangling Wire at (229.800, 179.200) (229.800, 179.200) on layer: M1
Net VDD: dangling Wire at (229.800, 157.600) (229.800, 157.600) on layer: M1
Net VDD: dangling Wire at (10.000, 161.200) (10.000, 161.200) on layer: M1
Net VDD: dangling Wire at (229.800, 161.200) (229.800, 161.200) on layer: M1
Net VDD: dangling Wire at (10.000, 121.600) (10.000, 121.600) on layer: M1
Net VDD: dangling Wire at (229.800, 121.600) (229.800, 121.600) on layer: M1
Net VDD: dangling Wire at (229.800, 143.200) (229.800, 143.200) on layer: M1
Net VDD: dangling Wire at (229.800, 146.800) (229.800, 146.800) on layer: M1
Net VDD: dangling Wire at (229.800, 132.400) (229.800, 132.400) on layer: M1
Net VDD: dangling Wire at (229.800, 136.000) (229.800, 136.000) on layer: M1
Net VDD: dangling Wire at (229.800, 139.600) (229.800, 139.600) on layer: M1
Net VDD: dangling Wire at (229.800, 96.400) (229.800, 96.400) on layer: M1
Net VDD: dangling Wire at (229.800, 100.000) (229.800, 100.000) on layer: M1
Net VDD: dangling Wire at (229.800, 103.600) (229.800, 103.600) on layer: M1
Net VDD: dangling Wire at (229.800, 92.800) (229.800, 92.800) on layer: M1
Net VDD: dangling Wire at (229.800, 110.800) (229.800, 110.800) on layer: M1
Net VDD: dangling Wire at (229.800, 114.400) (229.800, 114.400) on layer: M1
Net VDD: dangling Wire at (229.800, 118.000) (229.800, 118.000) on layer: M1
Net VDD: dangling Wire at (229.800, 89.200) (229.800, 89.200) on layer: M1
Net VDD: dangling Wire at (229.800, 74.800) (229.800, 74.800) on layer: M1
Net VDD: dangling Wire at (229.800, 78.400) (229.800, 78.400) on layer: M1
Net VDD: dangling Wire at (229.800, 82.000) (229.800, 82.000) on layer: M1
Net VDD: dangling Wire at (10.000, 64.000) (10.000, 64.000) on layer: M1
Net VDD: dangling Wire at (229.800, 10.000) (229.800, 10.000) on layer: M1
Net VDD: dangling Wire at (229.800, 20.800) (229.800, 20.800) on layer: M1
Net VDD: dangling Wire at (229.800, 13.600) (229.800, 13.600) on layer: M1
Net VDD: dangling Wire at (229.800, 42.400) (229.800, 42.400) on layer: M1
Net VDD: dangling Wire at (10.000, 49.600) (10.000, 49.600) on layer: M1
Net VDD: dangling Wire at (229.800, 49.600) (229.800, 49.600) on layer: M1
Net VDD: dangling Wire at (229.800, 24.400) (229.800, 24.400) on layer: M1
Net VSS: dangling Wire at (229.800, 195.400) (229.800, 195.400) on layer: M1
Net VSS: dangling Wire at (229.800, 202.600) (229.800, 202.600) on layer: M1
Net VSS: dangling Wire at (229.800, 181.000) (229.800, 181.000) on layer: M1
Net VSS: dangling Wire at (229.800, 184.600) (229.800, 184.600) on layer: M1
Net VSS: dangling Wire at (229.800, 227.800) (229.800, 227.800) on layer: M1
Net VSS: dangling Wire at (229.800, 206.200) (229.800, 206.200) on layer: M1
Net VSS: dangling Wire at (229.800, 209.800) (229.800, 209.800) on layer: M1
Net VSS: dangling Wire at (229.800, 217.000) (229.800, 217.000) on layer: M1
Net VSS: dangling Wire at (229.800, 177.400) (229.800, 177.400) on layer: M1
Net VSS: dangling Wire at (229.800, 173.800) (229.800, 173.800) on layer: M1
Net VSS: dangling Wire at (229.800, 170.200) (229.800, 170.200) on layer: M1
Net VSS: dangling Wire at (229.800, 152.200) (229.800, 152.200) on layer: M1
Net VSS: dangling Wire at (229.800, 159.400) (229.800, 159.400) on layer: M1
Net VSS: dangling Wire at (229.800, 163.000) (229.800, 163.000) on layer: M1
Net VSS: dangling Wire at (229.800, 166.600) (229.800, 166.600) on layer: M1
Net VSS: dangling Wire at (229.800, 141.400) (229.800, 141.400) on layer: M1
Net VSS: dangling Wire at (229.800, 137.800) (229.800, 137.800) on layer: M1
Net VSS: dangling Wire at (229.800, 134.200) (229.800, 134.200) on layer: M1
Net VSS: dangling Wire at (229.800, 145.000) (229.800, 145.000) on layer: M1
Net VSS: dangling Wire at (229.800, 123.400) (229.800, 123.400) on layer: M1
Net VSS: dangling Wire at (229.800, 116.200) (229.800, 116.200) on layer: M1
Net VSS: dangling Wire at (229.800, 112.600) (229.800, 112.600) on layer: M1
Net VSS: dangling Wire at (229.800, 91.000) (229.800, 91.000) on layer: M1
Net VSS: dangling Wire at (229.800, 105.400) (229.800, 105.400) on layer: M1
Net VSS: dangling Wire at (229.800, 101.800) (229.800, 101.800) on layer: M1
Net VSS: dangling Wire at (229.800, 98.200) (229.800, 98.200) on layer: M1
Net VSS: dangling Wire at (229.800, 94.600) (229.800, 94.600) on layer: M1
Net VSS: dangling Wire at (229.800, 80.200) (229.800, 80.200) on layer: M1
Net VSS: dangling Wire at (229.800, 76.600) (229.800, 76.600) on layer: M1
Net VSS: dangling Wire at (229.800, 73.000) (229.800, 73.000) on layer: M1
Net VSS: dangling Wire at (229.800, 87.400) (229.800, 87.400) on layer: M1
Net VSS: dangling Wire at (10.000, 65.800) (10.000, 65.800) on layer: M1
Net VSS: dangling Wire at (229.800, 65.800) (229.800, 65.800) on layer: M1
Net VSS: dangling Wire at (10.000, 47.800) (10.000, 47.800) on layer: M1
Net VSS: dangling Wire at (229.800, 47.800) (229.800, 47.800) on layer: M1
Net VSS: dangling Wire at (10.000, 55.000) (10.000, 55.000) on layer: M1
Net VSS: dangling Wire at (229.800, 55.000) (229.800, 55.000) on layer: M1
Net VSS: dangling Wire at (229.800, 40.600) (229.800, 40.600) on layer: M1
Net VSS: dangling Wire at (229.800, 11.800) (229.800, 11.800) on layer: M1
Net VSS: dangling Wire at (229.800, 22.600) (229.800, 22.600) on layer: M1
Net VSS: dangling Wire at (229.800, 119.800) (229.800, 119.800) on layer: M1
Net VSS: dangling Wire at (225.385, 10.000) (225.385, 10.000) on layer: M4
Net VSS: dangling Wire at (225.385, 229.600) (225.385, 229.600) on layer: M4
Net VSS: dangling Wire at (197.330, 10.000) (197.330, 10.000) on layer: M4
Net VSS: dangling Wire at (197.330, 229.600) (197.330, 229.600) on layer: M4
Net VSS: dangling Wire at (169.275, 10.000) (169.275, 10.000) on layer: M4
Net VSS: dangling Wire at (169.275, 229.600) (169.275, 229.600) on layer: M4
Net VSS: dangling Wire at (141.220, 10.000) (141.220, 10.000) on layer: M4
Net VSS: dangling Wire at (141.220, 229.600) (141.220, 229.600) on layer: M4
Net VSS: dangling Wire at (113.165, 10.000) (113.165, 10.000) on layer: M4
Net VSS: dangling Wire at (113.165, 229.600) (113.165, 229.600) on layer: M4
Net VSS: dangling Wire at (85.110, 10.000) (85.110, 10.000) on layer: M4
Net VSS: dangling Wire at (85.110, 229.600) (85.110, 229.600) on layer: M4
Net VSS: dangling Wire at (57.055, 10.000) (57.055, 10.000) on layer: M4
Net VSS: dangling Wire at (57.055, 229.600) (57.055, 229.600) on layer: M4
Net VSS: dangling Wire at (29.000, 10.000) (29.000, 10.000) on layer: M4
Net VSS: dangling Wire at (29.000, 229.600) (29.000, 229.600) on layer: M4

Begin Summary
    99 Problem(s) (IMPVFC-94): The net has dangling wire(s).
    99 total info(s) created.
End Summary
