xrun(64): 20.09-s017: (c) Copyright 1995-2021 Cadence Design Systems, Inc.
TOOL:	xrun(64)	20.09-s017: Started on Mar 17, 2025 at 12:39:49 PDT
xrun
	-define INITIALIZE_MEMORY
	-xminitialize 0
	-nowarn CUVWSP
	+gui
	+access+rwc
	+xm64bit
	+xmstatus
	+xmtimescale+1ns/1ps
	+xmoveride_timescale
	-v ./netlist/core.pnr.v
	-v /home/linux/ieng6/ee260bwi25/public/PDKdata/verilog/tcbn65gplus.v
	-v ./netlist/core_tb.v
	-v ./netlist/sram_w16.v

   User defined plus("+") options:
	+xmoveride_timescale

xrun: *E,NOMOPT: You have not specified a -R (or a -r <snapshot>) option, nor have you specified a source file for compilation.
TOOL:	xrun(64)	20.09-s017: Exiting on Mar 17, 2025 at 12:39:49 PDT  (total: 00:00:00)
