###############################################################
#  Generated by:      Cadence Innovus 15.23-s045_1
#  OS:                Linux x86_64(Host ID ieng6-ece-13.ucsd.edu)
#  Generated on:      Sat Mar  8 23:58:22 2025
#  Design:            fullchip
#  Command:           report_timing -max_paths 5 > ${design}.post_route.timing.rpt
###############################################################
Path 1: MET Setup Check with Pin core_instance/ofifo_inst/col_idx_4__fifo_
instance/q0_reg_17_/CP 
Endpoint:   core_instance/ofifo_inst/col_idx_4__fifo_instance/q0_reg_17_/D      
(^) checked with  leading edge of 'clk'
Beginpoint: core_instance/mac_array_instance/col_idx_5__mac_col_inst/query_q_
reg_5_/Q (v) triggered by  leading edge of 'clk'
Path Groups: {clk}
Analysis View: WC_VIEW
Other End Arrival Time          0.252
- Setup                         0.017
+ Phase Shift                   3.500
+ CPPR Adjustment               0.000
= Required Time                 3.736
- Arrival Time                  3.735
= Slack Time                    0.001
     Clock Rise Edge                 0.000
     + Clock Network Latency (Prop)  0.255
     = Beginpoint Arrival Time       0.255
     +-----------------------------------------------------------------------------------------------------------+ 
     |                      Instance                      |     Arc      |   Cell   | Delay | Arrival | Required | 
     |                                                    |              |          |       |  Time   |   Time   | 
     |----------------------------------------------------+--------------+----------+-------+---------+----------| 
     | core_instance/mac_array_instance/col_idx_5__mac_co | CP ^         |          |       |   0.255 |    0.256 | 
     | l_inst/query_q_reg_5_                              |              |          |       |         |          | 
     | core_instance/mac_array_instance/col_idx_5__mac_co | CP ^ -> Q v  | DFQD1    | 0.156 |   0.411 |    0.413 | 
     | l_inst/query_q_reg_5_                              |              |          |       |         |          | 
     | core_instance/mac_array_instance/col_idx_5__mac_co | I v -> ZN ^  | CKND0    | 0.243 |   0.654 |    0.655 | 
     | l_inst/FE_OFC429_q_temp_325_                       |              |          |       |         |          | 
     | core_instance/mac_array_instance/col_idx_5__mac_co | I ^ -> ZN v  | CKND1    | 0.281 |   0.936 |    0.937 | 
     | l_inst/FE_OFC430_q_temp_325_                       |              |          |       |         |          | 
     | core_instance/mac_array_instance/col_idx_5__mac_co | A2 v -> ZN ^ | AOI221D0 | 0.244 |   1.180 |    1.181 | 
     | l_inst/mac_16in_instance/U634                      |              |          |       |         |          | 
     | core_instance/mac_array_instance/col_idx_5__mac_co | I ^ -> ZN v  | CKND0    | 0.160 |   1.339 |    1.341 | 
     | l_inst/mac_16in_instance/U145                      |              |          |       |         |          | 
     | core_instance/mac_array_instance/col_idx_5__mac_co | B2 v -> ZN ^ | OAI22D0  | 0.209 |   1.548 |    1.549 | 
     | l_inst/mac_16in_instance/U111                      |              |          |       |         |          | 
     | core_instance/mac_array_instance/col_idx_5__mac_co | A ^ -> S ^   | CMPE42D1 | 0.329 |   1.877 |    1.878 | 
     | l_inst/mac_16in_instance/DP_OP_38J7_122_4029_U112  |              |          |       |         |          | 
     | core_instance/mac_array_instance/col_idx_5__mac_co | B ^ -> S v   | CMPE42D1 | 0.313 |   2.190 |    2.191 | 
     | l_inst/mac_16in_instance/DP_OP_38J7_122_4029_U107  |              |          |       |         |          | 
     | core_instance/mac_array_instance/col_idx_5__mac_co | B v -> COX v | CMPE42D1 | 0.166 |   2.356 |    2.357 | 
     | l_inst/mac_16in_instance/DP_OP_38J7_122_4029_U104  |              |          |       |         |          | 
     | core_instance/mac_array_instance/col_idx_5__mac_co | CIX v -> S ^ | CMPE42D1 | 0.115 |   2.471 |    2.472 | 
     | l_inst/mac_16in_instance/DP_OP_38J7_122_4029_U87   |              |          |       |         |          | 
     | core_instance/mac_array_instance/col_idx_5__mac_co | C ^ -> S v   | CMPE42D1 | 0.257 |   2.728 |    2.729 | 
     | l_inst/mac_16in_instance/DP_OP_38J7_122_4029_U86   |              |          |       |         |          | 
     | core_instance/mac_array_instance/col_idx_5__mac_co | B v -> CO v  | FA1D1    | 0.145 |   2.873 |    2.874 | 
     | l_inst/mac_16in_instance/intadd_4_U11              |              |          |       |         |          | 
     | core_instance/mac_array_instance/col_idx_5__mac_co | CI v -> CO v | FA1D1    | 0.080 |   2.953 |    2.955 | 
     | l_inst/mac_16in_instance/intadd_4_U10              |              |          |       |         |          | 
     | core_instance/mac_array_instance/col_idx_5__mac_co | CI v -> CO v | FA1D1    | 0.074 |   3.027 |    3.029 | 
     | l_inst/mac_16in_instance/intadd_4_U9               |              |          |       |         |          | 
     | core_instance/mac_array_instance/col_idx_5__mac_co | CI v -> CO v | FA1D1    | 0.074 |   3.102 |    3.103 | 
     | l_inst/mac_16in_instance/intadd_4_U8               |              |          |       |         |          | 
     | core_instance/mac_array_instance/col_idx_5__mac_co | CI v -> CO v | FA1D1    | 0.073 |   3.175 |    3.176 | 
     | l_inst/mac_16in_instance/intadd_4_U7               |              |          |       |         |          | 
     | core_instance/mac_array_instance/col_idx_5__mac_co | CI v -> CO v | FA1D1    | 0.072 |   3.248 |    3.249 | 
     | l_inst/mac_16in_instance/intadd_4_U6               |              |          |       |         |          | 
     | core_instance/mac_array_instance/col_idx_5__mac_co | CI v -> CO v | FA1D1    | 0.071 |   3.319 |    3.320 | 
     | l_inst/mac_16in_instance/intadd_4_U5               |              |          |       |         |          | 
     | core_instance/mac_array_instance/col_idx_5__mac_co | CI v -> CO v | FA1D1    | 0.072 |   3.391 |    3.392 | 
     | l_inst/mac_16in_instance/intadd_4_U4               |              |          |       |         |          | 
     | core_instance/mac_array_instance/col_idx_5__mac_co | CI v -> CO v | FA1D1    | 0.072 |   3.462 |    3.463 | 
     | l_inst/mac_16in_instance/intadd_4_U3               |              |          |       |         |          | 
     | core_instance/mac_array_instance/col_idx_5__mac_co | CI v -> S ^  | FA1D2    | 0.165 |   3.627 |    3.629 | 
     | l_inst/mac_16in_instance/intadd_4_U2               |              |          |       |         |          | 
     | core_instance/ofifo_inst/col_idx_4__fifo_instance/ | A2 ^ -> Z ^  | OA22D0   | 0.107 |   3.735 |    3.736 | 
     | U156                                               |              |          |       |         |          | 
     | core_instance/ofifo_inst/col_idx_4__fifo_instance/ | D ^          | DFQD1    | 0.000 |   3.735 |    3.736 | 
     | q0_reg_17_                                         |              |          |       |         |          | 
     +-----------------------------------------------------------------------------------------------------------+ 
Path 2: MET Setup Check with Pin core_instance/ofifo_inst/col_idx_4__fifo_
instance/q3_reg_17_/CP 
Endpoint:   core_instance/ofifo_inst/col_idx_4__fifo_instance/q3_reg_17_/D      
(^) checked with  leading edge of 'clk'
Beginpoint: core_instance/mac_array_instance/col_idx_5__mac_col_inst/query_q_
reg_5_/Q (v) triggered by  leading edge of 'clk'
Path Groups: {clk}
Analysis View: WC_VIEW
Other End Arrival Time          0.252
- Setup                         0.016
+ Phase Shift                   3.500
+ CPPR Adjustment               0.000
= Required Time                 3.736
- Arrival Time                  3.733
= Slack Time                    0.004
     Clock Rise Edge                 0.000
     + Clock Network Latency (Prop)  0.255
     = Beginpoint Arrival Time       0.255
     +-----------------------------------------------------------------------------------------------------------+ 
     |                      Instance                      |     Arc      |   Cell   | Delay | Arrival | Required | 
     |                                                    |              |          |       |  Time   |   Time   | 
     |----------------------------------------------------+--------------+----------+-------+---------+----------| 
     | core_instance/mac_array_instance/col_idx_5__mac_co | CP ^         |          |       |   0.255 |    0.259 | 
     | l_inst/query_q_reg_5_                              |              |          |       |         |          | 
     | core_instance/mac_array_instance/col_idx_5__mac_co | CP ^ -> Q v  | DFQD1    | 0.156 |   0.411 |    0.415 | 
     | l_inst/query_q_reg_5_                              |              |          |       |         |          | 
     | core_instance/mac_array_instance/col_idx_5__mac_co | I v -> ZN ^  | CKND0    | 0.243 |   0.654 |    0.658 | 
     | l_inst/FE_OFC429_q_temp_325_                       |              |          |       |         |          | 
     | core_instance/mac_array_instance/col_idx_5__mac_co | I ^ -> ZN v  | CKND1    | 0.281 |   0.936 |    0.939 | 
     | l_inst/FE_OFC430_q_temp_325_                       |              |          |       |         |          | 
     | core_instance/mac_array_instance/col_idx_5__mac_co | A2 v -> ZN ^ | AOI221D0 | 0.244 |   1.180 |    1.183 | 
     | l_inst/mac_16in_instance/U634                      |              |          |       |         |          | 
     | core_instance/mac_array_instance/col_idx_5__mac_co | I ^ -> ZN v  | CKND0    | 0.160 |   1.339 |    1.343 | 
     | l_inst/mac_16in_instance/U145                      |              |          |       |         |          | 
     | core_instance/mac_array_instance/col_idx_5__mac_co | B2 v -> ZN ^ | OAI22D0  | 0.209 |   1.548 |    1.552 | 
     | l_inst/mac_16in_instance/U111                      |              |          |       |         |          | 
     | core_instance/mac_array_instance/col_idx_5__mac_co | A ^ -> S ^   | CMPE42D1 | 0.329 |   1.877 |    1.880 | 
     | l_inst/mac_16in_instance/DP_OP_38J7_122_4029_U112  |              |          |       |         |          | 
     | core_instance/mac_array_instance/col_idx_5__mac_co | B ^ -> S v   | CMPE42D1 | 0.313 |   2.190 |    2.193 | 
     | l_inst/mac_16in_instance/DP_OP_38J7_122_4029_U107  |              |          |       |         |          | 
     | core_instance/mac_array_instance/col_idx_5__mac_co | B v -> COX v | CMPE42D1 | 0.166 |   2.356 |    2.359 | 
     | l_inst/mac_16in_instance/DP_OP_38J7_122_4029_U104  |              |          |       |         |          | 
     | core_instance/mac_array_instance/col_idx_5__mac_co | CIX v -> S ^ | CMPE42D1 | 0.115 |   2.471 |    2.474 | 
     | l_inst/mac_16in_instance/DP_OP_38J7_122_4029_U87   |              |          |       |         |          | 
     | core_instance/mac_array_instance/col_idx_5__mac_co | C ^ -> S v   | CMPE42D1 | 0.257 |   2.728 |    2.732 | 
     | l_inst/mac_16in_instance/DP_OP_38J7_122_4029_U86   |              |          |       |         |          | 
     | core_instance/mac_array_instance/col_idx_5__mac_co | B v -> CO v  | FA1D1    | 0.145 |   2.873 |    2.877 | 
     | l_inst/mac_16in_instance/intadd_4_U11              |              |          |       |         |          | 
     | core_instance/mac_array_instance/col_idx_5__mac_co | CI v -> CO v | FA1D1    | 0.080 |   2.953 |    2.957 | 
     | l_inst/mac_16in_instance/intadd_4_U10              |              |          |       |         |          | 
     | core_instance/mac_array_instance/col_idx_5__mac_co | CI v -> CO v | FA1D1    | 0.074 |   3.027 |    3.031 | 
     | l_inst/mac_16in_instance/intadd_4_U9               |              |          |       |         |          | 
     | core_instance/mac_array_instance/col_idx_5__mac_co | CI v -> CO v | FA1D1    | 0.074 |   3.102 |    3.105 | 
     | l_inst/mac_16in_instance/intadd_4_U8               |              |          |       |         |          | 
     | core_instance/mac_array_instance/col_idx_5__mac_co | CI v -> CO v | FA1D1    | 0.073 |   3.175 |    3.179 | 
     | l_inst/mac_16in_instance/intadd_4_U7               |              |          |       |         |          | 
     | core_instance/mac_array_instance/col_idx_5__mac_co | CI v -> CO v | FA1D1    | 0.072 |   3.248 |    3.251 | 
     | l_inst/mac_16in_instance/intadd_4_U6               |              |          |       |         |          | 
     | core_instance/mac_array_instance/col_idx_5__mac_co | CI v -> CO v | FA1D1    | 0.071 |   3.319 |    3.322 | 
     | l_inst/mac_16in_instance/intadd_4_U5               |              |          |       |         |          | 
     | core_instance/mac_array_instance/col_idx_5__mac_co | CI v -> CO v | FA1D1    | 0.072 |   3.391 |    3.394 | 
     | l_inst/mac_16in_instance/intadd_4_U4               |              |          |       |         |          | 
     | core_instance/mac_array_instance/col_idx_5__mac_co | CI v -> CO v | FA1D1    | 0.072 |   3.462 |    3.466 | 
     | l_inst/mac_16in_instance/intadd_4_U3               |              |          |       |         |          | 
     | core_instance/mac_array_instance/col_idx_5__mac_co | CI v -> S ^  | FA1D2    | 0.165 |   3.627 |    3.631 | 
     | l_inst/mac_16in_instance/intadd_4_U2               |              |          |       |         |          | 
     | core_instance/ofifo_inst/col_idx_4__fifo_instance/ | A2 ^ -> Z ^  | OA22D0   | 0.105 |   3.733 |    3.736 | 
     | U219                                               |              |          |       |         |          | 
     | core_instance/ofifo_inst/col_idx_4__fifo_instance/ | D ^          | DFQD1    | 0.000 |   3.733 |    3.736 | 
     | q3_reg_17_                                         |              |          |       |         |          | 
     +-----------------------------------------------------------------------------------------------------------+ 
Path 3: MET Setup Check with Pin core_instance/ofifo_inst/col_idx_4__fifo_
instance/q2_reg_17_/CP 
Endpoint:   core_instance/ofifo_inst/col_idx_4__fifo_instance/q2_reg_17_/D      
(^) checked with  leading edge of 'clk'
Beginpoint: core_instance/mac_array_instance/col_idx_5__mac_col_inst/query_q_
reg_5_/Q (v) triggered by  leading edge of 'clk'
Path Groups: {clk}
Analysis View: WC_VIEW
Other End Arrival Time          0.252
- Setup                         0.016
+ Phase Shift                   3.500
+ CPPR Adjustment               0.000
= Required Time                 3.737
- Arrival Time                  3.732
= Slack Time                    0.005
     Clock Rise Edge                 0.000
     + Clock Network Latency (Prop)  0.255
     = Beginpoint Arrival Time       0.255
     +-----------------------------------------------------------------------------------------------------------+ 
     |                      Instance                      |     Arc      |   Cell   | Delay | Arrival | Required | 
     |                                                    |              |          |       |  Time   |   Time   | 
     |----------------------------------------------------+--------------+----------+-------+---------+----------| 
     | core_instance/mac_array_instance/col_idx_5__mac_co | CP ^         |          |       |   0.255 |    0.260 | 
     | l_inst/query_q_reg_5_                              |              |          |       |         |          | 
     | core_instance/mac_array_instance/col_idx_5__mac_co | CP ^ -> Q v  | DFQD1    | 0.156 |   0.411 |    0.416 | 
     | l_inst/query_q_reg_5_                              |              |          |       |         |          | 
     | core_instance/mac_array_instance/col_idx_5__mac_co | I v -> ZN ^  | CKND0    | 0.243 |   0.654 |    0.659 | 
     | l_inst/FE_OFC429_q_temp_325_                       |              |          |       |         |          | 
     | core_instance/mac_array_instance/col_idx_5__mac_co | I ^ -> ZN v  | CKND1    | 0.281 |   0.936 |    0.940 | 
     | l_inst/FE_OFC430_q_temp_325_                       |              |          |       |         |          | 
     | core_instance/mac_array_instance/col_idx_5__mac_co | A2 v -> ZN ^ | AOI221D0 | 0.244 |   1.180 |    1.185 | 
     | l_inst/mac_16in_instance/U634                      |              |          |       |         |          | 
     | core_instance/mac_array_instance/col_idx_5__mac_co | I ^ -> ZN v  | CKND0    | 0.160 |   1.339 |    1.344 | 
     | l_inst/mac_16in_instance/U145                      |              |          |       |         |          | 
     | core_instance/mac_array_instance/col_idx_5__mac_co | B2 v -> ZN ^ | OAI22D0  | 0.209 |   1.548 |    1.553 | 
     | l_inst/mac_16in_instance/U111                      |              |          |       |         |          | 
     | core_instance/mac_array_instance/col_idx_5__mac_co | A ^ -> S ^   | CMPE42D1 | 0.329 |   1.877 |    1.881 | 
     | l_inst/mac_16in_instance/DP_OP_38J7_122_4029_U112  |              |          |       |         |          | 
     | core_instance/mac_array_instance/col_idx_5__mac_co | B ^ -> S v   | CMPE42D1 | 0.313 |   2.190 |    2.194 | 
     | l_inst/mac_16in_instance/DP_OP_38J7_122_4029_U107  |              |          |       |         |          | 
     | core_instance/mac_array_instance/col_idx_5__mac_co | B v -> COX v | CMPE42D1 | 0.166 |   2.356 |    2.361 | 
     | l_inst/mac_16in_instance/DP_OP_38J7_122_4029_U104  |              |          |       |         |          | 
     | core_instance/mac_array_instance/col_idx_5__mac_co | CIX v -> S ^ | CMPE42D1 | 0.115 |   2.471 |    2.476 | 
     | l_inst/mac_16in_instance/DP_OP_38J7_122_4029_U87   |              |          |       |         |          | 
     | core_instance/mac_array_instance/col_idx_5__mac_co | C ^ -> S v   | CMPE42D1 | 0.257 |   2.728 |    2.733 | 
     | l_inst/mac_16in_instance/DP_OP_38J7_122_4029_U86   |              |          |       |         |          | 
     | core_instance/mac_array_instance/col_idx_5__mac_co | B v -> CO v  | FA1D1    | 0.145 |   2.873 |    2.878 | 
     | l_inst/mac_16in_instance/intadd_4_U11              |              |          |       |         |          | 
     | core_instance/mac_array_instance/col_idx_5__mac_co | CI v -> CO v | FA1D1    | 0.080 |   2.953 |    2.958 | 
     | l_inst/mac_16in_instance/intadd_4_U10              |              |          |       |         |          | 
     | core_instance/mac_array_instance/col_idx_5__mac_co | CI v -> CO v | FA1D1    | 0.074 |   3.027 |    3.032 | 
     | l_inst/mac_16in_instance/intadd_4_U9               |              |          |       |         |          | 
     | core_instance/mac_array_instance/col_idx_5__mac_co | CI v -> CO v | FA1D1    | 0.074 |   3.102 |    3.107 | 
     | l_inst/mac_16in_instance/intadd_4_U8               |              |          |       |         |          | 
     | core_instance/mac_array_instance/col_idx_5__mac_co | CI v -> CO v | FA1D1    | 0.073 |   3.175 |    3.180 | 
     | l_inst/mac_16in_instance/intadd_4_U7               |              |          |       |         |          | 
     | core_instance/mac_array_instance/col_idx_5__mac_co | CI v -> CO v | FA1D1    | 0.072 |   3.248 |    3.252 | 
     | l_inst/mac_16in_instance/intadd_4_U6               |              |          |       |         |          | 
     | core_instance/mac_array_instance/col_idx_5__mac_co | CI v -> CO v | FA1D1    | 0.071 |   3.319 |    3.324 | 
     | l_inst/mac_16in_instance/intadd_4_U5               |              |          |       |         |          | 
     | core_instance/mac_array_instance/col_idx_5__mac_co | CI v -> CO v | FA1D1    | 0.072 |   3.391 |    3.396 | 
     | l_inst/mac_16in_instance/intadd_4_U4               |              |          |       |         |          | 
     | core_instance/mac_array_instance/col_idx_5__mac_co | CI v -> CO v | FA1D1    | 0.072 |   3.462 |    3.467 | 
     | l_inst/mac_16in_instance/intadd_4_U3               |              |          |       |         |          | 
     | core_instance/mac_array_instance/col_idx_5__mac_co | CI v -> S ^  | FA1D2    | 0.165 |   3.627 |    3.632 | 
     | l_inst/mac_16in_instance/intadd_4_U2               |              |          |       |         |          | 
     | core_instance/ofifo_inst/col_idx_4__fifo_instance/ | A2 ^ -> Z ^  | OA22D0   | 0.104 |   3.732 |    3.737 | 
     | U198                                               |              |          |       |         |          | 
     | core_instance/ofifo_inst/col_idx_4__fifo_instance/ | D ^          | DFQD1    | 0.000 |   3.732 |    3.737 | 
     | q2_reg_17_                                         |              |          |       |         |          | 
     +-----------------------------------------------------------------------------------------------------------+ 
Path 4: MET Setup Check with Pin core_instance/ofifo_inst/col_idx_1__fifo_
instance/q3_reg_19_/CP 
Endpoint:   core_instance/ofifo_inst/col_idx_1__fifo_instance/q3_reg_19_/D      
(^) checked with  leading edge of 'clk'
Beginpoint: core_instance/mac_array_instance/col_idx_2__mac_col_inst/query_q_
reg_3_/Q (^) triggered by  leading edge of 'clk'
Path Groups: {clk}
Analysis View: WC_VIEW
Other End Arrival Time          0.266
- Setup                         0.016
+ Phase Shift                   3.500
+ CPPR Adjustment               0.000
= Required Time                 3.750
- Arrival Time                  3.743
= Slack Time                    0.007
     Clock Rise Edge                 0.000
     + Clock Network Latency (Prop)  0.246
     = Beginpoint Arrival Time       0.246
     +-----------------------------------------------------------------------------------------------------------+ 
     |                      Instance                      |     Arc      |   Cell   | Delay | Arrival | Required | 
     |                                                    |              |          |       |  Time   |   Time   | 
     |----------------------------------------------------+--------------+----------+-------+---------+----------| 
     | core_instance/mac_array_instance/col_idx_2__mac_co | CP ^         |          |       |   0.246 |    0.254 | 
     | l_inst/query_q_reg_3_                              |              |          |       |         |          | 
     | core_instance/mac_array_instance/col_idx_2__mac_co | CP ^ -> Q ^  | DFQD1    | 0.252 |   0.498 |    0.505 | 
     | l_inst/query_q_reg_3_                              |              |          |       |         |          | 
     | core_instance/mac_array_instance/col_idx_2__mac_co | I ^ -> ZN v  | CKND0    | 0.231 |   0.729 |    0.736 | 
     | l_inst/mac_16in_instance/U86                       |              |          |       |         |          | 
     | core_instance/mac_array_instance/col_idx_2__mac_co | A1 v -> ZN ^ | CKND2D0  | 0.096 |   0.825 |    0.832 | 
     | l_inst/mac_16in_instance/FE_RC_14_0                |              |          |       |         |          | 
     | core_instance/mac_array_instance/col_idx_2__mac_co | A1 ^ -> ZN v | CKND2D0  | 0.060 |   0.885 |    0.892 | 
     | l_inst/mac_16in_instance/FE_RC_12_0                |              |          |       |         |          | 
     | core_instance/mac_array_instance/col_idx_2__mac_co | I v -> ZN ^  | CKND1    | 0.091 |   0.976 |    0.983 | 
     | l_inst/mac_16in_instance/FE_RC_13_0                |              |          |       |         |          | 
     | core_instance/mac_array_instance/col_idx_2__mac_co | I ^ -> ZN v  | CKND0    | 0.091 |   1.067 |    1.074 | 
     | l_inst/mac_16in_instance/U67                       |              |          |       |         |          | 
     | core_instance/mac_array_instance/col_idx_2__mac_co | C v -> ZN ^  | AOI221D1 | 0.151 |   1.218 |    1.225 | 
     | l_inst/mac_16in_instance/U636                      |              |          |       |         |          | 
     | core_instance/mac_array_instance/col_idx_2__mac_co | I ^ -> ZN v  | CKND0    | 0.117 |   1.335 |    1.342 | 
     | l_inst/mac_16in_instance/U138                      |              |          |       |         |          | 
     | core_instance/mac_array_instance/col_idx_2__mac_co | B2 v -> ZN ^ | OAI22D0  | 0.256 |   1.591 |    1.598 | 
     | l_inst/mac_16in_instance/U57                       |              |          |       |         |          | 
     | core_instance/mac_array_instance/col_idx_2__mac_co | B ^ -> S v   | CMPE42D1 | 0.387 |   1.978 |    1.986 | 
     | l_inst/mac_16in_instance/DP_OP_38J7_122_4029_U67   |              |          |       |         |          | 
     | core_instance/mac_array_instance/col_idx_2__mac_co | B v -> S ^   | CMPE42D1 | 0.304 |   2.282 |    2.289 | 
     | l_inst/mac_16in_instance/DP_OP_38J7_122_4029_U62   |              |          |       |         |          | 
     | core_instance/mac_array_instance/col_idx_2__mac_co | B ^ -> CO v  | CMPE42D1 | 0.322 |   2.605 |    2.612 | 
     | l_inst/mac_16in_instance/DP_OP_38J7_122_4029_U60   |              |          |       |         |          | 
     | core_instance/mac_array_instance/col_idx_2__mac_co | C v -> S v   | CMPE42D1 | 0.285 |   2.889 |    2.897 | 
     | l_inst/mac_16in_instance/DP_OP_38J7_122_4029_U47   |              |          |       |         |          | 
     | core_instance/mac_array_instance/col_idx_2__mac_co | A2 v -> Z v  | OR2D0    | 0.106 |   2.996 |    3.003 | 
     | l_inst/mac_16in_instance/FE_RC_96_0                |              |          |       |         |          | 
     | core_instance/mac_array_instance/col_idx_2__mac_co | A1 v -> ZN ^ | CKND2D2  | 0.032 |   3.027 |    3.035 | 
     | l_inst/mac_16in_instance/FE_RC_45_0                |              |          |       |         |          | 
     | core_instance/mac_array_instance/col_idx_2__mac_co | A1 ^ -> ZN v | CKND2D2  | 0.025 |   3.053 |    3.060 | 
     | l_inst/mac_16in_instance/FE_RC_44_0                |              |          |       |         |          | 
     | core_instance/mac_array_instance/col_idx_2__mac_co | CI v -> CO v | FA1D1    | 0.073 |   3.126 |    3.133 | 
     | l_inst/mac_16in_instance/intadd_7_U7               |              |          |       |         |          | 
     | core_instance/mac_array_instance/col_idx_2__mac_co | CI v -> CO v | FA1D1    | 0.072 |   3.197 |    3.205 | 
     | l_inst/mac_16in_instance/intadd_7_U6               |              |          |       |         |          | 
     | core_instance/mac_array_instance/col_idx_2__mac_co | CI v -> CO v | FA1D1    | 0.078 |   3.275 |    3.282 | 
     | l_inst/mac_16in_instance/intadd_7_U5               |              |          |       |         |          | 
     | core_instance/mac_array_instance/col_idx_2__mac_co | CI v -> CO v | FA1D2    | 0.094 |   3.369 |    3.376 | 
     | l_inst/mac_16in_instance/intadd_7_U4               |              |          |       |         |          | 
     | core_instance/mac_array_instance/col_idx_2__mac_co | B1 v -> ZN ^ | IND2D2   | 0.038 |   3.407 |    3.415 | 
     | l_inst/mac_16in_instance/FE_RC_27_0                |              |          |       |         |          | 
     | core_instance/mac_array_instance/col_idx_2__mac_co | A1 ^ -> ZN v | CKND2D4  | 0.032 |   3.439 |    3.447 | 
     | l_inst/mac_16in_instance/FE_RC_26_0                |              |          |       |         |          | 
     | core_instance/mac_array_instance/col_idx_2__mac_co | A2 v -> ZN ^ | CKND2D2  | 0.060 |   3.499 |    3.506 | 
     | l_inst/mac_16in_instance/FE_RC_61_0                |              |          |       |         |          | 
     | core_instance/mac_array_instance/col_idx_2__mac_co | A3 ^ -> ZN v | ND3D8    | 0.075 |   3.574 |    3.582 | 
     | l_inst/mac_16in_instance/FE_RC_58_0                |              |          |       |         |          | 
     | core_instance/mac_array_instance/col_idx_2__mac_co | I v -> ZN ^  | CKND8    | 0.071 |   3.646 |    3.653 | 
     | l_inst/mac_16in_instance/FE_OFC334_array_out_38_   |              |          |       |         |          | 
     | core_instance/ofifo_inst/col_idx_1__fifo_instance/ | A2 ^ -> Z ^  | OA22D0   | 0.097 |   3.743 |    3.750 | 
     | U217                                               |              |          |       |         |          | 
     | core_instance/ofifo_inst/col_idx_1__fifo_instance/ | D ^          | DFQD1    | 0.000 |   3.743 |    3.750 | 
     | q3_reg_19_                                         |              |          |       |         |          | 
     +-----------------------------------------------------------------------------------------------------------+ 
Path 5: MET Setup Check with Pin core_instance/ofifo_inst/col_idx_4__fifo_
instance/q2_reg_18_/CP 
Endpoint:   core_instance/ofifo_inst/col_idx_4__fifo_instance/q2_reg_18_/D      
(^) checked with  leading edge of 'clk'
Beginpoint: core_instance/mac_array_instance/col_idx_5__mac_col_inst/query_q_
reg_5_/Q (v) triggered by  leading edge of 'clk'
Path Groups: {clk}
Analysis View: WC_VIEW
Other End Arrival Time          0.262
- Setup                         0.016
+ Phase Shift                   3.500
+ CPPR Adjustment               0.000
= Required Time                 3.746
- Arrival Time                  3.738
= Slack Time                    0.008
     Clock Rise Edge                 0.000
     + Clock Network Latency (Prop)  0.255
     = Beginpoint Arrival Time       0.255
     +-----------------------------------------------------------------------------------------------------------+ 
     |                      Instance                      |     Arc      |   Cell   | Delay | Arrival | Required | 
     |                                                    |              |          |       |  Time   |   Time   | 
     |----------------------------------------------------+--------------+----------+-------+---------+----------| 
     | core_instance/mac_array_instance/col_idx_5__mac_co | CP ^         |          |       |   0.255 |    0.263 | 
     | l_inst/query_q_reg_5_                              |              |          |       |         |          | 
     | core_instance/mac_array_instance/col_idx_5__mac_co | CP ^ -> Q v  | DFQD1    | 0.156 |   0.411 |    0.419 | 
     | l_inst/query_q_reg_5_                              |              |          |       |         |          | 
     | core_instance/mac_array_instance/col_idx_5__mac_co | I v -> ZN ^  | CKND0    | 0.243 |   0.654 |    0.662 | 
     | l_inst/FE_OFC429_q_temp_325_                       |              |          |       |         |          | 
     | core_instance/mac_array_instance/col_idx_5__mac_co | I ^ -> ZN v  | CKND1    | 0.281 |   0.936 |    0.943 | 
     | l_inst/FE_OFC430_q_temp_325_                       |              |          |       |         |          | 
     | core_instance/mac_array_instance/col_idx_5__mac_co | A2 v -> ZN ^ | AOI221D0 | 0.244 |   1.180 |    1.187 | 
     | l_inst/mac_16in_instance/U634                      |              |          |       |         |          | 
     | core_instance/mac_array_instance/col_idx_5__mac_co | I ^ -> ZN v  | CKND0    | 0.160 |   1.339 |    1.347 | 
     | l_inst/mac_16in_instance/U145                      |              |          |       |         |          | 
     | core_instance/mac_array_instance/col_idx_5__mac_co | B2 v -> ZN ^ | OAI22D0  | 0.209 |   1.548 |    1.556 | 
     | l_inst/mac_16in_instance/U111                      |              |          |       |         |          | 
     | core_instance/mac_array_instance/col_idx_5__mac_co | A ^ -> S ^   | CMPE42D1 | 0.329 |   1.877 |    1.884 | 
     | l_inst/mac_16in_instance/DP_OP_38J7_122_4029_U112  |              |          |       |         |          | 
     | core_instance/mac_array_instance/col_idx_5__mac_co | B ^ -> S v   | CMPE42D1 | 0.313 |   2.190 |    2.197 | 
     | l_inst/mac_16in_instance/DP_OP_38J7_122_4029_U107  |              |          |       |         |          | 
     | core_instance/mac_array_instance/col_idx_5__mac_co | B v -> COX v | CMPE42D1 | 0.166 |   2.356 |    2.363 | 
     | l_inst/mac_16in_instance/DP_OP_38J7_122_4029_U104  |              |          |       |         |          | 
     | core_instance/mac_array_instance/col_idx_5__mac_co | CIX v -> S ^ | CMPE42D1 | 0.115 |   2.471 |    2.478 | 
     | l_inst/mac_16in_instance/DP_OP_38J7_122_4029_U87   |              |          |       |         |          | 
     | core_instance/mac_array_instance/col_idx_5__mac_co | C ^ -> S v   | CMPE42D1 | 0.257 |   2.728 |    2.736 | 
     | l_inst/mac_16in_instance/DP_OP_38J7_122_4029_U86   |              |          |       |         |          | 
     | core_instance/mac_array_instance/col_idx_5__mac_co | B v -> CO v  | FA1D1    | 0.145 |   2.873 |    2.881 | 
     | l_inst/mac_16in_instance/intadd_4_U11              |              |          |       |         |          | 
     | core_instance/mac_array_instance/col_idx_5__mac_co | CI v -> CO v | FA1D1    | 0.080 |   2.953 |    2.961 | 
     | l_inst/mac_16in_instance/intadd_4_U10              |              |          |       |         |          | 
     | core_instance/mac_array_instance/col_idx_5__mac_co | CI v -> CO v | FA1D1    | 0.074 |   3.027 |    3.035 | 
     | l_inst/mac_16in_instance/intadd_4_U9               |              |          |       |         |          | 
     | core_instance/mac_array_instance/col_idx_5__mac_co | CI v -> CO v | FA1D1    | 0.074 |   3.102 |    3.109 | 
     | l_inst/mac_16in_instance/intadd_4_U8               |              |          |       |         |          | 
     | core_instance/mac_array_instance/col_idx_5__mac_co | CI v -> CO v | FA1D1    | 0.073 |   3.175 |    3.183 | 
     | l_inst/mac_16in_instance/intadd_4_U7               |              |          |       |         |          | 
     | core_instance/mac_array_instance/col_idx_5__mac_co | CI v -> CO v | FA1D1    | 0.072 |   3.248 |    3.255 | 
     | l_inst/mac_16in_instance/intadd_4_U6               |              |          |       |         |          | 
     | core_instance/mac_array_instance/col_idx_5__mac_co | CI v -> CO v | FA1D1    | 0.071 |   3.319 |    3.326 | 
     | l_inst/mac_16in_instance/intadd_4_U5               |              |          |       |         |          | 
     | core_instance/mac_array_instance/col_idx_5__mac_co | CI v -> CO v | FA1D1    | 0.072 |   3.391 |    3.398 | 
     | l_inst/mac_16in_instance/intadd_4_U4               |              |          |       |         |          | 
     | core_instance/mac_array_instance/col_idx_5__mac_co | CI v -> CO v | FA1D1    | 0.072 |   3.462 |    3.470 | 
     | l_inst/mac_16in_instance/intadd_4_U3               |              |          |       |         |          | 
     | core_instance/mac_array_instance/col_idx_5__mac_co | CI v -> CO v | FA1D2    | 0.095 |   3.558 |    3.565 | 
     | l_inst/mac_16in_instance/intadd_4_U2               |              |          |       |         |          | 
     | core_instance/mac_array_instance/col_idx_5__mac_co | I v -> ZN ^  | CKND4    | 0.079 |   3.637 |    3.645 | 
     | l_inst/mac_16in_instance/FE_OFC344_array_out_98_   |              |          |       |         |          | 
     | core_instance/ofifo_inst/col_idx_4__fifo_instance/ | A2 ^ -> Z ^  | OA22D0   | 0.101 |   3.738 |    3.746 | 
     | U197                                               |              |          |       |         |          | 
     | core_instance/ofifo_inst/col_idx_4__fifo_instance/ | D ^          | DFQD1    | 0.000 |   3.738 |    3.746 | 
     | q2_reg_18_                                         |              |          |       |         |          | 
     +-----------------------------------------------------------------------------------------------------------+ 

