Warning: Detected use of obsolete/unsupported feature.  The following
Warning: Design rule attributes from the driving cell will be
Warning: Design rule attributes from the driving cell will be
Warning: Design rule attributes from the driving cell will be
Warning: Design rule attributes from the driving cell will be
Warning: Design rule attributes from the driving cell will be
Warning: Design rule attributes from the driving cell will be
Warning: Design rule attributes from the driving cell will be
Warning: Design rule attributes from the driving cell will be
Warning: Design rule attributes from the driving cell will be
Warning: Design rule attributes from the driving cell will be
Warning: Design rule attributes from the driving cell will be
Warning: Design rule attributes from the driving cell will be
Warning: Design rule attributes from the driving cell will be
Warning: Design rule attributes from the driving cell will be
Warning: Design rule attributes from the driving cell will be
Warning: Design rule attributes from the driving cell will be
Warning: Design rule attributes from the driving cell will be
Warning: Design rule attributes from the driving cell will be
Warning: Design rule attributes from the driving cell will be
Warning: Design rule attributes from the driving cell will be
Warning: Design rule attributes from the driving cell will be
Warning: Design rule attributes from the driving cell will be
Warning: Design rule attributes from the driving cell will be
Warning: Design rule attributes from the driving cell will be
Warning: Design rule attributes from the driving cell will be
Warning: Design rule attributes from the driving cell will be
Warning: Design rule attributes from the driving cell will be
Warning: Design rule attributes from the driving cell will be
Warning: Design rule attributes from the driving cell will be
Warning: Design rule attributes from the driving cell will be
Warning: Design rule attributes from the driving cell will be
Warning: Design rule attributes from the driving cell will be
Warning: Design rule attributes from the driving cell will be
Warning: Design rule attributes from the driving cell will be
Warning: Design rule attributes from the driving cell will be
Warning: Design rule attributes from the driving cell will be
Warning: Design rule attributes from the driving cell will be
Warning: Design rule attributes from the driving cell will be
Warning: Design rule attributes from the driving cell will be
Warning: Design rule attributes from the driving cell will be
Warning: Design rule attributes from the driving cell will be
Warning: Design rule attributes from the driving cell will be
Warning: Design rule attributes from the driving cell will be
Warning: Design rule attributes from the driving cell will be
Warning: Design rule attributes from the driving cell will be
Warning: Design rule attributes from the driving cell will be
Warning: Design rule attributes from the driving cell will be
Warning: Design rule attributes from the driving cell will be
Warning: Design rule attributes from the driving cell will be
Warning: Design rule attributes from the driving cell will be
Warning: Design rule attributes from the driving cell will be
Warning: Design rule attributes from the driving cell will be
Warning: Design rule attributes from the driving cell will be
Warning: Design rule attributes from the driving cell will be
Warning: Design rule attributes from the driving cell will be
Warning: Design rule attributes from the driving cell will be
Warning: Design rule attributes from the driving cell will be
Warning: Design rule attributes from the driving cell will be
Warning: Design rule attributes from the driving cell will be
Warning: Design rule attributes from the driving cell will be
Warning: Design rule attributes from the driving cell will be
Warning: Design rule attributes from the driving cell will be
Warning: Design rule attributes from the driving cell will be
Warning: Design rule attributes from the driving cell will be
Warning: Design rule attributes from the driving cell will be
Warning: Design rule attributes from the driving cell will be
Warning: Design rule attributes from the driving cell will be
Warning: Design rule attributes from the driving cell will be
Warning: Design rule attributes from the driving cell will be
Warning: Design rule attributes from the driving cell will be
Warning: Design rule attributes from the driving cell will be
Warning: Design rule attributes from the driving cell will be
Warning: Design rule attributes from the driving cell will be
Warning: Design rule attributes from the driving cell will be
Warning: Design rule attributes from the driving cell will be
Warning: Design rule attributes from the driving cell will be
Warning: Design rule attributes from the driving cell will be
Warning: Design rule attributes from the driving cell will be
Warning: Design rule attributes from the driving cell will be
Warning: Design rule attributes from the driving cell will be
Warning: Design rule attributes from the driving cell will be
Warning: Design rule attributes from the driving cell will be
Warning: Design rule attributes from the driving cell will be
Warning: Design rule attributes from the driving cell will be
Warning: Design rule attributes from the driving cell will be
Warning: Design rule attributes from the driving cell will be
Warning: Design rule attributes from the driving cell will be
Warning: Design rule attributes from the driving cell will be
Warning: Design rule attributes from the driving cell will be
Warning: Design rule attributes from the driving cell will be
Warning: Design rule attributes from the driving cell will be
Warning: Design rule attributes from the driving cell will be
Warning: Design rule attributes from the driving cell will be
Warning: Design rule attributes from the driving cell will be
Warning: Design rule attributes from the driving cell will be
Warning: Design rule attributes from the driving cell will be
Warning: Design rule attributes from the driving cell will be
Warning: Design rule attributes from the driving cell will be
Warning: Design rule attributes from the driving cell will be
Warning: Design rule attributes from the driving cell will be
Warning: Design rule attributes from the driving cell will be
Warning: Design rule attributes from the driving cell will be
Warning: Design rule attributes from the driving cell will be
Warning: Design rule attributes from the driving cell will be
Warning: Design rule attributes from the driving cell will be
Warning: Design rule attributes from the driving cell will be
Warning: Design rule attributes from the driving cell will be
Warning: Design rule attributes from the driving cell will be
Warning: Design rule attributes from the driving cell will be
Warning: Design rule attributes from the driving cell will be
Warning: Design rule attributes from the driving cell will be
Warning: Design rule attributes from the driving cell will be
Warning: Design rule attributes from the driving cell will be
Warning: Design rule attributes from the driving cell will be
Warning: Design rule attributes from the driving cell will be
Warning: Design rule attributes from the driving cell will be
Warning: Design rule attributes from the driving cell will be
Warning: Design rule attributes from the driving cell will be
Warning: Design rule attributes from the driving cell will be
Warning: Design rule attributes from the driving cell will be
Warning: Design rule attributes from the driving cell will be
Warning: Design rule attributes from the driving cell will be
Warning: Design rule attributes from the driving cell will be
Warning: Design rule attributes from the driving cell will be
Warning: Design rule attributes from the driving cell will be
Warning: Design rule attributes from the driving cell will be
Warning: Design rule attributes from the driving cell will be
Warning: Design rule attributes from the driving cell will be
Warning: Design rule attributes from the driving cell will be
Warning: Design rule attributes from the driving cell will be
Warning: Design rule attributes from the driving cell will be
Warning: Design rule attributes from the driving cell will be
Warning: Design rule attributes from the driving cell will be
Warning: Design rule attributes from the driving cell will be
Warning: Design rule attributes from the driving cell will be
Warning: Design rule attributes from the driving cell will be
Warning: Design rule attributes from the driving cell will be
Warning: Design rule attributes from the driving cell will be
Warning: Design rule attributes from the driving cell will be
Warning: Design rule attributes from the driving cell will be
Warning: Design rule attributes from the driving cell will be
Warning: Design rule attributes from the driving cell will be
Warning: Design rule attributes from the driving cell will be
Warning: Design rule attributes from the driving cell will be
Warning: Design rule attributes from the driving cell will be
Warning: Design rule attributes from the driving cell will be
Warning: Design rule attributes from the driving cell will be
Warning: Design rule attributes from the driving cell will be
Warning: Design rule attributes from the driving cell will be
Warning: Design rule attributes from the driving cell will be
Warning: Design rule attributes from the driving cell will be
Warning: Design rule attributes from the driving cell will be
Warning: Design rule attributes from the driving cell will be
Warning: Design rule attributes from the driving cell will be
Warning: Design rule attributes from the driving cell will be
Warning: Design rule attributes from the driving cell will be
Warning: Design rule attributes from the driving cell will be
Warning: Design rule attributes from the driving cell will be
Warning: Design rule attributes from the driving cell will be
Warning: Design rule attributes from the driving cell will be
Warning: Design rule attributes from the driving cell will be
Warning: Design rule attributes from the driving cell will be
Warning: Design rule attributes from the driving cell will be
Warning: Design rule attributes from the driving cell will be
Warning: Design rule attributes from the driving cell will be
Warning: Design rule attributes from the driving cell will be
Warning: Design rule attributes from the driving cell will be
Warning: The -timing_high_effort_script option is ignored.  (OPT-1342)
Warning: DesignWare synthetic library dw_foundation.sldb is added to the synthetic_library in the current command. (UISN-40)
Warning: Design 'sram_w16_out' contains 1 high-fanout nets. A fanout number of 1000 will be used for delay calculations involving these nets. (TIM-134)
