###############################################################
#  Generated by:      Cadence Innovus 15.23-s045_1
#  OS:                Linux x86_64(Host ID ieng6-ece-13.ucsd.edu)
#  Generated on:      Sun Mar  9 14:20:17 2025
#  Design:            core
#  Command:           report_timing -max_paths 5 > ${design}.post_route.timing.rpt
###############################################################
Path 1: MET Setup Check with Pin ofifo_inst/col_idx_4__fifo_instance/q11_reg_18_
/CP 
Endpoint:   ofifo_inst/col_idx_4__fifo_instance/q11_reg_18_/D            (^) 
checked with  leading edge of 'clk'
Beginpoint: mac_array_instance/col_idx_5__mac_col_inst/query_q_reg_21_/Q (^) 
triggered by  leading edge of 'clk'
Path Groups: {clk}
Analysis View: WC_VIEW
Other End Arrival Time          0.241
- Setup                         0.020
+ Phase Shift                   3.500
+ CPPR Adjustment               0.000
= Required Time                 3.722
- Arrival Time                  3.720
= Slack Time                    0.001
     Clock Rise Edge                 0.000
     + Clock Network Latency (Prop)  0.242
     = Beginpoint Arrival Time       0.242
     +-----------------------------------------------------------------------------------------------------------+ 
     |                      Instance                      |     Arc      |   Cell   | Delay | Arrival | Required | 
     |                                                    |              |          |       |  Time   |   Time   | 
     |----------------------------------------------------+--------------+----------+-------+---------+----------| 
     | mac_array_instance/col_idx_5__mac_col_inst/query_q | CP ^         |          |       |   0.242 |    0.243 | 
     | _reg_21_                                           |              |          |       |         |          | 
     | mac_array_instance/col_idx_5__mac_col_inst/query_q | CP ^ -> Q ^  | DFQD1    | 0.231 |   0.473 |    0.474 | 
     | _reg_21_                                           |              |          |       |         |          | 
     | mac_array_instance/col_idx_5__mac_col_inst/mac_16i | I ^ -> ZN v  | INVD2    | 0.091 |   0.563 |    0.564 | 
     | n_instance/FE_OFC421_q_temp_341_                   |              |          |       |         |          | 
     | mac_array_instance/col_idx_5__mac_col_inst/mac_16i | A1 v -> ZN ^ | AOI22D1  | 0.172 |   0.735 |    0.737 | 
     | n_instance/FE_RC_63_0                              |              |          |       |         |          | 
     | mac_array_instance/col_idx_5__mac_col_inst/mac_16i | I ^ -> ZN v  | INVD1    | 0.068 |   0.803 |    0.805 | 
     | n_instance/U306                                    |              |          |       |         |          | 
     | mac_array_instance/col_idx_5__mac_col_inst/mac_16i | C v -> ZN ^  | AOI221D1 | 0.169 |   0.972 |    0.974 | 
     | n_instance/U307                                    |              |          |       |         |          | 
     | mac_array_instance/col_idx_5__mac_col_inst/mac_16i | I ^ -> ZN v  | INVD1    | 0.079 |   1.051 |    1.052 | 
     | n_instance/U20                                     |              |          |       |         |          | 
     | mac_array_instance/col_idx_5__mac_col_inst/mac_16i | A1 v -> ZN ^ | OAI22D0  | 0.286 |   1.337 |    1.339 | 
     | n_instance/FE_RC_40_0                              |              |          |       |         |          | 
     | mac_array_instance/col_idx_5__mac_col_inst/mac_16i | B ^ -> S ^   | CMPE42D1 | 0.418 |   1.755 |    1.757 | 
     | n_instance/DP_OP_38J7_122_4029_U98                 |              |          |       |         |          | 
     | mac_array_instance/col_idx_5__mac_col_inst/mac_16i | B ^ -> S v   | CMPE42D1 | 0.314 |   2.070 |    2.071 | 
     | n_instance/DP_OP_38J7_122_4029_U90                 |              |          |       |         |          | 
     | mac_array_instance/col_idx_5__mac_col_inst/mac_16i | C v -> S v   | CMPE42D1 | 0.259 |   2.329 |    2.330 | 
     | n_instance/DP_OP_38J7_122_4029_U88                 |              |          |       |         |          | 
     | mac_array_instance/col_idx_5__mac_col_inst/mac_16i | A v -> S v   | CMPE42D1 | 0.310 |   2.639 |    2.640 | 
     | n_instance/DP_OP_38J7_122_4029_U86                 |              |          |       |         |          | 
     | mac_array_instance/col_idx_5__mac_col_inst/mac_16i | B v -> CO v  | FA1D1    | 0.159 |   2.799 |    2.800 | 
     | n_instance/intadd_4_U11                            |              |          |       |         |          | 
     | mac_array_instance/col_idx_5__mac_col_inst/mac_16i | CI v -> CO v | FA1D1    | 0.083 |   2.882 |    2.883 | 
     | n_instance/intadd_4_U10                            |              |          |       |         |          | 
     | mac_array_instance/col_idx_5__mac_col_inst/mac_16i | CI v -> CO v | FA1D1    | 0.075 |   2.956 |    2.958 | 
     | n_instance/intadd_4_U9                             |              |          |       |         |          | 
     | mac_array_instance/col_idx_5__mac_col_inst/mac_16i | CI v -> CO v | FA1D1    | 0.076 |   3.033 |    3.034 | 
     | n_instance/intadd_4_U8                             |              |          |       |         |          | 
     | mac_array_instance/col_idx_5__mac_col_inst/mac_16i | CI v -> CO v | FA1D1    | 0.073 |   3.105 |    3.107 | 
     | n_instance/intadd_4_U7                             |              |          |       |         |          | 
     | mac_array_instance/col_idx_5__mac_col_inst/mac_16i | CI v -> CO v | FA1D0    | 0.103 |   3.209 |    3.210 | 
     | n_instance/intadd_4_U6                             |              |          |       |         |          | 
     | mac_array_instance/col_idx_5__mac_col_inst/mac_16i | CI v -> CO v | FA1D1    | 0.080 |   3.289 |    3.290 | 
     | n_instance/intadd_4_U5                             |              |          |       |         |          | 
     | mac_array_instance/col_idx_5__mac_col_inst/mac_16i | CI v -> CO v | FA1D1    | 0.074 |   3.363 |    3.364 | 
     | n_instance/intadd_4_U4                             |              |          |       |         |          | 
     | mac_array_instance/col_idx_5__mac_col_inst/mac_16i | CI v -> CO v | FA1D1    | 0.073 |   3.435 |    3.437 | 
     | n_instance/intadd_4_U3                             |              |          |       |         |          | 
     | mac_array_instance/col_idx_5__mac_col_inst/mac_16i | CI v -> CO v | FA1D1    | 0.093 |   3.529 |    3.530 | 
     | n_instance/intadd_4_U2                             |              |          |       |         |          | 
     | mac_array_instance/col_idx_5__mac_col_inst/mac_16i | I v -> ZN ^  | CKND4    | 0.084 |   3.613 |    3.614 | 
     | n_instance/FE_OFC429_array_out_98_                 |              |          |       |         |          | 
     | ofifo_inst/col_idx_4__fifo_instance/U131           | A2 ^ -> Z ^  | OA22D0   | 0.107 |   3.720 |    3.722 | 
     | ofifo_inst/col_idx_4__fifo_instance/q11_reg_18_    | D ^          | DFQD1    | 0.000 |   3.720 |    3.722 | 
     +-----------------------------------------------------------------------------------------------------------+ 
Path 2: MET Setup Check with Pin ofifo_inst/col_idx_6__fifo_instance/q2_reg_19_/
CP 
Endpoint:   ofifo_inst/col_idx_6__fifo_instance/q2_reg_19_/D             (^) 
checked with  leading edge of 'clk'
Beginpoint: mac_array_instance/col_idx_7__mac_col_inst/query_q_reg_19_/Q (^) 
triggered by  leading edge of 'clk'
Path Groups: {clk}
Analysis View: WC_VIEW
Other End Arrival Time          0.250
- Setup                         0.017
+ Phase Shift                   3.500
+ CPPR Adjustment               0.000
= Required Time                 3.733
- Arrival Time                  3.729
= Slack Time                    0.004
     Clock Rise Edge                 0.000
     + Clock Network Latency (Prop)  0.253
     = Beginpoint Arrival Time       0.253
     +-----------------------------------------------------------------------------------------------------------+ 
     |                      Instance                      |     Arc      |   Cell   | Delay | Arrival | Required | 
     |                                                    |              |          |       |  Time   |   Time   | 
     |----------------------------------------------------+--------------+----------+-------+---------+----------| 
     | mac_array_instance/col_idx_7__mac_col_inst/query_q | CP ^         |          |       |   0.253 |    0.257 | 
     | _reg_19_                                           |              |          |       |         |          | 
     | mac_array_instance/col_idx_7__mac_col_inst/query_q | CP ^ -> Q ^  | DFQD1    | 0.188 |   0.441 |    0.445 | 
     | _reg_19_                                           |              |          |       |         |          | 
     | mac_array_instance/col_idx_7__mac_col_inst/FE_OFC3 | I ^ -> ZN v  | CKND1    | 0.120 |   0.561 |    0.565 | 
     | 71_q_temp_467_                                     |              |          |       |         |          | 
     | mac_array_instance/col_idx_7__mac_col_inst/mac_16i | A2 v -> ZN ^ | AOI22D1  | 0.193 |   0.754 |    0.758 | 
     | n_instance/U10                                     |              |          |       |         |          | 
     | mac_array_instance/col_idx_7__mac_col_inst/mac_16i | I ^ -> ZN v  | CKND0    | 0.127 |   0.882 |    0.886 | 
     | n_instance/U430                                    |              |          |       |         |          | 
     | mac_array_instance/col_idx_7__mac_col_inst/mac_16i | C v -> ZN ^  | AOI221D1 | 0.190 |   1.071 |    1.076 | 
     | n_instance/U431                                    |              |          |       |         |          | 
     | mac_array_instance/col_idx_7__mac_col_inst/mac_16i | I ^ -> ZN v  | CKND0    | 0.132 |   1.204 |    1.208 | 
     | n_instance/U432                                    |              |          |       |         |          | 
     | mac_array_instance/col_idx_7__mac_col_inst/mac_16i | B2 v -> ZN ^ | OAI22D0  | 0.249 |   1.452 |    1.457 | 
     | n_instance/U725                                    |              |          |       |         |          | 
     | mac_array_instance/col_idx_7__mac_col_inst/mac_16i | B ^ -> S v   | CMPE42D1 | 0.397 |   1.850 |    1.854 | 
     | n_instance/DP_OP_38J7_122_4029_U127                |              |          |       |         |          | 
     | mac_array_instance/col_idx_7__mac_col_inst/mac_16i | B v -> S ^   | CMPE42D1 | 0.302 |   2.152 |    2.156 | 
     | n_instance/DP_OP_38J7_122_4029_U124                |              |          |       |         |          | 
     | mac_array_instance/col_idx_7__mac_col_inst/mac_16i | B ^ -> S v   | CMPE42D1 | 0.312 |   2.463 |    2.467 | 
     | n_instance/DP_OP_38J7_122_4029_U120                |              |          |       |         |          | 
     | mac_array_instance/col_idx_7__mac_col_inst/mac_16i | B v -> CO v  | FA1D0    | 0.138 |   2.601 |    2.606 | 
     | n_instance/intadd_2_U13                            |              |          |       |         |          | 
     | mac_array_instance/col_idx_7__mac_col_inst/mac_16i | CI v -> CO v | FA1D0    | 0.124 |   2.726 |    2.730 | 
     | n_instance/intadd_2_U12                            |              |          |       |         |          | 
     | mac_array_instance/col_idx_7__mac_col_inst/mac_16i | CI v -> CO v | FA1D1    | 0.083 |   2.808 |    2.813 | 
     | n_instance/intadd_2_U11                            |              |          |       |         |          | 
     | mac_array_instance/col_idx_7__mac_col_inst/mac_16i | CI v -> CO v | FA1D0    | 0.107 |   2.915 |    2.919 | 
     | n_instance/intadd_2_U10                            |              |          |       |         |          | 
     | mac_array_instance/col_idx_7__mac_col_inst/mac_16i | CI v -> CO v | FA1D1    | 0.080 |   2.995 |    2.999 | 
     | n_instance/intadd_2_U9                             |              |          |       |         |          | 
     | mac_array_instance/col_idx_7__mac_col_inst/mac_16i | CI v -> CO v | FA1D1    | 0.075 |   3.070 |    3.074 | 
     | n_instance/intadd_2_U8                             |              |          |       |         |          | 
     | mac_array_instance/col_idx_7__mac_col_inst/mac_16i | CI v -> CO v | FA1D1    | 0.075 |   3.145 |    3.149 | 
     | n_instance/intadd_2_U7                             |              |          |       |         |          | 
     | mac_array_instance/col_idx_7__mac_col_inst/mac_16i | CI v -> CO v | FA1D1    | 0.075 |   3.220 |    3.224 | 
     | n_instance/intadd_2_U6                             |              |          |       |         |          | 
     | mac_array_instance/col_idx_7__mac_col_inst/mac_16i | CI v -> CO v | FA1D1    | 0.075 |   3.295 |    3.299 | 
     | n_instance/intadd_2_U5                             |              |          |       |         |          | 
     | mac_array_instance/col_idx_7__mac_col_inst/mac_16i | CI v -> CO v | FA1D1    | 0.072 |   3.367 |    3.371 | 
     | n_instance/intadd_2_U4                             |              |          |       |         |          | 
     | mac_array_instance/col_idx_7__mac_col_inst/mac_16i | CI v -> CO v | FA1D1    | 0.072 |   3.439 |    3.443 | 
     | n_instance/intadd_2_U3                             |              |          |       |         |          | 
     | mac_array_instance/col_idx_7__mac_col_inst/mac_16i | CI v -> CO v | FA1D2    | 0.105 |   3.544 |    3.548 | 
     | n_instance/intadd_2_U2                             |              |          |       |         |          | 
     | mac_array_instance/col_idx_7__mac_col_inst/mac_16i | I v -> ZN ^  | CKND4    | 0.082 |   3.626 |    3.630 | 
     | n_instance/FE_OFC368_array_out_138_                |              |          |       |         |          | 
     | ofifo_inst/col_idx_6__fifo_instance/U196           | A2 ^ -> Z ^  | OA22D0   | 0.103 |   3.729 |    3.733 | 
     | ofifo_inst/col_idx_6__fifo_instance/q2_reg_19_     | D ^          | DFQD1    | 0.000 |   3.729 |    3.733 | 
     +-----------------------------------------------------------------------------------------------------------+ 
Path 3: MET Setup Check with Pin ofifo_inst/col_idx_2__fifo_instance/q9_reg_17_/
CP 
Endpoint:   ofifo_inst/col_idx_2__fifo_instance/q9_reg_17_/D             (^) 
checked with  leading edge of 'clk'
Beginpoint: mac_array_instance/col_idx_3__mac_col_inst/query_q_reg_19_/Q (^) 
triggered by  leading edge of 'clk'
Path Groups: {clk}
Analysis View: WC_VIEW
Other End Arrival Time          0.241
- Setup                         0.017
+ Phase Shift                   3.500
+ CPPR Adjustment               0.000
= Required Time                 3.725
- Arrival Time                  3.720
= Slack Time                    0.005
     Clock Rise Edge                 0.000
     + Clock Network Latency (Prop)  0.250
     = Beginpoint Arrival Time       0.250
     +-----------------------------------------------------------------------------------------------------------+ 
     |                      Instance                      |     Arc      |   Cell   | Delay | Arrival | Required | 
     |                                                    |              |          |       |  Time   |   Time   | 
     |----------------------------------------------------+--------------+----------+-------+---------+----------| 
     | mac_array_instance/col_idx_3__mac_col_inst/query_q | CP ^         |          |       |   0.250 |    0.255 | 
     | _reg_19_                                           |              |          |       |         |          | 
     | mac_array_instance/col_idx_3__mac_col_inst/query_q | CP ^ -> Q ^  | DFQD1    | 0.227 |   0.478 |    0.482 | 
     | _reg_19_                                           |              |          |       |         |          | 
     | mac_array_instance/col_idx_3__mac_col_inst/mac_16i | I ^ -> ZN v  | CKND1    | 0.147 |   0.625 |    0.629 | 
     | n_instance/FE_OFC669_q_temp_211_                   |              |          |       |         |          | 
     | mac_array_instance/col_idx_3__mac_col_inst/mac_16i | A2 v -> ZN ^ | AOI22D2  | 0.134 |   0.758 |    0.763 | 
     | n_instance/U8                                      |              |          |       |         |          | 
     | mac_array_instance/col_idx_3__mac_col_inst/mac_16i | I ^ -> ZN v  | CKND0    | 0.082 |   0.840 |    0.844 | 
     | n_instance/U429                                    |              |          |       |         |          | 
     | mac_array_instance/col_idx_3__mac_col_inst/mac_16i | C v -> ZN ^  | AOI221D0 | 0.217 |   1.057 |    1.061 | 
     | n_instance/U430                                    |              |          |       |         |          | 
     | mac_array_instance/col_idx_3__mac_col_inst/mac_16i | I ^ -> ZN v  | CKND0    | 0.146 |   1.203 |    1.208 | 
     | n_instance/U431                                    |              |          |       |         |          | 
     | mac_array_instance/col_idx_3__mac_col_inst/mac_16i | B2 v -> ZN ^ | OAI22D0  | 0.266 |   1.469 |    1.474 | 
     | n_instance/U728                                    |              |          |       |         |          | 
     | mac_array_instance/col_idx_3__mac_col_inst/mac_16i | B ^ -> S v   | CMPE42D1 | 0.393 |   1.862 |    1.867 | 
     | n_instance/DP_OP_38J7_122_4029_U94                 |              |          |       |         |          | 
     | mac_array_instance/col_idx_3__mac_col_inst/mac_16i | B v -> S ^   | CMPE42D1 | 0.307 |   2.169 |    2.174 | 
     | n_instance/DP_OP_38J7_122_4029_U89                 |              |          |       |         |          | 
     | mac_array_instance/col_idx_3__mac_col_inst/mac_16i | C ^ -> S v   | CMPE42D1 | 0.260 |   2.429 |    2.433 | 
     | n_instance/DP_OP_38J7_122_4029_U87                 |              |          |       |         |          | 
     | mac_array_instance/col_idx_3__mac_col_inst/mac_16i | C v -> S v   | CMPE42D1 | 0.258 |   2.687 |    2.692 | 
     | n_instance/DP_OP_38J7_122_4029_U86                 |              |          |       |         |          | 
     | mac_array_instance/col_idx_3__mac_col_inst/mac_16i | B v -> CO v  | FA1D1    | 0.138 |   2.825 |    2.830 | 
     | n_instance/intadd_6_U11                            |              |          |       |         |          | 
     | mac_array_instance/col_idx_3__mac_col_inst/mac_16i | CI v -> CO v | FA1D1    | 0.078 |   2.903 |    2.908 | 
     | n_instance/intadd_6_U10                            |              |          |       |         |          | 
     | mac_array_instance/col_idx_3__mac_col_inst/mac_16i | CI v -> CO v | FA1D1    | 0.077 |   2.980 |    2.985 | 
     | n_instance/intadd_6_U9                             |              |          |       |         |          | 
     | mac_array_instance/col_idx_3__mac_col_inst/mac_16i | CI v -> CO v | FA1D1    | 0.075 |   3.055 |    3.060 | 
     | n_instance/intadd_6_U8                             |              |          |       |         |          | 
     | mac_array_instance/col_idx_3__mac_col_inst/mac_16i | CI v -> CO v | FA1D1    | 0.080 |   3.136 |    3.140 | 
     | n_instance/intadd_6_U7                             |              |          |       |         |          | 
     | mac_array_instance/col_idx_3__mac_col_inst/mac_16i | CI v -> CO v | FA1D1    | 0.075 |   3.211 |    3.215 | 
     | n_instance/intadd_6_U6                             |              |          |       |         |          | 
     | mac_array_instance/col_idx_3__mac_col_inst/mac_16i | CI v -> CO v | FA1D1    | 0.073 |   3.284 |    3.288 | 
     | n_instance/intadd_6_U5                             |              |          |       |         |          | 
     | mac_array_instance/col_idx_3__mac_col_inst/mac_16i | CI v -> CO v | FA1D1    | 0.072 |   3.356 |    3.361 | 
     | n_instance/intadd_6_U4                             |              |          |       |         |          | 
     | mac_array_instance/col_idx_3__mac_col_inst/mac_16i | CI v -> CO v | FA1D1    | 0.077 |   3.433 |    3.438 | 
     | n_instance/intadd_6_U3                             |              |          |       |         |          | 
     | mac_array_instance/col_idx_3__mac_col_inst/mac_16i | CI v -> S ^  | FA1D1    | 0.093 |   3.526 |    3.531 | 
     | n_instance/intadd_6_U2                             |              |          |       |         |          | 
     | FE_OFC382_array_out_57_                            | I ^ -> Z ^   | BUFFD3   | 0.093 |   3.619 |    3.623 | 
     | ofifo_inst/col_idx_2__fifo_instance/U112           | A2 ^ -> Z ^  | OA22D0   | 0.102 |   3.720 |    3.725 | 
     | ofifo_inst/col_idx_2__fifo_instance/q9_reg_17_     | D ^          | DFQD1    | 0.000 |   3.720 |    3.725 | 
     +-----------------------------------------------------------------------------------------------------------+ 
Path 4: MET Setup Check with Pin ofifo_inst/col_idx_4__fifo_instance/q10_reg_18_
/CP 
Endpoint:   ofifo_inst/col_idx_4__fifo_instance/q10_reg_18_/D            (^) 
checked with  leading edge of 'clk'
Beginpoint: mac_array_instance/col_idx_5__mac_col_inst/query_q_reg_21_/Q (^) 
triggered by  leading edge of 'clk'
Path Groups: {clk}
Analysis View: WC_VIEW
Other End Arrival Time          0.240
- Setup                         0.018
+ Phase Shift                   3.500
+ CPPR Adjustment               0.000
= Required Time                 3.722
- Arrival Time                  3.717
= Slack Time                    0.005
     Clock Rise Edge                 0.000
     + Clock Network Latency (Prop)  0.242
     = Beginpoint Arrival Time       0.242
     +-----------------------------------------------------------------------------------------------------------+ 
     |                      Instance                      |     Arc      |   Cell   | Delay | Arrival | Required | 
     |                                                    |              |          |       |  Time   |   Time   | 
     |----------------------------------------------------+--------------+----------+-------+---------+----------| 
     | mac_array_instance/col_idx_5__mac_col_inst/query_q | CP ^         |          |       |   0.242 |    0.247 | 
     | _reg_21_                                           |              |          |       |         |          | 
     | mac_array_instance/col_idx_5__mac_col_inst/query_q | CP ^ -> Q ^  | DFQD1    | 0.231 |   0.473 |    0.478 | 
     | _reg_21_                                           |              |          |       |         |          | 
     | mac_array_instance/col_idx_5__mac_col_inst/mac_16i | I ^ -> ZN v  | INVD2    | 0.091 |   0.563 |    0.568 | 
     | n_instance/FE_OFC421_q_temp_341_                   |              |          |       |         |          | 
     | mac_array_instance/col_idx_5__mac_col_inst/mac_16i | A1 v -> ZN ^ | AOI22D1  | 0.172 |   0.735 |    0.741 | 
     | n_instance/FE_RC_63_0                              |              |          |       |         |          | 
     | mac_array_instance/col_idx_5__mac_col_inst/mac_16i | I ^ -> ZN v  | INVD1    | 0.068 |   0.803 |    0.808 | 
     | n_instance/U306                                    |              |          |       |         |          | 
     | mac_array_instance/col_idx_5__mac_col_inst/mac_16i | C v -> ZN ^  | AOI221D1 | 0.169 |   0.972 |    0.977 | 
     | n_instance/U307                                    |              |          |       |         |          | 
     | mac_array_instance/col_idx_5__mac_col_inst/mac_16i | I ^ -> ZN v  | INVD1    | 0.079 |   1.051 |    1.056 | 
     | n_instance/U20                                     |              |          |       |         |          | 
     | mac_array_instance/col_idx_5__mac_col_inst/mac_16i | A1 v -> ZN ^ | OAI22D0  | 0.286 |   1.337 |    1.342 | 
     | n_instance/FE_RC_40_0                              |              |          |       |         |          | 
     | mac_array_instance/col_idx_5__mac_col_inst/mac_16i | B ^ -> S ^   | CMPE42D1 | 0.418 |   1.755 |    1.761 | 
     | n_instance/DP_OP_38J7_122_4029_U98                 |              |          |       |         |          | 
     | mac_array_instance/col_idx_5__mac_col_inst/mac_16i | B ^ -> S v   | CMPE42D1 | 0.314 |   2.070 |    2.075 | 
     | n_instance/DP_OP_38J7_122_4029_U90                 |              |          |       |         |          | 
     | mac_array_instance/col_idx_5__mac_col_inst/mac_16i | C v -> S v   | CMPE42D1 | 0.259 |   2.329 |    2.334 | 
     | n_instance/DP_OP_38J7_122_4029_U88                 |              |          |       |         |          | 
     | mac_array_instance/col_idx_5__mac_col_inst/mac_16i | A v -> S v   | CMPE42D1 | 0.310 |   2.639 |    2.644 | 
     | n_instance/DP_OP_38J7_122_4029_U86                 |              |          |       |         |          | 
     | mac_array_instance/col_idx_5__mac_col_inst/mac_16i | B v -> CO v  | FA1D1    | 0.159 |   2.799 |    2.804 | 
     | n_instance/intadd_4_U11                            |              |          |       |         |          | 
     | mac_array_instance/col_idx_5__mac_col_inst/mac_16i | CI v -> CO v | FA1D1    | 0.083 |   2.882 |    2.887 | 
     | n_instance/intadd_4_U10                            |              |          |       |         |          | 
     | mac_array_instance/col_idx_5__mac_col_inst/mac_16i | CI v -> CO v | FA1D1    | 0.075 |   2.956 |    2.962 | 
     | n_instance/intadd_4_U9                             |              |          |       |         |          | 
     | mac_array_instance/col_idx_5__mac_col_inst/mac_16i | CI v -> CO v | FA1D1    | 0.076 |   3.033 |    3.038 | 
     | n_instance/intadd_4_U8                             |              |          |       |         |          | 
     | mac_array_instance/col_idx_5__mac_col_inst/mac_16i | CI v -> CO v | FA1D1    | 0.073 |   3.105 |    3.111 | 
     | n_instance/intadd_4_U7                             |              |          |       |         |          | 
     | mac_array_instance/col_idx_5__mac_col_inst/mac_16i | CI v -> CO v | FA1D0    | 0.103 |   3.209 |    3.214 | 
     | n_instance/intadd_4_U6                             |              |          |       |         |          | 
     | mac_array_instance/col_idx_5__mac_col_inst/mac_16i | CI v -> CO v | FA1D1    | 0.080 |   3.289 |    3.294 | 
     | n_instance/intadd_4_U5                             |              |          |       |         |          | 
     | mac_array_instance/col_idx_5__mac_col_inst/mac_16i | CI v -> CO v | FA1D1    | 0.074 |   3.363 |    3.368 | 
     | n_instance/intadd_4_U4                             |              |          |       |         |          | 
     | mac_array_instance/col_idx_5__mac_col_inst/mac_16i | CI v -> CO v | FA1D1    | 0.073 |   3.435 |    3.441 | 
     | n_instance/intadd_4_U3                             |              |          |       |         |          | 
     | mac_array_instance/col_idx_5__mac_col_inst/mac_16i | CI v -> CO v | FA1D1    | 0.093 |   3.529 |    3.534 | 
     | n_instance/intadd_4_U2                             |              |          |       |         |          | 
     | mac_array_instance/col_idx_5__mac_col_inst/mac_16i | I v -> ZN ^  | CKND4    | 0.084 |   3.613 |    3.618 | 
     | n_instance/FE_OFC429_array_out_98_                 |              |          |       |         |          | 
     | ofifo_inst/col_idx_4__fifo_instance/U86            | A2 ^ -> Z ^  | OA22D0   | 0.103 |   3.717 |    3.722 | 
     | ofifo_inst/col_idx_4__fifo_instance/q10_reg_18_    | D ^          | DFQD1    | 0.000 |   3.717 |    3.722 | 
     +-----------------------------------------------------------------------------------------------------------+ 
Path 5: MET Setup Check with Pin ofifo_inst/col_idx_6__fifo_instance/q0_reg_19_/
CP 
Endpoint:   ofifo_inst/col_idx_6__fifo_instance/q0_reg_19_/D             (^) 
checked with  leading edge of 'clk'
Beginpoint: mac_array_instance/col_idx_7__mac_col_inst/query_q_reg_19_/Q (^) 
triggered by  leading edge of 'clk'
Path Groups: {clk}
Analysis View: WC_VIEW
Other End Arrival Time          0.249
- Setup                         0.017
+ Phase Shift                   3.500
+ CPPR Adjustment               0.000
= Required Time                 3.733
- Arrival Time                  3.727
= Slack Time                    0.005
     Clock Rise Edge                 0.000
     + Clock Network Latency (Prop)  0.253
     = Beginpoint Arrival Time       0.253
     +-----------------------------------------------------------------------------------------------------------+ 
     |                      Instance                      |     Arc      |   Cell   | Delay | Arrival | Required | 
     |                                                    |              |          |       |  Time   |   Time   | 
     |----------------------------------------------------+--------------+----------+-------+---------+----------| 
     | mac_array_instance/col_idx_7__mac_col_inst/query_q | CP ^         |          |       |   0.253 |    0.258 | 
     | _reg_19_                                           |              |          |       |         |          | 
     | mac_array_instance/col_idx_7__mac_col_inst/query_q | CP ^ -> Q ^  | DFQD1    | 0.188 |   0.441 |    0.446 | 
     | _reg_19_                                           |              |          |       |         |          | 
     | mac_array_instance/col_idx_7__mac_col_inst/FE_OFC3 | I ^ -> ZN v  | CKND1    | 0.120 |   0.561 |    0.566 | 
     | 71_q_temp_467_                                     |              |          |       |         |          | 
     | mac_array_instance/col_idx_7__mac_col_inst/mac_16i | A2 v -> ZN ^ | AOI22D1  | 0.193 |   0.754 |    0.760 | 
     | n_instance/U10                                     |              |          |       |         |          | 
     | mac_array_instance/col_idx_7__mac_col_inst/mac_16i | I ^ -> ZN v  | CKND0    | 0.127 |   0.882 |    0.887 | 
     | n_instance/U430                                    |              |          |       |         |          | 
     | mac_array_instance/col_idx_7__mac_col_inst/mac_16i | C v -> ZN ^  | AOI221D1 | 0.190 |   1.071 |    1.077 | 
     | n_instance/U431                                    |              |          |       |         |          | 
     | mac_array_instance/col_idx_7__mac_col_inst/mac_16i | I ^ -> ZN v  | CKND0    | 0.132 |   1.204 |    1.209 | 
     | n_instance/U432                                    |              |          |       |         |          | 
     | mac_array_instance/col_idx_7__mac_col_inst/mac_16i | B2 v -> ZN ^ | OAI22D0  | 0.249 |   1.452 |    1.458 | 
     | n_instance/U725                                    |              |          |       |         |          | 
     | mac_array_instance/col_idx_7__mac_col_inst/mac_16i | B ^ -> S v   | CMPE42D1 | 0.397 |   1.850 |    1.855 | 
     | n_instance/DP_OP_38J7_122_4029_U127                |              |          |       |         |          | 
     | mac_array_instance/col_idx_7__mac_col_inst/mac_16i | B v -> S ^   | CMPE42D1 | 0.302 |   2.152 |    2.157 | 
     | n_instance/DP_OP_38J7_122_4029_U124                |              |          |       |         |          | 
     | mac_array_instance/col_idx_7__mac_col_inst/mac_16i | B ^ -> S v   | CMPE42D1 | 0.312 |   2.463 |    2.469 | 
     | n_instance/DP_OP_38J7_122_4029_U120                |              |          |       |         |          | 
     | mac_array_instance/col_idx_7__mac_col_inst/mac_16i | B v -> CO v  | FA1D0    | 0.138 |   2.601 |    2.607 | 
     | n_instance/intadd_2_U13                            |              |          |       |         |          | 
     | mac_array_instance/col_idx_7__mac_col_inst/mac_16i | CI v -> CO v | FA1D0    | 0.124 |   2.726 |    2.731 | 
     | n_instance/intadd_2_U12                            |              |          |       |         |          | 
     | mac_array_instance/col_idx_7__mac_col_inst/mac_16i | CI v -> CO v | FA1D1    | 0.083 |   2.808 |    2.814 | 
     | n_instance/intadd_2_U11                            |              |          |       |         |          | 
     | mac_array_instance/col_idx_7__mac_col_inst/mac_16i | CI v -> CO v | FA1D0    | 0.107 |   2.915 |    2.921 | 
     | n_instance/intadd_2_U10                            |              |          |       |         |          | 
     | mac_array_instance/col_idx_7__mac_col_inst/mac_16i | CI v -> CO v | FA1D1    | 0.080 |   2.995 |    3.000 | 
     | n_instance/intadd_2_U9                             |              |          |       |         |          | 
     | mac_array_instance/col_idx_7__mac_col_inst/mac_16i | CI v -> CO v | FA1D1    | 0.075 |   3.070 |    3.075 | 
     | n_instance/intadd_2_U8                             |              |          |       |         |          | 
     | mac_array_instance/col_idx_7__mac_col_inst/mac_16i | CI v -> CO v | FA1D1    | 0.075 |   3.145 |    3.150 | 
     | n_instance/intadd_2_U7                             |              |          |       |         |          | 
     | mac_array_instance/col_idx_7__mac_col_inst/mac_16i | CI v -> CO v | FA1D1    | 0.075 |   3.220 |    3.225 | 
     | n_instance/intadd_2_U6                             |              |          |       |         |          | 
     | mac_array_instance/col_idx_7__mac_col_inst/mac_16i | CI v -> CO v | FA1D1    | 0.075 |   3.295 |    3.300 | 
     | n_instance/intadd_2_U5                             |              |          |       |         |          | 
     | mac_array_instance/col_idx_7__mac_col_inst/mac_16i | CI v -> CO v | FA1D1    | 0.072 |   3.367 |    3.372 | 
     | n_instance/intadd_2_U4                             |              |          |       |         |          | 
     | mac_array_instance/col_idx_7__mac_col_inst/mac_16i | CI v -> CO v | FA1D1    | 0.072 |   3.439 |    3.444 | 
     | n_instance/intadd_2_U3                             |              |          |       |         |          | 
     | mac_array_instance/col_idx_7__mac_col_inst/mac_16i | CI v -> CO v | FA1D2    | 0.105 |   3.544 |    3.549 | 
     | n_instance/intadd_2_U2                             |              |          |       |         |          | 
     | mac_array_instance/col_idx_7__mac_col_inst/mac_16i | I v -> ZN ^  | CKND4    | 0.082 |   3.626 |    3.631 | 
     | n_instance/FE_OFC368_array_out_138_                |              |          |       |         |          | 
     | ofifo_inst/col_idx_6__fifo_instance/U152           | A2 ^ -> Z ^  | OA22D0   | 0.101 |   3.727 |    3.733 | 
     | ofifo_inst/col_idx_6__fifo_instance/q0_reg_19_     | D ^          | DFQD1    | 0.000 |   3.727 |    3.733 | 
     +-----------------------------------------------------------------------------------------------------------+ 

