###############################################################
#  Generated by:      Cadence Innovus 15.23-s045_1
#  OS:                Linux x86_64(Host ID ieng6-ece-13.ucsd.edu)
#  Generated on:      Thu Mar 20 14:41:10 2025
#  Design:            sram_w16_out
#  Command:           verifyConnectivity
###############################################################
Verify Connectivity Report is created on Thu Mar 20 14:41:10 2025



Net VDD: dangling Wire at (715.000, 101.400) (715.000, 101.400) on layer: M1
Net VDD: dangling Wire at (715.000, 97.800) (715.000, 97.800) on layer: M1
Net VDD: dangling Wire at (715.000, 108.600) (715.000, 108.600) on layer: M1
Net VDD: dangling Wire at (715.000, 83.400) (715.000, 83.400) on layer: M1
Net VDD: dangling Wire at (715.000, 79.800) (715.000, 79.800) on layer: M1
Net VDD: dangling Wire at (715.000, 94.200) (715.000, 94.200) on layer: M1
Net VDD: dangling Wire at (715.000, 87.000) (715.000, 87.000) on layer: M1
Net VDD: dangling Wire at (715.000, 58.200) (715.000, 58.200) on layer: M1
Net VDD: dangling Wire at (715.000, 43.800) (715.000, 43.800) on layer: M1
Net VDD: dangling Wire at (715.000, 40.200) (715.000, 40.200) on layer: M1
Net VDD: dangling Wire at (715.000, 36.600) (715.000, 36.600) on layer: M1
Net VDD: dangling Wire at (715.000, 54.600) (715.000, 54.600) on layer: M1
Net VDD: dangling Wire at (715.000, 18.600) (715.000, 18.600) on layer: M1
Net VDD: dangling Wire at (715.000, 22.200) (715.000, 22.200) on layer: M1
Net VDD: dangling Wire at (715.000, 29.400) (715.000, 29.400) on layer: M1
Net VDD: dangling Wire at (715.000, 15.000) (715.000, 15.000) on layer: M1
Net VDD: dangling Wire at (699.470, 115.000) (699.470, 115.000) on layer: M4
Net VDD: dangling Wire at (682.240, 115.000) (682.240, 115.000) on layer: M4
Net VDD: dangling Wire at (665.010, 115.000) (665.010, 115.000) on layer: M4
Net VDD: dangling Wire at (647.780, 115.000) (647.780, 115.000) on layer: M4
Net VDD: dangling Wire at (630.550, 115.000) (630.550, 115.000) on layer: M4
Net VDD: dangling Wire at (613.320, 115.000) (613.320, 115.000) on layer: M4
Net VDD: dangling Wire at (596.090, 115.000) (596.090, 115.000) on layer: M4
Net VDD: dangling Wire at (578.860, 115.000) (578.860, 115.000) on layer: M4
Net VDD: dangling Wire at (561.630, 115.000) (561.630, 115.000) on layer: M4
Net VDD: dangling Wire at (544.400, 115.000) (544.400, 115.000) on layer: M4
Net VDD: dangling Wire at (372.100, 115.000) (372.100, 115.000) on layer: M4
Net VDD: dangling Wire at (389.330, 115.000) (389.330, 115.000) on layer: M4
Net VDD: dangling Wire at (406.560, 115.000) (406.560, 115.000) on layer: M4
Net VDD: dangling Wire at (423.790, 115.000) (423.790, 115.000) on layer: M4
Net VDD: dangling Wire at (441.020, 115.000) (441.020, 115.000) on layer: M4
Net VDD: dangling Wire at (458.250, 115.000) (458.250, 115.000) on layer: M4
Net VDD: dangling Wire at (475.480, 115.000) (475.480, 115.000) on layer: M4
Net VDD: dangling Wire at (492.710, 115.000) (492.710, 115.000) on layer: M4
Net VDD: dangling Wire at (509.940, 115.000) (509.940, 115.000) on layer: M4
Net VDD: dangling Wire at (527.170, 115.000) (527.170, 115.000) on layer: M4
Net VDD: dangling Wire at (354.870, 115.000) (354.870, 115.000) on layer: M4
Net VDD: dangling Wire at (337.640, 115.000) (337.640, 115.000) on layer: M4
Net VDD: dangling Wire at (320.410, 115.000) (320.410, 115.000) on layer: M4
Net VDD: dangling Wire at (303.180, 115.000) (303.180, 115.000) on layer: M4
Net VDD: dangling Wire at (285.950, 115.000) (285.950, 115.000) on layer: M4
Net VDD: dangling Wire at (268.720, 115.000) (268.720, 115.000) on layer: M4
Net VDD: dangling Wire at (251.490, 115.000) (251.490, 115.000) on layer: M4
Net VDD: dangling Wire at (234.260, 115.000) (234.260, 115.000) on layer: M4
Net VDD: dangling Wire at (217.030, 115.000) (217.030, 115.000) on layer: M4
Net VDD: dangling Wire at (199.800, 115.000) (199.800, 115.000) on layer: M4
Net VDD: dangling Wire at (27.500, 115.000) (27.500, 115.000) on layer: M4
Net VDD: dangling Wire at (44.730, 115.000) (44.730, 115.000) on layer: M4
Net VDD: dangling Wire at (61.960, 115.000) (61.960, 115.000) on layer: M4
Net VDD: dangling Wire at (79.190, 115.000) (79.190, 115.000) on layer: M4
Net VDD: dangling Wire at (96.420, 115.000) (96.420, 115.000) on layer: M4
Net VDD: dangling Wire at (113.650, 115.000) (113.650, 115.000) on layer: M4
Net VDD: dangling Wire at (130.880, 115.000) (130.880, 115.000) on layer: M4
Net VDD: dangling Wire at (148.110, 115.000) (148.110, 115.000) on layer: M4
Net VDD: dangling Wire at (165.340, 115.000) (165.340, 115.000) on layer: M4
Net VDD: dangling Wire at (182.570, 115.000) (182.570, 115.000) on layer: M4
Net VSS: dangling Wire at (715.000, 99.600) (715.000, 99.600) on layer: M1
Net VSS: dangling Wire at (715.000, 96.000) (715.000, 96.000) on layer: M1
Net VSS: dangling Wire at (715.000, 106.800) (715.000, 106.800) on layer: M1
Net VSS: dangling Wire at (715.000, 81.600) (715.000, 81.600) on layer: M1
Net VSS: dangling Wire at (715.000, 88.800) (715.000, 88.800) on layer: M1
Net VSS: dangling Wire at (715.000, 85.200) (715.000, 85.200) on layer: M1
Net VSS: dangling Wire at (715.000, 60.000) (715.000, 60.000) on layer: M1
Net VSS: dangling Wire at (715.000, 56.400) (715.000, 56.400) on layer: M1
Net VSS: dangling Wire at (715.000, 42.000) (715.000, 42.000) on layer: M1
Net VSS: dangling Wire at (715.000, 38.400) (715.000, 38.400) on layer: M1
Net VSS: dangling Wire at (715.000, 16.800) (715.000, 16.800) on layer: M1
Net VSS: dangling Wire at (715.000, 20.400) (715.000, 20.400) on layer: M1
Net VSS: dangling Wire at (715.000, 27.600) (715.000, 27.600) on layer: M1
Net VSS: dangling Wire at (715.000, 34.800) (715.000, 34.800) on layer: M1
Net VSS: dangling Wire at (559.630, 15.000) (559.630, 15.000) on layer: M4
Net VSS: dangling Wire at (559.630, 115.000) (559.630, 115.000) on layer: M4
Net VSS: dangling Wire at (576.860, 15.000) (576.860, 15.000) on layer: M4
Net VSS: dangling Wire at (576.860, 115.000) (576.860, 115.000) on layer: M4
Net VSS: dangling Wire at (594.090, 15.000) (594.090, 15.000) on layer: M4
Net VSS: dangling Wire at (594.090, 115.000) (594.090, 115.000) on layer: M4
Net VSS: dangling Wire at (611.320, 15.000) (611.320, 15.000) on layer: M4
Net VSS: dangling Wire at (611.320, 115.000) (611.320, 115.000) on layer: M4
Net VSS: dangling Wire at (628.550, 15.000) (628.550, 15.000) on layer: M4
Net VSS: dangling Wire at (628.550, 115.000) (628.550, 115.000) on layer: M4
Net VSS: dangling Wire at (645.780, 15.000) (645.780, 15.000) on layer: M4
Net VSS: dangling Wire at (645.780, 115.000) (645.780, 115.000) on layer: M4
Net VSS: dangling Wire at (663.010, 15.000) (663.010, 15.000) on layer: M4
Net VSS: dangling Wire at (663.010, 115.000) (663.010, 115.000) on layer: M4
Net VSS: dangling Wire at (680.240, 15.000) (680.240, 15.000) on layer: M4
Net VSS: dangling Wire at (680.240, 115.000) (680.240, 115.000) on layer: M4
Net VSS: dangling Wire at (697.470, 15.000) (697.470, 15.000) on layer: M4
Net VSS: dangling Wire at (697.470, 115.000) (697.470, 115.000) on layer: M4
Net VSS: dangling Wire at (542.400, 15.000) (542.400, 15.000) on layer: M4
Net VSS: dangling Wire at (542.400, 115.000) (542.400, 115.000) on layer: M4
Net VSS: dangling Wire at (525.170, 15.000) (525.170, 15.000) on layer: M4
Net VSS: dangling Wire at (525.170, 115.000) (525.170, 115.000) on layer: M4
Net VSS: dangling Wire at (507.940, 15.000) (507.940, 15.000) on layer: M4
Net VSS: dangling Wire at (507.940, 115.000) (507.940, 115.000) on layer: M4
Net VSS: dangling Wire at (490.710, 15.000) (490.710, 15.000) on layer: M4
Net VSS: dangling Wire at (490.710, 115.000) (490.710, 115.000) on layer: M4
Net VSS: dangling Wire at (473.480, 15.000) (473.480, 15.000) on layer: M4
Net VSS: dangling Wire at (473.480, 115.000) (473.480, 115.000) on layer: M4
Net VSS: dangling Wire at (456.250, 15.000) (456.250, 15.000) on layer: M4
Net VSS: dangling Wire at (456.250, 115.000) (456.250, 115.000) on layer: M4
Net VSS: dangling Wire at (439.020, 15.000) (439.020, 15.000) on layer: M4
Net VSS: dangling Wire at (439.020, 115.000) (439.020, 115.000) on layer: M4
Net VSS: dangling Wire at (421.790, 15.000) (421.790, 15.000) on layer: M4
Net VSS: dangling Wire at (421.790, 115.000) (421.790, 115.000) on layer: M4
Net VSS: dangling Wire at (404.560, 15.000) (404.560, 15.000) on layer: M4
Net VSS: dangling Wire at (404.560, 115.000) (404.560, 115.000) on layer: M4
Net VSS: dangling Wire at (387.330, 15.000) (387.330, 15.000) on layer: M4
Net VSS: dangling Wire at (387.330, 115.000) (387.330, 115.000) on layer: M4
Net VSS: dangling Wire at (370.100, 15.000) (370.100, 15.000) on layer: M4
Net VSS: dangling Wire at (370.100, 115.000) (370.100, 115.000) on layer: M4
Net VSS: dangling Wire at (352.870, 15.000) (352.870, 15.000) on layer: M4
Net VSS: dangling Wire at (352.870, 115.000) (352.870, 115.000) on layer: M4
Net VSS: dangling Wire at (335.640, 15.000) (335.640, 15.000) on layer: M4
Net VSS: dangling Wire at (335.640, 115.000) (335.640, 115.000) on layer: M4
Net VSS: dangling Wire at (318.410, 15.000) (318.410, 15.000) on layer: M4
Net VSS: dangling Wire at (318.410, 115.000) (318.410, 115.000) on layer: M4
Net VSS: dangling Wire at (301.180, 15.000) (301.180, 15.000) on layer: M4
Net VSS: dangling Wire at (301.180, 115.000) (301.180, 115.000) on layer: M4
Net VSS: dangling Wire at (283.950, 15.000) (283.950, 15.000) on layer: M4
Net VSS: dangling Wire at (283.950, 115.000) (283.950, 115.000) on layer: M4
Net VSS: dangling Wire at (266.720, 15.000) (266.720, 15.000) on layer: M4
Net VSS: dangling Wire at (266.720, 115.000) (266.720, 115.000) on layer: M4
Net VSS: dangling Wire at (249.490, 15.000) (249.490, 15.000) on layer: M4
Net VSS: dangling Wire at (249.490, 115.000) (249.490, 115.000) on layer: M4
Net VSS: dangling Wire at (232.260, 15.000) (232.260, 15.000) on layer: M4
Net VSS: dangling Wire at (232.260, 115.000) (232.260, 115.000) on layer: M4
Net VSS: dangling Wire at (215.030, 15.000) (215.030, 15.000) on layer: M4
Net VSS: dangling Wire at (215.030, 115.000) (215.030, 115.000) on layer: M4
Net VSS: dangling Wire at (197.800, 15.000) (197.800, 15.000) on layer: M4
Net VSS: dangling Wire at (197.800, 115.000) (197.800, 115.000) on layer: M4
Net VSS: dangling Wire at (180.570, 15.000) (180.570, 15.000) on layer: M4
Net VSS: dangling Wire at (180.570, 115.000) (180.570, 115.000) on layer: M4
Net VSS: dangling Wire at (163.340, 15.000) (163.340, 15.000) on layer: M4
Net VSS: dangling Wire at (163.340, 115.000) (163.340, 115.000) on layer: M4
Net VSS: dangling Wire at (146.110, 15.000) (146.110, 15.000) on layer: M4
Net VSS: dangling Wire at (146.110, 115.000) (146.110, 115.000) on layer: M4
Net VSS: dangling Wire at (128.880, 15.000) (128.880, 15.000) on layer: M4
Net VSS: dangling Wire at (128.880, 115.000) (128.880, 115.000) on layer: M4
Net VSS: dangling Wire at (111.650, 15.000) (111.650, 15.000) on layer: M4
Net VSS: dangling Wire at (111.650, 115.000) (111.650, 115.000) on layer: M4
Net VSS: dangling Wire at (94.420, 15.000) (94.420, 15.000) on layer: M4
Net VSS: dangling Wire at (94.420, 115.000) (94.420, 115.000) on layer: M4
Net VSS: dangling Wire at (77.190, 15.000) (77.190, 15.000) on layer: M4
Net VSS: dangling Wire at (77.190, 115.000) (77.190, 115.000) on layer: M4
Net VSS: dangling Wire at (59.960, 15.000) (59.960, 15.000) on layer: M4
Net VSS: dangling Wire at (59.960, 115.000) (59.960, 115.000) on layer: M4
Net VSS: dangling Wire at (42.730, 15.000) (42.730, 15.000) on layer: M4
Net VSS: dangling Wire at (42.730, 115.000) (42.730, 115.000) on layer: M4
Net VSS: dangling Wire at (25.500, 15.000) (25.500, 15.000) on layer: M4
Net VSS: dangling Wire at (25.500, 115.000) (25.500, 115.000) on layer: M4

Begin Summary
    150 Problem(s) (IMPVFC-94): The net has dangling wire(s).
    150 total info(s) created.
End Summary
