*----------------------------------------------------------------------------------------
*	Innovus 15.23-s045_1 (64bit) 04/22/2016 12:32 (Linux 2.6.18-194.el5)
*	
*
* 	Date & Time:	2025-Mar-21 14:34:04 (2025-Mar-21 21:34:04 GMT)
*
*----------------------------------------------------------------------------------------
*
*	Design: sram_w16_in
*
*	Liberty Libraries used: 
*	        WC_VIEW: /home/linux/ieng6/ee260bwi25/public/PDKdata/lib/tcbn65gpluswc.lib
*
*	Power Domain used: 
*		Rail:        VDD 	Voltage:        0.9 
*
*       Power View : WC_VIEW
*
*       User-Defined Activity : N.A.
*
*       Activity File: N.A.
*
*       Hierarchical Global Activity: N.A.
*
*       Global Activity: N.A.
*
*       Sequential Element Activity: 0.200000
*
*       Primary Input Activity: 0.200000
*
*       Default icg ratio: N.A.
*
*       Global Comb ClockGate Ratio: N.A.
*
*	Power Units = 1mW
*
*	Time Units = 1e-09 secs 
*
*       report_power -outfile ./summaryReport/sram_w16_in.post_route.power.rpt
*
-----------------------------------------------------------------------------------------


Total Power 
-----------------------------------------------------------------------------------------
Total Internal Power:        2.51152592 	   77.4439%
Total Switching Power:       0.56354689 	   17.3772%
Total Leakage Power:         0.16795192 	    5.1789%
Total Power:                 3.24302483 
-----------------------------------------------------------------------------------------


Group                           Internal   Switching     Leakage       Total  Percentage 
                                Power      Power         Power         Power  (%)        
-----------------------------------------------------------------------------------------
Sequential                         2.352     0.04179     0.06261       2.457       75.76 
Macro                                  0           0     0.09335     0.09335       2.878 
IO                                     0           0           0           0           0 
Combinational                    0.03071     0.08494    0.009036      0.1247       3.845 
Clock (Combinational)             0.1285      0.4368    0.002958      0.5682       17.52 
Clock (Sequential)                     0           0           0           0           0 
-----------------------------------------------------------------------------------------
Total                              2.512      0.5635       0.168       3.243         100 
-----------------------------------------------------------------------------------------


Rail                  Voltage   Internal   Switching     Leakage       Total  Percentage 
                                Power      Power         Power         Power  (%)        
-----------------------------------------------------------------------------------------
VDD                       0.9      2.512      0.5635       0.168       3.243         100 


Clock                           Internal   Switching     Leakage       Total  Percentage 
                                Power      Power         Power         Power  (%)        
-----------------------------------------------------------------------------------------
clk                               0.1285      0.4368    0.002958      0.5682       17.52 
-----------------------------------------------------------------------------------------
Total (excluding duplicates)      0.1285      0.4368    0.002958      0.5682       17.52 
-----------------------------------------------------------------------------------------


-----------------------------------------------------------------------------------------
*	Power Distribution Summary: 
* 		Highest Average Power:   CTS_ccl_BUF_clk_G0_L2_5 (CKBD16): 	   0.04168 
* 		Highest Leakage Power:   CTS_ccl_BUF_clk_G0_L1_1 (CKBD16): 	 0.0002228 
* 		Total Cap: 	1.2541e-11 F
* 		Total instances in design:  4191
* 		Total instances in design with no power:     0
*          Total instances in design with no activity:     0
* 		Total Fillers and Decap:  2303
-----------------------------------------------------------------------------------------

