Information: Variable 'hdlin_enable_vpp' is obsolete and is being ignored. (INFO-100)
Running PRESTO HDLC
Compiling source file ./verilog/core.v
Presto compilation completed successfully.
Loading db file '/home/linux/ieng6/ee260bwi25/public/PDKdata/db/tcbn65gplustc.db'
Running PRESTO HDLC
Compiling source file ./verilog/sync.v
Presto compilation completed successfully.
Running PRESTO HDLC
Compiling source file ./verilog/mac_col.v
Presto compilation completed successfully.
Running PRESTO HDLC
Compiling source file ./verilog/mac_8in.v
Presto compilation completed successfully.
Running PRESTO HDLC
Compiling source file ./verilog/mac_array.v
Presto compilation completed successfully.
Running PRESTO HDLC
Compiling source file ./verilog/sram_w16_in.v
Presto compilation completed successfully.
Running PRESTO HDLC
Compiling source file ./verilog/sram_w16_out.v
Presto compilation completed successfully.
Running PRESTO HDLC
Compiling source file ./verilog/ofifo.v
Presto compilation completed successfully.
Running PRESTO HDLC
Compiling source file ./verilog/fifo_depth16.v
Presto compilation completed successfully.
Running PRESTO HDLC
Compiling source file ./verilog/fifo_mux_16_1.v
Presto compilation completed successfully.
Running PRESTO HDLC
Compiling source file ./verilog/fifo_mux_8_1.v
Presto compilation completed successfully.
Running PRESTO HDLC
Compiling source file ./verilog/fifo_mux_2_1.v
Presto compilation completed successfully.
Warning: Detected use of obsolete/unsupported feature.  The following
	will not be available in a future release of the application:
	elaborate -update. Use plain elaborate instead (CMD-100)
Loading db file '/software/nonrdist64/dc-2015.06-64/libraries/syn/gtech.db'
Loading db file '/software/nonrdist64/dc-2015.06-64/libraries/syn/standard.sldb'
  Loading link library 'tcbn65gplustc'
  Loading link library 'gtech'
Running PRESTO HDLC
Presto compilation completed successfully.
Elaborated 1 design.
Current design is now 'core'.
Information: Building the design 'mac_array' instantiated from design 'core' with
	the parameters "bw=8,bw_psum=20,col=8,pr=8". (HDL-193)
Presto compilation completed successfully.
Information: Building the design 'ofifo' instantiated from design 'core' with
	the parameters "bw=20,col=8". (HDL-193)
Presto compilation completed successfully.
Information: Building the design 'sram_w16_in' instantiated from design 'core' with
	the parameters "sram_bit=64". (HDL-193)

Inferred memory devices in process
	in routine sram_w16_in_sram_bit64 line 26 in file
		'./verilog/sram_w16_in.v'.
===============================================================================
|    Register Name    |   Type    | Width | Bus | MB | AR | AS | SR | SS | ST |
===============================================================================
|     memory_reg      | Flip-flop | 1024  |  Y  | N  | N  | N  | N  | N  | N  |
|        Q_reg        | Flip-flop |  64   |  Y  | N  | N  | N  | N  | N  | N  |
===============================================================================
Statistics for MUX_OPs
===============================================================
|     block name/line       | Inputs | Outputs | # sel inputs |
===============================================================
| sram_w16_in_sram_bit64/29 |   32   |   32    |      5       |
===============================================================
Presto compilation completed successfully.
Information: Building the design 'sram_w16_out' instantiated from design 'core' with
	the parameters "sram_bit=160". (HDL-193)

Inferred memory devices in process
	in routine sram_w16_out_sram_bit160 line 26 in file
		'./verilog/sram_w16_out.v'.
===============================================================================
|    Register Name    |   Type    | Width | Bus | MB | AR | AS | SR | SS | ST |
===============================================================================
|     memory_reg      | Flip-flop | 2560  |  Y  | N  | N  | N  | N  | N  | N  |
|        Q_reg        | Flip-flop |  160  |  Y  | N  | N  | N  | N  | N  | N  |
===============================================================================
Statistics for MUX_OPs
=================================================================
|      block name/line        | Inputs | Outputs | # sel inputs |
=================================================================
| sram_w16_out_sram_bit160/29 |   64   |   40    |      6       |
=================================================================
Presto compilation completed successfully.
Information: Building the design 'mac_col' instantiated from design 'mac_array_col8_bw8_bw_psum20_pr8' with
	the parameters "bw=8,bw_psum=20,pr=8,col_id=1". (HDL-193)

Inferred memory devices in process
	in routine mac_col_bw8_bw_psum20_pr8_col_id1 line 37 in file
		'./verilog/mac_col.v'.
===============================================================================
|    Register Name    |   Type    | Width | Bus | MB | AR | AS | SR | SS | ST |
===============================================================================
|  load_ready_q_reg   | Flip-flop |   1   |  N  | N  | N  | N  | N  | N  | N  |
|     inst_q_reg      | Flip-flop |   2   |  Y  | N  | N  | N  | N  | N  | N  |
|     inst_2q_reg     | Flip-flop |   1   |  N  | N  | N  | N  | N  | N  | N  |
|     query_q_reg     | Flip-flop |  64   |  Y  | N  | N  | N  | N  | N  | N  |
|      key_q_reg      | Flip-flop |  64   |  Y  | N  | N  | N  | N  | N  | N  |
|      cnt_q_reg      | Flip-flop |   4   |  Y  | N  | N  | N  | N  | N  | N  |
===============================================================================
Presto compilation completed successfully.
Information: Building the design 'mac_col' instantiated from design 'mac_array_col8_bw8_bw_psum20_pr8' with
	the parameters "bw=8,bw_psum=20,pr=8,col_id=2". (HDL-193)

Inferred memory devices in process
	in routine mac_col_bw8_bw_psum20_pr8_col_id2 line 37 in file
		'./verilog/mac_col.v'.
===============================================================================
|    Register Name    |   Type    | Width | Bus | MB | AR | AS | SR | SS | ST |
===============================================================================
|  load_ready_q_reg   | Flip-flop |   1   |  N  | N  | N  | N  | N  | N  | N  |
|     inst_q_reg      | Flip-flop |   2   |  Y  | N  | N  | N  | N  | N  | N  |
|     inst_2q_reg     | Flip-flop |   1   |  N  | N  | N  | N  | N  | N  | N  |
|     query_q_reg     | Flip-flop |  64   |  Y  | N  | N  | N  | N  | N  | N  |
|      key_q_reg      | Flip-flop |  64   |  Y  | N  | N  | N  | N  | N  | N  |
|      cnt_q_reg      | Flip-flop |   4   |  Y  | N  | N  | N  | N  | N  | N  |
===============================================================================
Presto compilation completed successfully.
Information: Building the design 'mac_col' instantiated from design 'mac_array_col8_bw8_bw_psum20_pr8' with
	the parameters "bw=8,bw_psum=20,pr=8,col_id=3". (HDL-193)

Inferred memory devices in process
	in routine mac_col_bw8_bw_psum20_pr8_col_id3 line 37 in file
		'./verilog/mac_col.v'.
===============================================================================
|    Register Name    |   Type    | Width | Bus | MB | AR | AS | SR | SS | ST |
===============================================================================
|  load_ready_q_reg   | Flip-flop |   1   |  N  | N  | N  | N  | N  | N  | N  |
|     inst_q_reg      | Flip-flop |   2   |  Y  | N  | N  | N  | N  | N  | N  |
|     inst_2q_reg     | Flip-flop |   1   |  N  | N  | N  | N  | N  | N  | N  |
|     query_q_reg     | Flip-flop |  64   |  Y  | N  | N  | N  | N  | N  | N  |
|      key_q_reg      | Flip-flop |  64   |  Y  | N  | N  | N  | N  | N  | N  |
|      cnt_q_reg      | Flip-flop |   4   |  Y  | N  | N  | N  | N  | N  | N  |
===============================================================================
Presto compilation completed successfully.
Information: Building the design 'mac_col' instantiated from design 'mac_array_col8_bw8_bw_psum20_pr8' with
	the parameters "bw=8,bw_psum=20,pr=8,col_id=4". (HDL-193)

Inferred memory devices in process
	in routine mac_col_bw8_bw_psum20_pr8_col_id4 line 37 in file
		'./verilog/mac_col.v'.
===============================================================================
|    Register Name    |   Type    | Width | Bus | MB | AR | AS | SR | SS | ST |
===============================================================================
|  load_ready_q_reg   | Flip-flop |   1   |  N  | N  | N  | N  | N  | N  | N  |
|     inst_q_reg      | Flip-flop |   2   |  Y  | N  | N  | N  | N  | N  | N  |
|     inst_2q_reg     | Flip-flop |   1   |  N  | N  | N  | N  | N  | N  | N  |
|     query_q_reg     | Flip-flop |  64   |  Y  | N  | N  | N  | N  | N  | N  |
|      key_q_reg      | Flip-flop |  64   |  Y  | N  | N  | N  | N  | N  | N  |
|      cnt_q_reg      | Flip-flop |   4   |  Y  | N  | N  | N  | N  | N  | N  |
===============================================================================
Presto compilation completed successfully.
Information: Building the design 'mac_col' instantiated from design 'mac_array_col8_bw8_bw_psum20_pr8' with
	the parameters "bw=8,bw_psum=20,pr=8,col_id=5". (HDL-193)

Inferred memory devices in process
	in routine mac_col_bw8_bw_psum20_pr8_col_id5 line 37 in file
		'./verilog/mac_col.v'.
===============================================================================
|    Register Name    |   Type    | Width | Bus | MB | AR | AS | SR | SS | ST |
===============================================================================
|  load_ready_q_reg   | Flip-flop |   1   |  N  | N  | N  | N  | N  | N  | N  |
|     inst_q_reg      | Flip-flop |   2   |  Y  | N  | N  | N  | N  | N  | N  |
|     inst_2q_reg     | Flip-flop |   1   |  N  | N  | N  | N  | N  | N  | N  |
|     query_q_reg     | Flip-flop |  64   |  Y  | N  | N  | N  | N  | N  | N  |
|      key_q_reg      | Flip-flop |  64   |  Y  | N  | N  | N  | N  | N  | N  |
|      cnt_q_reg      | Flip-flop |   4   |  Y  | N  | N  | N  | N  | N  | N  |
===============================================================================
Presto compilation completed successfully.
Information: Building the design 'mac_col' instantiated from design 'mac_array_col8_bw8_bw_psum20_pr8' with
	the parameters "bw=8,bw_psum=20,pr=8,col_id=6". (HDL-193)

Inferred memory devices in process
	in routine mac_col_bw8_bw_psum20_pr8_col_id6 line 37 in file
		'./verilog/mac_col.v'.
===============================================================================
|    Register Name    |   Type    | Width | Bus | MB | AR | AS | SR | SS | ST |
===============================================================================
|  load_ready_q_reg   | Flip-flop |   1   |  N  | N  | N  | N  | N  | N  | N  |
|     inst_q_reg      | Flip-flop |   2   |  Y  | N  | N  | N  | N  | N  | N  |
|     inst_2q_reg     | Flip-flop |   1   |  N  | N  | N  | N  | N  | N  | N  |
|     query_q_reg     | Flip-flop |  64   |  Y  | N  | N  | N  | N  | N  | N  |
|      key_q_reg      | Flip-flop |  64   |  Y  | N  | N  | N  | N  | N  | N  |
|      cnt_q_reg      | Flip-flop |   4   |  Y  | N  | N  | N  | N  | N  | N  |
===============================================================================
Presto compilation completed successfully.
Information: Building the design 'mac_col' instantiated from design 'mac_array_col8_bw8_bw_psum20_pr8' with
	the parameters "bw=8,bw_psum=20,pr=8,col_id=7". (HDL-193)

Inferred memory devices in process
	in routine mac_col_bw8_bw_psum20_pr8_col_id7 line 37 in file
		'./verilog/mac_col.v'.
===============================================================================
|    Register Name    |   Type    | Width | Bus | MB | AR | AS | SR | SS | ST |
===============================================================================
|  load_ready_q_reg   | Flip-flop |   1   |  N  | N  | N  | N  | N  | N  | N  |
|     inst_q_reg      | Flip-flop |   2   |  Y  | N  | N  | N  | N  | N  | N  |
|     inst_2q_reg     | Flip-flop |   1   |  N  | N  | N  | N  | N  | N  | N  |
|     query_q_reg     | Flip-flop |  64   |  Y  | N  | N  | N  | N  | N  | N  |
|      key_q_reg      | Flip-flop |  64   |  Y  | N  | N  | N  | N  | N  | N  |
|      cnt_q_reg      | Flip-flop |   4   |  Y  | N  | N  | N  | N  | N  | N  |
===============================================================================
Presto compilation completed successfully.
Information: Building the design 'mac_col' instantiated from design 'mac_array_col8_bw8_bw_psum20_pr8' with
	the parameters "bw=8,bw_psum=20,pr=8,col_id=8". (HDL-193)

Inferred memory devices in process
	in routine mac_col_bw8_bw_psum20_pr8_col_id8 line 37 in file
		'./verilog/mac_col.v'.
===============================================================================
|    Register Name    |   Type    | Width | Bus | MB | AR | AS | SR | SS | ST |
===============================================================================
|  load_ready_q_reg   | Flip-flop |   1   |  N  | N  | N  | N  | N  | N  | N  |
|     inst_q_reg      | Flip-flop |   2   |  Y  | N  | N  | N  | N  | N  | N  |
|     inst_2q_reg     | Flip-flop |   1   |  N  | N  | N  | N  | N  | N  | N  |
|     query_q_reg     | Flip-flop |  64   |  Y  | N  | N  | N  | N  | N  | N  |
|      key_q_reg      | Flip-flop |  64   |  Y  | N  | N  | N  | N  | N  | N  |
|      cnt_q_reg      | Flip-flop |   4   |  Y  | N  | N  | N  | N  | N  | N  |
===============================================================================
Presto compilation completed successfully.
Information: Building the design 'fifo_depth16' instantiated from design 'ofifo_col8_bw20' with
	the parameters "bw=20,simd=1". (HDL-193)

Statistics for case statements in always block at line 61 in file
	'./verilog/fifo_depth16.v'
===============================================
|           Line           |  full/ parallel  |
===============================================
|            71            |    auto/auto     |
===============================================

Inferred memory devices in process
	in routine fifo_depth16_bw20_simd1 line 51 in file
		'./verilog/fifo_depth16.v'.
===============================================================================
|    Register Name    |   Type    | Width | Bus | MB | AR | AS | SR | SS | ST |
===============================================================================
|     rd_ptr_reg      | Flip-flop |   5   |  Y  | N  | N  | N  | N  | N  | N  |
===============================================================================

Inferred memory devices in process
	in routine fifo_depth16_bw20_simd1 line 61 in file
		'./verilog/fifo_depth16.v'.
===============================================================================
|    Register Name    |   Type    | Width | Bus | MB | AR | AS | SR | SS | ST |
===============================================================================
|       q6_reg        | Flip-flop |  20   |  Y  | N  | N  | N  | N  | N  | N  |
|       q10_reg       | Flip-flop |  20   |  Y  | N  | N  | N  | N  | N  | N  |
|       q7_reg        | Flip-flop |  20   |  Y  | N  | N  | N  | N  | N  | N  |
|       q8_reg        | Flip-flop |  20   |  Y  | N  | N  | N  | N  | N  | N  |
|       q9_reg        | Flip-flop |  20   |  Y  | N  | N  | N  | N  | N  | N  |
|       q11_reg       | Flip-flop |  20   |  Y  | N  | N  | N  | N  | N  | N  |
|     wr_ptr_reg      | Flip-flop |   5   |  Y  | N  | N  | N  | N  | N  | N  |
|       q12_reg       | Flip-flop |  20   |  Y  | N  | N  | N  | N  | N  | N  |
|       q13_reg       | Flip-flop |  20   |  Y  | N  | N  | N  | N  | N  | N  |
|       q14_reg       | Flip-flop |  20   |  Y  | N  | N  | N  | N  | N  | N  |
|       q15_reg       | Flip-flop |  20   |  Y  | N  | N  | N  | N  | N  | N  |
|       q0_reg        | Flip-flop |  20   |  Y  | N  | N  | N  | N  | N  | N  |
|       q1_reg        | Flip-flop |  20   |  Y  | N  | N  | N  | N  | N  | N  |
|       q2_reg        | Flip-flop |  20   |  Y  | N  | N  | N  | N  | N  | N  |
|       q3_reg        | Flip-flop |  20   |  Y  | N  | N  | N  | N  | N  | N  |
|       q4_reg        | Flip-flop |  20   |  Y  | N  | N  | N  | N  | N  | N  |
|       q5_reg        | Flip-flop |  20   |  Y  | N  | N  | N  | N  | N  | N  |
===============================================================================
Presto compilation completed successfully.
Information: Building the design 'mac_8in' instantiated from design 'mac_col_bw8_bw_psum20_pr8_col_id1' with
	the parameters "bw=8,bw_psum=20,pr=8". (HDL-193)
Presto compilation completed successfully.
Information: Building the design 'fifo_mux_16_1' instantiated from design 'fifo_depth16_bw20_simd1' with
	the parameters "bw=20,simd=1". (HDL-193)
Presto compilation completed successfully.
Information: Building the design 'fifo_mux_8_1' instantiated from design 'fifo_mux_16_1_bw20_simd1' with
	the parameters "bw=20,simd=1". (HDL-193)
Presto compilation completed successfully.
Information: Building the design 'fifo_mux_2_1' instantiated from design 'fifo_mux_16_1_bw20_simd1' with
	the parameters "bw=20,simd=1". (HDL-193)
Presto compilation completed successfully.
Current design is 'core'.

  Linking design 'core'
  Using the following designs and libraries:
  --------------------------------------------------------------------------
  * (18 designs)              /home/linux/ieng6/ee260bwi25/zhbian/1D-Vector-based-NPU/SingleCore_withoutSFP/syn/core.db, etc
  tcbn65gplustc (library)     /home/linux/ieng6/ee260bwi25/public/PDKdata/db/tcbn65gplustc.db


Reading SDC version 2.0...

#   Propagate Constraints from cell psum_mem_instance/ (sram_w16_out_sram_bit160) #

#   Propagate Constraints from cell kmem_instance/ (sram_w16_in_sram_bit64) #

#   Propagate Constraints from cell qmem_instance/ (sram_w16_in_sram_bit64) #

#   Propagate Constraints from cell ofifo_inst/ (ofifo_col8_bw20) #

#   Propagate Constraints from cell ofifo_inst/col_idx[7].fifo_instance/ (fifo_depth16_bw20_simd1) #

#   Propagate Constraints from cell ofifo_inst/col_idx[7].fifo_instance/fifo_mux_16_1a/ (fifo_mux_16_1_bw20_simd1) #

#   Propagate Constraints from cell ofifo_inst/col_idx[7].fifo_instance/fifo_mux_16_1a/mux_2_1a/ (fifo_mux_2_1_bw20_simd1) #

#   Propagate Constraints from cell ofifo_inst/col_idx[7].fifo_instance/fifo_mux_16_1a/mux_8_1b/ (fifo_mux_8_1_bw20_simd1) #

#   Propagate Constraints from cell ofifo_inst/col_idx[7].fifo_instance/fifo_mux_16_1a/mux_8_1b/fifo_mux_2_1g/ (fifo_mux_2_1_bw20_simd1) #

#   Propagate Constraints from cell ofifo_inst/col_idx[7].fifo_instance/fifo_mux_16_1a/mux_8_1b/fifo_mux_2_1f/ (fifo_mux_2_1_bw20_simd1) #

#   Propagate Constraints from cell ofifo_inst/col_idx[7].fifo_instance/fifo_mux_16_1a/mux_8_1b/fifo_mux_2_1e/ (fifo_mux_2_1_bw20_simd1) #

#   Propagate Constraints from cell ofifo_inst/col_idx[7].fifo_instance/fifo_mux_16_1a/mux_8_1b/fifo_mux_2_1d/ (fifo_mux_2_1_bw20_simd1) #

#   Propagate Constraints from cell ofifo_inst/col_idx[7].fifo_instance/fifo_mux_16_1a/mux_8_1b/fifo_mux_2_1c/ (fifo_mux_2_1_bw20_simd1) #

#   Propagate Constraints from cell ofifo_inst/col_idx[7].fifo_instance/fifo_mux_16_1a/mux_8_1b/fifo_mux_2_1b/ (fifo_mux_2_1_bw20_simd1) #

#   Propagate Constraints from cell ofifo_inst/col_idx[7].fifo_instance/fifo_mux_16_1a/mux_8_1b/fifo_mux_2_1a/ (fifo_mux_2_1_bw20_simd1) #

#   Propagate Constraints from cell ofifo_inst/col_idx[7].fifo_instance/fifo_mux_16_1a/mux_8_1a/ (fifo_mux_8_1_bw20_simd1) #

#   Propagate Constraints from cell ofifo_inst/col_idx[7].fifo_instance/fifo_mux_16_1a/mux_8_1a/fifo_mux_2_1g/ (fifo_mux_2_1_bw20_simd1) #

#   Propagate Constraints from cell ofifo_inst/col_idx[7].fifo_instance/fifo_mux_16_1a/mux_8_1a/fifo_mux_2_1f/ (fifo_mux_2_1_bw20_simd1) #

#   Propagate Constraints from cell ofifo_inst/col_idx[7].fifo_instance/fifo_mux_16_1a/mux_8_1a/fifo_mux_2_1e/ (fifo_mux_2_1_bw20_simd1) #

#   Propagate Constraints from cell ofifo_inst/col_idx[7].fifo_instance/fifo_mux_16_1a/mux_8_1a/fifo_mux_2_1d/ (fifo_mux_2_1_bw20_simd1) #

#   Propagate Constraints from cell ofifo_inst/col_idx[7].fifo_instance/fifo_mux_16_1a/mux_8_1a/fifo_mux_2_1c/ (fifo_mux_2_1_bw20_simd1) #

#   Propagate Constraints from cell ofifo_inst/col_idx[7].fifo_instance/fifo_mux_16_1a/mux_8_1a/fifo_mux_2_1b/ (fifo_mux_2_1_bw20_simd1) #

#   Propagate Constraints from cell ofifo_inst/col_idx[7].fifo_instance/fifo_mux_16_1a/mux_8_1a/fifo_mux_2_1a/ (fifo_mux_2_1_bw20_simd1) #

#   Propagate Constraints from cell ofifo_inst/col_idx[6].fifo_instance/ (fifo_depth16_bw20_simd1) #

#   Propagate Constraints from cell ofifo_inst/col_idx[6].fifo_instance/fifo_mux_16_1a/ (fifo_mux_16_1_bw20_simd1) #

#   Propagate Constraints from cell ofifo_inst/col_idx[6].fifo_instance/fifo_mux_16_1a/mux_2_1a/ (fifo_mux_2_1_bw20_simd1) #

#   Propagate Constraints from cell ofifo_inst/col_idx[6].fifo_instance/fifo_mux_16_1a/mux_8_1b/ (fifo_mux_8_1_bw20_simd1) #

#   Propagate Constraints from cell ofifo_inst/col_idx[6].fifo_instance/fifo_mux_16_1a/mux_8_1b/fifo_mux_2_1g/ (fifo_mux_2_1_bw20_simd1) #

#   Propagate Constraints from cell ofifo_inst/col_idx[6].fifo_instance/fifo_mux_16_1a/mux_8_1b/fifo_mux_2_1f/ (fifo_mux_2_1_bw20_simd1) #

#   Propagate Constraints from cell ofifo_inst/col_idx[6].fifo_instance/fifo_mux_16_1a/mux_8_1b/fifo_mux_2_1e/ (fifo_mux_2_1_bw20_simd1) #

#   Propagate Constraints from cell ofifo_inst/col_idx[6].fifo_instance/fifo_mux_16_1a/mux_8_1b/fifo_mux_2_1d/ (fifo_mux_2_1_bw20_simd1) #

#   Propagate Constraints from cell ofifo_inst/col_idx[6].fifo_instance/fifo_mux_16_1a/mux_8_1b/fifo_mux_2_1c/ (fifo_mux_2_1_bw20_simd1) #

#   Propagate Constraints from cell ofifo_inst/col_idx[6].fifo_instance/fifo_mux_16_1a/mux_8_1b/fifo_mux_2_1b/ (fifo_mux_2_1_bw20_simd1) #

#   Propagate Constraints from cell ofifo_inst/col_idx[6].fifo_instance/fifo_mux_16_1a/mux_8_1b/fifo_mux_2_1a/ (fifo_mux_2_1_bw20_simd1) #

#   Propagate Constraints from cell ofifo_inst/col_idx[6].fifo_instance/fifo_mux_16_1a/mux_8_1a/ (fifo_mux_8_1_bw20_simd1) #

#   Propagate Constraints from cell ofifo_inst/col_idx[6].fifo_instance/fifo_mux_16_1a/mux_8_1a/fifo_mux_2_1g/ (fifo_mux_2_1_bw20_simd1) #

#   Propagate Constraints from cell ofifo_inst/col_idx[6].fifo_instance/fifo_mux_16_1a/mux_8_1a/fifo_mux_2_1f/ (fifo_mux_2_1_bw20_simd1) #

#   Propagate Constraints from cell ofifo_inst/col_idx[6].fifo_instance/fifo_mux_16_1a/mux_8_1a/fifo_mux_2_1e/ (fifo_mux_2_1_bw20_simd1) #

#   Propagate Constraints from cell ofifo_inst/col_idx[6].fifo_instance/fifo_mux_16_1a/mux_8_1a/fifo_mux_2_1d/ (fifo_mux_2_1_bw20_simd1) #

#   Propagate Constraints from cell ofifo_inst/col_idx[6].fifo_instance/fifo_mux_16_1a/mux_8_1a/fifo_mux_2_1c/ (fifo_mux_2_1_bw20_simd1) #

#   Propagate Constraints from cell ofifo_inst/col_idx[6].fifo_instance/fifo_mux_16_1a/mux_8_1a/fifo_mux_2_1b/ (fifo_mux_2_1_bw20_simd1) #

#   Propagate Constraints from cell ofifo_inst/col_idx[6].fifo_instance/fifo_mux_16_1a/mux_8_1a/fifo_mux_2_1a/ (fifo_mux_2_1_bw20_simd1) #

#   Propagate Constraints from cell ofifo_inst/col_idx[5].fifo_instance/ (fifo_depth16_bw20_simd1) #

#   Propagate Constraints from cell ofifo_inst/col_idx[5].fifo_instance/fifo_mux_16_1a/ (fifo_mux_16_1_bw20_simd1) #

#   Propagate Constraints from cell ofifo_inst/col_idx[5].fifo_instance/fifo_mux_16_1a/mux_2_1a/ (fifo_mux_2_1_bw20_simd1) #

#   Propagate Constraints from cell ofifo_inst/col_idx[5].fifo_instance/fifo_mux_16_1a/mux_8_1b/ (fifo_mux_8_1_bw20_simd1) #

#   Propagate Constraints from cell ofifo_inst/col_idx[5].fifo_instance/fifo_mux_16_1a/mux_8_1b/fifo_mux_2_1g/ (fifo_mux_2_1_bw20_simd1) #

#   Propagate Constraints from cell ofifo_inst/col_idx[5].fifo_instance/fifo_mux_16_1a/mux_8_1b/fifo_mux_2_1f/ (fifo_mux_2_1_bw20_simd1) #

#   Propagate Constraints from cell ofifo_inst/col_idx[5].fifo_instance/fifo_mux_16_1a/mux_8_1b/fifo_mux_2_1e/ (fifo_mux_2_1_bw20_simd1) #

#   Propagate Constraints from cell ofifo_inst/col_idx[5].fifo_instance/fifo_mux_16_1a/mux_8_1b/fifo_mux_2_1d/ (fifo_mux_2_1_bw20_simd1) #

#   Propagate Constraints from cell ofifo_inst/col_idx[5].fifo_instance/fifo_mux_16_1a/mux_8_1b/fifo_mux_2_1c/ (fifo_mux_2_1_bw20_simd1) #

#   Propagate Constraints from cell ofifo_inst/col_idx[5].fifo_instance/fifo_mux_16_1a/mux_8_1b/fifo_mux_2_1b/ (fifo_mux_2_1_bw20_simd1) #

#   Propagate Constraints from cell ofifo_inst/col_idx[5].fifo_instance/fifo_mux_16_1a/mux_8_1b/fifo_mux_2_1a/ (fifo_mux_2_1_bw20_simd1) #

#   Propagate Constraints from cell ofifo_inst/col_idx[5].fifo_instance/fifo_mux_16_1a/mux_8_1a/ (fifo_mux_8_1_bw20_simd1) #

#   Propagate Constraints from cell ofifo_inst/col_idx[5].fifo_instance/fifo_mux_16_1a/mux_8_1a/fifo_mux_2_1g/ (fifo_mux_2_1_bw20_simd1) #

#   Propagate Constraints from cell ofifo_inst/col_idx[5].fifo_instance/fifo_mux_16_1a/mux_8_1a/fifo_mux_2_1f/ (fifo_mux_2_1_bw20_simd1) #

#   Propagate Constraints from cell ofifo_inst/col_idx[5].fifo_instance/fifo_mux_16_1a/mux_8_1a/fifo_mux_2_1e/ (fifo_mux_2_1_bw20_simd1) #

#   Propagate Constraints from cell ofifo_inst/col_idx[5].fifo_instance/fifo_mux_16_1a/mux_8_1a/fifo_mux_2_1d/ (fifo_mux_2_1_bw20_simd1) #

#   Propagate Constraints from cell ofifo_inst/col_idx[5].fifo_instance/fifo_mux_16_1a/mux_8_1a/fifo_mux_2_1c/ (fifo_mux_2_1_bw20_simd1) #

#   Propagate Constraints from cell ofifo_inst/col_idx[5].fifo_instance/fifo_mux_16_1a/mux_8_1a/fifo_mux_2_1b/ (fifo_mux_2_1_bw20_simd1) #

#   Propagate Constraints from cell ofifo_inst/col_idx[5].fifo_instance/fifo_mux_16_1a/mux_8_1a/fifo_mux_2_1a/ (fifo_mux_2_1_bw20_simd1) #

#   Propagate Constraints from cell ofifo_inst/col_idx[4].fifo_instance/ (fifo_depth16_bw20_simd1) #

#   Propagate Constraints from cell ofifo_inst/col_idx[4].fifo_instance/fifo_mux_16_1a/ (fifo_mux_16_1_bw20_simd1) #

#   Propagate Constraints from cell ofifo_inst/col_idx[4].fifo_instance/fifo_mux_16_1a/mux_2_1a/ (fifo_mux_2_1_bw20_simd1) #

#   Propagate Constraints from cell ofifo_inst/col_idx[4].fifo_instance/fifo_mux_16_1a/mux_8_1b/ (fifo_mux_8_1_bw20_simd1) #

#   Propagate Constraints from cell ofifo_inst/col_idx[4].fifo_instance/fifo_mux_16_1a/mux_8_1b/fifo_mux_2_1g/ (fifo_mux_2_1_bw20_simd1) #

#   Propagate Constraints from cell ofifo_inst/col_idx[4].fifo_instance/fifo_mux_16_1a/mux_8_1b/fifo_mux_2_1f/ (fifo_mux_2_1_bw20_simd1) #

#   Propagate Constraints from cell ofifo_inst/col_idx[4].fifo_instance/fifo_mux_16_1a/mux_8_1b/fifo_mux_2_1e/ (fifo_mux_2_1_bw20_simd1) #

#   Propagate Constraints from cell ofifo_inst/col_idx[4].fifo_instance/fifo_mux_16_1a/mux_8_1b/fifo_mux_2_1d/ (fifo_mux_2_1_bw20_simd1) #

#   Propagate Constraints from cell ofifo_inst/col_idx[4].fifo_instance/fifo_mux_16_1a/mux_8_1b/fifo_mux_2_1c/ (fifo_mux_2_1_bw20_simd1) #

#   Propagate Constraints from cell ofifo_inst/col_idx[4].fifo_instance/fifo_mux_16_1a/mux_8_1b/fifo_mux_2_1b/ (fifo_mux_2_1_bw20_simd1) #

#   Propagate Constraints from cell ofifo_inst/col_idx[4].fifo_instance/fifo_mux_16_1a/mux_8_1b/fifo_mux_2_1a/ (fifo_mux_2_1_bw20_simd1) #

#   Propagate Constraints from cell ofifo_inst/col_idx[4].fifo_instance/fifo_mux_16_1a/mux_8_1a/ (fifo_mux_8_1_bw20_simd1) #

#   Propagate Constraints from cell ofifo_inst/col_idx[4].fifo_instance/fifo_mux_16_1a/mux_8_1a/fifo_mux_2_1g/ (fifo_mux_2_1_bw20_simd1) #

#   Propagate Constraints from cell ofifo_inst/col_idx[4].fifo_instance/fifo_mux_16_1a/mux_8_1a/fifo_mux_2_1f/ (fifo_mux_2_1_bw20_simd1) #

#   Propagate Constraints from cell ofifo_inst/col_idx[4].fifo_instance/fifo_mux_16_1a/mux_8_1a/fifo_mux_2_1e/ (fifo_mux_2_1_bw20_simd1) #

#   Propagate Constraints from cell ofifo_inst/col_idx[4].fifo_instance/fifo_mux_16_1a/mux_8_1a/fifo_mux_2_1d/ (fifo_mux_2_1_bw20_simd1) #

#   Propagate Constraints from cell ofifo_inst/col_idx[4].fifo_instance/fifo_mux_16_1a/mux_8_1a/fifo_mux_2_1c/ (fifo_mux_2_1_bw20_simd1) #

#   Propagate Constraints from cell ofifo_inst/col_idx[4].fifo_instance/fifo_mux_16_1a/mux_8_1a/fifo_mux_2_1b/ (fifo_mux_2_1_bw20_simd1) #

#   Propagate Constraints from cell ofifo_inst/col_idx[4].fifo_instance/fifo_mux_16_1a/mux_8_1a/fifo_mux_2_1a/ (fifo_mux_2_1_bw20_simd1) #

#   Propagate Constraints from cell ofifo_inst/col_idx[3].fifo_instance/ (fifo_depth16_bw20_simd1) #

#   Propagate Constraints from cell ofifo_inst/col_idx[3].fifo_instance/fifo_mux_16_1a/ (fifo_mux_16_1_bw20_simd1) #

#   Propagate Constraints from cell ofifo_inst/col_idx[3].fifo_instance/fifo_mux_16_1a/mux_2_1a/ (fifo_mux_2_1_bw20_simd1) #

#   Propagate Constraints from cell ofifo_inst/col_idx[3].fifo_instance/fifo_mux_16_1a/mux_8_1b/ (fifo_mux_8_1_bw20_simd1) #

#   Propagate Constraints from cell ofifo_inst/col_idx[3].fifo_instance/fifo_mux_16_1a/mux_8_1b/fifo_mux_2_1g/ (fifo_mux_2_1_bw20_simd1) #

#   Propagate Constraints from cell ofifo_inst/col_idx[3].fifo_instance/fifo_mux_16_1a/mux_8_1b/fifo_mux_2_1f/ (fifo_mux_2_1_bw20_simd1) #

#   Propagate Constraints from cell ofifo_inst/col_idx[3].fifo_instance/fifo_mux_16_1a/mux_8_1b/fifo_mux_2_1e/ (fifo_mux_2_1_bw20_simd1) #

#   Propagate Constraints from cell ofifo_inst/col_idx[3].fifo_instance/fifo_mux_16_1a/mux_8_1b/fifo_mux_2_1d/ (fifo_mux_2_1_bw20_simd1) #

#   Propagate Constraints from cell ofifo_inst/col_idx[3].fifo_instance/fifo_mux_16_1a/mux_8_1b/fifo_mux_2_1c/ (fifo_mux_2_1_bw20_simd1) #

#   Propagate Constraints from cell ofifo_inst/col_idx[3].fifo_instance/fifo_mux_16_1a/mux_8_1b/fifo_mux_2_1b/ (fifo_mux_2_1_bw20_simd1) #

#   Propagate Constraints from cell ofifo_inst/col_idx[3].fifo_instance/fifo_mux_16_1a/mux_8_1b/fifo_mux_2_1a/ (fifo_mux_2_1_bw20_simd1) #

#   Propagate Constraints from cell ofifo_inst/col_idx[3].fifo_instance/fifo_mux_16_1a/mux_8_1a/ (fifo_mux_8_1_bw20_simd1) #

#   Propagate Constraints from cell ofifo_inst/col_idx[3].fifo_instance/fifo_mux_16_1a/mux_8_1a/fifo_mux_2_1g/ (fifo_mux_2_1_bw20_simd1) #

#   Propagate Constraints from cell ofifo_inst/col_idx[3].fifo_instance/fifo_mux_16_1a/mux_8_1a/fifo_mux_2_1f/ (fifo_mux_2_1_bw20_simd1) #

#   Propagate Constraints from cell ofifo_inst/col_idx[3].fifo_instance/fifo_mux_16_1a/mux_8_1a/fifo_mux_2_1e/ (fifo_mux_2_1_bw20_simd1) #

#   Propagate Constraints from cell ofifo_inst/col_idx[3].fifo_instance/fifo_mux_16_1a/mux_8_1a/fifo_mux_2_1d/ (fifo_mux_2_1_bw20_simd1) #

#   Propagate Constraints from cell ofifo_inst/col_idx[3].fifo_instance/fifo_mux_16_1a/mux_8_1a/fifo_mux_2_1c/ (fifo_mux_2_1_bw20_simd1) #

#   Propagate Constraints from cell ofifo_inst/col_idx[3].fifo_instance/fifo_mux_16_1a/mux_8_1a/fifo_mux_2_1b/ (fifo_mux_2_1_bw20_simd1) #

#   Propagate Constraints from cell ofifo_inst/col_idx[3].fifo_instance/fifo_mux_16_1a/mux_8_1a/fifo_mux_2_1a/ (fifo_mux_2_1_bw20_simd1) #

#   Propagate Constraints from cell ofifo_inst/col_idx[2].fifo_instance/ (fifo_depth16_bw20_simd1) #

#   Propagate Constraints from cell ofifo_inst/col_idx[2].fifo_instance/fifo_mux_16_1a/ (fifo_mux_16_1_bw20_simd1) #

#   Propagate Constraints from cell ofifo_inst/col_idx[2].fifo_instance/fifo_mux_16_1a/mux_2_1a/ (fifo_mux_2_1_bw20_simd1) #

#   Propagate Constraints from cell ofifo_inst/col_idx[2].fifo_instance/fifo_mux_16_1a/mux_8_1b/ (fifo_mux_8_1_bw20_simd1) #

#   Propagate Constraints from cell ofifo_inst/col_idx[2].fifo_instance/fifo_mux_16_1a/mux_8_1b/fifo_mux_2_1g/ (fifo_mux_2_1_bw20_simd1) #

#   Propagate Constraints from cell ofifo_inst/col_idx[2].fifo_instance/fifo_mux_16_1a/mux_8_1b/fifo_mux_2_1f/ (fifo_mux_2_1_bw20_simd1) #

#   Propagate Constraints from cell ofifo_inst/col_idx[2].fifo_instance/fifo_mux_16_1a/mux_8_1b/fifo_mux_2_1e/ (fifo_mux_2_1_bw20_simd1) #

#   Propagate Constraints from cell ofifo_inst/col_idx[2].fifo_instance/fifo_mux_16_1a/mux_8_1b/fifo_mux_2_1d/ (fifo_mux_2_1_bw20_simd1) #

#   Propagate Constraints from cell ofifo_inst/col_idx[2].fifo_instance/fifo_mux_16_1a/mux_8_1b/fifo_mux_2_1c/ (fifo_mux_2_1_bw20_simd1) #

#   Propagate Constraints from cell ofifo_inst/col_idx[2].fifo_instance/fifo_mux_16_1a/mux_8_1b/fifo_mux_2_1b/ (fifo_mux_2_1_bw20_simd1) #

#   Propagate Constraints from cell ofifo_inst/col_idx[2].fifo_instance/fifo_mux_16_1a/mux_8_1b/fifo_mux_2_1a/ (fifo_mux_2_1_bw20_simd1) #

#   Propagate Constraints from cell ofifo_inst/col_idx[2].fifo_instance/fifo_mux_16_1a/mux_8_1a/ (fifo_mux_8_1_bw20_simd1) #

#   Propagate Constraints from cell ofifo_inst/col_idx[2].fifo_instance/fifo_mux_16_1a/mux_8_1a/fifo_mux_2_1g/ (fifo_mux_2_1_bw20_simd1) #

#   Propagate Constraints from cell ofifo_inst/col_idx[2].fifo_instance/fifo_mux_16_1a/mux_8_1a/fifo_mux_2_1f/ (fifo_mux_2_1_bw20_simd1) #

#   Propagate Constraints from cell ofifo_inst/col_idx[2].fifo_instance/fifo_mux_16_1a/mux_8_1a/fifo_mux_2_1e/ (fifo_mux_2_1_bw20_simd1) #

#   Propagate Constraints from cell ofifo_inst/col_idx[2].fifo_instance/fifo_mux_16_1a/mux_8_1a/fifo_mux_2_1d/ (fifo_mux_2_1_bw20_simd1) #

#   Propagate Constraints from cell ofifo_inst/col_idx[2].fifo_instance/fifo_mux_16_1a/mux_8_1a/fifo_mux_2_1c/ (fifo_mux_2_1_bw20_simd1) #

#   Propagate Constraints from cell ofifo_inst/col_idx[2].fifo_instance/fifo_mux_16_1a/mux_8_1a/fifo_mux_2_1b/ (fifo_mux_2_1_bw20_simd1) #

#   Propagate Constraints from cell ofifo_inst/col_idx[2].fifo_instance/fifo_mux_16_1a/mux_8_1a/fifo_mux_2_1a/ (fifo_mux_2_1_bw20_simd1) #

#   Propagate Constraints from cell ofifo_inst/col_idx[1].fifo_instance/ (fifo_depth16_bw20_simd1) #

#   Propagate Constraints from cell ofifo_inst/col_idx[1].fifo_instance/fifo_mux_16_1a/ (fifo_mux_16_1_bw20_simd1) #

#   Propagate Constraints from cell ofifo_inst/col_idx[1].fifo_instance/fifo_mux_16_1a/mux_2_1a/ (fifo_mux_2_1_bw20_simd1) #

#   Propagate Constraints from cell ofifo_inst/col_idx[1].fifo_instance/fifo_mux_16_1a/mux_8_1b/ (fifo_mux_8_1_bw20_simd1) #

#   Propagate Constraints from cell ofifo_inst/col_idx[1].fifo_instance/fifo_mux_16_1a/mux_8_1b/fifo_mux_2_1g/ (fifo_mux_2_1_bw20_simd1) #

#   Propagate Constraints from cell ofifo_inst/col_idx[1].fifo_instance/fifo_mux_16_1a/mux_8_1b/fifo_mux_2_1f/ (fifo_mux_2_1_bw20_simd1) #

#   Propagate Constraints from cell ofifo_inst/col_idx[1].fifo_instance/fifo_mux_16_1a/mux_8_1b/fifo_mux_2_1e/ (fifo_mux_2_1_bw20_simd1) #

#   Propagate Constraints from cell ofifo_inst/col_idx[1].fifo_instance/fifo_mux_16_1a/mux_8_1b/fifo_mux_2_1d/ (fifo_mux_2_1_bw20_simd1) #

#   Propagate Constraints from cell ofifo_inst/col_idx[1].fifo_instance/fifo_mux_16_1a/mux_8_1b/fifo_mux_2_1c/ (fifo_mux_2_1_bw20_simd1) #

#   Propagate Constraints from cell ofifo_inst/col_idx[1].fifo_instance/fifo_mux_16_1a/mux_8_1b/fifo_mux_2_1b/ (fifo_mux_2_1_bw20_simd1) #

#   Propagate Constraints from cell ofifo_inst/col_idx[1].fifo_instance/fifo_mux_16_1a/mux_8_1b/fifo_mux_2_1a/ (fifo_mux_2_1_bw20_simd1) #

#   Propagate Constraints from cell ofifo_inst/col_idx[1].fifo_instance/fifo_mux_16_1a/mux_8_1a/ (fifo_mux_8_1_bw20_simd1) #

#   Propagate Constraints from cell ofifo_inst/col_idx[1].fifo_instance/fifo_mux_16_1a/mux_8_1a/fifo_mux_2_1g/ (fifo_mux_2_1_bw20_simd1) #

#   Propagate Constraints from cell ofifo_inst/col_idx[1].fifo_instance/fifo_mux_16_1a/mux_8_1a/fifo_mux_2_1f/ (fifo_mux_2_1_bw20_simd1) #

#   Propagate Constraints from cell ofifo_inst/col_idx[1].fifo_instance/fifo_mux_16_1a/mux_8_1a/fifo_mux_2_1e/ (fifo_mux_2_1_bw20_simd1) #

#   Propagate Constraints from cell ofifo_inst/col_idx[1].fifo_instance/fifo_mux_16_1a/mux_8_1a/fifo_mux_2_1d/ (fifo_mux_2_1_bw20_simd1) #

#   Propagate Constraints from cell ofifo_inst/col_idx[1].fifo_instance/fifo_mux_16_1a/mux_8_1a/fifo_mux_2_1c/ (fifo_mux_2_1_bw20_simd1) #

#   Propagate Constraints from cell ofifo_inst/col_idx[1].fifo_instance/fifo_mux_16_1a/mux_8_1a/fifo_mux_2_1b/ (fifo_mux_2_1_bw20_simd1) #

#   Propagate Constraints from cell ofifo_inst/col_idx[1].fifo_instance/fifo_mux_16_1a/mux_8_1a/fifo_mux_2_1a/ (fifo_mux_2_1_bw20_simd1) #

#   Propagate Constraints from cell ofifo_inst/col_idx[0].fifo_instance/ (fifo_depth16_bw20_simd1) #

#   Propagate Constraints from cell ofifo_inst/col_idx[0].fifo_instance/fifo_mux_16_1a/ (fifo_mux_16_1_bw20_simd1) #

#   Propagate Constraints from cell ofifo_inst/col_idx[0].fifo_instance/fifo_mux_16_1a/mux_2_1a/ (fifo_mux_2_1_bw20_simd1) #

#   Propagate Constraints from cell ofifo_inst/col_idx[0].fifo_instance/fifo_mux_16_1a/mux_8_1b/ (fifo_mux_8_1_bw20_simd1) #

#   Propagate Constraints from cell ofifo_inst/col_idx[0].fifo_instance/fifo_mux_16_1a/mux_8_1b/fifo_mux_2_1g/ (fifo_mux_2_1_bw20_simd1) #

#   Propagate Constraints from cell ofifo_inst/col_idx[0].fifo_instance/fifo_mux_16_1a/mux_8_1b/fifo_mux_2_1f/ (fifo_mux_2_1_bw20_simd1) #

#   Propagate Constraints from cell ofifo_inst/col_idx[0].fifo_instance/fifo_mux_16_1a/mux_8_1b/fifo_mux_2_1e/ (fifo_mux_2_1_bw20_simd1) #

#   Propagate Constraints from cell ofifo_inst/col_idx[0].fifo_instance/fifo_mux_16_1a/mux_8_1b/fifo_mux_2_1d/ (fifo_mux_2_1_bw20_simd1) #

#   Propagate Constraints from cell ofifo_inst/col_idx[0].fifo_instance/fifo_mux_16_1a/mux_8_1b/fifo_mux_2_1c/ (fifo_mux_2_1_bw20_simd1) #

#   Propagate Constraints from cell ofifo_inst/col_idx[0].fifo_instance/fifo_mux_16_1a/mux_8_1b/fifo_mux_2_1b/ (fifo_mux_2_1_bw20_simd1) #

#   Propagate Constraints from cell ofifo_inst/col_idx[0].fifo_instance/fifo_mux_16_1a/mux_8_1b/fifo_mux_2_1a/ (fifo_mux_2_1_bw20_simd1) #

#   Propagate Constraints from cell ofifo_inst/col_idx[0].fifo_instance/fifo_mux_16_1a/mux_8_1a/ (fifo_mux_8_1_bw20_simd1) #

#   Propagate Constraints from cell ofifo_inst/col_idx[0].fifo_instance/fifo_mux_16_1a/mux_8_1a/fifo_mux_2_1g/ (fifo_mux_2_1_bw20_simd1) #

#   Propagate Constraints from cell ofifo_inst/col_idx[0].fifo_instance/fifo_mux_16_1a/mux_8_1a/fifo_mux_2_1f/ (fifo_mux_2_1_bw20_simd1) #

#   Propagate Constraints from cell ofifo_inst/col_idx[0].fifo_instance/fifo_mux_16_1a/mux_8_1a/fifo_mux_2_1e/ (fifo_mux_2_1_bw20_simd1) #

#   Propagate Constraints from cell ofifo_inst/col_idx[0].fifo_instance/fifo_mux_16_1a/mux_8_1a/fifo_mux_2_1d/ (fifo_mux_2_1_bw20_simd1) #

#   Propagate Constraints from cell ofifo_inst/col_idx[0].fifo_instance/fifo_mux_16_1a/mux_8_1a/fifo_mux_2_1c/ (fifo_mux_2_1_bw20_simd1) #

#   Propagate Constraints from cell ofifo_inst/col_idx[0].fifo_instance/fifo_mux_16_1a/mux_8_1a/fifo_mux_2_1b/ (fifo_mux_2_1_bw20_simd1) #

#   Propagate Constraints from cell ofifo_inst/col_idx[0].fifo_instance/fifo_mux_16_1a/mux_8_1a/fifo_mux_2_1a/ (fifo_mux_2_1_bw20_simd1) #

#   Propagate Constraints from cell mac_array_instance/ (mac_array_col8_bw8_bw_psum20_pr8) #

#   Propagate Constraints from cell mac_array_instance/col_idx[8].mac_col_inst/ (mac_col_bw8_bw_psum20_pr8_col_id8) #

#   Propagate Constraints from cell mac_array_instance/col_idx[8].mac_col_inst/mac_16in_instance/ (mac_8in_bw8_bw_psum20_pr8) #

#   Propagate Constraints from cell mac_array_instance/col_idx[7].mac_col_inst/ (mac_col_bw8_bw_psum20_pr8_col_id7) #

#   Propagate Constraints from cell mac_array_instance/col_idx[7].mac_col_inst/mac_16in_instance/ (mac_8in_bw8_bw_psum20_pr8) #

#   Propagate Constraints from cell mac_array_instance/col_idx[6].mac_col_inst/ (mac_col_bw8_bw_psum20_pr8_col_id6) #

#   Propagate Constraints from cell mac_array_instance/col_idx[6].mac_col_inst/mac_16in_instance/ (mac_8in_bw8_bw_psum20_pr8) #

#   Propagate Constraints from cell mac_array_instance/col_idx[5].mac_col_inst/ (mac_col_bw8_bw_psum20_pr8_col_id5) #

#   Propagate Constraints from cell mac_array_instance/col_idx[5].mac_col_inst/mac_16in_instance/ (mac_8in_bw8_bw_psum20_pr8) #

#   Propagate Constraints from cell mac_array_instance/col_idx[4].mac_col_inst/ (mac_col_bw8_bw_psum20_pr8_col_id4) #

#   Propagate Constraints from cell mac_array_instance/col_idx[4].mac_col_inst/mac_16in_instance/ (mac_8in_bw8_bw_psum20_pr8) #

#   Propagate Constraints from cell mac_array_instance/col_idx[3].mac_col_inst/ (mac_col_bw8_bw_psum20_pr8_col_id3) #

#   Propagate Constraints from cell mac_array_instance/col_idx[3].mac_col_inst/mac_16in_instance/ (mac_8in_bw8_bw_psum20_pr8) #

#   Propagate Constraints from cell mac_array_instance/col_idx[2].mac_col_inst/ (mac_col_bw8_bw_psum20_pr8_col_id2) #

#   Propagate Constraints from cell mac_array_instance/col_idx[2].mac_col_inst/mac_16in_instance/ (mac_8in_bw8_bw_psum20_pr8) #

#   Propagate Constraints from cell mac_array_instance/col_idx[1].mac_col_inst/ (mac_col_bw8_bw_psum20_pr8_col_id1) #

#   Propagate Constraints from cell mac_array_instance/col_idx[1].mac_col_inst/mac_16in_instance/ (mac_8in_bw8_bw_psum20_pr8) #
Current design is 'core'.
Warning: Design rule attributes from the driving cell will be
	set on the port. (UID-401)
Warning: Design rule attributes from the driving cell will be
	set on the port. (UID-401)
Warning: Design rule attributes from the driving cell will be
	set on the port. (UID-401)
Warning: Design rule attributes from the driving cell will be
	set on the port. (UID-401)
Warning: Design rule attributes from the driving cell will be
	set on the port. (UID-401)
Warning: Design rule attributes from the driving cell will be
	set on the port. (UID-401)
Warning: Design rule attributes from the driving cell will be
	set on the port. (UID-401)
Warning: Design rule attributes from the driving cell will be
	set on the port. (UID-401)
Warning: Design rule attributes from the driving cell will be
	set on the port. (UID-401)
Warning: Design rule attributes from the driving cell will be
	set on the port. (UID-401)
Warning: Design rule attributes from the driving cell will be
	set on the port. (UID-401)
Warning: Design rule attributes from the driving cell will be
	set on the port. (UID-401)
Warning: Design rule attributes from the driving cell will be
	set on the port. (UID-401)
Warning: Design rule attributes from the driving cell will be
	set on the port. (UID-401)
Warning: Design rule attributes from the driving cell will be
	set on the port. (UID-401)
Warning: Design rule attributes from the driving cell will be
	set on the port. (UID-401)
Warning: Design rule attributes from the driving cell will be
	set on the port. (UID-401)
Warning: Design rule attributes from the driving cell will be
	set on the port. (UID-401)
Warning: Design rule attributes from the driving cell will be
	set on the port. (UID-401)
Warning: Design rule attributes from the driving cell will be
	set on the port. (UID-401)
Warning: Design rule attributes from the driving cell will be
	set on the port. (UID-401)
Warning: Design rule attributes from the driving cell will be
	set on the port. (UID-401)
Warning: Design rule attributes from the driving cell will be
	set on the port. (UID-401)
Warning: Design rule attributes from the driving cell will be
	set on the port. (UID-401)
Warning: Design rule attributes from the driving cell will be
	set on the port. (UID-401)
Warning: Design rule attributes from the driving cell will be
	set on the port. (UID-401)
Warning: Design rule attributes from the driving cell will be
	set on the port. (UID-401)
Warning: Design rule attributes from the driving cell will be
	set on the port. (UID-401)
Warning: Design rule attributes from the driving cell will be
	set on the port. (UID-401)
Warning: Design rule attributes from the driving cell will be
	set on the port. (UID-401)
Warning: Design rule attributes from the driving cell will be
	set on the port. (UID-401)
Warning: Design rule attributes from the driving cell will be
	set on the port. (UID-401)
Warning: Design rule attributes from the driving cell will be
	set on the port. (UID-401)
Warning: Design rule attributes from the driving cell will be
	set on the port. (UID-401)
Warning: Design rule attributes from the driving cell will be
	set on the port. (UID-401)
Warning: Design rule attributes from the driving cell will be
	set on the port. (UID-401)
Warning: Design rule attributes from the driving cell will be
	set on the port. (UID-401)
Warning: Design rule attributes from the driving cell will be
	set on the port. (UID-401)
Warning: Design rule attributes from the driving cell will be
	set on the port. (UID-401)
Warning: Design rule attributes from the driving cell will be
	set on the port. (UID-401)
Warning: Design rule attributes from the driving cell will be
	set on the port. (UID-401)
Warning: Design rule attributes from the driving cell will be
	set on the port. (UID-401)
Warning: Design rule attributes from the driving cell will be
	set on the port. (UID-401)
Warning: Design rule attributes from the driving cell will be
	set on the port. (UID-401)
Warning: Design rule attributes from the driving cell will be
	set on the port. (UID-401)
Warning: Design rule attributes from the driving cell will be
	set on the port. (UID-401)
Warning: Design rule attributes from the driving cell will be
	set on the port. (UID-401)
Warning: Design rule attributes from the driving cell will be
	set on the port. (UID-401)
Warning: Design rule attributes from the driving cell will be
	set on the port. (UID-401)
Warning: Design rule attributes from the driving cell will be
	set on the port. (UID-401)
Warning: Design rule attributes from the driving cell will be
	set on the port. (UID-401)
Warning: Design rule attributes from the driving cell will be
	set on the port. (UID-401)
Warning: Design rule attributes from the driving cell will be
	set on the port. (UID-401)
Warning: Design rule attributes from the driving cell will be
	set on the port. (UID-401)
Warning: Design rule attributes from the driving cell will be
	set on the port. (UID-401)
Warning: Design rule attributes from the driving cell will be
	set on the port. (UID-401)
Warning: Design rule attributes from the driving cell will be
	set on the port. (UID-401)
Warning: Design rule attributes from the driving cell will be
	set on the port. (UID-401)
Warning: Design rule attributes from the driving cell will be
	set on the port. (UID-401)
Warning: Design rule attributes from the driving cell will be
	set on the port. (UID-401)
Warning: Design rule attributes from the driving cell will be
	set on the port. (UID-401)
Warning: Design rule attributes from the driving cell will be
	set on the port. (UID-401)
Warning: Design rule attributes from the driving cell will be
	set on the port. (UID-401)
Warning: Design rule attributes from the driving cell will be
	set on the port. (UID-401)
Warning: Design rule attributes from the driving cell will be
	set on the port. (UID-401)
Warning: Design rule attributes from the driving cell will be
	set on the port. (UID-401)
Warning: Design rule attributes from the driving cell will be
	set on the port. (UID-401)
Warning: Design rule attributes from the driving cell will be
	set on the port. (UID-401)
Warning: Design rule attributes from the driving cell will be
	set on the port. (UID-401)
Warning: Design rule attributes from the driving cell will be
	set on the port. (UID-401)
Warning: Design rule attributes from the driving cell will be
	set on the port. (UID-401)
Warning: Design rule attributes from the driving cell will be
	set on the port. (UID-401)
Warning: Design rule attributes from the driving cell will be
	set on the port. (UID-401)
Warning: Design rule attributes from the driving cell will be
	set on the port. (UID-401)
Warning: Design rule attributes from the driving cell will be
	set on the port. (UID-401)
Warning: Design rule attributes from the driving cell will be
	set on the port. (UID-401)
Warning: Design rule attributes from the driving cell will be
	set on the port. (UID-401)
Warning: Design rule attributes from the driving cell will be
	set on the port. (UID-401)
Warning: Design rule attributes from the driving cell will be
	set on the port. (UID-401)
Warning: Design rule attributes from the driving cell will be
	set on the port. (UID-401)
Warning: Design rule attributes from the driving cell will be
	set on the port. (UID-401)
Warning: Design rule attributes from the driving cell will be
	set on the port. (UID-401)
Warning: Design rule attributes from the driving cell will be
	set on the port. (UID-401)
Current design is 'core'.
Current design is 'mac_array_col8_bw8_bw_psum20_pr8'.
Current design is 'ofifo_col8_bw20'.
Current design is 'sram_w16_in_sram_bit64'.
Current design is 'sram_w16_out_sram_bit160'.
Current design is 'mac_col_bw8_bw_psum20_pr8_col_id1'.
Current design is 'mac_col_bw8_bw_psum20_pr8_col_id2'.
Current design is 'mac_col_bw8_bw_psum20_pr8_col_id3'.
Current design is 'mac_col_bw8_bw_psum20_pr8_col_id4'.
Current design is 'mac_col_bw8_bw_psum20_pr8_col_id5'.
Current design is 'mac_col_bw8_bw_psum20_pr8_col_id6'.
Current design is 'mac_col_bw8_bw_psum20_pr8_col_id7'.
Current design is 'mac_col_bw8_bw_psum20_pr8_col_id8'.
Current design is 'fifo_depth16_bw20_simd1'.
Current design is 'mac_8in_bw8_bw_psum20_pr8'.
Current design is 'fifo_mux_16_1_bw20_simd1'.
Current design is 'fifo_mux_8_1_bw20_simd1'.
Current design is 'fifo_mux_2_1_bw20_simd1'.
Current design is 'core'.
Information: Changed wire load model for 'sram_w16_out_sram_bit160' from '(none)' to 'ZeroWireload'. (OPT-170)
Information: Changed wire load model for 'sram_w16_in_sram_bit64' from '(none)' to 'ZeroWireload'. (OPT-170)
Information: Changed wire load model for 'sram_w16_in_sram_bit64' from '(none)' to 'ZeroWireload'. (OPT-170)
Information: Changed wire load model for 'fifo_mux_2_1_bw20_simd1' from '(none)' to 'ZeroWireload'. (OPT-170)
Information: Changed wire load model for 'fifo_mux_2_1_bw20_simd1' from '(none)' to 'ZeroWireload'. (OPT-170)
Information: Changed wire load model for 'fifo_mux_2_1_bw20_simd1' from '(none)' to 'ZeroWireload'. (OPT-170)
Information: Changed wire load model for 'fifo_mux_2_1_bw20_simd1' from '(none)' to 'ZeroWireload'. (OPT-170)
Information: Changed wire load model for 'fifo_mux_2_1_bw20_simd1' from '(none)' to 'ZeroWireload'. (OPT-170)
Information: Changed wire load model for 'fifo_mux_2_1_bw20_simd1' from '(none)' to 'ZeroWireload'. (OPT-170)
Information: Changed wire load model for 'fifo_mux_2_1_bw20_simd1' from '(none)' to 'ZeroWireload'. (OPT-170)
Information: Changed wire load model for 'fifo_mux_2_1_bw20_simd1' from '(none)' to 'ZeroWireload'. (OPT-170)
Information: Changed wire load model for 'fifo_mux_8_1_bw20_simd1' from '(none)' to 'ZeroWireload'. (OPT-170)
Information: Changed wire load model for 'fifo_mux_2_1_bw20_simd1' from '(none)' to 'ZeroWireload'. (OPT-170)
Information: Changed wire load model for 'fifo_mux_2_1_bw20_simd1' from '(none)' to 'ZeroWireload'. (OPT-170)
Information: Changed wire load model for 'fifo_mux_2_1_bw20_simd1' from '(none)' to 'ZeroWireload'. (OPT-170)
Information: Changed wire load model for 'fifo_mux_2_1_bw20_simd1' from '(none)' to 'ZeroWireload'. (OPT-170)
Information: Changed wire load model for 'fifo_mux_2_1_bw20_simd1' from '(none)' to 'ZeroWireload'. (OPT-170)
Information: Changed wire load model for 'fifo_mux_2_1_bw20_simd1' from '(none)' to 'ZeroWireload'. (OPT-170)
Information: Changed wire load model for 'fifo_mux_2_1_bw20_simd1' from '(none)' to 'ZeroWireload'. (OPT-170)
Information: Changed wire load model for 'fifo_mux_8_1_bw20_simd1' from '(none)' to 'ZeroWireload'. (OPT-170)
Information: Changed wire load model for 'fifo_mux_16_1_bw20_simd1' from '(none)' to 'ZeroWireload'. (OPT-170)
Information: Changed wire load model for 'fifo_depth16_bw20_simd1' from '(none)' to 'ZeroWireload'. (OPT-170)
Information: Changed wire load model for 'fifo_mux_2_1_bw20_simd1' from '(none)' to 'ZeroWireload'. (OPT-170)
Information: Changed wire load model for 'fifo_mux_2_1_bw20_simd1' from '(none)' to 'ZeroWireload'. (OPT-170)
Information: Changed wire load model for 'fifo_mux_2_1_bw20_simd1' from '(none)' to 'ZeroWireload'. (OPT-170)
Information: Changed wire load model for 'fifo_mux_2_1_bw20_simd1' from '(none)' to 'ZeroWireload'. (OPT-170)
Information: Changed wire load model for 'fifo_mux_2_1_bw20_simd1' from '(none)' to 'ZeroWireload'. (OPT-170)
Information: Changed wire load model for 'fifo_mux_2_1_bw20_simd1' from '(none)' to 'ZeroWireload'. (OPT-170)
Information: Changed wire load model for 'fifo_mux_2_1_bw20_simd1' from '(none)' to 'ZeroWireload'. (OPT-170)
Information: Changed wire load model for 'fifo_mux_2_1_bw20_simd1' from '(none)' to 'ZeroWireload'. (OPT-170)
Information: Changed wire load model for 'fifo_mux_8_1_bw20_simd1' from '(none)' to 'ZeroWireload'. (OPT-170)
Information: Changed wire load model for 'fifo_mux_2_1_bw20_simd1' from '(none)' to 'ZeroWireload'. (OPT-170)
Information: Changed wire load model for 'fifo_mux_2_1_bw20_simd1' from '(none)' to 'ZeroWireload'. (OPT-170)
Information: Changed wire load model for 'fifo_mux_2_1_bw20_simd1' from '(none)' to 'ZeroWireload'. (OPT-170)
Information: Changed wire load model for 'fifo_mux_2_1_bw20_simd1' from '(none)' to 'ZeroWireload'. (OPT-170)
Information: Changed wire load model for 'fifo_mux_2_1_bw20_simd1' from '(none)' to 'ZeroWireload'. (OPT-170)
Information: Changed wire load model for 'fifo_mux_2_1_bw20_simd1' from '(none)' to 'ZeroWireload'. (OPT-170)
Information: Changed wire load model for 'fifo_mux_2_1_bw20_simd1' from '(none)' to 'ZeroWireload'. (OPT-170)
Information: Changed wire load model for 'fifo_mux_8_1_bw20_simd1' from '(none)' to 'ZeroWireload'. (OPT-170)
Information: Changed wire load model for 'fifo_mux_16_1_bw20_simd1' from '(none)' to 'ZeroWireload'. (OPT-170)
Information: Changed wire load model for 'fifo_depth16_bw20_simd1' from '(none)' to 'ZeroWireload'. (OPT-170)
Information: Changed wire load model for 'fifo_mux_2_1_bw20_simd1' from '(none)' to 'ZeroWireload'. (OPT-170)
Information: Changed wire load model for 'fifo_mux_2_1_bw20_simd1' from '(none)' to 'ZeroWireload'. (OPT-170)
Information: Changed wire load model for 'fifo_mux_2_1_bw20_simd1' from '(none)' to 'ZeroWireload'. (OPT-170)
Information: Changed wire load model for 'fifo_mux_2_1_bw20_simd1' from '(none)' to 'ZeroWireload'. (OPT-170)
Information: Changed wire load model for 'fifo_mux_2_1_bw20_simd1' from '(none)' to 'ZeroWireload'. (OPT-170)
Information: Changed wire load model for 'fifo_mux_2_1_bw20_simd1' from '(none)' to 'ZeroWireload'. (OPT-170)
Information: Changed wire load model for 'fifo_mux_2_1_bw20_simd1' from '(none)' to 'ZeroWireload'. (OPT-170)
Information: Changed wire load model for 'fifo_mux_2_1_bw20_simd1' from '(none)' to 'ZeroWireload'. (OPT-170)
Information: Changed wire load model for 'fifo_mux_8_1_bw20_simd1' from '(none)' to 'ZeroWireload'. (OPT-170)
Information: Changed wire load model for 'fifo_mux_2_1_bw20_simd1' from '(none)' to 'ZeroWireload'. (OPT-170)
Information: Changed wire load model for 'fifo_mux_2_1_bw20_simd1' from '(none)' to 'ZeroWireload'. (OPT-170)
Information: Changed wire load model for 'fifo_mux_2_1_bw20_simd1' from '(none)' to 'ZeroWireload'. (OPT-170)
Information: Changed wire load model for 'fifo_mux_2_1_bw20_simd1' from '(none)' to 'ZeroWireload'. (OPT-170)
Information: Changed wire load model for 'fifo_mux_2_1_bw20_simd1' from '(none)' to 'ZeroWireload'. (OPT-170)
Information: Changed wire load model for 'fifo_mux_2_1_bw20_simd1' from '(none)' to 'ZeroWireload'. (OPT-170)
Information: Changed wire load model for 'fifo_mux_2_1_bw20_simd1' from '(none)' to 'ZeroWireload'. (OPT-170)
Information: Changed wire load model for 'fifo_mux_8_1_bw20_simd1' from '(none)' to 'ZeroWireload'. (OPT-170)
Information: Changed wire load model for 'fifo_mux_16_1_bw20_simd1' from '(none)' to 'ZeroWireload'. (OPT-170)
Information: Changed wire load model for 'fifo_depth16_bw20_simd1' from '(none)' to 'ZeroWireload'. (OPT-170)
Information: Changed wire load model for 'fifo_mux_2_1_bw20_simd1' from '(none)' to 'ZeroWireload'. (OPT-170)
Information: Changed wire load model for 'fifo_mux_2_1_bw20_simd1' from '(none)' to 'ZeroWireload'. (OPT-170)
Information: Changed wire load model for 'fifo_mux_2_1_bw20_simd1' from '(none)' to 'ZeroWireload'. (OPT-170)
Information: Changed wire load model for 'fifo_mux_2_1_bw20_simd1' from '(none)' to 'ZeroWireload'. (OPT-170)
Information: Changed wire load model for 'fifo_mux_2_1_bw20_simd1' from '(none)' to 'ZeroWireload'. (OPT-170)
Information: Changed wire load model for 'fifo_mux_2_1_bw20_simd1' from '(none)' to 'ZeroWireload'. (OPT-170)
Information: Changed wire load model for 'fifo_mux_2_1_bw20_simd1' from '(none)' to 'ZeroWireload'. (OPT-170)
Information: Changed wire load model for 'fifo_mux_2_1_bw20_simd1' from '(none)' to 'ZeroWireload'. (OPT-170)
Information: Changed wire load model for 'fifo_mux_8_1_bw20_simd1' from '(none)' to 'ZeroWireload'. (OPT-170)
Information: Changed wire load model for 'fifo_mux_2_1_bw20_simd1' from '(none)' to 'ZeroWireload'. (OPT-170)
Information: Changed wire load model for 'fifo_mux_2_1_bw20_simd1' from '(none)' to 'ZeroWireload'. (OPT-170)
Information: Changed wire load model for 'fifo_mux_2_1_bw20_simd1' from '(none)' to 'ZeroWireload'. (OPT-170)
Information: Changed wire load model for 'fifo_mux_2_1_bw20_simd1' from '(none)' to 'ZeroWireload'. (OPT-170)
Information: Changed wire load model for 'fifo_mux_2_1_bw20_simd1' from '(none)' to 'ZeroWireload'. (OPT-170)
Information: Changed wire load model for 'fifo_mux_2_1_bw20_simd1' from '(none)' to 'ZeroWireload'. (OPT-170)
Information: Changed wire load model for 'fifo_mux_2_1_bw20_simd1' from '(none)' to 'ZeroWireload'. (OPT-170)
Information: Changed wire load model for 'fifo_mux_8_1_bw20_simd1' from '(none)' to 'ZeroWireload'. (OPT-170)
Information: Changed wire load model for 'fifo_mux_16_1_bw20_simd1' from '(none)' to 'ZeroWireload'. (OPT-170)
Information: Changed wire load model for 'fifo_depth16_bw20_simd1' from '(none)' to 'ZeroWireload'. (OPT-170)
Information: Changed wire load model for 'fifo_mux_2_1_bw20_simd1' from '(none)' to 'ZeroWireload'. (OPT-170)
Information: Changed wire load model for 'fifo_mux_2_1_bw20_simd1' from '(none)' to 'ZeroWireload'. (OPT-170)
Information: Changed wire load model for 'fifo_mux_2_1_bw20_simd1' from '(none)' to 'ZeroWireload'. (OPT-170)
Information: Changed wire load model for 'fifo_mux_2_1_bw20_simd1' from '(none)' to 'ZeroWireload'. (OPT-170)
Information: Changed wire load model for 'fifo_mux_2_1_bw20_simd1' from '(none)' to 'ZeroWireload'. (OPT-170)
Information: Changed wire load model for 'fifo_mux_2_1_bw20_simd1' from '(none)' to 'ZeroWireload'. (OPT-170)
Information: Changed wire load model for 'fifo_mux_2_1_bw20_simd1' from '(none)' to 'ZeroWireload'. (OPT-170)
Information: Changed wire load model for 'fifo_mux_2_1_bw20_simd1' from '(none)' to 'ZeroWireload'. (OPT-170)
Information: Changed wire load model for 'fifo_mux_8_1_bw20_simd1' from '(none)' to 'ZeroWireload'. (OPT-170)
Information: Changed wire load model for 'fifo_mux_2_1_bw20_simd1' from '(none)' to 'ZeroWireload'. (OPT-170)
Information: Changed wire load model for 'fifo_mux_2_1_bw20_simd1' from '(none)' to 'ZeroWireload'. (OPT-170)
Information: Changed wire load model for 'fifo_mux_2_1_bw20_simd1' from '(none)' to 'ZeroWireload'. (OPT-170)
Information: Changed wire load model for 'fifo_mux_2_1_bw20_simd1' from '(none)' to 'ZeroWireload'. (OPT-170)
Information: Changed wire load model for 'fifo_mux_2_1_bw20_simd1' from '(none)' to 'ZeroWireload'. (OPT-170)
Information: Changed wire load model for 'fifo_mux_2_1_bw20_simd1' from '(none)' to 'ZeroWireload'. (OPT-170)
Information: Changed wire load model for 'fifo_mux_2_1_bw20_simd1' from '(none)' to 'ZeroWireload'. (OPT-170)
Information: Changed wire load model for 'fifo_mux_8_1_bw20_simd1' from '(none)' to 'ZeroWireload'. (OPT-170)
Information: Changed wire load model for 'fifo_mux_16_1_bw20_simd1' from '(none)' to 'ZeroWireload'. (OPT-170)
Information: Changed wire load model for 'fifo_depth16_bw20_simd1' from '(none)' to 'ZeroWireload'. (OPT-170)
Information: Changed wire load model for 'fifo_mux_2_1_bw20_simd1' from '(none)' to 'ZeroWireload'. (OPT-170)
Information: Changed wire load model for 'fifo_mux_2_1_bw20_simd1' from '(none)' to 'ZeroWireload'. (OPT-170)
Information: Changed wire load model for 'fifo_mux_2_1_bw20_simd1' from '(none)' to 'ZeroWireload'. (OPT-170)
Information: Changed wire load model for 'fifo_mux_2_1_bw20_simd1' from '(none)' to 'ZeroWireload'. (OPT-170)
Information: Changed wire load model for 'fifo_mux_2_1_bw20_simd1' from '(none)' to 'ZeroWireload'. (OPT-170)
Information: Changed wire load model for 'fifo_mux_2_1_bw20_simd1' from '(none)' to 'ZeroWireload'. (OPT-170)
Information: Changed wire load model for 'fifo_mux_2_1_bw20_simd1' from '(none)' to 'ZeroWireload'. (OPT-170)
Information: Changed wire load model for 'fifo_mux_2_1_bw20_simd1' from '(none)' to 'ZeroWireload'. (OPT-170)
Information: Changed wire load model for 'fifo_mux_8_1_bw20_simd1' from '(none)' to 'ZeroWireload'. (OPT-170)
Information: Changed wire load model for 'fifo_mux_2_1_bw20_simd1' from '(none)' to 'ZeroWireload'. (OPT-170)
Information: Changed wire load model for 'fifo_mux_2_1_bw20_simd1' from '(none)' to 'ZeroWireload'. (OPT-170)
Information: Changed wire load model for 'fifo_mux_2_1_bw20_simd1' from '(none)' to 'ZeroWireload'. (OPT-170)
Information: Changed wire load model for 'fifo_mux_2_1_bw20_simd1' from '(none)' to 'ZeroWireload'. (OPT-170)
Information: Changed wire load model for 'fifo_mux_2_1_bw20_simd1' from '(none)' to 'ZeroWireload'. (OPT-170)
Information: Changed wire load model for 'fifo_mux_2_1_bw20_simd1' from '(none)' to 'ZeroWireload'. (OPT-170)
Information: Changed wire load model for 'fifo_mux_2_1_bw20_simd1' from '(none)' to 'ZeroWireload'. (OPT-170)
Information: Changed wire load model for 'fifo_mux_8_1_bw20_simd1' from '(none)' to 'ZeroWireload'. (OPT-170)
Information: Changed wire load model for 'fifo_mux_16_1_bw20_simd1' from '(none)' to 'ZeroWireload'. (OPT-170)
Information: Changed wire load model for 'fifo_depth16_bw20_simd1' from '(none)' to 'ZeroWireload'. (OPT-170)
Information: Changed wire load model for 'fifo_mux_2_1_bw20_simd1' from '(none)' to 'ZeroWireload'. (OPT-170)
Information: Changed wire load model for 'fifo_mux_2_1_bw20_simd1' from '(none)' to 'ZeroWireload'. (OPT-170)
Information: Changed wire load model for 'fifo_mux_2_1_bw20_simd1' from '(none)' to 'ZeroWireload'. (OPT-170)
Information: Changed wire load model for 'fifo_mux_2_1_bw20_simd1' from '(none)' to 'ZeroWireload'. (OPT-170)
Information: Changed wire load model for 'fifo_mux_2_1_bw20_simd1' from '(none)' to 'ZeroWireload'. (OPT-170)
Information: Changed wire load model for 'fifo_mux_2_1_bw20_simd1' from '(none)' to 'ZeroWireload'. (OPT-170)
Information: Changed wire load model for 'fifo_mux_2_1_bw20_simd1' from '(none)' to 'ZeroWireload'. (OPT-170)
Information: Changed wire load model for 'fifo_mux_2_1_bw20_simd1' from '(none)' to 'ZeroWireload'. (OPT-170)
Information: Changed wire load model for 'fifo_mux_8_1_bw20_simd1' from '(none)' to 'ZeroWireload'. (OPT-170)
Information: Changed wire load model for 'fifo_mux_2_1_bw20_simd1' from '(none)' to 'ZeroWireload'. (OPT-170)
Information: Changed wire load model for 'fifo_mux_2_1_bw20_simd1' from '(none)' to 'ZeroWireload'. (OPT-170)
Information: Changed wire load model for 'fifo_mux_2_1_bw20_simd1' from '(none)' to 'ZeroWireload'. (OPT-170)
Information: Changed wire load model for 'fifo_mux_2_1_bw20_simd1' from '(none)' to 'ZeroWireload'. (OPT-170)
Information: Changed wire load model for 'fifo_mux_2_1_bw20_simd1' from '(none)' to 'ZeroWireload'. (OPT-170)
Information: Changed wire load model for 'fifo_mux_2_1_bw20_simd1' from '(none)' to 'ZeroWireload'. (OPT-170)
Information: Changed wire load model for 'fifo_mux_2_1_bw20_simd1' from '(none)' to 'ZeroWireload'. (OPT-170)
Information: Changed wire load model for 'fifo_mux_8_1_bw20_simd1' from '(none)' to 'ZeroWireload'. (OPT-170)
Information: Changed wire load model for 'fifo_mux_16_1_bw20_simd1' from '(none)' to 'ZeroWireload'. (OPT-170)
Information: Changed wire load model for 'fifo_depth16_bw20_simd1' from '(none)' to 'ZeroWireload'. (OPT-170)
Information: Changed wire load model for 'fifo_mux_2_1_bw20_simd1' from '(none)' to 'ZeroWireload'. (OPT-170)
Information: Changed wire load model for 'fifo_mux_2_1_bw20_simd1' from '(none)' to 'ZeroWireload'. (OPT-170)
Information: Changed wire load model for 'fifo_mux_2_1_bw20_simd1' from '(none)' to 'ZeroWireload'. (OPT-170)
Information: Changed wire load model for 'fifo_mux_2_1_bw20_simd1' from '(none)' to 'ZeroWireload'. (OPT-170)
Information: Changed wire load model for 'fifo_mux_2_1_bw20_simd1' from '(none)' to 'ZeroWireload'. (OPT-170)
Information: Changed wire load model for 'fifo_mux_2_1_bw20_simd1' from '(none)' to 'ZeroWireload'. (OPT-170)
Information: Changed wire load model for 'fifo_mux_2_1_bw20_simd1' from '(none)' to 'ZeroWireload'. (OPT-170)
Information: Changed wire load model for 'fifo_mux_2_1_bw20_simd1' from '(none)' to 'ZeroWireload'. (OPT-170)
Information: Changed wire load model for 'fifo_mux_8_1_bw20_simd1' from '(none)' to 'ZeroWireload'. (OPT-170)
Information: Changed wire load model for 'fifo_mux_2_1_bw20_simd1' from '(none)' to 'ZeroWireload'. (OPT-170)
Information: Changed wire load model for 'fifo_mux_2_1_bw20_simd1' from '(none)' to 'ZeroWireload'. (OPT-170)
Information: Changed wire load model for 'fifo_mux_2_1_bw20_simd1' from '(none)' to 'ZeroWireload'. (OPT-170)
Information: Changed wire load model for 'fifo_mux_2_1_bw20_simd1' from '(none)' to 'ZeroWireload'. (OPT-170)
Information: Changed wire load model for 'fifo_mux_2_1_bw20_simd1' from '(none)' to 'ZeroWireload'. (OPT-170)
Information: Changed wire load model for 'fifo_mux_2_1_bw20_simd1' from '(none)' to 'ZeroWireload'. (OPT-170)
Information: Changed wire load model for 'fifo_mux_2_1_bw20_simd1' from '(none)' to 'ZeroWireload'. (OPT-170)
Information: Changed wire load model for 'fifo_mux_8_1_bw20_simd1' from '(none)' to 'ZeroWireload'. (OPT-170)
Information: Changed wire load model for 'fifo_mux_16_1_bw20_simd1' from '(none)' to 'ZeroWireload'. (OPT-170)
Information: Changed wire load model for 'fifo_depth16_bw20_simd1' from '(none)' to 'ZeroWireload'. (OPT-170)
Information: Changed wire load model for 'ofifo_col8_bw20' from '(none)' to 'ZeroWireload'. (OPT-170)
Information: Changed wire load model for 'mac_8in_bw8_bw_psum20_pr8' from '(none)' to 'ZeroWireload'. (OPT-170)
Information: Changed wire load model for 'mac_col_bw8_bw_psum20_pr8_col_id8' from '(none)' to 'ZeroWireload'. (OPT-170)
Information: Changed wire load model for 'mac_8in_bw8_bw_psum20_pr8' from '(none)' to 'ZeroWireload'. (OPT-170)
Information: Changed wire load model for 'mac_col_bw8_bw_psum20_pr8_col_id7' from '(none)' to 'ZeroWireload'. (OPT-170)
Information: Changed wire load model for 'mac_8in_bw8_bw_psum20_pr8' from '(none)' to 'ZeroWireload'. (OPT-170)
Information: Changed wire load model for 'mac_col_bw8_bw_psum20_pr8_col_id6' from '(none)' to 'ZeroWireload'. (OPT-170)
Information: Changed wire load model for 'mac_8in_bw8_bw_psum20_pr8' from '(none)' to 'ZeroWireload'. (OPT-170)
Information: Changed wire load model for 'mac_col_bw8_bw_psum20_pr8_col_id5' from '(none)' to 'ZeroWireload'. (OPT-170)
Information: Changed wire load model for 'mac_8in_bw8_bw_psum20_pr8' from '(none)' to 'ZeroWireload'. (OPT-170)
Information: Changed wire load model for 'mac_col_bw8_bw_psum20_pr8_col_id4' from '(none)' to 'ZeroWireload'. (OPT-170)
Information: Changed wire load model for 'mac_8in_bw8_bw_psum20_pr8' from '(none)' to 'ZeroWireload'. (OPT-170)
Information: Changed wire load model for 'mac_col_bw8_bw_psum20_pr8_col_id3' from '(none)' to 'ZeroWireload'. (OPT-170)
Information: Changed wire load model for 'mac_8in_bw8_bw_psum20_pr8' from '(none)' to 'ZeroWireload'. (OPT-170)
Information: Changed wire load model for 'mac_col_bw8_bw_psum20_pr8_col_id2' from '(none)' to 'ZeroWireload'. (OPT-170)
Information: Changed wire load model for 'mac_8in_bw8_bw_psum20_pr8' from '(none)' to 'ZeroWireload'. (OPT-170)
Information: Changed wire load model for 'mac_col_bw8_bw_psum20_pr8_col_id1' from '(none)' to 'ZeroWireload'. (OPT-170)
Information: Changed wire load model for 'mac_array_col8_bw8_bw_psum20_pr8' from '(none)' to 'ZeroWireload'. (OPT-170)
Information: Updating graph... (UID-83)
Warning: Design 'core' contains 12 high-fanout nets. A fanout number of 1000 will be used for delay calculations involving these nets. (TIM-134)
Warning: The -timing_high_effort_script option is ignored.  (OPT-1342)
Information: Performing power optimization. (PWR-850)
Alib files are up-to-date.
Loading db file '/software/nonrdist64/dc-2015.06-64/libraries/syn/dw_foundation.sldb'
Warning: DesignWare synthetic library dw_foundation.sldb is added to the synthetic_library in the current command. (UISN-40)
Information: Evaluating DesignWare library utilization. (UISN-27)

============================================================================
| DesignWare Building Block Library  |         Version         | Available |
============================================================================
| Basic DW Building Blocks           | K-2015.06-DWBB_201506.2 |     *     |
| Licensed DW Building Blocks        | K-2015.06-DWBB_201506.2 |     *     |
============================================================================

Information: Retiming is enabled. SVF file must be used for formal verification. (OPT-1210)

Information: There are 48 potential problems in your design. Please run 'check_design' for more information. (LINT-99)

  Simplifying Design 'core'

Loaded alib file './alib-52/tcbn65gplustc.db.alib'
Information: State dependent leakage is now switched from on to off.

  Beginning Pass 1 Mapping
  ------------------------
  Processing 'core'
Information: Added key list 'DesignWare' to design 'core'. (DDB-72)
 Implement Synthetic for 'core'.

  Updating timing information
Information: Updating design information... (UID-85)
Information: The library cell 'TIEL' in the library 'tcbn65gplustc' is not characterized for internal power. (PWR-536)
Information: The library cell 'TIEH' in the library 'tcbn65gplustc' is not characterized for internal power. (PWR-536)
Information: The target library(s) contains cell(s), other than black boxes, that are not characterized for internal power. (PWR-24)

  Beginning Mapping Optimizations  (Ultra High effort)
  -------------------------------
  Mapping Optimization (Phase 1)

  Beginning Constant Register Removal
  -----------------------------------

  Beginning Global Optimizations
  ------------------------------
  Numerical Synthesis (Phase 1)
  Numerical Synthesis (Phase 2)
  Global Optimization (Phase 1)
  Global Optimization (Phase 2)
  Global Optimization (Phase 3)
  Global Optimization (Phase 4)
  Global Optimization (Phase 5)
  Global Optimization (Phase 6)
  Global Optimization (Phase 7)
  Global Optimization (Phase 8)
  Global Optimization (Phase 9)
  Global Optimization (Phase 10)
  Global Optimization (Phase 11)
  Global Optimization (Phase 12)
  Global Optimization (Phase 13)
  Global Optimization (Phase 14)
  Global Optimization (Phase 15)
  Global Optimization (Phase 16)
  Global Optimization (Phase 17)
  Global Optimization (Phase 18)
  Global Optimization (Phase 19)
  Global Optimization (Phase 20)
  Global Optimization (Phase 21)
  Global Optimization (Phase 22)
  Global Optimization (Phase 23)
  Global Optimization (Phase 24)
  Global Optimization (Phase 25)
  Global Optimization (Phase 26)
  Global Optimization (Phase 27)
  Global Optimization (Phase 28)
  Global Optimization (Phase 29)
  Global Optimization (Phase 30)
  Global Optimization (Phase 31)
  Global Optimization (Phase 32)

  Beginning Isolate Ports
  -----------------------

  Beginning Delay Optimization
  ----------------------------

                                  TOTAL                                                            
   ELAPSED            WORST NEG   SETUP    DESIGN                              LEAKAGE   MIN DELAY 
    TIME      AREA      SLACK     COST    RULE COST         ENDPOINT            POWER      COST    
  --------- --------- --------- --------- --------- ------------------------- --------- -----------
    0:01:42  127382.8      0.00       0.0       3.1                           662747.1250      0.00  
    0:01:42  127382.8      0.00       0.0       3.1                           662747.1250      0.00  
    0:01:42  127382.8      0.00       0.0       3.1                           662747.1250      0.00  
    0:01:42  127382.8      0.00       0.0       3.1                           662747.1250      0.00  

  Beginning WLM Backend Optimization
  --------------------------------------
    0:01:52  127064.9      0.00       0.0       2.2                           656434.0000      0.00  
    0:01:59  127064.9      0.00       0.0       0.6                           603584.4375      0.00  
    0:01:59  127064.9      0.00       0.0       0.6                           603584.4375      0.00  
    0:01:59  127064.9      0.00       0.0       0.6                           603584.4375      0.00  
    0:01:59  127064.9      0.00       0.0       0.6                           603584.4375      0.00  
    0:01:59  127064.9      0.00       0.0       0.6                           603584.4375      0.00  
    0:01:59  127064.9      0.00       0.0       0.6                           603584.4375      0.00  
    0:01:59  127064.9      0.00       0.0       0.6                           603584.4375      0.00  
    0:01:59  127064.9      0.00       0.0       0.6                           603584.4375      0.00  
    0:01:59  127064.9      0.00       0.0       0.6                           603584.4375      0.00  
    0:01:59  127064.9      0.00       0.0       0.6                           603584.4375      0.00  
    0:01:59  127064.9      0.00       0.0       0.6                           603584.4375      0.00  
    0:01:59  127064.9      0.00       0.0       0.6                           603584.4375      0.00  
    0:01:59  127064.9      0.00       0.0       0.6                           603584.4375      0.00  
    0:01:59  127064.9      0.00       0.0       0.6                           603584.4375      0.00  
    0:01:59  127064.9      0.00       0.0       0.6                           603584.4375      0.00  
    0:01:59  127064.9      0.00       0.0       0.6                           603584.4375      0.00  
    0:01:59  127064.9      0.00       0.0       0.6                           603584.4375      0.00  
    0:01:59  127064.9      0.00       0.0       0.6                           603584.4375      0.00  
    0:01:59  127064.9      0.00       0.0       0.6                           603584.4375      0.00  


  Beginning Design Rule Fixing  (max_transition)  (max_capacitance)
  ----------------------------

                                  TOTAL                                                            
   ELAPSED            WORST NEG   SETUP    DESIGN                              LEAKAGE   MIN DELAY 
    TIME      AREA      SLACK     COST    RULE COST         ENDPOINT            POWER      COST    
  --------- --------- --------- --------- --------- ------------------------- --------- -----------
    0:01:59  127064.9      0.00       0.0       0.6                           603584.4375      0.00  
  Global Optimization (Phase 33)
  Global Optimization (Phase 34)
  Global Optimization (Phase 35)
    0:02:00  127078.9      0.00       0.0       0.0                           603659.0000      0.00  
    0:02:00  127078.9      0.00       0.0       0.0                           603659.0000      0.00  


  Beginning Leakage Power Optimization  (max_leakage_power 0)
  ------------------------------------

                                  TOTAL                                                            
   ELAPSED            WORST NEG   SETUP    DESIGN                              LEAKAGE   MIN DELAY 
    TIME      AREA      SLACK     COST    RULE COST         ENDPOINT            POWER      COST    
  --------- --------- --------- --------- --------- ------------------------- --------- -----------
    0:02:00  127078.9      0.00       0.0       0.0                           603659.0000      0.00  
  Global Optimization (Phase 36)
  Global Optimization (Phase 37)
  Global Optimization (Phase 38)
  Global Optimization (Phase 39)
  Global Optimization (Phase 40)
  Global Optimization (Phase 41)
  Global Optimization (Phase 42)
  Global Optimization (Phase 43)
  Global Optimization (Phase 44)
  Global Optimization (Phase 45)
  Global Optimization (Phase 46)
  Global Optimization (Phase 47)
    0:02:05  126992.2      0.00       0.0       0.9                           597655.7500      0.00  
    0:02:05  126992.2      0.00       0.0       0.9                           597655.7500      0.00  
    0:02:05  126992.2      0.00       0.0       0.9                           597655.7500      0.00  
    0:02:07  126976.0      0.00       0.0       0.9                           597492.1250      0.00  
    0:02:07  126976.0      0.00       0.0       0.9                           597492.1250      0.00  
    0:02:07  126976.0      0.00       0.0       0.9                           597492.1250      0.00  
    0:02:07  126976.0      0.00       0.0       0.9                           597492.1250      0.00  
    0:02:07  126976.0      0.00       0.0       0.9                           597492.1250      0.00  
    0:02:07  126976.0      0.00       0.0       0.9                           597492.1250      0.00  
    0:02:07  126976.0      0.00       0.0       0.9                           597492.1250      0.00  
    0:02:07  126976.0      0.00       0.0       0.9                           597492.1250      0.00  
    0:02:07  126976.0      0.00       0.0       0.9                           597492.1250      0.00  
    0:02:07  126976.0      0.00       0.0       0.9                           597492.1250      0.00  
    0:02:07  126976.0      0.00       0.0       0.9                           597492.1250      0.00  
    0:02:07  126976.0      0.00       0.0       0.9                           597492.1250      0.00  
    0:02:07  126976.0      0.00       0.0       0.9                           597492.1250      0.00  
    0:02:07  126976.0      0.00       0.0       0.9                           597492.1250      0.00  
    0:02:07  126976.0      0.00       0.0       0.9                           597492.1250      0.00  
    0:02:07  126976.0      0.00       0.0       0.9                           597492.1250      0.00  
    0:02:07  126976.0      0.00       0.0       0.9                           597492.1250      0.00  
    0:02:07  126976.0      0.00       0.0       0.9                           597492.1250      0.00  
    0:02:07  126976.0      0.00       0.0       0.9                           597492.1250      0.00  
    0:02:07  127010.5      0.00       0.0       0.0                           597900.4375      0.00  

                                  TOTAL                                                            
   ELAPSED            WORST NEG   SETUP    DESIGN                              LEAKAGE   MIN DELAY 
    TIME      AREA      SLACK     COST    RULE COST         ENDPOINT            POWER      COST    
  --------- --------- --------- --------- --------- ------------------------- --------- -----------
    0:02:07  127010.5      0.00       0.0       0.0                           597900.4375      0.00  
    0:02:10  126957.6      0.00       0.0       0.0                           597762.0625      0.00  
    0:02:10  126957.6      0.00       0.0       0.0                           597762.0625      0.00  
    0:02:10  126957.6      0.00       0.0       0.0                           597762.0625      0.00  
    0:02:12  126943.2      0.00       0.0       0.0                           597529.8750      0.00  
    0:02:13  126943.2      0.00       0.0       0.0                           597526.9375      0.00  
    0:02:13  126943.2      0.00       0.0       0.0                           597526.9375      0.00  
    0:02:13  126943.2      0.00       0.0       0.0                           597526.9375      0.00  
    0:02:13  126943.2      0.00       0.0       0.0                           597526.9375      0.00  
Loading db file '/home/linux/ieng6/ee260bwi25/public/PDKdata/db/tcbn65gplustc.db'


Note: Symbol # after min delay cost means estimated hold TNS across all active scenarios 


  Optimization Complete
  ---------------------
Warning: Design 'core' contains 1 high-fanout nets. A fanout number of 1000 will be used for delay calculations involving these nets. (TIM-134)
     Net 'clk': 8353 load(s), 1 driver(s)
Information: State dependent leakage is now switched from off to on.
Information: Propagating switching activity (low effort zero delay simulation). (PWR-6)
Current design is 'core'.
Writing verilog file '/home/linux/ieng6/ee260bwi25/zhbian/1D-Vector-based-NPU/SingleCore_withoutSFP/syn/core.out.v'.
run.scr completed successfully
