Warning: You requested 8 cores. However, load on host ieng6-ece-13.ucsd.edu is 6.21. Tool will ignore the request and use 2 cores. (UIO-231)
Warning: Detected use of obsolete/unsupported feature.  The following
Warning: Design rule attributes from the driving cell will be
Warning: Design rule attributes from the driving cell will be
Warning: Design rule attributes from the driving cell will be
Warning: Design rule attributes from the driving cell will be
Warning: Design rule attributes from the driving cell will be
Warning: Design rule attributes from the driving cell will be
Warning: Design rule attributes from the driving cell will be
Warning: Design rule attributes from the driving cell will be
Warning: Design rule attributes from the driving cell will be
Warning: Design rule attributes from the driving cell will be
Warning: Design rule attributes from the driving cell will be
Warning: Design rule attributes from the driving cell will be
Warning: Design rule attributes from the driving cell will be
Warning: Design rule attributes from the driving cell will be
Warning: Design rule attributes from the driving cell will be
Warning: Design rule attributes from the driving cell will be
Warning: Design rule attributes from the driving cell will be
Warning: Design rule attributes from the driving cell will be
Warning: Design rule attributes from the driving cell will be
Warning: Design rule attributes from the driving cell will be
Warning: Design rule attributes from the driving cell will be
Warning: Design rule attributes from the driving cell will be
Warning: Design rule attributes from the driving cell will be
Warning: Design rule attributes from the driving cell will be
Warning: Design rule attributes from the driving cell will be
Warning: Design rule attributes from the driving cell will be
Warning: Design rule attributes from the driving cell will be
Warning: Design rule attributes from the driving cell will be
Warning: Design rule attributes from the driving cell will be
Warning: Design rule attributes from the driving cell will be
Warning: Design rule attributes from the driving cell will be
Warning: Design rule attributes from the driving cell will be
Warning: Design rule attributes from the driving cell will be
Warning: Design rule attributes from the driving cell will be
Warning: Design rule attributes from the driving cell will be
Warning: Design rule attributes from the driving cell will be
Warning: Design rule attributes from the driving cell will be
Warning: Design rule attributes from the driving cell will be
Warning: Design rule attributes from the driving cell will be
Warning: Design rule attributes from the driving cell will be
Warning: Design rule attributes from the driving cell will be
Warning: Design rule attributes from the driving cell will be
Warning: Design rule attributes from the driving cell will be
Warning: Design rule attributes from the driving cell will be
Warning: Design rule attributes from the driving cell will be
Warning: Design rule attributes from the driving cell will be
Warning: Design rule attributes from the driving cell will be
Warning: Design rule attributes from the driving cell will be
Warning: Design rule attributes from the driving cell will be
Warning: Design rule attributes from the driving cell will be
Warning: Design rule attributes from the driving cell will be
Warning: Design rule attributes from the driving cell will be
Warning: Design rule attributes from the driving cell will be
Warning: Design rule attributes from the driving cell will be
Warning: Design rule attributes from the driving cell will be
Warning: Design rule attributes from the driving cell will be
Warning: Design rule attributes from the driving cell will be
Warning: Design rule attributes from the driving cell will be
Warning: Design rule attributes from the driving cell will be
Warning: Design rule attributes from the driving cell will be
Warning: Design rule attributes from the driving cell will be
Warning: Design rule attributes from the driving cell will be
Warning: Design rule attributes from the driving cell will be
Warning: Design rule attributes from the driving cell will be
Warning: Design rule attributes from the driving cell will be
Warning: Design rule attributes from the driving cell will be
Warning: Design rule attributes from the driving cell will be
Warning: Design rule attributes from the driving cell will be
Warning: Design rule attributes from the driving cell will be
Warning: Design rule attributes from the driving cell will be
Warning: Design rule attributes from the driving cell will be
Warning: Design rule attributes from the driving cell will be
Warning: Design rule attributes from the driving cell will be
Warning: Design rule attributes from the driving cell will be
Warning: Design rule attributes from the driving cell will be
Warning: Design rule attributes from the driving cell will be
Warning: Design rule attributes from the driving cell will be
Warning: Design rule attributes from the driving cell will be
Warning: Design rule attributes from the driving cell will be
Warning: Design rule attributes from the driving cell will be
Warning: Design rule attributes from the driving cell will be
Warning: Design rule attributes from the driving cell will be
Warning: Design rule attributes from the driving cell will be
Warning: Design 'core' contains 12 high-fanout nets. A fanout number of 1000 will be used for delay calculations involving these nets. (TIM-134)
Warning: The -timing_high_effort_script option is ignored.  (OPT-1342)
Warning: DesignWare synthetic library dw_foundation.sldb is added to the synthetic_library in the current command. (UISN-40)
Warning: Design 'core' contains 1 high-fanout nets. A fanout number of 1000 will be used for delay calculations involving these nets. (TIM-134)
