###############################################################
#  Generated by:      Cadence Innovus 15.23-s045_1
#  OS:                Linux x86_64(Host ID ieng6-ece-13.ucsd.edu)
#  Generated on:      Thu Mar 20 14:19:56 2025
#  Design:            sram_w16_in
#  Command:           verifyConnectivity
###############################################################
Verify Connectivity Report is created on Thu Mar 20 14:19:56 2025



Net VDD: dangling Wire at (310.000, 71.200) (310.000, 71.200) on layer: M1
Net VDD: dangling Wire at (310.000, 64.000) (310.000, 64.000) on layer: M1
Net VDD: dangling Wire at (310.000, 100.000) (310.000, 100.000) on layer: M1
Net VDD: dangling Wire at (310.000, 89.200) (310.000, 89.200) on layer: M1
Net VDD: dangling Wire at (310.000, 85.600) (310.000, 85.600) on layer: M1
Net VDD: dangling Wire at (310.000, 82.000) (310.000, 82.000) on layer: M1
Net VDD: dangling Wire at (310.000, 56.800) (310.000, 56.800) on layer: M1
Net VDD: dangling Wire at (310.000, 53.200) (310.000, 53.200) on layer: M1
Net VDD: dangling Wire at (310.000, 46.000) (310.000, 46.000) on layer: M1
Net VDD: dangling Wire at (310.000, 24.400) (310.000, 24.400) on layer: M1
Net VDD: dangling Wire at (310.000, 28.000) (310.000, 28.000) on layer: M1
Net VDD: dangling Wire at (310.000, 31.600) (310.000, 31.600) on layer: M1
Net VDD: dangling Wire at (310.000, 35.200) (310.000, 35.200) on layer: M1
Net VDD: dangling Wire at (299.425, 110.000) (299.425, 110.000) on layer: M4
Net VDD: dangling Wire at (284.850, 110.000) (284.850, 110.000) on layer: M4
Net VDD: dangling Wire at (270.275, 110.000) (270.275, 110.000) on layer: M4
Net VDD: dangling Wire at (255.700, 110.000) (255.700, 110.000) on layer: M4
Net VDD: dangling Wire at (241.125, 110.000) (241.125, 110.000) on layer: M4
Net VDD: dangling Wire at (226.550, 110.000) (226.550, 110.000) on layer: M4
Net VDD: dangling Wire at (211.975, 110.000) (211.975, 110.000) on layer: M4
Net VDD: dangling Wire at (197.400, 110.000) (197.400, 110.000) on layer: M4
Net VDD: dangling Wire at (182.825, 110.000) (182.825, 110.000) on layer: M4
Net VDD: dangling Wire at (168.250, 110.000) (168.250, 110.000) on layer: M4
Net VDD: dangling Wire at (22.500, 110.000) (22.500, 110.000) on layer: M4
Net VDD: dangling Wire at (37.075, 110.000) (37.075, 110.000) on layer: M4
Net VDD: dangling Wire at (51.650, 110.000) (51.650, 110.000) on layer: M4
Net VDD: dangling Wire at (66.225, 110.000) (66.225, 110.000) on layer: M4
Net VDD: dangling Wire at (80.800, 110.000) (80.800, 110.000) on layer: M4
Net VDD: dangling Wire at (95.375, 110.000) (95.375, 110.000) on layer: M4
Net VDD: dangling Wire at (109.950, 110.000) (109.950, 110.000) on layer: M4
Net VDD: dangling Wire at (124.525, 110.000) (124.525, 110.000) on layer: M4
Net VDD: dangling Wire at (139.100, 110.000) (139.100, 110.000) on layer: M4
Net VDD: dangling Wire at (153.675, 110.000) (153.675, 110.000) on layer: M4
Net VSS: dangling Wire at (310.000, 69.400) (310.000, 69.400) on layer: M1
Net VSS: dangling Wire at (310.000, 101.800) (310.000, 101.800) on layer: M1
Net VSS: dangling Wire at (310.000, 94.600) (310.000, 94.600) on layer: M1
Net VSS: dangling Wire at (310.000, 87.400) (310.000, 87.400) on layer: M1
Net VSS: dangling Wire at (310.000, 83.800) (310.000, 83.800) on layer: M1
Net VSS: dangling Wire at (310.000, 55.000) (310.000, 55.000) on layer: M1
Net VSS: dangling Wire at (310.000, 22.600) (310.000, 22.600) on layer: M1
Net VSS: dangling Wire at (310.000, 26.200) (310.000, 26.200) on layer: M1
Net VSS: dangling Wire at (310.000, 29.800) (310.000, 29.800) on layer: M1
Net VSS: dangling Wire at (310.000, 33.400) (310.000, 33.400) on layer: M1
Net VSS: dangling Wire at (310.000, 44.200) (310.000, 44.200) on layer: M1
Net VSS: dangling Wire at (166.250, 10.000) (166.250, 10.000) on layer: M4
Net VSS: dangling Wire at (166.250, 110.000) (166.250, 110.000) on layer: M4
Net VSS: dangling Wire at (180.825, 10.000) (180.825, 10.000) on layer: M4
Net VSS: dangling Wire at (180.825, 110.000) (180.825, 110.000) on layer: M4
Net VSS: dangling Wire at (195.400, 10.000) (195.400, 10.000) on layer: M4
Net VSS: dangling Wire at (195.400, 110.000) (195.400, 110.000) on layer: M4
Net VSS: dangling Wire at (209.975, 10.000) (209.975, 10.000) on layer: M4
Net VSS: dangling Wire at (209.975, 110.000) (209.975, 110.000) on layer: M4
Net VSS: dangling Wire at (224.550, 10.000) (224.550, 10.000) on layer: M4
Net VSS: dangling Wire at (224.550, 110.000) (224.550, 110.000) on layer: M4
Net VSS: dangling Wire at (239.125, 10.000) (239.125, 10.000) on layer: M4
Net VSS: dangling Wire at (239.125, 110.000) (239.125, 110.000) on layer: M4
Net VSS: dangling Wire at (253.700, 10.000) (253.700, 10.000) on layer: M4
Net VSS: dangling Wire at (253.700, 110.000) (253.700, 110.000) on layer: M4
Net VSS: dangling Wire at (268.275, 10.000) (268.275, 10.000) on layer: M4
Net VSS: dangling Wire at (268.275, 110.000) (268.275, 110.000) on layer: M4
Net VSS: dangling Wire at (282.850, 10.000) (282.850, 10.000) on layer: M4
Net VSS: dangling Wire at (282.850, 110.000) (282.850, 110.000) on layer: M4
Net VSS: dangling Wire at (297.425, 10.000) (297.425, 10.000) on layer: M4
Net VSS: dangling Wire at (297.425, 110.000) (297.425, 110.000) on layer: M4
Net VSS: dangling Wire at (20.500, 10.000) (20.500, 10.000) on layer: M4
Net VSS: dangling Wire at (20.500, 110.000) (20.500, 110.000) on layer: M4
Net VSS: dangling Wire at (35.075, 10.000) (35.075, 10.000) on layer: M4
Net VSS: dangling Wire at (35.075, 110.000) (35.075, 110.000) on layer: M4
Net VSS: dangling Wire at (49.650, 10.000) (49.650, 10.000) on layer: M4
Net VSS: dangling Wire at (49.650, 110.000) (49.650, 110.000) on layer: M4
Net VSS: dangling Wire at (64.225, 10.000) (64.225, 10.000) on layer: M4
Net VSS: dangling Wire at (64.225, 110.000) (64.225, 110.000) on layer: M4
Net VSS: dangling Wire at (78.800, 10.000) (78.800, 10.000) on layer: M4
Net VSS: dangling Wire at (78.800, 110.000) (78.800, 110.000) on layer: M4
Net VSS: dangling Wire at (93.375, 10.000) (93.375, 10.000) on layer: M4
Net VSS: dangling Wire at (93.375, 110.000) (93.375, 110.000) on layer: M4
Net VSS: dangling Wire at (107.950, 10.000) (107.950, 10.000) on layer: M4
Net VSS: dangling Wire at (107.950, 110.000) (107.950, 110.000) on layer: M4
Net VSS: dangling Wire at (122.525, 10.000) (122.525, 10.000) on layer: M4
Net VSS: dangling Wire at (122.525, 110.000) (122.525, 110.000) on layer: M4
Net VSS: dangling Wire at (137.100, 10.000) (137.100, 10.000) on layer: M4
Net VSS: dangling Wire at (137.100, 110.000) (137.100, 110.000) on layer: M4
Net VSS: dangling Wire at (151.675, 10.000) (151.675, 10.000) on layer: M4
Net VSS: dangling Wire at (151.675, 110.000) (151.675, 110.000) on layer: M4

Begin Summary
    84 Problem(s) (IMPVFC-94): The net has dangling wire(s).
    84 total info(s) created.
End Summary
