Information: Variable 'hdlin_enable_vpp' is obsolete and is being ignored. (INFO-100)
Running PRESTO HDLC
Compiling source file ./verilog/sram_w16.v
Presto compilation completed successfully.
Loading db file '/home/linux/ieng6/ee260bwi25/public/PDKdata/db/tcbn65gplustc.db'
Warning: Detected use of obsolete/unsupported feature.  The following
	will not be available in a future release of the application:
	elaborate -update. Use plain elaborate instead (CMD-100)
Loading db file '/software/nonrdist64/dc-2015.06-64/libraries/syn/gtech.db'
Loading db file '/software/nonrdist64/dc-2015.06-64/libraries/syn/standard.sldb'
  Loading link library 'tcbn65gplustc'
  Loading link library 'gtech'
Running PRESTO HDLC

Statistics for case statements in always block at line 48 in file
	'./verilog/sram_w16.v'
===============================================
|           Line           |  full/ parallel  |
===============================================
|            51            |    auto/auto     |
|            72            |    auto/auto     |
===============================================

Inferred memory devices in process
	in routine sram_w16 line 48 in file
		'./verilog/sram_w16.v'.
===============================================================================
|    Register Name    |   Type    | Width | Bus | MB | AR | AS | SR | SS | ST |
===============================================================================
|    memory12_reg     | Flip-flop |  128  |  Y  | N  | N  | N  | N  | N  | N  |
|    memory10_reg     | Flip-flop |  128  |  Y  | N  | N  | N  | N  | N  | N  |
|    memory11_reg     | Flip-flop |  128  |  Y  | N  | N  | N  | N  | N  | N  |
|    memory13_reg     | Flip-flop |  128  |  Y  | N  | N  | N  | N  | N  | N  |
|    memory14_reg     | Flip-flop |  128  |  Y  | N  | N  | N  | N  | N  | N  |
|        Q_reg        | Flip-flop |  128  |  Y  | N  | N  | N  | N  | N  | N  |
|    memory15_reg     | Flip-flop |  128  |  Y  | N  | N  | N  | N  | N  | N  |
|     memory0_reg     | Flip-flop |  128  |  Y  | N  | N  | N  | N  | N  | N  |
|     memory1_reg     | Flip-flop |  128  |  Y  | N  | N  | N  | N  | N  | N  |
|     memory2_reg     | Flip-flop |  128  |  Y  | N  | N  | N  | N  | N  | N  |
|     memory3_reg     | Flip-flop |  128  |  Y  | N  | N  | N  | N  | N  | N  |
|     memory4_reg     | Flip-flop |  128  |  Y  | N  | N  | N  | N  | N  | N  |
|     memory5_reg     | Flip-flop |  128  |  Y  | N  | N  | N  | N  | N  | N  |
|     memory6_reg     | Flip-flop |  128  |  Y  | N  | N  | N  | N  | N  | N  |
|     memory7_reg     | Flip-flop |  128  |  Y  | N  | N  | N  | N  | N  | N  |
|     memory8_reg     | Flip-flop |  128  |  Y  | N  | N  | N  | N  | N  | N  |
|     memory9_reg     | Flip-flop |  128  |  Y  | N  | N  | N  | N  | N  | N  |
===============================================================================
Presto compilation completed successfully.
Elaborated 1 design.
Current design is now 'sram_w16'.
Current design is 'sram_w16'.

  Linking design 'sram_w16'
  Using the following designs and libraries:
  --------------------------------------------------------------------------
  sram_w16                    /home/linux/ieng6/ee260bwi25/zhbian/1D-Vector-based-NPU/singleCore_SFP/sram/syn/sram_w16.db
  tcbn65gplustc (library)     /home/linux/ieng6/ee260bwi25/public/PDKdata/db/tcbn65gplustc.db


Reading SDC version 2.0...
Warning: Can't find port 'clk' in design 'sram_w16'. (UID-95)
Error: Value for list 'source_objects' must have 1 elements. (CMD-036)
Warning: Can't find clock 'clk' in design 'sram_w16'. (UID-95)
Error: Value for list '-clock' must have 1 elements. (CMD-036)
Warning: Can't find clock 'clk' in design 'sram_w16'. (UID-95)
Error: Value for list '-clock' must have 1 elements. (CMD-036)
Current design is 'sram_w16'.
Error: Value for list '<clock_list>' must have 1 elements. (CMD-036)
Warning: Design rule attributes from the driving cell will be
	set on the port. (UID-401)
Warning: Design rule attributes from the driving cell will be
	set on the port. (UID-401)
Warning: Design rule attributes from the driving cell will be
	set on the port. (UID-401)
Warning: Design rule attributes from the driving cell will be
	set on the port. (UID-401)
Warning: Design rule attributes from the driving cell will be
	set on the port. (UID-401)
Warning: Design rule attributes from the driving cell will be
	set on the port. (UID-401)
Warning: Design rule attributes from the driving cell will be
	set on the port. (UID-401)
Warning: Design rule attributes from the driving cell will be
	set on the port. (UID-401)
Warning: Design rule attributes from the driving cell will be
	set on the port. (UID-401)
Warning: Design rule attributes from the driving cell will be
	set on the port. (UID-401)
Warning: Design rule attributes from the driving cell will be
	set on the port. (UID-401)
Warning: Design rule attributes from the driving cell will be
	set on the port. (UID-401)
Warning: Design rule attributes from the driving cell will be
	set on the port. (UID-401)
Warning: Design rule attributes from the driving cell will be
	set on the port. (UID-401)
Warning: Design rule attributes from the driving cell will be
	set on the port. (UID-401)
Warning: Design rule attributes from the driving cell will be
	set on the port. (UID-401)
Warning: Design rule attributes from the driving cell will be
	set on the port. (UID-401)
Warning: Design rule attributes from the driving cell will be
	set on the port. (UID-401)
Warning: Design rule attributes from the driving cell will be
	set on the port. (UID-401)
Warning: Design rule attributes from the driving cell will be
	set on the port. (UID-401)
Warning: Design rule attributes from the driving cell will be
	set on the port. (UID-401)
Warning: Design rule attributes from the driving cell will be
	set on the port. (UID-401)
Warning: Design rule attributes from the driving cell will be
	set on the port. (UID-401)
Warning: Design rule attributes from the driving cell will be
	set on the port. (UID-401)
Warning: Design rule attributes from the driving cell will be
	set on the port. (UID-401)
Warning: Design rule attributes from the driving cell will be
	set on the port. (UID-401)
Warning: Design rule attributes from the driving cell will be
	set on the port. (UID-401)
Warning: Design rule attributes from the driving cell will be
	set on the port. (UID-401)
Warning: Design rule attributes from the driving cell will be
	set on the port. (UID-401)
Warning: Design rule attributes from the driving cell will be
	set on the port. (UID-401)
Warning: Design rule attributes from the driving cell will be
	set on the port. (UID-401)
Warning: Design rule attributes from the driving cell will be
	set on the port. (UID-401)
Warning: Design rule attributes from the driving cell will be
	set on the port. (UID-401)
Warning: Design rule attributes from the driving cell will be
	set on the port. (UID-401)
Warning: Design rule attributes from the driving cell will be
	set on the port. (UID-401)
Warning: Design rule attributes from the driving cell will be
	set on the port. (UID-401)
Warning: Design rule attributes from the driving cell will be
	set on the port. (UID-401)
Warning: Design rule attributes from the driving cell will be
	set on the port. (UID-401)
Warning: Design rule attributes from the driving cell will be
	set on the port. (UID-401)
Warning: Design rule attributes from the driving cell will be
	set on the port. (UID-401)
Warning: Design rule attributes from the driving cell will be
	set on the port. (UID-401)
Warning: Design rule attributes from the driving cell will be
	set on the port. (UID-401)
Warning: Design rule attributes from the driving cell will be
	set on the port. (UID-401)
Warning: Design rule attributes from the driving cell will be
	set on the port. (UID-401)
Warning: Design rule attributes from the driving cell will be
	set on the port. (UID-401)
Warning: Design rule attributes from the driving cell will be
	set on the port. (UID-401)
Warning: Design rule attributes from the driving cell will be
	set on the port. (UID-401)
Warning: Design rule attributes from the driving cell will be
	set on the port. (UID-401)
Warning: Design rule attributes from the driving cell will be
	set on the port. (UID-401)
Warning: Design rule attributes from the driving cell will be
	set on the port. (UID-401)
Warning: Design rule attributes from the driving cell will be
	set on the port. (UID-401)
Warning: Design rule attributes from the driving cell will be
	set on the port. (UID-401)
Warning: Design rule attributes from the driving cell will be
	set on the port. (UID-401)
Warning: Design rule attributes from the driving cell will be
	set on the port. (UID-401)
Warning: Design rule attributes from the driving cell will be
	set on the port. (UID-401)
Warning: Design rule attributes from the driving cell will be
	set on the port. (UID-401)
Warning: Design rule attributes from the driving cell will be
	set on the port. (UID-401)
Warning: Design rule attributes from the driving cell will be
	set on the port. (UID-401)
Warning: Design rule attributes from the driving cell will be
	set on the port. (UID-401)
Warning: Design rule attributes from the driving cell will be
	set on the port. (UID-401)
Warning: Design rule attributes from the driving cell will be
	set on the port. (UID-401)
Warning: Design rule attributes from the driving cell will be
	set on the port. (UID-401)
Warning: Design rule attributes from the driving cell will be
	set on the port. (UID-401)
Warning: Design rule attributes from the driving cell will be
	set on the port. (UID-401)
Warning: Design rule attributes from the driving cell will be
	set on the port. (UID-401)
Warning: Design rule attributes from the driving cell will be
	set on the port. (UID-401)
Warning: Design rule attributes from the driving cell will be
	set on the port. (UID-401)
Warning: Design rule attributes from the driving cell will be
	set on the port. (UID-401)
Warning: Design rule attributes from the driving cell will be
	set on the port. (UID-401)
Warning: Design rule attributes from the driving cell will be
	set on the port. (UID-401)
Warning: Design rule attributes from the driving cell will be
	set on the port. (UID-401)
Warning: Design rule attributes from the driving cell will be
	set on the port. (UID-401)
Warning: Design rule attributes from the driving cell will be
	set on the port. (UID-401)
Warning: Design rule attributes from the driving cell will be
	set on the port. (UID-401)
Warning: Design rule attributes from the driving cell will be
	set on the port. (UID-401)
Warning: Design rule attributes from the driving cell will be
	set on the port. (UID-401)
Warning: Design rule attributes from the driving cell will be
	set on the port. (UID-401)
Warning: Design rule attributes from the driving cell will be
	set on the port. (UID-401)
Warning: Design rule attributes from the driving cell will be
	set on the port. (UID-401)
Warning: Design rule attributes from the driving cell will be
	set on the port. (UID-401)
Warning: Design rule attributes from the driving cell will be
	set on the port. (UID-401)
Warning: Design rule attributes from the driving cell will be
	set on the port. (UID-401)
Warning: Design rule attributes from the driving cell will be
	set on the port. (UID-401)
Warning: Design rule attributes from the driving cell will be
	set on the port. (UID-401)
Warning: Design rule attributes from the driving cell will be
	set on the port. (UID-401)
Warning: Design rule attributes from the driving cell will be
	set on the port. (UID-401)
Warning: Design rule attributes from the driving cell will be
	set on the port. (UID-401)
Warning: Design rule attributes from the driving cell will be
	set on the port. (UID-401)
Warning: Design rule attributes from the driving cell will be
	set on the port. (UID-401)
Warning: Design rule attributes from the driving cell will be
	set on the port. (UID-401)
Warning: Design rule attributes from the driving cell will be
	set on the port. (UID-401)
Warning: Design rule attributes from the driving cell will be
	set on the port. (UID-401)
Warning: Design rule attributes from the driving cell will be
	set on the port. (UID-401)
Warning: Design rule attributes from the driving cell will be
	set on the port. (UID-401)
Warning: Design rule attributes from the driving cell will be
	set on the port. (UID-401)
Warning: Design rule attributes from the driving cell will be
	set on the port. (UID-401)
Warning: Design rule attributes from the driving cell will be
	set on the port. (UID-401)
Warning: Design rule attributes from the driving cell will be
	set on the port. (UID-401)
Warning: Design rule attributes from the driving cell will be
	set on the port. (UID-401)
Warning: Design rule attributes from the driving cell will be
	set on the port. (UID-401)
Warning: Design rule attributes from the driving cell will be
	set on the port. (UID-401)
Warning: Design rule attributes from the driving cell will be
	set on the port. (UID-401)
Warning: Design rule attributes from the driving cell will be
	set on the port. (UID-401)
Warning: Design rule attributes from the driving cell will be
	set on the port. (UID-401)
Warning: Design rule attributes from the driving cell will be
	set on the port. (UID-401)
Warning: Design rule attributes from the driving cell will be
	set on the port. (UID-401)
Warning: Design rule attributes from the driving cell will be
	set on the port. (UID-401)
Warning: Design rule attributes from the driving cell will be
	set on the port. (UID-401)
Warning: Design rule attributes from the driving cell will be
	set on the port. (UID-401)
Warning: Design rule attributes from the driving cell will be
	set on the port. (UID-401)
Warning: Design rule attributes from the driving cell will be
	set on the port. (UID-401)
Warning: Design rule attributes from the driving cell will be
	set on the port. (UID-401)
Warning: Design rule attributes from the driving cell will be
	set on the port. (UID-401)
Warning: Design rule attributes from the driving cell will be
	set on the port. (UID-401)
Warning: Design rule attributes from the driving cell will be
	set on the port. (UID-401)
Warning: Design rule attributes from the driving cell will be
	set on the port. (UID-401)
Warning: Design rule attributes from the driving cell will be
	set on the port. (UID-401)
Warning: Design rule attributes from the driving cell will be
	set on the port. (UID-401)
Warning: Design rule attributes from the driving cell will be
	set on the port. (UID-401)
Warning: Design rule attributes from the driving cell will be
	set on the port. (UID-401)
Warning: Design rule attributes from the driving cell will be
	set on the port. (UID-401)
Warning: Design rule attributes from the driving cell will be
	set on the port. (UID-401)
Warning: Design rule attributes from the driving cell will be
	set on the port. (UID-401)
Warning: Design rule attributes from the driving cell will be
	set on the port. (UID-401)
Warning: Design rule attributes from the driving cell will be
	set on the port. (UID-401)
Warning: Design rule attributes from the driving cell will be
	set on the port. (UID-401)
Warning: Design rule attributes from the driving cell will be
	set on the port. (UID-401)
Warning: Design rule attributes from the driving cell will be
	set on the port. (UID-401)
Warning: Design rule attributes from the driving cell will be
	set on the port. (UID-401)
Warning: Design rule attributes from the driving cell will be
	set on the port. (UID-401)
Warning: Design rule attributes from the driving cell will be
	set on the port. (UID-401)
Warning: Design rule attributes from the driving cell will be
	set on the port. (UID-401)
Warning: Design rule attributes from the driving cell will be
	set on the port. (UID-401)
Warning: Design rule attributes from the driving cell will be
	set on the port. (UID-401)
Warning: Design rule attributes from the driving cell will be
	set on the port. (UID-401)
Current design is 'sram_w16'.
Current design is 'sram_w16'.
Warning: The -timing_high_effort_script option is ignored.  (OPT-1342)
Information: Performing power optimization. (PWR-850)
Analyzing: "/home/linux/ieng6/ee260bwi25/public/PDKdata/db/tcbn65gplustc.db"
Library analysis succeeded.
Loading db file '/software/nonrdist64/dc-2015.06-64/libraries/syn/dw_foundation.sldb'
Warning: DesignWare synthetic library dw_foundation.sldb is added to the synthetic_library in the current command. (UISN-40)
Information: Evaluating DesignWare library utilization. (UISN-27)

============================================================================
| DesignWare Building Block Library  |         Version         | Available |
============================================================================
| Basic DW Building Blocks           | K-2015.06-DWBB_201506.2 |     *     |
| Licensed DW Building Blocks        | K-2015.06-DWBB_201506.2 |     *     |
============================================================================

  Simplifying Design 'sram_w16'

Loaded alib file './alib-52/tcbn65gplustc.db.alib'
Information: State dependent leakage is now switched from on to off.

  Beginning Pass 1 Mapping
  ------------------------
  Processing 'sram_w16'

  Updating timing information
Information: Updating design information... (UID-85)
Information: The library cell 'TIEL' in the library 'tcbn65gplustc' is not characterized for internal power. (PWR-536)
Information: The library cell 'TIEH' in the library 'tcbn65gplustc' is not characterized for internal power. (PWR-536)
Information: The target library(s) contains cell(s), other than black boxes, that are not characterized for internal power. (PWR-24)

  Beginning Mapping Optimizations  (Ultra High effort)
  -------------------------------
  Mapping Optimization (Phase 1)

  Beginning Constant Register Removal
  -----------------------------------

  Beginning Global Optimizations
  ------------------------------
  Numerical Synthesis (Phase 1)
  Numerical Synthesis (Phase 2)
  Global Optimization (Phase 1)
  Global Optimization (Phase 2)
  Global Optimization (Phase 3)
  Global Optimization (Phase 4)
  Global Optimization (Phase 5)
  Global Optimization (Phase 6)
  Global Optimization (Phase 7)
  Global Optimization (Phase 8)
  Global Optimization (Phase 9)
  Global Optimization (Phase 10)
  Global Optimization (Phase 11)
  Global Optimization (Phase 12)
  Global Optimization (Phase 13)
  Global Optimization (Phase 14)
  Global Optimization (Phase 15)
  Global Optimization (Phase 16)
  Global Optimization (Phase 17)
  Global Optimization (Phase 18)
  Global Optimization (Phase 19)
  Global Optimization (Phase 20)
  Global Optimization (Phase 21)
  Global Optimization (Phase 22)
  Global Optimization (Phase 23)
  Global Optimization (Phase 24)
  Global Optimization (Phase 25)
  Global Optimization (Phase 26)
  Global Optimization (Phase 27)
  Global Optimization (Phase 28)
  Global Optimization (Phase 29)
  Global Optimization (Phase 30)

  Beginning Isolate Ports
  -----------------------

  Beginning Delay Optimization
  ----------------------------

                                  TOTAL                                                
   ELAPSED            WORST NEG   SETUP    DESIGN                              LEAKAGE 
    TIME      AREA      SLACK     COST    RULE COST         ENDPOINT            POWER  
  --------- --------- --------- --------- --------- ------------------------- ---------
    0:00:14   26713.1      0.00       0.0       0.0                           145089.7344
    0:00:14   26713.1      0.00       0.0       0.0                           145089.7344
    0:00:14   26713.1      0.00       0.0       0.0                           145089.7344
    0:00:14   26713.1      0.00       0.0       0.0                           145089.7344

  Beginning WLM Backend Optimization
  --------------------------------------
    0:00:17   24303.2      0.00       0.0       0.0                           112747.1250
    0:00:17   24258.2      0.00       0.0       0.0                           103115.5000
    0:00:17   24258.2      0.00       0.0       0.0                           103115.5000
    0:00:17   24258.2      0.00       0.0       0.0                           103115.5000
    0:00:17   24258.2      0.00       0.0       0.0                           103115.5000
    0:00:17   24258.2      0.00       0.0       0.0                           103115.5000
    0:00:17   24258.2      0.00       0.0       0.0                           103115.5000
    0:00:17   24258.2      0.00       0.0       0.0                           103115.5000
    0:00:17   24258.2      0.00       0.0       0.0                           103115.5000
    0:00:17   24258.2      0.00       0.0       0.0                           103115.5000
    0:00:17   24258.2      0.00       0.0       0.0                           103115.5000
    0:00:17   24258.2      0.00       0.0       0.0                           103115.5000
    0:00:17   24258.2      0.00       0.0       0.0                           103115.5000
    0:00:17   24258.2      0.00       0.0       0.0                           103115.5000
    0:00:17   24258.2      0.00       0.0       0.0                           103115.5000
    0:00:17   24258.2      0.00       0.0       0.0                           103115.5000
    0:00:17   24258.2      0.00       0.0       0.0                           103115.5000
    0:00:17   24258.2      0.00       0.0       0.0                           103115.5000
    0:00:17   24258.2      0.00       0.0       0.0                           103115.5000
    0:00:17   24258.2      0.00       0.0       0.0                           103115.5000
    0:00:17   24258.2      0.00       0.0       0.0                           103115.5000
    0:00:17   24258.2      0.00       0.0       0.0                           103115.5000


  Beginning Leakage Power Optimization  (max_leakage_power 0)
  ------------------------------------

                                  TOTAL                                                
   ELAPSED            WORST NEG   SETUP    DESIGN                              LEAKAGE 
    TIME      AREA      SLACK     COST    RULE COST         ENDPOINT            POWER  
  --------- --------- --------- --------- --------- ------------------------- ---------
    0:00:17   24258.2      0.00       0.0       0.0                           103115.5000
  Global Optimization (Phase 31)
  Global Optimization (Phase 32)
  Global Optimization (Phase 33)
  Global Optimization (Phase 34)
  Global Optimization (Phase 35)
  Global Optimization (Phase 36)
  Global Optimization (Phase 37)
  Global Optimization (Phase 38)
  Global Optimization (Phase 39)
  Global Optimization (Phase 40)
  Global Optimization (Phase 41)
  Global Optimization (Phase 42)
    0:00:20   24114.2      0.00       0.0       0.0                           102455.3047
    0:00:20   24114.2      0.00       0.0       0.0                           102455.3047
    0:00:20   24114.2      0.00       0.0       0.0                           102455.3047
    0:00:20   24114.2      0.00       0.0       0.0                           102455.3047
    0:00:20   24114.2      0.00       0.0       0.0                           102455.3047
    0:00:20   24114.2      0.00       0.0       0.0                           102455.3047
    0:00:20   24114.2      0.00       0.0       0.0                           102455.3047
    0:00:20   24114.2      0.00       0.0       0.0                           102455.3047
    0:00:20   24114.2      0.00       0.0       0.0                           102455.3047
    0:00:20   24114.2      0.00       0.0       0.0                           102455.3047
    0:00:20   24114.2      0.00       0.0       0.0                           102455.3047
    0:00:20   24114.2      0.00       0.0       0.0                           102455.3047
    0:00:20   24114.2      0.00       0.0       0.0                           102455.3047
    0:00:20   24114.2      0.00       0.0       0.0                           102455.3047
    0:00:20   24114.2      0.00       0.0       0.0                           102455.3047
    0:00:20   24114.2      0.00       0.0       0.0                           102455.3047
    0:00:20   24114.2      0.00       0.0       0.0                           102455.3047
    0:00:20   24114.2      0.00       0.0       0.0                           102455.3047
    0:00:20   24114.2      0.00       0.0       0.0                           102455.3047
    0:00:20   24114.2      0.00       0.0       0.0                           102455.3047
    0:00:20   24114.2      0.00       0.0       0.0                           102455.3047
    0:00:20   24114.2      0.00       0.0       0.0                           102455.3047

                                  TOTAL                                                
   ELAPSED            WORST NEG   SETUP    DESIGN                              LEAKAGE 
    TIME      AREA      SLACK     COST    RULE COST         ENDPOINT            POWER  
  --------- --------- --------- --------- --------- ------------------------- ---------
    0:00:20   24114.2      0.00       0.0       0.0                           102455.3047
    0:00:20   24114.2      0.00       0.0       0.0                           102455.3047
    0:00:20   24114.2      0.00       0.0       0.0                           102455.3047
    0:00:20   24114.2      0.00       0.0       0.0                           102455.3047
    0:00:21   24114.2      0.00       0.0       0.0                           102455.3047
    0:00:21   24114.2      0.00       0.0       0.0                           102455.3047
    0:00:21   24114.2      0.00       0.0       0.0                           102455.3047
    0:00:21   24114.2      0.00       0.0       0.0                           102455.3047
    0:00:21   24114.2      0.00       0.0       0.0                           102455.3047
Loading db file '/home/linux/ieng6/ee260bwi25/public/PDKdata/db/tcbn65gplustc.db'


Note: Symbol # after min delay cost means estimated hold TNS across all active scenarios 


  Optimization Complete
  ---------------------
Information: State dependent leakage is now switched from off to on.
Information: Propagating switching activity (low effort zero delay simulation). (PWR-6)
Warning: There is no defined clock in the design. (PWR-80)
Current design is 'sram_w16'.
Writing verilog file '/home/linux/ieng6/ee260bwi25/zhbian/1D-Vector-based-NPU/singleCore_SFP/sram/syn/sram_w16.out.v'.
run.scr completed successfully
