###############################################################
#  Generated by:      Cadence Innovus 15.23-s045_1
#  OS:                Linux x86_64(Host ID ieng6-ece-13.ucsd.edu)
#  Generated on:      Sat Mar  8 17:51:20 2025
#  Design:            fullchip
#  Command:           report_timing -max_paths 5 > ${design}.post_route.timing.rpt
###############################################################
Path 1: VIOLATED Setup Check with Pin core_instance/ofifo_inst/col_idx_0__fifo_
instance/q3_reg_17_/CP 
Endpoint:   core_instance/ofifo_inst/col_idx_0__fifo_instance/q3_reg_17_/D      
(^) checked with  leading edge of 'clk'
Beginpoint: core_instance/mac_array_instance/col_idx_1__mac_col_inst/query_q_
reg_45_/Q (^) triggered by  leading edge of 'clk'
Path Groups: {clk}
Analysis View: WC_VIEW
Other End Arrival Time          0.234
- Setup                         0.019
+ Phase Shift                   3.500
+ CPPR Adjustment               0.000
= Required Time                 3.716
- Arrival Time                  3.716
= Slack Time                   -0.000
     Clock Rise Edge                 0.000
     + Clock Network Latency (Prop)  0.242
     = Beginpoint Arrival Time       0.242
     +-----------------------------------------------------------------------------------------------------------+ 
     |                      Instance                      |     Arc      |   Cell   | Delay | Arrival | Required | 
     |                                                    |              |          |       |  Time   |   Time   | 
     |----------------------------------------------------+--------------+----------+-------+---------+----------| 
     | core_instance/mac_array_instance/col_idx_1__mac_co | CP ^         |          |       |   0.242 |    0.242 | 
     | l_inst/query_q_reg_45_                             |              |          |       |         |          | 
     | core_instance/mac_array_instance/col_idx_1__mac_co | CP ^ -> Q ^  | DFQD1    | 0.157 |   0.399 |    0.399 | 
     | l_inst/query_q_reg_45_                             |              |          |       |         |          | 
     | core_instance/mac_array_instance/col_idx_1__mac_co | I ^ -> Z ^   | CKBD2    | 0.139 |   0.538 |    0.538 | 
     | l_inst/FE_OFC630_q_temp_109_                       |              |          |       |         |          | 
     | core_instance/mac_array_instance/col_idx_1__mac_co | I1 ^ -> ZN v | MUX2ND0  | 0.099 |   0.637 |    0.637 | 
     | l_inst/mac_16in_instance/FE_RC_0_0                 |              |          |       |         |          | 
     | core_instance/mac_array_instance/col_idx_1__mac_co | C v -> ZN ^  | AOI221D0 | 0.326 |   0.964 |    0.963 | 
     | l_inst/mac_16in_instance/U495                      |              |          |       |         |          | 
     | core_instance/mac_array_instance/col_idx_1__mac_co | I ^ -> ZN v  | CKND0    | 0.182 |   1.146 |    1.145 | 
     | l_inst/mac_16in_instance/U189                      |              |          |       |         |          | 
     | core_instance/mac_array_instance/col_idx_1__mac_co | B2 v -> ZN ^ | OAI22D0  | 0.250 |   1.395 |    1.395 | 
     | l_inst/mac_16in_instance/U130                      |              |          |       |         |          | 
     | core_instance/mac_array_instance/col_idx_1__mac_co | A ^ -> S ^   | CMPE42D1 | 0.338 |   1.733 |    1.733 | 
     | l_inst/mac_16in_instance/DP_OP_38J7_122_4029_U98   |              |          |       |         |          | 
     | core_instance/mac_array_instance/col_idx_1__mac_co | B ^ -> S v   | CMPE42D1 | 0.312 |   2.045 |    2.045 | 
     | l_inst/mac_16in_instance/DP_OP_38J7_122_4029_U90   |              |          |       |         |          | 
     | core_instance/mac_array_instance/col_idx_1__mac_co | C v -> S v   | CMPE42D1 | 0.267 |   2.312 |    2.311 | 
     | l_inst/mac_16in_instance/DP_OP_38J7_122_4029_U88   |              |          |       |         |          | 
     | core_instance/mac_array_instance/col_idx_1__mac_co | A v -> S v   | CMPE42D1 | 0.313 |   2.625 |    2.624 | 
     | l_inst/mac_16in_instance/DP_OP_38J7_122_4029_U86   |              |          |       |         |          | 
     | core_instance/mac_array_instance/col_idx_1__mac_co | B v -> CO v  | FA1D1    | 0.155 |   2.780 |    2.779 | 
     | l_inst/mac_16in_instance/intadd_0_U11              |              |          |       |         |          | 
     | core_instance/mac_array_instance/col_idx_1__mac_co | CI v -> CO v | FA1D1    | 0.084 |   2.863 |    2.863 | 
     | l_inst/mac_16in_instance/intadd_0_U10              |              |          |       |         |          | 
     | core_instance/mac_array_instance/col_idx_1__mac_co | CI v -> CO v | FA1D1    | 0.075 |   2.938 |    2.938 | 
     | l_inst/mac_16in_instance/intadd_0_U9               |              |          |       |         |          | 
     | core_instance/mac_array_instance/col_idx_1__mac_co | CI v -> CO v | FA1D1    | 0.080 |   3.019 |    3.018 | 
     | l_inst/mac_16in_instance/intadd_0_U8               |              |          |       |         |          | 
     | core_instance/mac_array_instance/col_idx_1__mac_co | CI v -> CO v | FA1D1    | 0.078 |   3.097 |    3.096 | 
     | l_inst/mac_16in_instance/intadd_0_U7               |              |          |       |         |          | 
     | core_instance/mac_array_instance/col_idx_1__mac_co | CI v -> CO v | FA1D1    | 0.076 |   3.173 |    3.173 | 
     | l_inst/mac_16in_instance/intadd_0_U6               |              |          |       |         |          | 
     | core_instance/mac_array_instance/col_idx_1__mac_co | CI v -> CO v | FA1D1    | 0.076 |   3.249 |    3.248 | 
     | l_inst/mac_16in_instance/intadd_0_U5               |              |          |       |         |          | 
     | core_instance/mac_array_instance/col_idx_1__mac_co | CI v -> CO v | FA1D1    | 0.075 |   3.324 |    3.323 | 
     | l_inst/mac_16in_instance/intadd_0_U4               |              |          |       |         |          | 
     | core_instance/mac_array_instance/col_idx_1__mac_co | CI v -> CO v | FA1D1    | 0.072 |   3.396 |    3.395 | 
     | l_inst/mac_16in_instance/intadd_0_U3               |              |          |       |         |          | 
     | core_instance/mac_array_instance/col_idx_1__mac_co | CI v -> S ^  | FA1D2    | 0.197 |   3.592 |    3.592 | 
     | l_inst/mac_16in_instance/intadd_0_U2               |              |          |       |         |          | 
     | core_instance/ofifo_inst/col_idx_0__fifo_instance/ | A2 ^ -> Z ^  | OA22D0   | 0.124 |   3.716 |    3.716 | 
     | U219                                               |              |          |       |         |          | 
     | core_instance/ofifo_inst/col_idx_0__fifo_instance/ | D ^          | DFQD1    | 0.000 |   3.716 |    3.716 | 
     | q3_reg_17_                                         |              |          |       |         |          | 
     +-----------------------------------------------------------------------------------------------------------+ 
Path 2: MET Setup Check with Pin core_instance/ofifo_inst/col_idx_0__fifo_
instance/q2_reg_17_/CP 
Endpoint:   core_instance/ofifo_inst/col_idx_0__fifo_instance/q2_reg_17_/D      
(^) checked with  leading edge of 'clk'
Beginpoint: core_instance/mac_array_instance/col_idx_1__mac_col_inst/query_q_
reg_45_/Q (^) triggered by  leading edge of 'clk'
Path Groups: {clk}
Analysis View: WC_VIEW
Other End Arrival Time          0.234
- Setup                         0.016
+ Phase Shift                   3.500
+ CPPR Adjustment               0.000
= Required Time                 3.719
- Arrival Time                  3.716
= Slack Time                    0.002
     Clock Rise Edge                 0.000
     + Clock Network Latency (Prop)  0.242
     = Beginpoint Arrival Time       0.242
     +-----------------------------------------------------------------------------------------------------------+ 
     |                      Instance                      |     Arc      |   Cell   | Delay | Arrival | Required | 
     |                                                    |              |          |       |  Time   |   Time   | 
     |----------------------------------------------------+--------------+----------+-------+---------+----------| 
     | core_instance/mac_array_instance/col_idx_1__mac_co | CP ^         |          |       |   0.242 |    0.245 | 
     | l_inst/query_q_reg_45_                             |              |          |       |         |          | 
     | core_instance/mac_array_instance/col_idx_1__mac_co | CP ^ -> Q ^  | DFQD1    | 0.157 |   0.399 |    0.402 | 
     | l_inst/query_q_reg_45_                             |              |          |       |         |          | 
     | core_instance/mac_array_instance/col_idx_1__mac_co | I ^ -> Z ^   | CKBD2    | 0.139 |   0.538 |    0.541 | 
     | l_inst/FE_OFC630_q_temp_109_                       |              |          |       |         |          | 
     | core_instance/mac_array_instance/col_idx_1__mac_co | I1 ^ -> ZN v | MUX2ND0  | 0.099 |   0.637 |    0.640 | 
     | l_inst/mac_16in_instance/FE_RC_0_0                 |              |          |       |         |          | 
     | core_instance/mac_array_instance/col_idx_1__mac_co | C v -> ZN ^  | AOI221D0 | 0.326 |   0.964 |    0.966 | 
     | l_inst/mac_16in_instance/U495                      |              |          |       |         |          | 
     | core_instance/mac_array_instance/col_idx_1__mac_co | I ^ -> ZN v  | CKND0    | 0.182 |   1.146 |    1.148 | 
     | l_inst/mac_16in_instance/U189                      |              |          |       |         |          | 
     | core_instance/mac_array_instance/col_idx_1__mac_co | B2 v -> ZN ^ | OAI22D0  | 0.250 |   1.395 |    1.398 | 
     | l_inst/mac_16in_instance/U130                      |              |          |       |         |          | 
     | core_instance/mac_array_instance/col_idx_1__mac_co | A ^ -> S ^   | CMPE42D1 | 0.338 |   1.733 |    1.736 | 
     | l_inst/mac_16in_instance/DP_OP_38J7_122_4029_U98   |              |          |       |         |          | 
     | core_instance/mac_array_instance/col_idx_1__mac_co | B ^ -> S v   | CMPE42D1 | 0.312 |   2.045 |    2.048 | 
     | l_inst/mac_16in_instance/DP_OP_38J7_122_4029_U90   |              |          |       |         |          | 
     | core_instance/mac_array_instance/col_idx_1__mac_co | C v -> S v   | CMPE42D1 | 0.267 |   2.312 |    2.314 | 
     | l_inst/mac_16in_instance/DP_OP_38J7_122_4029_U88   |              |          |       |         |          | 
     | core_instance/mac_array_instance/col_idx_1__mac_co | A v -> S v   | CMPE42D1 | 0.313 |   2.625 |    2.627 | 
     | l_inst/mac_16in_instance/DP_OP_38J7_122_4029_U86   |              |          |       |         |          | 
     | core_instance/mac_array_instance/col_idx_1__mac_co | B v -> CO v  | FA1D1    | 0.155 |   2.780 |    2.782 | 
     | l_inst/mac_16in_instance/intadd_0_U11              |              |          |       |         |          | 
     | core_instance/mac_array_instance/col_idx_1__mac_co | CI v -> CO v | FA1D1    | 0.084 |   2.863 |    2.866 | 
     | l_inst/mac_16in_instance/intadd_0_U10              |              |          |       |         |          | 
     | core_instance/mac_array_instance/col_idx_1__mac_co | CI v -> CO v | FA1D1    | 0.075 |   2.938 |    2.941 | 
     | l_inst/mac_16in_instance/intadd_0_U9               |              |          |       |         |          | 
     | core_instance/mac_array_instance/col_idx_1__mac_co | CI v -> CO v | FA1D1    | 0.080 |   3.019 |    3.021 | 
     | l_inst/mac_16in_instance/intadd_0_U8               |              |          |       |         |          | 
     | core_instance/mac_array_instance/col_idx_1__mac_co | CI v -> CO v | FA1D1    | 0.078 |   3.097 |    3.099 | 
     | l_inst/mac_16in_instance/intadd_0_U7               |              |          |       |         |          | 
     | core_instance/mac_array_instance/col_idx_1__mac_co | CI v -> CO v | FA1D1    | 0.076 |   3.173 |    3.176 | 
     | l_inst/mac_16in_instance/intadd_0_U6               |              |          |       |         |          | 
     | core_instance/mac_array_instance/col_idx_1__mac_co | CI v -> CO v | FA1D1    | 0.076 |   3.249 |    3.251 | 
     | l_inst/mac_16in_instance/intadd_0_U5               |              |          |       |         |          | 
     | core_instance/mac_array_instance/col_idx_1__mac_co | CI v -> CO v | FA1D1    | 0.075 |   3.324 |    3.326 | 
     | l_inst/mac_16in_instance/intadd_0_U4               |              |          |       |         |          | 
     | core_instance/mac_array_instance/col_idx_1__mac_co | CI v -> CO v | FA1D1    | 0.072 |   3.396 |    3.398 | 
     | l_inst/mac_16in_instance/intadd_0_U3               |              |          |       |         |          | 
     | core_instance/mac_array_instance/col_idx_1__mac_co | CI v -> S ^  | FA1D2    | 0.197 |   3.592 |    3.595 | 
     | l_inst/mac_16in_instance/intadd_0_U2               |              |          |       |         |          | 
     | core_instance/ofifo_inst/col_idx_0__fifo_instance/ | A2 ^ -> Z ^  | OA22D0   | 0.124 |   3.716 |    3.719 | 
     | U198                                               |              |          |       |         |          | 
     | core_instance/ofifo_inst/col_idx_0__fifo_instance/ | D ^          | DFQD1    | 0.000 |   3.716 |    3.719 | 
     | q2_reg_17_                                         |              |          |       |         |          | 
     +-----------------------------------------------------------------------------------------------------------+ 
Path 3: MET Setup Check with Pin core_instance/ofifo_inst/col_idx_0__fifo_
instance/q1_reg_17_/CP 
Endpoint:   core_instance/ofifo_inst/col_idx_0__fifo_instance/q1_reg_17_/D      
(^) checked with  leading edge of 'clk'
Beginpoint: core_instance/mac_array_instance/col_idx_1__mac_col_inst/query_q_
reg_45_/Q (^) triggered by  leading edge of 'clk'
Path Groups: {clk}
Analysis View: WC_VIEW
Other End Arrival Time          0.234
- Setup                         0.016
+ Phase Shift                   3.500
+ CPPR Adjustment               0.000
= Required Time                 3.719
- Arrival Time                  3.715
= Slack Time                    0.004
     Clock Rise Edge                 0.000
     + Clock Network Latency (Prop)  0.242
     = Beginpoint Arrival Time       0.242
     +-----------------------------------------------------------------------------------------------------------+ 
     |                      Instance                      |     Arc      |   Cell   | Delay | Arrival | Required | 
     |                                                    |              |          |       |  Time   |   Time   | 
     |----------------------------------------------------+--------------+----------+-------+---------+----------| 
     | core_instance/mac_array_instance/col_idx_1__mac_co | CP ^         |          |       |   0.242 |    0.246 | 
     | l_inst/query_q_reg_45_                             |              |          |       |         |          | 
     | core_instance/mac_array_instance/col_idx_1__mac_co | CP ^ -> Q ^  | DFQD1    | 0.157 |   0.399 |    0.403 | 
     | l_inst/query_q_reg_45_                             |              |          |       |         |          | 
     | core_instance/mac_array_instance/col_idx_1__mac_co | I ^ -> Z ^   | CKBD2    | 0.139 |   0.538 |    0.542 | 
     | l_inst/FE_OFC630_q_temp_109_                       |              |          |       |         |          | 
     | core_instance/mac_array_instance/col_idx_1__mac_co | I1 ^ -> ZN v | MUX2ND0  | 0.099 |   0.637 |    0.641 | 
     | l_inst/mac_16in_instance/FE_RC_0_0                 |              |          |       |         |          | 
     | core_instance/mac_array_instance/col_idx_1__mac_co | C v -> ZN ^  | AOI221D0 | 0.326 |   0.964 |    0.967 | 
     | l_inst/mac_16in_instance/U495                      |              |          |       |         |          | 
     | core_instance/mac_array_instance/col_idx_1__mac_co | I ^ -> ZN v  | CKND0    | 0.182 |   1.146 |    1.149 | 
     | l_inst/mac_16in_instance/U189                      |              |          |       |         |          | 
     | core_instance/mac_array_instance/col_idx_1__mac_co | B2 v -> ZN ^ | OAI22D0  | 0.250 |   1.395 |    1.399 | 
     | l_inst/mac_16in_instance/U130                      |              |          |       |         |          | 
     | core_instance/mac_array_instance/col_idx_1__mac_co | A ^ -> S ^   | CMPE42D1 | 0.338 |   1.733 |    1.737 | 
     | l_inst/mac_16in_instance/DP_OP_38J7_122_4029_U98   |              |          |       |         |          | 
     | core_instance/mac_array_instance/col_idx_1__mac_co | B ^ -> S v   | CMPE42D1 | 0.312 |   2.045 |    2.049 | 
     | l_inst/mac_16in_instance/DP_OP_38J7_122_4029_U90   |              |          |       |         |          | 
     | core_instance/mac_array_instance/col_idx_1__mac_co | C v -> S v   | CMPE42D1 | 0.267 |   2.312 |    2.315 | 
     | l_inst/mac_16in_instance/DP_OP_38J7_122_4029_U88   |              |          |       |         |          | 
     | core_instance/mac_array_instance/col_idx_1__mac_co | A v -> S v   | CMPE42D1 | 0.313 |   2.625 |    2.628 | 
     | l_inst/mac_16in_instance/DP_OP_38J7_122_4029_U86   |              |          |       |         |          | 
     | core_instance/mac_array_instance/col_idx_1__mac_co | B v -> CO v  | FA1D1    | 0.155 |   2.780 |    2.783 | 
     | l_inst/mac_16in_instance/intadd_0_U11              |              |          |       |         |          | 
     | core_instance/mac_array_instance/col_idx_1__mac_co | CI v -> CO v | FA1D1    | 0.084 |   2.863 |    2.867 | 
     | l_inst/mac_16in_instance/intadd_0_U10              |              |          |       |         |          | 
     | core_instance/mac_array_instance/col_idx_1__mac_co | CI v -> CO v | FA1D1    | 0.075 |   2.938 |    2.942 | 
     | l_inst/mac_16in_instance/intadd_0_U9               |              |          |       |         |          | 
     | core_instance/mac_array_instance/col_idx_1__mac_co | CI v -> CO v | FA1D1    | 0.080 |   3.019 |    3.022 | 
     | l_inst/mac_16in_instance/intadd_0_U8               |              |          |       |         |          | 
     | core_instance/mac_array_instance/col_idx_1__mac_co | CI v -> CO v | FA1D1    | 0.078 |   3.097 |    3.100 | 
     | l_inst/mac_16in_instance/intadd_0_U7               |              |          |       |         |          | 
     | core_instance/mac_array_instance/col_idx_1__mac_co | CI v -> CO v | FA1D1    | 0.076 |   3.173 |    3.177 | 
     | l_inst/mac_16in_instance/intadd_0_U6               |              |          |       |         |          | 
     | core_instance/mac_array_instance/col_idx_1__mac_co | CI v -> CO v | FA1D1    | 0.076 |   3.249 |    3.252 | 
     | l_inst/mac_16in_instance/intadd_0_U5               |              |          |       |         |          | 
     | core_instance/mac_array_instance/col_idx_1__mac_co | CI v -> CO v | FA1D1    | 0.075 |   3.324 |    3.327 | 
     | l_inst/mac_16in_instance/intadd_0_U4               |              |          |       |         |          | 
     | core_instance/mac_array_instance/col_idx_1__mac_co | CI v -> CO v | FA1D1    | 0.072 |   3.396 |    3.399 | 
     | l_inst/mac_16in_instance/intadd_0_U3               |              |          |       |         |          | 
     | core_instance/mac_array_instance/col_idx_1__mac_co | CI v -> S ^  | FA1D2    | 0.197 |   3.592 |    3.596 | 
     | l_inst/mac_16in_instance/intadd_0_U2               |              |          |       |         |          | 
     | core_instance/ofifo_inst/col_idx_0__fifo_instance/ | A2 ^ -> Z ^  | OA22D0   | 0.123 |   3.715 |    3.719 | 
     | U178                                               |              |          |       |         |          | 
     | core_instance/ofifo_inst/col_idx_0__fifo_instance/ | D ^          | DFQD1    | 0.000 |   3.715 |    3.719 | 
     | q1_reg_17_                                         |              |          |       |         |          | 
     +-----------------------------------------------------------------------------------------------------------+ 
Path 4: MET Setup Check with Pin core_instance/ofifo_inst/col_idx_1__fifo_
instance/q3_reg_16_/CP 
Endpoint:   core_instance/ofifo_inst/col_idx_1__fifo_instance/q3_reg_16_/D      
(^) checked with  leading edge of 'clk'
Beginpoint: core_instance/mac_array_instance/col_idx_2__mac_col_inst/query_q_
reg_33_/Q (v) triggered by  leading edge of 'clk'
Path Groups: {clk}
Analysis View: WC_VIEW
Other End Arrival Time          0.247
- Setup                         0.016
+ Phase Shift                   3.500
+ CPPR Adjustment               0.000
= Required Time                 3.731
- Arrival Time                  3.724
= Slack Time                    0.006
     Clock Rise Edge                 0.000
     + Clock Network Latency (Prop)  0.248
     = Beginpoint Arrival Time       0.248
     +-----------------------------------------------------------------------------------------------------------+ 
     |                      Instance                      |     Arc      |   Cell   | Delay | Arrival | Required | 
     |                                                    |              |          |       |  Time   |   Time   | 
     |----------------------------------------------------+--------------+----------+-------+---------+----------| 
     | core_instance/mac_array_instance/col_idx_2__mac_co | CP ^         |          |       |   0.248 |    0.255 | 
     | l_inst/query_q_reg_33_                             |              |          |       |         |          | 
     | core_instance/mac_array_instance/col_idx_2__mac_co | CP ^ -> Q v  | DFQD1    | 0.230 |   0.478 |    0.485 | 
     | l_inst/query_q_reg_33_                             |              |          |       |         |          | 
     | core_instance/mac_array_instance/col_idx_2__mac_co | I v -> ZN ^  | CKND0    | 0.122 |   0.601 |    0.607 | 
     | l_inst/mac_16in_instance/FE_OFC666_q_temp_161_     |              |          |       |         |          | 
     | core_instance/mac_array_instance/col_idx_2__mac_co | B1 ^ -> ZN v | AOI22D0  | 0.128 |   0.728 |    0.734 | 
     | l_inst/mac_16in_instance/U251                      |              |          |       |         |          | 
     | core_instance/mac_array_instance/col_idx_2__mac_co | C v -> ZN ^  | AOI221D0 | 0.246 |   0.974 |    0.980 | 
     | l_inst/mac_16in_instance/U567                      |              |          |       |         |          | 
     | core_instance/mac_array_instance/col_idx_2__mac_co | I ^ -> ZN v  | CKND0    | 0.148 |   1.122 |    1.128 | 
     | l_inst/mac_16in_instance/U102                      |              |          |       |         |          | 
     | core_instance/mac_array_instance/col_idx_2__mac_co | B2 v -> ZN ^ | OAI22D1  | 0.243 |   1.365 |    1.371 | 
     | l_inst/mac_16in_instance/U134                      |              |          |       |         |          | 
     | core_instance/mac_array_instance/col_idx_2__mac_co | A ^ -> S ^   | CMPE42D1 | 0.384 |   1.749 |    1.755 | 
     | l_inst/mac_16in_instance/DP_OP_38J7_122_4029_U82   |              |          |       |         |          | 
     | core_instance/mac_array_instance/col_idx_2__mac_co | A ^ -> S v   | CMPE42D1 | 0.316 |   2.065 |    2.071 | 
     | l_inst/mac_16in_instance/DP_OP_38J7_122_4029_U78   |              |          |       |         |          | 
     | core_instance/mac_array_instance/col_idx_2__mac_co | B v -> S ^   | CMPE42D1 | 0.319 |   2.384 |    2.391 | 
     | l_inst/mac_16in_instance/DP_OP_38J7_122_4029_U74   |              |          |       |         |          | 
     | core_instance/mac_array_instance/col_idx_2__mac_co | B ^ -> S v   | CMPE42D1 | 0.321 |   2.705 |    2.711 | 
     | l_inst/mac_16in_instance/DP_OP_38J7_122_4029_U72   |              |          |       |         |          | 
     | core_instance/mac_array_instance/col_idx_2__mac_co | B v -> CO v  | FA1D1    | 0.137 |   2.842 |    2.848 | 
     | l_inst/mac_16in_instance/intadd_7_U10              |              |          |       |         |          | 
     | core_instance/mac_array_instance/col_idx_2__mac_co | CI v -> CO v | FA1D1    | 0.078 |   2.920 |    2.927 | 
     | l_inst/mac_16in_instance/intadd_7_U9               |              |          |       |         |          | 
     | core_instance/mac_array_instance/col_idx_2__mac_co | CI v -> CO v | FA1D1    | 0.077 |   2.997 |    3.003 | 
     | l_inst/mac_16in_instance/intadd_7_U8               |              |          |       |         |          | 
     | core_instance/mac_array_instance/col_idx_2__mac_co | CI v -> CO v | FA1D1    | 0.076 |   3.073 |    3.079 | 
     | l_inst/mac_16in_instance/intadd_7_U7               |              |          |       |         |          | 
     | core_instance/mac_array_instance/col_idx_2__mac_co | CI v -> CO v | FA1D1    | 0.076 |   3.149 |    3.155 | 
     | l_inst/mac_16in_instance/intadd_7_U6               |              |          |       |         |          | 
     | core_instance/mac_array_instance/col_idx_2__mac_co | CI v -> CO v | FA1D1    | 0.077 |   3.226 |    3.232 | 
     | l_inst/mac_16in_instance/intadd_7_U5               |              |          |       |         |          | 
     | core_instance/mac_array_instance/col_idx_2__mac_co | CI v -> CO v | FA1D2    | 0.076 |   3.302 |    3.308 | 
     | l_inst/mac_16in_instance/intadd_7_U4               |              |          |       |         |          | 
     | core_instance/mac_array_instance/col_idx_2__mac_co | CI v -> S ^  | FA1D0    | 0.192 |   3.494 |    3.500 | 
     | l_inst/mac_16in_instance/intadd_7_U3               |              |          |       |         |          | 
     | core_instance/FE_OFC1391_array_out_36_             | I ^ -> Z ^   | CKBD6    | 0.116 |   3.610 |    3.616 | 
     | core_instance/ofifo_inst/col_idx_1__fifo_instance/ | A2 ^ -> Z ^  | OA22D0   | 0.115 |   3.724 |    3.731 | 
     | U220                                               |              |          |       |         |          | 
     | core_instance/ofifo_inst/col_idx_1__fifo_instance/ | D ^          | DFQD1    | 0.000 |   3.724 |    3.731 | 
     | q3_reg_16_                                         |              |          |       |         |          | 
     +-----------------------------------------------------------------------------------------------------------+ 
Path 5: MET Setup Check with Pin core_instance/ofifo_inst/col_idx_4__fifo_
instance/q3_reg_17_/CP 
Endpoint:   core_instance/ofifo_inst/col_idx_4__fifo_instance/q3_reg_17_/D      
(^) checked with  leading edge of 'clk'
Beginpoint: core_instance/mac_array_instance/col_idx_5__mac_col_inst/query_q_
reg_37_/Q (v) triggered by  leading edge of 'clk'
Path Groups: {clk}
Analysis View: WC_VIEW
Other End Arrival Time          0.254
- Setup                         0.015
+ Phase Shift                   3.500
+ CPPR Adjustment               0.000
= Required Time                 3.738
- Arrival Time                  3.732
= Slack Time                    0.007
     Clock Rise Edge                 0.000
     + Clock Network Latency (Prop)  0.241
     = Beginpoint Arrival Time       0.241
     +-----------------------------------------------------------------------------------------------------------+ 
     |                      Instance                      |     Arc      |   Cell   | Delay | Arrival | Required | 
     |                                                    |              |          |       |  Time   |   Time   | 
     |----------------------------------------------------+--------------+----------+-------+---------+----------| 
     | core_instance/mac_array_instance/col_idx_5__mac_co | CP ^         |          |       |   0.241 |    0.247 | 
     | l_inst/query_q_reg_37_                             |              |          |       |         |          | 
     | core_instance/mac_array_instance/col_idx_5__mac_co | CP ^ -> Q v  | DFQD1    | 0.201 |   0.442 |    0.449 | 
     | l_inst/query_q_reg_37_                             |              |          |       |         |          | 
     | core_instance/mac_array_instance/col_idx_5__mac_co | I v -> ZN ^  | INVD0    | 0.286 |   0.729 |    0.735 | 
     | l_inst/FE_OFC636_q_temp_357_                       |              |          |       |         |          | 
     | core_instance/mac_array_instance/col_idx_5__mac_co | B2 ^ -> ZN v | AOI22D1  | 0.206 |   0.935 |    0.941 | 
     | l_inst/mac_16in_instance/U227                      |              |          |       |         |          | 
     | core_instance/mac_array_instance/col_idx_5__mac_co | C v -> ZN ^  | AOI221D1 | 0.273 |   1.208 |    1.214 | 
     | l_inst/mac_16in_instance/U482                      |              |          |       |         |          | 
     | core_instance/mac_array_instance/col_idx_5__mac_co | A2 ^ -> ZN v | AOI22D0  | 0.200 |   1.408 |    1.414 | 
     | l_inst/mac_16in_instance/U36                       |              |          |       |         |          | 
     | core_instance/mac_array_instance/col_idx_5__mac_co | A2 v -> ZN ^ | NR2D0    | 0.160 |   1.568 |    1.575 | 
     | l_inst/mac_16in_instance/U41                       |              |          |       |         |          | 
     | core_instance/mac_array_instance/col_idx_5__mac_co | B ^ -> ZN v  | AOI21D1  | 0.095 |   1.663 |    1.669 | 
     | l_inst/mac_16in_instance/U127                      |              |          |       |         |          | 
     | core_instance/mac_array_instance/col_idx_5__mac_co | D v -> S ^   | CMPE42D1 | 0.194 |   1.856 |    1.863 | 
     | l_inst/mac_16in_instance/DP_OP_38J7_122_4029_U94   |              |          |       |         |          | 
     | core_instance/mac_array_instance/col_idx_5__mac_co | B ^ -> S v   | CMPE42D1 | 0.316 |   2.172 |    2.179 | 
     | l_inst/mac_16in_instance/DP_OP_38J7_122_4029_U89   |              |          |       |         |          | 
     | core_instance/mac_array_instance/col_idx_5__mac_co | C v -> S v   | CMPE42D1 | 0.250 |   2.423 |    2.429 | 
     | l_inst/mac_16in_instance/DP_OP_38J7_122_4029_U87   |              |          |       |         |          | 
     | core_instance/mac_array_instance/col_idx_5__mac_co | C v -> S v   | CMPE42D1 | 0.257 |   2.680 |    2.687 | 
     | l_inst/mac_16in_instance/DP_OP_38J7_122_4029_U86   |              |          |       |         |          | 
     | core_instance/mac_array_instance/col_idx_5__mac_co | B v -> CO v  | FA1D1    | 0.134 |   2.814 |    2.821 | 
     | l_inst/mac_16in_instance/intadd_4_U11              |              |          |       |         |          | 
     | core_instance/mac_array_instance/col_idx_5__mac_co | CI v -> CO v | FA1D0    | 0.101 |   2.916 |    2.922 | 
     | l_inst/mac_16in_instance/intadd_4_U10              |              |          |       |         |          | 
     | core_instance/mac_array_instance/col_idx_5__mac_co | CI v -> CO v | FA1D1    | 0.076 |   2.992 |    2.998 | 
     | l_inst/mac_16in_instance/intadd_4_U9               |              |          |       |         |          | 
     | core_instance/mac_array_instance/col_idx_5__mac_co | CI v -> CO v | FA1D1    | 0.073 |   3.064 |    3.071 | 
     | l_inst/mac_16in_instance/intadd_4_U8               |              |          |       |         |          | 
     | core_instance/mac_array_instance/col_idx_5__mac_co | CI v -> CO v | FA1D1    | 0.073 |   3.137 |    3.144 | 
     | l_inst/mac_16in_instance/intadd_4_U7               |              |          |       |         |          | 
     | core_instance/mac_array_instance/col_idx_5__mac_co | CI v -> CO v | FA1D1    | 0.073 |   3.211 |    3.217 | 
     | l_inst/mac_16in_instance/intadd_4_U6               |              |          |       |         |          | 
     | core_instance/mac_array_instance/col_idx_5__mac_co | CI v -> CO v | FA1D1    | 0.073 |   3.284 |    3.290 | 
     | l_inst/mac_16in_instance/intadd_4_U5               |              |          |       |         |          | 
     | core_instance/mac_array_instance/col_idx_5__mac_co | CI v -> CO v | FA1D1    | 0.073 |   3.357 |    3.363 | 
     | l_inst/mac_16in_instance/intadd_4_U4               |              |          |       |         |          | 
     | core_instance/mac_array_instance/col_idx_5__mac_co | CI v -> CO v | FA1D1    | 0.072 |   3.429 |    3.435 | 
     | l_inst/mac_16in_instance/intadd_4_U3               |              |          |       |         |          | 
     | core_instance/mac_array_instance/col_idx_5__mac_co | CI v -> S ^  | FA1D2    | 0.149 |   3.577 |    3.584 | 
     | l_inst/mac_16in_instance/intadd_4_U2               |              |          |       |         |          | 
     | core_instance/ofifo_inst/col_idx_4__fifo_instance/ | I ^ -> Z ^   | BUFFD2   | 0.072 |   3.649 |    3.655 | 
     | FE_OFC398_array_out_97_                            |              |          |       |         |          | 
     | core_instance/ofifo_inst/col_idx_4__fifo_instance/ | A2 ^ -> Z ^  | OA22D0   | 0.083 |   3.732 |    3.738 | 
     | U219                                               |              |          |       |         |          | 
     | core_instance/ofifo_inst/col_idx_4__fifo_instance/ | D ^          | DFQD1    | 0.000 |   3.732 |    3.738 | 
     | q3_reg_17_                                         |              |          |       |         |          | 
     +-----------------------------------------------------------------------------------------------------------+ 

