Information: Variable 'hdlin_enable_vpp' is obsolete and is being ignored. (INFO-100)
Running PRESTO HDLC
Compiling source file ./verilog/fullchip.v
Presto compilation completed successfully.
Loading db file '/home/linux/ieng6/ee260bwi25/public/PDKdata/db/tcbn65gplustc.db'
Running PRESTO HDLC
Compiling source file ./verilog/core.v
Warning:  ./verilog/core.v:66: the undeclared symbol 'fifo_valid' assumed to have the default net type, which is 'wire'. (VER-936)
Warning:  ./verilog/core.v:103: Invalid escape sequence '\x' in call to '$display'. (VER-941)
Warning:  ./verilog/core.v:103: Invalid escape sequence '\x' in call to '$display'. (VER-941)
Presto compilation completed successfully.
Running PRESTO HDLC
Compiling source file ./verilog/sync.v
Presto compilation completed successfully.
Running PRESTO HDLC
Compiling source file ./verilog/mac_col.v
Presto compilation completed successfully.
Running PRESTO HDLC
Compiling source file ./verilog/mac_8in.v
Presto compilation completed successfully.
Running PRESTO HDLC
Compiling source file ./verilog/mac_array.v
Presto compilation completed successfully.
Running PRESTO HDLC
Compiling source file ./verilog/sram_w16.v
Presto compilation completed successfully.
Running PRESTO HDLC
Compiling source file ./verilog/ofifo.v
Presto compilation completed successfully.
Running PRESTO HDLC
Compiling source file ./verilog/fifo_depth16.v
Warning:  ./verilog/fifo_depth16.v:20: The construct 'declaration initial assignment' is not supported in synthesis; it is ignored. (VER-708)
Warning:  ./verilog/fifo_depth16.v:21: The construct 'declaration initial assignment' is not supported in synthesis; it is ignored. (VER-708)
Presto compilation completed successfully.
Running PRESTO HDLC
Compiling source file ./verilog/fifo_mux_16_1.v
Presto compilation completed successfully.
Running PRESTO HDLC
Compiling source file ./verilog/fifo_mux_8_1.v
Presto compilation completed successfully.
Running PRESTO HDLC
Compiling source file ./verilog/fifo_mux_2_1.v
Presto compilation completed successfully.
Warning: Detected use of obsolete/unsupported feature.  The following
	will not be available in a future release of the application:
	elaborate -update. Use plain elaborate instead (CMD-100)
Loading db file '/software/nonrdist64/dc-2015.06-64/libraries/syn/gtech.db'
Loading db file '/software/nonrdist64/dc-2015.06-64/libraries/syn/standard.sldb'
  Loading link library 'tcbn65gplustc'
  Loading link library 'gtech'
Running PRESTO HDLC
Presto compilation completed successfully.
Elaborated 1 design.
Current design is now 'fullchip'.
Information: Building the design 'core' instantiated from design 'fullchip' with
	the parameters "bw=8,bw_psum=20,col=8,pr=8". (HDL-193)
Warning:  ./verilog/core.v:103: Invalid escape sequence '\x' in call to '$display'. (VER-941)
Warning:  ./verilog/core.v:103: Invalid escape sequence '\x' in call to '$display'. (VER-941)
$display output: Memory write to PSUM mem add   ??????
Presto compilation completed successfully.
Information: Building the design 'mac_array' instantiated from design 'core_col8_bw8_bw_psum20_pr8' with
	the parameters "bw=8,bw_psum=20,col=8,pr=8". (HDL-193)
Presto compilation completed successfully.
Information: Building the design 'ofifo' instantiated from design 'core_col8_bw8_bw_psum20_pr8' with
	the parameters "bw=20,col=8". (HDL-193)
Presto compilation completed successfully.
Information: Building the design 'sram_w16' instantiated from design 'core_col8_bw8_bw_psum20_pr8' with
	the parameters "sram_bit=64". (HDL-193)

Statistics for case statements in always block at line 48 in file
	'./verilog/sram_w16.v'
===============================================
|           Line           |  full/ parallel  |
===============================================
|            51            |    auto/auto     |
|            72            |    auto/auto     |
===============================================

Inferred memory devices in process
	in routine sram_w16_sram_bit64 line 48 in file
		'./verilog/sram_w16.v'.
===============================================================================
|    Register Name    |   Type    | Width | Bus | MB | AR | AS | SR | SS | ST |
===============================================================================
|    memory12_reg     | Flip-flop |  64   |  Y  | N  | N  | N  | N  | N  | N  |
|    memory10_reg     | Flip-flop |  64   |  Y  | N  | N  | N  | N  | N  | N  |
|    memory11_reg     | Flip-flop |  64   |  Y  | N  | N  | N  | N  | N  | N  |
|    memory13_reg     | Flip-flop |  64   |  Y  | N  | N  | N  | N  | N  | N  |
|    memory14_reg     | Flip-flop |  64   |  Y  | N  | N  | N  | N  | N  | N  |
|        Q_reg        | Flip-flop |  64   |  Y  | N  | N  | N  | N  | N  | N  |
|    memory15_reg     | Flip-flop |  64   |  Y  | N  | N  | N  | N  | N  | N  |
|     memory0_reg     | Flip-flop |  64   |  Y  | N  | N  | N  | N  | N  | N  |
|     memory1_reg     | Flip-flop |  64   |  Y  | N  | N  | N  | N  | N  | N  |
|     memory2_reg     | Flip-flop |  64   |  Y  | N  | N  | N  | N  | N  | N  |
|     memory3_reg     | Flip-flop |  64   |  Y  | N  | N  | N  | N  | N  | N  |
|     memory4_reg     | Flip-flop |  64   |  Y  | N  | N  | N  | N  | N  | N  |
|     memory5_reg     | Flip-flop |  64   |  Y  | N  | N  | N  | N  | N  | N  |
|     memory6_reg     | Flip-flop |  64   |  Y  | N  | N  | N  | N  | N  | N  |
|     memory7_reg     | Flip-flop |  64   |  Y  | N  | N  | N  | N  | N  | N  |
|     memory8_reg     | Flip-flop |  64   |  Y  | N  | N  | N  | N  | N  | N  |
|     memory9_reg     | Flip-flop |  64   |  Y  | N  | N  | N  | N  | N  | N  |
===============================================================================
Presto compilation completed successfully.
Information: Building the design 'sram_w16' instantiated from design 'core_col8_bw8_bw_psum20_pr8' with
	the parameters "sram_bit=160". (HDL-193)

Statistics for case statements in always block at line 48 in file
	'./verilog/sram_w16.v'
===============================================
|           Line           |  full/ parallel  |
===============================================
|            51            |    auto/auto     |
|            72            |    auto/auto     |
===============================================

Inferred memory devices in process
	in routine sram_w16_sram_bit160 line 48 in file
		'./verilog/sram_w16.v'.
===============================================================================
|    Register Name    |   Type    | Width | Bus | MB | AR | AS | SR | SS | ST |
===============================================================================
|    memory12_reg     | Flip-flop |  160  |  Y  | N  | N  | N  | N  | N  | N  |
|    memory10_reg     | Flip-flop |  160  |  Y  | N  | N  | N  | N  | N  | N  |
|    memory11_reg     | Flip-flop |  160  |  Y  | N  | N  | N  | N  | N  | N  |
|    memory13_reg     | Flip-flop |  160  |  Y  | N  | N  | N  | N  | N  | N  |
|    memory14_reg     | Flip-flop |  160  |  Y  | N  | N  | N  | N  | N  | N  |
|        Q_reg        | Flip-flop |  160  |  Y  | N  | N  | N  | N  | N  | N  |
|    memory15_reg     | Flip-flop |  160  |  Y  | N  | N  | N  | N  | N  | N  |
|     memory0_reg     | Flip-flop |  160  |  Y  | N  | N  | N  | N  | N  | N  |
|     memory1_reg     | Flip-flop |  160  |  Y  | N  | N  | N  | N  | N  | N  |
|     memory2_reg     | Flip-flop |  160  |  Y  | N  | N  | N  | N  | N  | N  |
|     memory3_reg     | Flip-flop |  160  |  Y  | N  | N  | N  | N  | N  | N  |
|     memory4_reg     | Flip-flop |  160  |  Y  | N  | N  | N  | N  | N  | N  |
|     memory5_reg     | Flip-flop |  160  |  Y  | N  | N  | N  | N  | N  | N  |
|     memory6_reg     | Flip-flop |  160  |  Y  | N  | N  | N  | N  | N  | N  |
|     memory7_reg     | Flip-flop |  160  |  Y  | N  | N  | N  | N  | N  | N  |
|     memory8_reg     | Flip-flop |  160  |  Y  | N  | N  | N  | N  | N  | N  |
|     memory9_reg     | Flip-flop |  160  |  Y  | N  | N  | N  | N  | N  | N  |
===============================================================================
Presto compilation completed successfully.
Information: Building the design 'mac_col' instantiated from design 'mac_array_col8_bw8_bw_psum20_pr8' with
	the parameters "bw=8,bw_psum=20,pr=8,col_id=1". (HDL-193)
Warning:  ./verilog/mac_col.v:49: signed to unsigned conversion occurs. (VER-318)

Inferred memory devices in process
	in routine mac_col_bw8_bw_psum20_pr8_col_id1 line 37 in file
		'./verilog/mac_col.v'.
===============================================================================
|    Register Name    |   Type    | Width | Bus | MB | AR | AS | SR | SS | ST |
===============================================================================
|  load_ready_q_reg   | Flip-flop |   1   |  N  | N  | N  | N  | N  | N  | N  |
|     inst_q_reg      | Flip-flop |   2   |  Y  | N  | N  | N  | N  | N  | N  |
|     inst_2q_reg     | Flip-flop |   1   |  N  | N  | N  | N  | N  | N  | N  |
|     query_q_reg     | Flip-flop |  64   |  Y  | N  | N  | N  | N  | N  | N  |
|      key_q_reg      | Flip-flop |  64   |  Y  | N  | N  | N  | N  | N  | N  |
|      cnt_q_reg      | Flip-flop |   4   |  Y  | N  | N  | N  | N  | N  | N  |
===============================================================================
Presto compilation completed successfully.
Information: Building the design 'mac_col' instantiated from design 'mac_array_col8_bw8_bw_psum20_pr8' with
	the parameters "bw=8,bw_psum=20,pr=8,col_id=2". (HDL-193)
Warning:  ./verilog/mac_col.v:49: signed to unsigned conversion occurs. (VER-318)

Inferred memory devices in process
	in routine mac_col_bw8_bw_psum20_pr8_col_id2 line 37 in file
		'./verilog/mac_col.v'.
===============================================================================
|    Register Name    |   Type    | Width | Bus | MB | AR | AS | SR | SS | ST |
===============================================================================
|  load_ready_q_reg   | Flip-flop |   1   |  N  | N  | N  | N  | N  | N  | N  |
|     inst_q_reg      | Flip-flop |   2   |  Y  | N  | N  | N  | N  | N  | N  |
|     inst_2q_reg     | Flip-flop |   1   |  N  | N  | N  | N  | N  | N  | N  |
|     query_q_reg     | Flip-flop |  64   |  Y  | N  | N  | N  | N  | N  | N  |
|      key_q_reg      | Flip-flop |  64   |  Y  | N  | N  | N  | N  | N  | N  |
|      cnt_q_reg      | Flip-flop |   4   |  Y  | N  | N  | N  | N  | N  | N  |
===============================================================================
Presto compilation completed successfully.
Information: Building the design 'mac_col' instantiated from design 'mac_array_col8_bw8_bw_psum20_pr8' with
	the parameters "bw=8,bw_psum=20,pr=8,col_id=3". (HDL-193)
Warning:  ./verilog/mac_col.v:49: signed to unsigned conversion occurs. (VER-318)

Inferred memory devices in process
	in routine mac_col_bw8_bw_psum20_pr8_col_id3 line 37 in file
		'./verilog/mac_col.v'.
===============================================================================
|    Register Name    |   Type    | Width | Bus | MB | AR | AS | SR | SS | ST |
===============================================================================
|  load_ready_q_reg   | Flip-flop |   1   |  N  | N  | N  | N  | N  | N  | N  |
|     inst_q_reg      | Flip-flop |   2   |  Y  | N  | N  | N  | N  | N  | N  |
|     inst_2q_reg     | Flip-flop |   1   |  N  | N  | N  | N  | N  | N  | N  |
|     query_q_reg     | Flip-flop |  64   |  Y  | N  | N  | N  | N  | N  | N  |
|      key_q_reg      | Flip-flop |  64   |  Y  | N  | N  | N  | N  | N  | N  |
|      cnt_q_reg      | Flip-flop |   4   |  Y  | N  | N  | N  | N  | N  | N  |
===============================================================================
Presto compilation completed successfully.
Information: Building the design 'mac_col' instantiated from design 'mac_array_col8_bw8_bw_psum20_pr8' with
	the parameters "bw=8,bw_psum=20,pr=8,col_id=4". (HDL-193)
Warning:  ./verilog/mac_col.v:49: signed to unsigned conversion occurs. (VER-318)

Inferred memory devices in process
	in routine mac_col_bw8_bw_psum20_pr8_col_id4 line 37 in file
		'./verilog/mac_col.v'.
===============================================================================
|    Register Name    |   Type    | Width | Bus | MB | AR | AS | SR | SS | ST |
===============================================================================
|  load_ready_q_reg   | Flip-flop |   1   |  N  | N  | N  | N  | N  | N  | N  |
|     inst_q_reg      | Flip-flop |   2   |  Y  | N  | N  | N  | N  | N  | N  |
|     inst_2q_reg     | Flip-flop |   1   |  N  | N  | N  | N  | N  | N  | N  |
|     query_q_reg     | Flip-flop |  64   |  Y  | N  | N  | N  | N  | N  | N  |
|      key_q_reg      | Flip-flop |  64   |  Y  | N  | N  | N  | N  | N  | N  |
|      cnt_q_reg      | Flip-flop |   4   |  Y  | N  | N  | N  | N  | N  | N  |
===============================================================================
Presto compilation completed successfully.
Information: Building the design 'mac_col' instantiated from design 'mac_array_col8_bw8_bw_psum20_pr8' with
	the parameters "bw=8,bw_psum=20,pr=8,col_id=5". (HDL-193)
Warning:  ./verilog/mac_col.v:49: signed to unsigned conversion occurs. (VER-318)

Inferred memory devices in process
	in routine mac_col_bw8_bw_psum20_pr8_col_id5 line 37 in file
		'./verilog/mac_col.v'.
===============================================================================
|    Register Name    |   Type    | Width | Bus | MB | AR | AS | SR | SS | ST |
===============================================================================
|  load_ready_q_reg   | Flip-flop |   1   |  N  | N  | N  | N  | N  | N  | N  |
|     inst_q_reg      | Flip-flop |   2   |  Y  | N  | N  | N  | N  | N  | N  |
|     inst_2q_reg     | Flip-flop |   1   |  N  | N  | N  | N  | N  | N  | N  |
|     query_q_reg     | Flip-flop |  64   |  Y  | N  | N  | N  | N  | N  | N  |
|      key_q_reg      | Flip-flop |  64   |  Y  | N  | N  | N  | N  | N  | N  |
|      cnt_q_reg      | Flip-flop |   4   |  Y  | N  | N  | N  | N  | N  | N  |
===============================================================================
Presto compilation completed successfully.
Information: Building the design 'mac_col' instantiated from design 'mac_array_col8_bw8_bw_psum20_pr8' with
	the parameters "bw=8,bw_psum=20,pr=8,col_id=6". (HDL-193)
Warning:  ./verilog/mac_col.v:49: signed to unsigned conversion occurs. (VER-318)

Inferred memory devices in process
	in routine mac_col_bw8_bw_psum20_pr8_col_id6 line 37 in file
		'./verilog/mac_col.v'.
===============================================================================
|    Register Name    |   Type    | Width | Bus | MB | AR | AS | SR | SS | ST |
===============================================================================
|  load_ready_q_reg   | Flip-flop |   1   |  N  | N  | N  | N  | N  | N  | N  |
|     inst_q_reg      | Flip-flop |   2   |  Y  | N  | N  | N  | N  | N  | N  |
|     inst_2q_reg     | Flip-flop |   1   |  N  | N  | N  | N  | N  | N  | N  |
|     query_q_reg     | Flip-flop |  64   |  Y  | N  | N  | N  | N  | N  | N  |
|      key_q_reg      | Flip-flop |  64   |  Y  | N  | N  | N  | N  | N  | N  |
|      cnt_q_reg      | Flip-flop |   4   |  Y  | N  | N  | N  | N  | N  | N  |
===============================================================================
Presto compilation completed successfully.
Information: Building the design 'mac_col' instantiated from design 'mac_array_col8_bw8_bw_psum20_pr8' with
	the parameters "bw=8,bw_psum=20,pr=8,col_id=7". (HDL-193)
Warning:  ./verilog/mac_col.v:49: signed to unsigned conversion occurs. (VER-318)

Inferred memory devices in process
	in routine mac_col_bw8_bw_psum20_pr8_col_id7 line 37 in file
		'./verilog/mac_col.v'.
===============================================================================
|    Register Name    |   Type    | Width | Bus | MB | AR | AS | SR | SS | ST |
===============================================================================
|  load_ready_q_reg   | Flip-flop |   1   |  N  | N  | N  | N  | N  | N  | N  |
|     inst_q_reg      | Flip-flop |   2   |  Y  | N  | N  | N  | N  | N  | N  |
|     inst_2q_reg     | Flip-flop |   1   |  N  | N  | N  | N  | N  | N  | N  |
|     query_q_reg     | Flip-flop |  64   |  Y  | N  | N  | N  | N  | N  | N  |
|      key_q_reg      | Flip-flop |  64   |  Y  | N  | N  | N  | N  | N  | N  |
|      cnt_q_reg      | Flip-flop |   4   |  Y  | N  | N  | N  | N  | N  | N  |
===============================================================================
Presto compilation completed successfully.
Information: Building the design 'mac_col' instantiated from design 'mac_array_col8_bw8_bw_psum20_pr8' with
	the parameters "bw=8,bw_psum=20,pr=8,col_id=8". (HDL-193)
Warning:  ./verilog/mac_col.v:49: signed to unsigned conversion occurs. (VER-318)

Inferred memory devices in process
	in routine mac_col_bw8_bw_psum20_pr8_col_id8 line 37 in file
		'./verilog/mac_col.v'.
===============================================================================
|    Register Name    |   Type    | Width | Bus | MB | AR | AS | SR | SS | ST |
===============================================================================
|  load_ready_q_reg   | Flip-flop |   1   |  N  | N  | N  | N  | N  | N  | N  |
|     inst_q_reg      | Flip-flop |   2   |  Y  | N  | N  | N  | N  | N  | N  |
|     inst_2q_reg     | Flip-flop |   1   |  N  | N  | N  | N  | N  | N  | N  |
|     query_q_reg     | Flip-flop |  64   |  Y  | N  | N  | N  | N  | N  | N  |
|      key_q_reg      | Flip-flop |  64   |  Y  | N  | N  | N  | N  | N  | N  |
|      cnt_q_reg      | Flip-flop |   4   |  Y  | N  | N  | N  | N  | N  | N  |
===============================================================================
Presto compilation completed successfully.
Information: Building the design 'fifo_depth16' instantiated from design 'ofifo_col8_bw20' with
	the parameters "bw=20,simd=1". (HDL-193)

Statistics for case statements in always block at line 63 in file
	'./verilog/fifo_depth16.v'
===============================================
|           Line           |  full/ parallel  |
===============================================
|            73            |    auto/auto     |
===============================================

Inferred memory devices in process
	in routine fifo_depth16_bw20_simd1 line 53 in file
		'./verilog/fifo_depth16.v'.
===============================================================================
|    Register Name    |   Type    | Width | Bus | MB | AR | AS | SR | SS | ST |
===============================================================================
|     rd_ptr_reg      | Flip-flop |   5   |  Y  | N  | N  | N  | N  | N  | N  |
===============================================================================

Inferred memory devices in process
	in routine fifo_depth16_bw20_simd1 line 63 in file
		'./verilog/fifo_depth16.v'.
===============================================================================
|    Register Name    |   Type    | Width | Bus | MB | AR | AS | SR | SS | ST |
===============================================================================
|       q6_reg        | Flip-flop |  20   |  Y  | N  | N  | N  | N  | N  | N  |
|       q10_reg       | Flip-flop |  20   |  Y  | N  | N  | N  | N  | N  | N  |
|       q7_reg        | Flip-flop |  20   |  Y  | N  | N  | N  | N  | N  | N  |
|       q8_reg        | Flip-flop |  20   |  Y  | N  | N  | N  | N  | N  | N  |
|       q9_reg        | Flip-flop |  20   |  Y  | N  | N  | N  | N  | N  | N  |
|       q11_reg       | Flip-flop |  20   |  Y  | N  | N  | N  | N  | N  | N  |
|     wr_ptr_reg      | Flip-flop |   5   |  Y  | N  | N  | N  | N  | N  | N  |
|       q12_reg       | Flip-flop |  20   |  Y  | N  | N  | N  | N  | N  | N  |
|       q13_reg       | Flip-flop |  20   |  Y  | N  | N  | N  | N  | N  | N  |
|       q14_reg       | Flip-flop |  20   |  Y  | N  | N  | N  | N  | N  | N  |
|       q15_reg       | Flip-flop |  20   |  Y  | N  | N  | N  | N  | N  | N  |
|       q0_reg        | Flip-flop |  20   |  Y  | N  | N  | N  | N  | N  | N  |
|       q1_reg        | Flip-flop |  20   |  Y  | N  | N  | N  | N  | N  | N  |
|       q2_reg        | Flip-flop |  20   |  Y  | N  | N  | N  | N  | N  | N  |
|       q3_reg        | Flip-flop |  20   |  Y  | N  | N  | N  | N  | N  | N  |
|       q4_reg        | Flip-flop |  20   |  Y  | N  | N  | N  | N  | N  | N  |
|       q5_reg        | Flip-flop |  20   |  Y  | N  | N  | N  | N  | N  | N  |
===============================================================================
Presto compilation completed successfully.
Information: Building the design 'mac_8in' instantiated from design 'mac_col_bw8_bw_psum20_pr8_col_id1' with
	the parameters "bw=8,bw_psum=20,pr=8". (HDL-193)
Presto compilation completed successfully.
Information: Building the design 'fifo_mux_16_1' instantiated from design 'fifo_depth16_bw20_simd1' with
	the parameters "bw=20,simd=1". (HDL-193)
Presto compilation completed successfully.
Information: Building the design 'fifo_mux_8_1' instantiated from design 'fifo_mux_16_1_bw20_simd1' with
	the parameters "bw=20,simd=1". (HDL-193)
Presto compilation completed successfully.
Information: Building the design 'fifo_mux_2_1' instantiated from design 'fifo_mux_16_1_bw20_simd1' with
	the parameters "bw=20,simd=1". (HDL-193)
Presto compilation completed successfully.
Current design is 'fullchip'.

  Linking design 'fullchip'
  Using the following designs and libraries:
  --------------------------------------------------------------------------
  * (19 designs)              /home/linux/ieng6/ee260bwi25/zhbian/1D-Vector-based-NPU/SingleCore_withoutSFP/fullchip.db, etc
  tcbn65gplustc (library)     /home/linux/ieng6/ee260bwi25/public/PDKdata/db/tcbn65gplustc.db


Reading SDC version 2.0...
Error: Invalid delay direction for port 'out[159]'. (UID-254)
Error: Invalid delay direction for port 'mem_in[63]'. (UID-254)

#   Propagate Constraints from cell core_instance/ (core_col8_bw8_bw_psum20_pr8) #

#   Propagate Constraints from cell core_instance/psum_mem_instance/ (sram_w16_sram_bit160) #

#   Propagate Constraints from cell core_instance/kmem_instance/ (sram_w16_sram_bit64) #

#   Propagate Constraints from cell core_instance/qmem_instance/ (sram_w16_sram_bit64) #

#   Propagate Constraints from cell core_instance/ofifo_inst/ (ofifo_col8_bw20) #

#   Propagate Constraints from cell core_instance/ofifo_inst/col_idx[7].fifo_instance/ (fifo_depth16_bw20_simd1) #

#   Propagate Constraints from cell core_instance/ofifo_inst/col_idx[7].fifo_instance/fifo_mux_16_1a/ (fifo_mux_16_1_bw20_simd1) #

#   Propagate Constraints from cell core_instance/ofifo_inst/col_idx[7].fifo_instance/fifo_mux_16_1a/mux_2_1a/ (fifo_mux_2_1_bw20_simd1) #

#   Propagate Constraints from cell core_instance/ofifo_inst/col_idx[7].fifo_instance/fifo_mux_16_1a/mux_8_1b/ (fifo_mux_8_1_bw20_simd1) #

#   Propagate Constraints from cell core_instance/ofifo_inst/col_idx[7].fifo_instance/fifo_mux_16_1a/mux_8_1b/fifo_mux_2_1g/ (fifo_mux_2_1_bw20_simd1) #

#   Propagate Constraints from cell core_instance/ofifo_inst/col_idx[7].fifo_instance/fifo_mux_16_1a/mux_8_1b/fifo_mux_2_1f/ (fifo_mux_2_1_bw20_simd1) #

#   Propagate Constraints from cell core_instance/ofifo_inst/col_idx[7].fifo_instance/fifo_mux_16_1a/mux_8_1b/fifo_mux_2_1e/ (fifo_mux_2_1_bw20_simd1) #

#   Propagate Constraints from cell core_instance/ofifo_inst/col_idx[7].fifo_instance/fifo_mux_16_1a/mux_8_1b/fifo_mux_2_1d/ (fifo_mux_2_1_bw20_simd1) #

#   Propagate Constraints from cell core_instance/ofifo_inst/col_idx[7].fifo_instance/fifo_mux_16_1a/mux_8_1b/fifo_mux_2_1c/ (fifo_mux_2_1_bw20_simd1) #

#   Propagate Constraints from cell core_instance/ofifo_inst/col_idx[7].fifo_instance/fifo_mux_16_1a/mux_8_1b/fifo_mux_2_1b/ (fifo_mux_2_1_bw20_simd1) #

#   Propagate Constraints from cell core_instance/ofifo_inst/col_idx[7].fifo_instance/fifo_mux_16_1a/mux_8_1b/fifo_mux_2_1a/ (fifo_mux_2_1_bw20_simd1) #

#   Propagate Constraints from cell core_instance/ofifo_inst/col_idx[7].fifo_instance/fifo_mux_16_1a/mux_8_1a/ (fifo_mux_8_1_bw20_simd1) #

#   Propagate Constraints from cell core_instance/ofifo_inst/col_idx[7].fifo_instance/fifo_mux_16_1a/mux_8_1a/fifo_mux_2_1g/ (fifo_mux_2_1_bw20_simd1) #

#   Propagate Constraints from cell core_instance/ofifo_inst/col_idx[7].fifo_instance/fifo_mux_16_1a/mux_8_1a/fifo_mux_2_1f/ (fifo_mux_2_1_bw20_simd1) #

#   Propagate Constraints from cell core_instance/ofifo_inst/col_idx[7].fifo_instance/fifo_mux_16_1a/mux_8_1a/fifo_mux_2_1e/ (fifo_mux_2_1_bw20_simd1) #

#   Propagate Constraints from cell core_instance/ofifo_inst/col_idx[7].fifo_instance/fifo_mux_16_1a/mux_8_1a/fifo_mux_2_1d/ (fifo_mux_2_1_bw20_simd1) #

#   Propagate Constraints from cell core_instance/ofifo_inst/col_idx[7].fifo_instance/fifo_mux_16_1a/mux_8_1a/fifo_mux_2_1c/ (fifo_mux_2_1_bw20_simd1) #

#   Propagate Constraints from cell core_instance/ofifo_inst/col_idx[7].fifo_instance/fifo_mux_16_1a/mux_8_1a/fifo_mux_2_1b/ (fifo_mux_2_1_bw20_simd1) #

#   Propagate Constraints from cell core_instance/ofifo_inst/col_idx[7].fifo_instance/fifo_mux_16_1a/mux_8_1a/fifo_mux_2_1a/ (fifo_mux_2_1_bw20_simd1) #

#   Propagate Constraints from cell core_instance/ofifo_inst/col_idx[6].fifo_instance/ (fifo_depth16_bw20_simd1) #

#   Propagate Constraints from cell core_instance/ofifo_inst/col_idx[6].fifo_instance/fifo_mux_16_1a/ (fifo_mux_16_1_bw20_simd1) #

#   Propagate Constraints from cell core_instance/ofifo_inst/col_idx[6].fifo_instance/fifo_mux_16_1a/mux_2_1a/ (fifo_mux_2_1_bw20_simd1) #

#   Propagate Constraints from cell core_instance/ofifo_inst/col_idx[6].fifo_instance/fifo_mux_16_1a/mux_8_1b/ (fifo_mux_8_1_bw20_simd1) #

#   Propagate Constraints from cell core_instance/ofifo_inst/col_idx[6].fifo_instance/fifo_mux_16_1a/mux_8_1b/fifo_mux_2_1g/ (fifo_mux_2_1_bw20_simd1) #

#   Propagate Constraints from cell core_instance/ofifo_inst/col_idx[6].fifo_instance/fifo_mux_16_1a/mux_8_1b/fifo_mux_2_1f/ (fifo_mux_2_1_bw20_simd1) #

#   Propagate Constraints from cell core_instance/ofifo_inst/col_idx[6].fifo_instance/fifo_mux_16_1a/mux_8_1b/fifo_mux_2_1e/ (fifo_mux_2_1_bw20_simd1) #

#   Propagate Constraints from cell core_instance/ofifo_inst/col_idx[6].fifo_instance/fifo_mux_16_1a/mux_8_1b/fifo_mux_2_1d/ (fifo_mux_2_1_bw20_simd1) #

#   Propagate Constraints from cell core_instance/ofifo_inst/col_idx[6].fifo_instance/fifo_mux_16_1a/mux_8_1b/fifo_mux_2_1c/ (fifo_mux_2_1_bw20_simd1) #

#   Propagate Constraints from cell core_instance/ofifo_inst/col_idx[6].fifo_instance/fifo_mux_16_1a/mux_8_1b/fifo_mux_2_1b/ (fifo_mux_2_1_bw20_simd1) #

#   Propagate Constraints from cell core_instance/ofifo_inst/col_idx[6].fifo_instance/fifo_mux_16_1a/mux_8_1b/fifo_mux_2_1a/ (fifo_mux_2_1_bw20_simd1) #

#   Propagate Constraints from cell core_instance/ofifo_inst/col_idx[6].fifo_instance/fifo_mux_16_1a/mux_8_1a/ (fifo_mux_8_1_bw20_simd1) #

#   Propagate Constraints from cell core_instance/ofifo_inst/col_idx[6].fifo_instance/fifo_mux_16_1a/mux_8_1a/fifo_mux_2_1g/ (fifo_mux_2_1_bw20_simd1) #

#   Propagate Constraints from cell core_instance/ofifo_inst/col_idx[6].fifo_instance/fifo_mux_16_1a/mux_8_1a/fifo_mux_2_1f/ (fifo_mux_2_1_bw20_simd1) #

#   Propagate Constraints from cell core_instance/ofifo_inst/col_idx[6].fifo_instance/fifo_mux_16_1a/mux_8_1a/fifo_mux_2_1e/ (fifo_mux_2_1_bw20_simd1) #

#   Propagate Constraints from cell core_instance/ofifo_inst/col_idx[6].fifo_instance/fifo_mux_16_1a/mux_8_1a/fifo_mux_2_1d/ (fifo_mux_2_1_bw20_simd1) #

#   Propagate Constraints from cell core_instance/ofifo_inst/col_idx[6].fifo_instance/fifo_mux_16_1a/mux_8_1a/fifo_mux_2_1c/ (fifo_mux_2_1_bw20_simd1) #

#   Propagate Constraints from cell core_instance/ofifo_inst/col_idx[6].fifo_instance/fifo_mux_16_1a/mux_8_1a/fifo_mux_2_1b/ (fifo_mux_2_1_bw20_simd1) #

#   Propagate Constraints from cell core_instance/ofifo_inst/col_idx[6].fifo_instance/fifo_mux_16_1a/mux_8_1a/fifo_mux_2_1a/ (fifo_mux_2_1_bw20_simd1) #

#   Propagate Constraints from cell core_instance/ofifo_inst/col_idx[5].fifo_instance/ (fifo_depth16_bw20_simd1) #

#   Propagate Constraints from cell core_instance/ofifo_inst/col_idx[5].fifo_instance/fifo_mux_16_1a/ (fifo_mux_16_1_bw20_simd1) #

#   Propagate Constraints from cell core_instance/ofifo_inst/col_idx[5].fifo_instance/fifo_mux_16_1a/mux_2_1a/ (fifo_mux_2_1_bw20_simd1) #

#   Propagate Constraints from cell core_instance/ofifo_inst/col_idx[5].fifo_instance/fifo_mux_16_1a/mux_8_1b/ (fifo_mux_8_1_bw20_simd1) #

#   Propagate Constraints from cell core_instance/ofifo_inst/col_idx[5].fifo_instance/fifo_mux_16_1a/mux_8_1b/fifo_mux_2_1g/ (fifo_mux_2_1_bw20_simd1) #

#   Propagate Constraints from cell core_instance/ofifo_inst/col_idx[5].fifo_instance/fifo_mux_16_1a/mux_8_1b/fifo_mux_2_1f/ (fifo_mux_2_1_bw20_simd1) #

#   Propagate Constraints from cell core_instance/ofifo_inst/col_idx[5].fifo_instance/fifo_mux_16_1a/mux_8_1b/fifo_mux_2_1e/ (fifo_mux_2_1_bw20_simd1) #

#   Propagate Constraints from cell core_instance/ofifo_inst/col_idx[5].fifo_instance/fifo_mux_16_1a/mux_8_1b/fifo_mux_2_1d/ (fifo_mux_2_1_bw20_simd1) #

#   Propagate Constraints from cell core_instance/ofifo_inst/col_idx[5].fifo_instance/fifo_mux_16_1a/mux_8_1b/fifo_mux_2_1c/ (fifo_mux_2_1_bw20_simd1) #

#   Propagate Constraints from cell core_instance/ofifo_inst/col_idx[5].fifo_instance/fifo_mux_16_1a/mux_8_1b/fifo_mux_2_1b/ (fifo_mux_2_1_bw20_simd1) #

#   Propagate Constraints from cell core_instance/ofifo_inst/col_idx[5].fifo_instance/fifo_mux_16_1a/mux_8_1b/fifo_mux_2_1a/ (fifo_mux_2_1_bw20_simd1) #

#   Propagate Constraints from cell core_instance/ofifo_inst/col_idx[5].fifo_instance/fifo_mux_16_1a/mux_8_1a/ (fifo_mux_8_1_bw20_simd1) #

#   Propagate Constraints from cell core_instance/ofifo_inst/col_idx[5].fifo_instance/fifo_mux_16_1a/mux_8_1a/fifo_mux_2_1g/ (fifo_mux_2_1_bw20_simd1) #

#   Propagate Constraints from cell core_instance/ofifo_inst/col_idx[5].fifo_instance/fifo_mux_16_1a/mux_8_1a/fifo_mux_2_1f/ (fifo_mux_2_1_bw20_simd1) #

#   Propagate Constraints from cell core_instance/ofifo_inst/col_idx[5].fifo_instance/fifo_mux_16_1a/mux_8_1a/fifo_mux_2_1e/ (fifo_mux_2_1_bw20_simd1) #

#   Propagate Constraints from cell core_instance/ofifo_inst/col_idx[5].fifo_instance/fifo_mux_16_1a/mux_8_1a/fifo_mux_2_1d/ (fifo_mux_2_1_bw20_simd1) #

#   Propagate Constraints from cell core_instance/ofifo_inst/col_idx[5].fifo_instance/fifo_mux_16_1a/mux_8_1a/fifo_mux_2_1c/ (fifo_mux_2_1_bw20_simd1) #

#   Propagate Constraints from cell core_instance/ofifo_inst/col_idx[5].fifo_instance/fifo_mux_16_1a/mux_8_1a/fifo_mux_2_1b/ (fifo_mux_2_1_bw20_simd1) #

#   Propagate Constraints from cell core_instance/ofifo_inst/col_idx[5].fifo_instance/fifo_mux_16_1a/mux_8_1a/fifo_mux_2_1a/ (fifo_mux_2_1_bw20_simd1) #

#   Propagate Constraints from cell core_instance/ofifo_inst/col_idx[4].fifo_instance/ (fifo_depth16_bw20_simd1) #

#   Propagate Constraints from cell core_instance/ofifo_inst/col_idx[4].fifo_instance/fifo_mux_16_1a/ (fifo_mux_16_1_bw20_simd1) #

#   Propagate Constraints from cell core_instance/ofifo_inst/col_idx[4].fifo_instance/fifo_mux_16_1a/mux_2_1a/ (fifo_mux_2_1_bw20_simd1) #

#   Propagate Constraints from cell core_instance/ofifo_inst/col_idx[4].fifo_instance/fifo_mux_16_1a/mux_8_1b/ (fifo_mux_8_1_bw20_simd1) #

#   Propagate Constraints from cell core_instance/ofifo_inst/col_idx[4].fifo_instance/fifo_mux_16_1a/mux_8_1b/fifo_mux_2_1g/ (fifo_mux_2_1_bw20_simd1) #

#   Propagate Constraints from cell core_instance/ofifo_inst/col_idx[4].fifo_instance/fifo_mux_16_1a/mux_8_1b/fifo_mux_2_1f/ (fifo_mux_2_1_bw20_simd1) #

#   Propagate Constraints from cell core_instance/ofifo_inst/col_idx[4].fifo_instance/fifo_mux_16_1a/mux_8_1b/fifo_mux_2_1e/ (fifo_mux_2_1_bw20_simd1) #

#   Propagate Constraints from cell core_instance/ofifo_inst/col_idx[4].fifo_instance/fifo_mux_16_1a/mux_8_1b/fifo_mux_2_1d/ (fifo_mux_2_1_bw20_simd1) #

#   Propagate Constraints from cell core_instance/ofifo_inst/col_idx[4].fifo_instance/fifo_mux_16_1a/mux_8_1b/fifo_mux_2_1c/ (fifo_mux_2_1_bw20_simd1) #

#   Propagate Constraints from cell core_instance/ofifo_inst/col_idx[4].fifo_instance/fifo_mux_16_1a/mux_8_1b/fifo_mux_2_1b/ (fifo_mux_2_1_bw20_simd1) #

#   Propagate Constraints from cell core_instance/ofifo_inst/col_idx[4].fifo_instance/fifo_mux_16_1a/mux_8_1b/fifo_mux_2_1a/ (fifo_mux_2_1_bw20_simd1) #

#   Propagate Constraints from cell core_instance/ofifo_inst/col_idx[4].fifo_instance/fifo_mux_16_1a/mux_8_1a/ (fifo_mux_8_1_bw20_simd1) #

#   Propagate Constraints from cell core_instance/ofifo_inst/col_idx[4].fifo_instance/fifo_mux_16_1a/mux_8_1a/fifo_mux_2_1g/ (fifo_mux_2_1_bw20_simd1) #

#   Propagate Constraints from cell core_instance/ofifo_inst/col_idx[4].fifo_instance/fifo_mux_16_1a/mux_8_1a/fifo_mux_2_1f/ (fifo_mux_2_1_bw20_simd1) #

#   Propagate Constraints from cell core_instance/ofifo_inst/col_idx[4].fifo_instance/fifo_mux_16_1a/mux_8_1a/fifo_mux_2_1e/ (fifo_mux_2_1_bw20_simd1) #

#   Propagate Constraints from cell core_instance/ofifo_inst/col_idx[4].fifo_instance/fifo_mux_16_1a/mux_8_1a/fifo_mux_2_1d/ (fifo_mux_2_1_bw20_simd1) #

#   Propagate Constraints from cell core_instance/ofifo_inst/col_idx[4].fifo_instance/fifo_mux_16_1a/mux_8_1a/fifo_mux_2_1c/ (fifo_mux_2_1_bw20_simd1) #

#   Propagate Constraints from cell core_instance/ofifo_inst/col_idx[4].fifo_instance/fifo_mux_16_1a/mux_8_1a/fifo_mux_2_1b/ (fifo_mux_2_1_bw20_simd1) #

#   Propagate Constraints from cell core_instance/ofifo_inst/col_idx[4].fifo_instance/fifo_mux_16_1a/mux_8_1a/fifo_mux_2_1a/ (fifo_mux_2_1_bw20_simd1) #

#   Propagate Constraints from cell core_instance/ofifo_inst/col_idx[3].fifo_instance/ (fifo_depth16_bw20_simd1) #

#   Propagate Constraints from cell core_instance/ofifo_inst/col_idx[3].fifo_instance/fifo_mux_16_1a/ (fifo_mux_16_1_bw20_simd1) #

#   Propagate Constraints from cell core_instance/ofifo_inst/col_idx[3].fifo_instance/fifo_mux_16_1a/mux_2_1a/ (fifo_mux_2_1_bw20_simd1) #

#   Propagate Constraints from cell core_instance/ofifo_inst/col_idx[3].fifo_instance/fifo_mux_16_1a/mux_8_1b/ (fifo_mux_8_1_bw20_simd1) #

#   Propagate Constraints from cell core_instance/ofifo_inst/col_idx[3].fifo_instance/fifo_mux_16_1a/mux_8_1b/fifo_mux_2_1g/ (fifo_mux_2_1_bw20_simd1) #

#   Propagate Constraints from cell core_instance/ofifo_inst/col_idx[3].fifo_instance/fifo_mux_16_1a/mux_8_1b/fifo_mux_2_1f/ (fifo_mux_2_1_bw20_simd1) #

#   Propagate Constraints from cell core_instance/ofifo_inst/col_idx[3].fifo_instance/fifo_mux_16_1a/mux_8_1b/fifo_mux_2_1e/ (fifo_mux_2_1_bw20_simd1) #

#   Propagate Constraints from cell core_instance/ofifo_inst/col_idx[3].fifo_instance/fifo_mux_16_1a/mux_8_1b/fifo_mux_2_1d/ (fifo_mux_2_1_bw20_simd1) #

#   Propagate Constraints from cell core_instance/ofifo_inst/col_idx[3].fifo_instance/fifo_mux_16_1a/mux_8_1b/fifo_mux_2_1c/ (fifo_mux_2_1_bw20_simd1) #

#   Propagate Constraints from cell core_instance/ofifo_inst/col_idx[3].fifo_instance/fifo_mux_16_1a/mux_8_1b/fifo_mux_2_1b/ (fifo_mux_2_1_bw20_simd1) #

#   Propagate Constraints from cell core_instance/ofifo_inst/col_idx[3].fifo_instance/fifo_mux_16_1a/mux_8_1b/fifo_mux_2_1a/ (fifo_mux_2_1_bw20_simd1) #

#   Propagate Constraints from cell core_instance/ofifo_inst/col_idx[3].fifo_instance/fifo_mux_16_1a/mux_8_1a/ (fifo_mux_8_1_bw20_simd1) #

#   Propagate Constraints from cell core_instance/ofifo_inst/col_idx[3].fifo_instance/fifo_mux_16_1a/mux_8_1a/fifo_mux_2_1g/ (fifo_mux_2_1_bw20_simd1) #

#   Propagate Constraints from cell core_instance/ofifo_inst/col_idx[3].fifo_instance/fifo_mux_16_1a/mux_8_1a/fifo_mux_2_1f/ (fifo_mux_2_1_bw20_simd1) #

#   Propagate Constraints from cell core_instance/ofifo_inst/col_idx[3].fifo_instance/fifo_mux_16_1a/mux_8_1a/fifo_mux_2_1e/ (fifo_mux_2_1_bw20_simd1) #

#   Propagate Constraints from cell core_instance/ofifo_inst/col_idx[3].fifo_instance/fifo_mux_16_1a/mux_8_1a/fifo_mux_2_1d/ (fifo_mux_2_1_bw20_simd1) #

#   Propagate Constraints from cell core_instance/ofifo_inst/col_idx[3].fifo_instance/fifo_mux_16_1a/mux_8_1a/fifo_mux_2_1c/ (fifo_mux_2_1_bw20_simd1) #

#   Propagate Constraints from cell core_instance/ofifo_inst/col_idx[3].fifo_instance/fifo_mux_16_1a/mux_8_1a/fifo_mux_2_1b/ (fifo_mux_2_1_bw20_simd1) #

#   Propagate Constraints from cell core_instance/ofifo_inst/col_idx[3].fifo_instance/fifo_mux_16_1a/mux_8_1a/fifo_mux_2_1a/ (fifo_mux_2_1_bw20_simd1) #

#   Propagate Constraints from cell core_instance/ofifo_inst/col_idx[2].fifo_instance/ (fifo_depth16_bw20_simd1) #

#   Propagate Constraints from cell core_instance/ofifo_inst/col_idx[2].fifo_instance/fifo_mux_16_1a/ (fifo_mux_16_1_bw20_simd1) #

#   Propagate Constraints from cell core_instance/ofifo_inst/col_idx[2].fifo_instance/fifo_mux_16_1a/mux_2_1a/ (fifo_mux_2_1_bw20_simd1) #

#   Propagate Constraints from cell core_instance/ofifo_inst/col_idx[2].fifo_instance/fifo_mux_16_1a/mux_8_1b/ (fifo_mux_8_1_bw20_simd1) #

#   Propagate Constraints from cell core_instance/ofifo_inst/col_idx[2].fifo_instance/fifo_mux_16_1a/mux_8_1b/fifo_mux_2_1g/ (fifo_mux_2_1_bw20_simd1) #

#   Propagate Constraints from cell core_instance/ofifo_inst/col_idx[2].fifo_instance/fifo_mux_16_1a/mux_8_1b/fifo_mux_2_1f/ (fifo_mux_2_1_bw20_simd1) #

#   Propagate Constraints from cell core_instance/ofifo_inst/col_idx[2].fifo_instance/fifo_mux_16_1a/mux_8_1b/fifo_mux_2_1e/ (fifo_mux_2_1_bw20_simd1) #

#   Propagate Constraints from cell core_instance/ofifo_inst/col_idx[2].fifo_instance/fifo_mux_16_1a/mux_8_1b/fifo_mux_2_1d/ (fifo_mux_2_1_bw20_simd1) #

#   Propagate Constraints from cell core_instance/ofifo_inst/col_idx[2].fifo_instance/fifo_mux_16_1a/mux_8_1b/fifo_mux_2_1c/ (fifo_mux_2_1_bw20_simd1) #

#   Propagate Constraints from cell core_instance/ofifo_inst/col_idx[2].fifo_instance/fifo_mux_16_1a/mux_8_1b/fifo_mux_2_1b/ (fifo_mux_2_1_bw20_simd1) #

#   Propagate Constraints from cell core_instance/ofifo_inst/col_idx[2].fifo_instance/fifo_mux_16_1a/mux_8_1b/fifo_mux_2_1a/ (fifo_mux_2_1_bw20_simd1) #

#   Propagate Constraints from cell core_instance/ofifo_inst/col_idx[2].fifo_instance/fifo_mux_16_1a/mux_8_1a/ (fifo_mux_8_1_bw20_simd1) #

#   Propagate Constraints from cell core_instance/ofifo_inst/col_idx[2].fifo_instance/fifo_mux_16_1a/mux_8_1a/fifo_mux_2_1g/ (fifo_mux_2_1_bw20_simd1) #

#   Propagate Constraints from cell core_instance/ofifo_inst/col_idx[2].fifo_instance/fifo_mux_16_1a/mux_8_1a/fifo_mux_2_1f/ (fifo_mux_2_1_bw20_simd1) #

#   Propagate Constraints from cell core_instance/ofifo_inst/col_idx[2].fifo_instance/fifo_mux_16_1a/mux_8_1a/fifo_mux_2_1e/ (fifo_mux_2_1_bw20_simd1) #

#   Propagate Constraints from cell core_instance/ofifo_inst/col_idx[2].fifo_instance/fifo_mux_16_1a/mux_8_1a/fifo_mux_2_1d/ (fifo_mux_2_1_bw20_simd1) #

#   Propagate Constraints from cell core_instance/ofifo_inst/col_idx[2].fifo_instance/fifo_mux_16_1a/mux_8_1a/fifo_mux_2_1c/ (fifo_mux_2_1_bw20_simd1) #

#   Propagate Constraints from cell core_instance/ofifo_inst/col_idx[2].fifo_instance/fifo_mux_16_1a/mux_8_1a/fifo_mux_2_1b/ (fifo_mux_2_1_bw20_simd1) #

#   Propagate Constraints from cell core_instance/ofifo_inst/col_idx[2].fifo_instance/fifo_mux_16_1a/mux_8_1a/fifo_mux_2_1a/ (fifo_mux_2_1_bw20_simd1) #

#   Propagate Constraints from cell core_instance/ofifo_inst/col_idx[1].fifo_instance/ (fifo_depth16_bw20_simd1) #

#   Propagate Constraints from cell core_instance/ofifo_inst/col_idx[1].fifo_instance/fifo_mux_16_1a/ (fifo_mux_16_1_bw20_simd1) #

#   Propagate Constraints from cell core_instance/ofifo_inst/col_idx[1].fifo_instance/fifo_mux_16_1a/mux_2_1a/ (fifo_mux_2_1_bw20_simd1) #

#   Propagate Constraints from cell core_instance/ofifo_inst/col_idx[1].fifo_instance/fifo_mux_16_1a/mux_8_1b/ (fifo_mux_8_1_bw20_simd1) #

#   Propagate Constraints from cell core_instance/ofifo_inst/col_idx[1].fifo_instance/fifo_mux_16_1a/mux_8_1b/fifo_mux_2_1g/ (fifo_mux_2_1_bw20_simd1) #

#   Propagate Constraints from cell core_instance/ofifo_inst/col_idx[1].fifo_instance/fifo_mux_16_1a/mux_8_1b/fifo_mux_2_1f/ (fifo_mux_2_1_bw20_simd1) #

#   Propagate Constraints from cell core_instance/ofifo_inst/col_idx[1].fifo_instance/fifo_mux_16_1a/mux_8_1b/fifo_mux_2_1e/ (fifo_mux_2_1_bw20_simd1) #

#   Propagate Constraints from cell core_instance/ofifo_inst/col_idx[1].fifo_instance/fifo_mux_16_1a/mux_8_1b/fifo_mux_2_1d/ (fifo_mux_2_1_bw20_simd1) #

#   Propagate Constraints from cell core_instance/ofifo_inst/col_idx[1].fifo_instance/fifo_mux_16_1a/mux_8_1b/fifo_mux_2_1c/ (fifo_mux_2_1_bw20_simd1) #

#   Propagate Constraints from cell core_instance/ofifo_inst/col_idx[1].fifo_instance/fifo_mux_16_1a/mux_8_1b/fifo_mux_2_1b/ (fifo_mux_2_1_bw20_simd1) #

#   Propagate Constraints from cell core_instance/ofifo_inst/col_idx[1].fifo_instance/fifo_mux_16_1a/mux_8_1b/fifo_mux_2_1a/ (fifo_mux_2_1_bw20_simd1) #

#   Propagate Constraints from cell core_instance/ofifo_inst/col_idx[1].fifo_instance/fifo_mux_16_1a/mux_8_1a/ (fifo_mux_8_1_bw20_simd1) #

#   Propagate Constraints from cell core_instance/ofifo_inst/col_idx[1].fifo_instance/fifo_mux_16_1a/mux_8_1a/fifo_mux_2_1g/ (fifo_mux_2_1_bw20_simd1) #

#   Propagate Constraints from cell core_instance/ofifo_inst/col_idx[1].fifo_instance/fifo_mux_16_1a/mux_8_1a/fifo_mux_2_1f/ (fifo_mux_2_1_bw20_simd1) #

#   Propagate Constraints from cell core_instance/ofifo_inst/col_idx[1].fifo_instance/fifo_mux_16_1a/mux_8_1a/fifo_mux_2_1e/ (fifo_mux_2_1_bw20_simd1) #

#   Propagate Constraints from cell core_instance/ofifo_inst/col_idx[1].fifo_instance/fifo_mux_16_1a/mux_8_1a/fifo_mux_2_1d/ (fifo_mux_2_1_bw20_simd1) #

#   Propagate Constraints from cell core_instance/ofifo_inst/col_idx[1].fifo_instance/fifo_mux_16_1a/mux_8_1a/fifo_mux_2_1c/ (fifo_mux_2_1_bw20_simd1) #

#   Propagate Constraints from cell core_instance/ofifo_inst/col_idx[1].fifo_instance/fifo_mux_16_1a/mux_8_1a/fifo_mux_2_1b/ (fifo_mux_2_1_bw20_simd1) #

#   Propagate Constraints from cell core_instance/ofifo_inst/col_idx[1].fifo_instance/fifo_mux_16_1a/mux_8_1a/fifo_mux_2_1a/ (fifo_mux_2_1_bw20_simd1) #

#   Propagate Constraints from cell core_instance/ofifo_inst/col_idx[0].fifo_instance/ (fifo_depth16_bw20_simd1) #

#   Propagate Constraints from cell core_instance/ofifo_inst/col_idx[0].fifo_instance/fifo_mux_16_1a/ (fifo_mux_16_1_bw20_simd1) #

#   Propagate Constraints from cell core_instance/ofifo_inst/col_idx[0].fifo_instance/fifo_mux_16_1a/mux_2_1a/ (fifo_mux_2_1_bw20_simd1) #

#   Propagate Constraints from cell core_instance/ofifo_inst/col_idx[0].fifo_instance/fifo_mux_16_1a/mux_8_1b/ (fifo_mux_8_1_bw20_simd1) #

#   Propagate Constraints from cell core_instance/ofifo_inst/col_idx[0].fifo_instance/fifo_mux_16_1a/mux_8_1b/fifo_mux_2_1g/ (fifo_mux_2_1_bw20_simd1) #

#   Propagate Constraints from cell core_instance/ofifo_inst/col_idx[0].fifo_instance/fifo_mux_16_1a/mux_8_1b/fifo_mux_2_1f/ (fifo_mux_2_1_bw20_simd1) #

#   Propagate Constraints from cell core_instance/ofifo_inst/col_idx[0].fifo_instance/fifo_mux_16_1a/mux_8_1b/fifo_mux_2_1e/ (fifo_mux_2_1_bw20_simd1) #

#   Propagate Constraints from cell core_instance/ofifo_inst/col_idx[0].fifo_instance/fifo_mux_16_1a/mux_8_1b/fifo_mux_2_1d/ (fifo_mux_2_1_bw20_simd1) #

#   Propagate Constraints from cell core_instance/ofifo_inst/col_idx[0].fifo_instance/fifo_mux_16_1a/mux_8_1b/fifo_mux_2_1c/ (fifo_mux_2_1_bw20_simd1) #

#   Propagate Constraints from cell core_instance/ofifo_inst/col_idx[0].fifo_instance/fifo_mux_16_1a/mux_8_1b/fifo_mux_2_1b/ (fifo_mux_2_1_bw20_simd1) #

#   Propagate Constraints from cell core_instance/ofifo_inst/col_idx[0].fifo_instance/fifo_mux_16_1a/mux_8_1b/fifo_mux_2_1a/ (fifo_mux_2_1_bw20_simd1) #

#   Propagate Constraints from cell core_instance/ofifo_inst/col_idx[0].fifo_instance/fifo_mux_16_1a/mux_8_1a/ (fifo_mux_8_1_bw20_simd1) #

#   Propagate Constraints from cell core_instance/ofifo_inst/col_idx[0].fifo_instance/fifo_mux_16_1a/mux_8_1a/fifo_mux_2_1g/ (fifo_mux_2_1_bw20_simd1) #

#   Propagate Constraints from cell core_instance/ofifo_inst/col_idx[0].fifo_instance/fifo_mux_16_1a/mux_8_1a/fifo_mux_2_1f/ (fifo_mux_2_1_bw20_simd1) #

#   Propagate Constraints from cell core_instance/ofifo_inst/col_idx[0].fifo_instance/fifo_mux_16_1a/mux_8_1a/fifo_mux_2_1e/ (fifo_mux_2_1_bw20_simd1) #

#   Propagate Constraints from cell core_instance/ofifo_inst/col_idx[0].fifo_instance/fifo_mux_16_1a/mux_8_1a/fifo_mux_2_1d/ (fifo_mux_2_1_bw20_simd1) #

#   Propagate Constraints from cell core_instance/ofifo_inst/col_idx[0].fifo_instance/fifo_mux_16_1a/mux_8_1a/fifo_mux_2_1c/ (fifo_mux_2_1_bw20_simd1) #

#   Propagate Constraints from cell core_instance/ofifo_inst/col_idx[0].fifo_instance/fifo_mux_16_1a/mux_8_1a/fifo_mux_2_1b/ (fifo_mux_2_1_bw20_simd1) #

#   Propagate Constraints from cell core_instance/ofifo_inst/col_idx[0].fifo_instance/fifo_mux_16_1a/mux_8_1a/fifo_mux_2_1a/ (fifo_mux_2_1_bw20_simd1) #

#   Propagate Constraints from cell core_instance/mac_array_instance/ (mac_array_col8_bw8_bw_psum20_pr8) #

#   Propagate Constraints from cell core_instance/mac_array_instance/col_idx[8].mac_col_inst/ (mac_col_bw8_bw_psum20_pr8_col_id8) #

#   Propagate Constraints from cell core_instance/mac_array_instance/col_idx[8].mac_col_inst/mac_16in_instance/ (mac_8in_bw8_bw_psum20_pr8) #

#   Propagate Constraints from cell core_instance/mac_array_instance/col_idx[7].mac_col_inst/ (mac_col_bw8_bw_psum20_pr8_col_id7) #

#   Propagate Constraints from cell core_instance/mac_array_instance/col_idx[7].mac_col_inst/mac_16in_instance/ (mac_8in_bw8_bw_psum20_pr8) #

#   Propagate Constraints from cell core_instance/mac_array_instance/col_idx[6].mac_col_inst/ (mac_col_bw8_bw_psum20_pr8_col_id6) #

#   Propagate Constraints from cell core_instance/mac_array_instance/col_idx[6].mac_col_inst/mac_16in_instance/ (mac_8in_bw8_bw_psum20_pr8) #

#   Propagate Constraints from cell core_instance/mac_array_instance/col_idx[5].mac_col_inst/ (mac_col_bw8_bw_psum20_pr8_col_id5) #

#   Propagate Constraints from cell core_instance/mac_array_instance/col_idx[5].mac_col_inst/mac_16in_instance/ (mac_8in_bw8_bw_psum20_pr8) #

#   Propagate Constraints from cell core_instance/mac_array_instance/col_idx[4].mac_col_inst/ (mac_col_bw8_bw_psum20_pr8_col_id4) #

#   Propagate Constraints from cell core_instance/mac_array_instance/col_idx[4].mac_col_inst/mac_16in_instance/ (mac_8in_bw8_bw_psum20_pr8) #

#   Propagate Constraints from cell core_instance/mac_array_instance/col_idx[3].mac_col_inst/ (mac_col_bw8_bw_psum20_pr8_col_id3) #

#   Propagate Constraints from cell core_instance/mac_array_instance/col_idx[3].mac_col_inst/mac_16in_instance/ (mac_8in_bw8_bw_psum20_pr8) #

#   Propagate Constraints from cell core_instance/mac_array_instance/col_idx[2].mac_col_inst/ (mac_col_bw8_bw_psum20_pr8_col_id2) #

#   Propagate Constraints from cell core_instance/mac_array_instance/col_idx[2].mac_col_inst/mac_16in_instance/ (mac_8in_bw8_bw_psum20_pr8) #

#   Propagate Constraints from cell core_instance/mac_array_instance/col_idx[1].mac_col_inst/ (mac_col_bw8_bw_psum20_pr8_col_id1) #

#   Propagate Constraints from cell core_instance/mac_array_instance/col_idx[1].mac_col_inst/mac_16in_instance/ (mac_8in_bw8_bw_psum20_pr8) #
Current design is 'fullchip'.
Warning: Design rule attributes from the driving cell will be
	set on the port. (UID-401)
Warning: Design rule attributes from the driving cell will be
	set on the port. (UID-401)
Warning: Design rule attributes from the driving cell will be
	set on the port. (UID-401)
Warning: Design rule attributes from the driving cell will be
	set on the port. (UID-401)
Warning: Design rule attributes from the driving cell will be
	set on the port. (UID-401)
Warning: Design rule attributes from the driving cell will be
	set on the port. (UID-401)
Warning: Design rule attributes from the driving cell will be
	set on the port. (UID-401)
Warning: Design rule attributes from the driving cell will be
	set on the port. (UID-401)
Warning: Design rule attributes from the driving cell will be
	set on the port. (UID-401)
Warning: Design rule attributes from the driving cell will be
	set on the port. (UID-401)
Warning: Design rule attributes from the driving cell will be
	set on the port. (UID-401)
Warning: Design rule attributes from the driving cell will be
	set on the port. (UID-401)
Warning: Design rule attributes from the driving cell will be
	set on the port. (UID-401)
Warning: Design rule attributes from the driving cell will be
	set on the port. (UID-401)
Warning: Design rule attributes from the driving cell will be
	set on the port. (UID-401)
Warning: Design rule attributes from the driving cell will be
	set on the port. (UID-401)
Warning: Design rule attributes from the driving cell will be
	set on the port. (UID-401)
Warning: Design rule attributes from the driving cell will be
	set on the port. (UID-401)
Warning: Design rule attributes from the driving cell will be
	set on the port. (UID-401)
Warning: Design rule attributes from the driving cell will be
	set on the port. (UID-401)
Warning: Design rule attributes from the driving cell will be
	set on the port. (UID-401)
Warning: Design rule attributes from the driving cell will be
	set on the port. (UID-401)
Warning: Design rule attributes from the driving cell will be
	set on the port. (UID-401)
Warning: Design rule attributes from the driving cell will be
	set on the port. (UID-401)
Warning: Design rule attributes from the driving cell will be
	set on the port. (UID-401)
Warning: Design rule attributes from the driving cell will be
	set on the port. (UID-401)
Warning: Design rule attributes from the driving cell will be
	set on the port. (UID-401)
Warning: Design rule attributes from the driving cell will be
	set on the port. (UID-401)
Warning: Design rule attributes from the driving cell will be
	set on the port. (UID-401)
Warning: Design rule attributes from the driving cell will be
	set on the port. (UID-401)
Warning: Design rule attributes from the driving cell will be
	set on the port. (UID-401)
Warning: Design rule attributes from the driving cell will be
	set on the port. (UID-401)
Warning: Design rule attributes from the driving cell will be
	set on the port. (UID-401)
Warning: Design rule attributes from the driving cell will be
	set on the port. (UID-401)
Warning: Design rule attributes from the driving cell will be
	set on the port. (UID-401)
Warning: Design rule attributes from the driving cell will be
	set on the port. (UID-401)
Warning: Design rule attributes from the driving cell will be
	set on the port. (UID-401)
Warning: Design rule attributes from the driving cell will be
	set on the port. (UID-401)
Warning: Design rule attributes from the driving cell will be
	set on the port. (UID-401)
Warning: Design rule attributes from the driving cell will be
	set on the port. (UID-401)
Warning: Design rule attributes from the driving cell will be
	set on the port. (UID-401)
Warning: Design rule attributes from the driving cell will be
	set on the port. (UID-401)
Warning: Design rule attributes from the driving cell will be
	set on the port. (UID-401)
Warning: Design rule attributes from the driving cell will be
	set on the port. (UID-401)
Warning: Design rule attributes from the driving cell will be
	set on the port. (UID-401)
Warning: Design rule attributes from the driving cell will be
	set on the port. (UID-401)
Warning: Design rule attributes from the driving cell will be
	set on the port. (UID-401)
Warning: Design rule attributes from the driving cell will be
	set on the port. (UID-401)
Warning: Design rule attributes from the driving cell will be
	set on the port. (UID-401)
Warning: Design rule attributes from the driving cell will be
	set on the port. (UID-401)
Warning: Design rule attributes from the driving cell will be
	set on the port. (UID-401)
Warning: Design rule attributes from the driving cell will be
	set on the port. (UID-401)
Warning: Design rule attributes from the driving cell will be
	set on the port. (UID-401)
Warning: Design rule attributes from the driving cell will be
	set on the port. (UID-401)
Warning: Design rule attributes from the driving cell will be
	set on the port. (UID-401)
Warning: Design rule attributes from the driving cell will be
	set on the port. (UID-401)
Warning: Design rule attributes from the driving cell will be
	set on the port. (UID-401)
Warning: Design rule attributes from the driving cell will be
	set on the port. (UID-401)
Warning: Design rule attributes from the driving cell will be
	set on the port. (UID-401)
Warning: Design rule attributes from the driving cell will be
	set on the port. (UID-401)
Warning: Design rule attributes from the driving cell will be
	set on the port. (UID-401)
Warning: Design rule attributes from the driving cell will be
	set on the port. (UID-401)
Warning: Design rule attributes from the driving cell will be
	set on the port. (UID-401)
Warning: Design rule attributes from the driving cell will be
	set on the port. (UID-401)
Warning: Design rule attributes from the driving cell will be
	set on the port. (UID-401)
Warning: Design rule attributes from the driving cell will be
	set on the port. (UID-401)
Warning: Design rule attributes from the driving cell will be
	set on the port. (UID-401)
Warning: Design rule attributes from the driving cell will be
	set on the port. (UID-401)
Warning: Design rule attributes from the driving cell will be
	set on the port. (UID-401)
Warning: Design rule attributes from the driving cell will be
	set on the port. (UID-401)
Warning: Design rule attributes from the driving cell will be
	set on the port. (UID-401)
Warning: Design rule attributes from the driving cell will be
	set on the port. (UID-401)
Warning: Design rule attributes from the driving cell will be
	set on the port. (UID-401)
Warning: Design rule attributes from the driving cell will be
	set on the port. (UID-401)
Warning: Design rule attributes from the driving cell will be
	set on the port. (UID-401)
Warning: Design rule attributes from the driving cell will be
	set on the port. (UID-401)
Warning: Design rule attributes from the driving cell will be
	set on the port. (UID-401)
Warning: Design rule attributes from the driving cell will be
	set on the port. (UID-401)
Warning: Design rule attributes from the driving cell will be
	set on the port. (UID-401)
Warning: Design rule attributes from the driving cell will be
	set on the port. (UID-401)
Warning: Design rule attributes from the driving cell will be
	set on the port. (UID-401)
Warning: Design rule attributes from the driving cell will be
	set on the port. (UID-401)
Warning: Design rule attributes from the driving cell will be
	set on the port. (UID-401)
Current design is 'fullchip'.
Current design is 'core_col8_bw8_bw_psum20_pr8'.
Current design is 'mac_array_col8_bw8_bw_psum20_pr8'.
Current design is 'ofifo_col8_bw20'.
Current design is 'sram_w16_sram_bit64'.
Current design is 'sram_w16_sram_bit160'.
Current design is 'mac_col_bw8_bw_psum20_pr8_col_id1'.
Current design is 'mac_col_bw8_bw_psum20_pr8_col_id2'.
Current design is 'mac_col_bw8_bw_psum20_pr8_col_id3'.
Current design is 'mac_col_bw8_bw_psum20_pr8_col_id4'.
Current design is 'mac_col_bw8_bw_psum20_pr8_col_id5'.
Current design is 'mac_col_bw8_bw_psum20_pr8_col_id6'.
Current design is 'mac_col_bw8_bw_psum20_pr8_col_id7'.
Current design is 'mac_col_bw8_bw_psum20_pr8_col_id8'.
Current design is 'fifo_depth16_bw20_simd1'.
Current design is 'mac_8in_bw8_bw_psum20_pr8'.
Current design is 'fifo_mux_16_1_bw20_simd1'.
Current design is 'fifo_mux_8_1_bw20_simd1'.
Current design is 'fifo_mux_2_1_bw20_simd1'.
Current design is 'fullchip'.
Warning: The -timing_high_effort_script option is ignored.  (OPT-1342)
Information: Performing power optimization. (PWR-850)
Alib files are up-to-date.
Loading db file '/software/nonrdist64/dc-2015.06-64/libraries/syn/dw_foundation.sldb'
Warning: DesignWare synthetic library dw_foundation.sldb is added to the synthetic_library in the current command. (UISN-40)
Information: Evaluating DesignWare library utilization. (UISN-27)

============================================================================
| DesignWare Building Block Library  |         Version         | Available |
============================================================================
| Basic DW Building Blocks           | K-2015.06-DWBB_201506.2 |     *     |
| Licensed DW Building Blocks        | K-2015.06-DWBB_201506.2 |     *     |
============================================================================


Information: There are 116 potential problems in your design. Please run 'check_design' for more information. (LINT-99)

Information: Uniquified 2 instances of design 'sram_w16_sram_bit64'. (OPT-1056)
Information: Uniquified 8 instances of design 'fifo_depth16_bw20_simd1'. (OPT-1056)
Information: Uniquified 8 instances of design 'mac_8in_bw8_bw_psum20_pr8'. (OPT-1056)
Information: Uniquified 8 instances of design 'fifo_mux_16_1_bw20_simd1'. (OPT-1056)
Information: Uniquified 16 instances of design 'fifo_mux_8_1_bw20_simd1'. (OPT-1056)
Information: Uniquified 120 instances of design 'fifo_mux_2_1_bw20_simd1'. (OPT-1056)
  Simplifying Design 'fullchip'

Loaded alib file './alib-52/tcbn65gplustc.db.alib'
Information: State dependent leakage is now switched from on to off.

  Beginning Pass 1 Mapping
  ------------------------
  Processing 'sram_w16_sram_bit160'
  Processing 'sram_w16_sram_bit64_0'
  Processing 'mac_col_bw8_bw_psum20_pr8_col_id2'
Information: Added key list 'DesignWare' to design 'mac_col_bw8_bw_psum20_pr8_col_id2'. (DDB-72)
  Processing 'mac_col_bw8_bw_psum20_pr8_col_id1'
Information: Added key list 'DesignWare' to design 'mac_col_bw8_bw_psum20_pr8_col_id1'. (DDB-72)
  Processing 'fullchip'
  Processing 'fifo_mux_16_1_bw20_simd1_0'
  Processing 'fifo_mux_8_1_bw20_simd1_0'
  Processing 'fifo_depth16_bw20_simd1_0'
Information: Added key list 'DesignWare' to design 'fifo_depth16_bw20_simd1_0'. (DDB-72)
 Implement Synthetic for 'fifo_depth16_bw20_simd1_0'.
  Processing 'ofifo_col8_bw20'
  Processing 'fifo_depth16_bw20_simd1_7'
Information: Added key list 'DesignWare' to design 'fifo_depth16_bw20_simd1_7'. (DDB-72)
 Implement Synthetic for 'fifo_depth16_bw20_simd1_7'.
  Processing 'fifo_mux_2_1_bw20_simd1_112'
  Processing 'mac_col_bw8_bw_psum20_pr8_col_id8'
Information: Added key list 'DesignWare' to design 'mac_col_bw8_bw_psum20_pr8_col_id8'. (DDB-72)
  Processing 'mac_col_bw8_bw_psum20_pr8_col_id5'
Information: Added key list 'DesignWare' to design 'mac_col_bw8_bw_psum20_pr8_col_id5'. (DDB-72)
  Processing 'core_col8_bw8_bw_psum20_pr8'
  Processing 'mac_col_bw8_bw_psum20_pr8_col_id6'
Information: Added key list 'DesignWare' to design 'mac_col_bw8_bw_psum20_pr8_col_id6'. (DDB-72)
  Processing 'mac_col_bw8_bw_psum20_pr8_col_id3'
Information: Added key list 'DesignWare' to design 'mac_col_bw8_bw_psum20_pr8_col_id3'. (DDB-72)
  Processing 'mac_8in_bw8_bw_psum20_pr8_0'
 Implement Synthetic for 'mac_8in_bw8_bw_psum20_pr8_0'.
  Processing 'fifo_mux_16_1_bw20_simd1_7'
  Processing 'mac_col_bw8_bw_psum20_pr8_col_id7'
Information: Added key list 'DesignWare' to design 'mac_col_bw8_bw_psum20_pr8_col_id7'. (DDB-72)
  Processing 'mac_col_bw8_bw_psum20_pr8_col_id4'
Information: Added key list 'DesignWare' to design 'mac_col_bw8_bw_psum20_pr8_col_id4'. (DDB-72)
  Processing 'mac_array_col8_bw8_bw_psum20_pr8'

  Updating timing information
Information: Updating design information... (UID-85)
Information: The library cell 'TIEL' in the library 'tcbn65gplustc' is not characterized for internal power. (PWR-536)
Information: The library cell 'TIEH' in the library 'tcbn65gplustc' is not characterized for internal power. (PWR-536)
Information: The target library(s) contains cell(s), other than black boxes, that are not characterized for internal power. (PWR-24)

  Beginning Mapping Optimizations  (Ultra High effort)
  -------------------------------
Information: Added key list 'DesignWare' to design 'mac_8in_bw8_bw_psum20_pr8_7'. (DDB-72)
Information: Added key list 'DesignWare' to design 'mac_8in_bw8_bw_psum20_pr8_0'. (DDB-72)
Information: Added key list 'DesignWare' to design 'mac_8in_bw8_bw_psum20_pr8_1'. (DDB-72)
Information: Added key list 'DesignWare' to design 'mac_8in_bw8_bw_psum20_pr8_2'. (DDB-72)
Information: Added key list 'DesignWare' to design 'mac_8in_bw8_bw_psum20_pr8_3'. (DDB-72)
Information: Added key list 'DesignWare' to design 'mac_8in_bw8_bw_psum20_pr8_4'. (DDB-72)
Information: Added key list 'DesignWare' to design 'mac_8in_bw8_bw_psum20_pr8_5'. (DDB-72)
Information: Added key list 'DesignWare' to design 'mac_8in_bw8_bw_psum20_pr8_6'. (DDB-72)

  Beginning Constant Register Removal
  -----------------------------------

  Beginning Global Optimizations
  ------------------------------
  Numerical Synthesis (Phase 1)
  Numerical Synthesis (Phase 2)
  Global Optimization (Phase 1)
  Global Optimization (Phase 2)
  Global Optimization (Phase 3)
  Global Optimization (Phase 4)
  Global Optimization (Phase 5)
  Global Optimization (Phase 6)
  Global Optimization (Phase 7)
  Global Optimization (Phase 8)
  Global Optimization (Phase 9)
  Global Optimization (Phase 10)
  Global Optimization (Phase 11)
  Global Optimization (Phase 12)
  Global Optimization (Phase 13)
  Global Optimization (Phase 14)
  Global Optimization (Phase 15)
  Global Optimization (Phase 16)
  Global Optimization (Phase 17)
  Global Optimization (Phase 18)
  Global Optimization (Phase 19)
  Global Optimization (Phase 20)
  Global Optimization (Phase 21)
  Global Optimization (Phase 22)
  Global Optimization (Phase 23)
  Global Optimization (Phase 24)
  Global Optimization (Phase 25)
  Global Optimization (Phase 26)
  Global Optimization (Phase 27)
  Global Optimization (Phase 28)
  Global Optimization (Phase 29)
  Global Optimization (Phase 30)
  Global Optimization (Phase 31)

  Beginning Isolate Ports
  -----------------------

  Beginning Delay Optimization
  ----------------------------

                                  TOTAL                                                            
   ELAPSED            WORST NEG   SETUP    DESIGN                              LEAKAGE   MIN DELAY 
    TIME      AREA      SLACK     COST    RULE COST         ENDPOINT            POWER      COST    
  --------- --------- --------- --------- --------- ------------------------- --------- -----------
    0:01:08  134488.1      0.00       0.0       0.1                           689100.1875      0.00  
    0:01:08  134488.1      0.00       0.0       0.1                           689100.1875      0.00  
    0:01:08  134488.1      0.00       0.0       0.1                           689100.1875      0.00  
    0:01:08  134488.1      0.00       0.0       0.1                           689100.1875      0.00  

  Beginning WLM Backend Optimization
  --------------------------------------
    0:01:20  134242.6      0.00       0.0       0.0                           683544.0625      0.00  
    0:01:26  134242.6      0.00       0.0       0.0                           649782.8750      0.00  
    0:01:26  134242.6      0.00       0.0       0.0                           649782.8750      0.00  
    0:01:26  134242.6      0.00       0.0       0.0                           649782.8750      0.00  
    0:01:26  134242.6      0.00       0.0       0.0                           649782.8750      0.00  
    0:01:26  134242.6      0.00       0.0       0.0                           649782.8750      0.00  
    0:01:26  134242.6      0.00       0.0       0.0                           649782.8750      0.00  
    0:01:26  134242.6      0.00       0.0       0.0                           649782.8750      0.00  
    0:01:26  134242.6      0.00       0.0       0.0                           649782.8750      0.00  
    0:01:26  134242.6      0.00       0.0       0.0                           649782.8750      0.00  
    0:01:26  134242.6      0.00       0.0       0.0                           649782.8750      0.00  
    0:01:26  134242.6      0.00       0.0       0.0                           649782.8750      0.00  
    0:01:26  134242.6      0.00       0.0       0.0                           649782.8750      0.00  
    0:01:26  134242.6      0.00       0.0       0.0                           649782.8750      0.00  
    0:01:26  134242.6      0.00       0.0       0.0                           649782.8750      0.00  
    0:01:26  134242.6      0.00       0.0       0.0                           649782.8750      0.00  
    0:01:26  134242.6      0.00       0.0       0.0                           649782.8750      0.00  
    0:01:26  134242.6      0.00       0.0       0.0                           649782.8750      0.00  
    0:01:26  134242.6      0.00       0.0       0.0                           649782.8750      0.00  
    0:01:26  134242.6      0.00       0.0       0.0                           649782.8750      0.00  
    0:01:26  134242.6      0.00       0.0       0.0                           649782.8750      0.00  
    0:01:26  134242.6      0.00       0.0       0.0                           649782.8750      0.00  


  Beginning Leakage Power Optimization  (max_leakage_power 0)
  ------------------------------------

                                  TOTAL                                                            
   ELAPSED            WORST NEG   SETUP    DESIGN                              LEAKAGE   MIN DELAY 
    TIME      AREA      SLACK     COST    RULE COST         ENDPOINT            POWER      COST    
  --------- --------- --------- --------- --------- ------------------------- --------- -----------
    0:01:26  134242.6      0.00       0.0       0.0                           649782.8750      0.00  
  Global Optimization (Phase 32)
  Global Optimization (Phase 33)
  Global Optimization (Phase 34)
  Global Optimization (Phase 35)
  Global Optimization (Phase 36)
  Global Optimization (Phase 37)
  Global Optimization (Phase 38)
  Global Optimization (Phase 39)
  Global Optimization (Phase 40)
  Global Optimization (Phase 41)
  Global Optimization (Phase 42)
    0:01:30  134234.3      0.00       0.0       0.0                           640458.1875      0.00  
    0:01:30  134234.3      0.00       0.0       0.0                           640458.1875      0.00  
    0:01:30  134234.3      0.00       0.0       0.0                           640458.1875      0.00  
    0:01:32  134234.3      0.00       0.0       0.0                           640458.1875      0.00  
    0:01:32  134234.3      0.00       0.0       0.0                           640458.1875      0.00  
    0:01:32  134234.3      0.00       0.0       0.0                           640458.1875      0.00  
    0:01:32  134234.3      0.00       0.0       0.0                           640458.1875      0.00  
    0:01:32  134234.3      0.00       0.0       0.0                           640458.1875      0.00  
    0:01:32  134234.3      0.00       0.0       0.0                           640458.1875      0.00  
    0:01:32  134234.3      0.00       0.0       0.0                           640458.1875      0.00  
    0:01:32  134234.3      0.00       0.0       0.0                           640458.1875      0.00  
    0:01:32  134234.3      0.00       0.0       0.0                           640458.1875      0.00  
    0:01:32  134234.3      0.00       0.0       0.0                           640458.1875      0.00  
    0:01:32  134234.3      0.00       0.0       0.0                           640458.1875      0.00  
    0:01:32  134234.3      0.00       0.0       0.0                           640458.1875      0.00  
    0:01:32  134234.3      0.00       0.0       0.0                           640458.1875      0.00  
    0:01:32  134234.3      0.00       0.0       0.0                           640458.1875      0.00  
    0:01:32  134234.3      0.00       0.0       0.0                           640458.1875      0.00  
    0:01:32  134234.3      0.00       0.0       0.0                           640458.1875      0.00  
    0:01:32  134234.3      0.00       0.0       0.0                           640458.1875      0.00  
    0:01:32  134234.3      0.00       0.0       0.0                           640458.1875      0.00  
    0:01:32  134234.3      0.00       0.0       0.0                           640458.1875      0.00  

                                  TOTAL                                                            
   ELAPSED            WORST NEG   SETUP    DESIGN                              LEAKAGE   MIN DELAY 
    TIME      AREA      SLACK     COST    RULE COST         ENDPOINT            POWER      COST    
  --------- --------- --------- --------- --------- ------------------------- --------- -----------
    0:01:33  134234.3      0.00       0.0       0.0                           640458.1875      0.00  
    0:01:36  134191.8      0.00       0.0       0.0                           640584.6875      0.00  
    0:01:36  134191.8      0.00       0.0       0.0                           640584.6875      0.00  
    0:01:36  134191.8      0.00       0.0       0.0                           640584.6875      0.00  
    0:01:39  134190.4      0.00       0.0       0.0                           640411.9375      0.00  
    0:01:40  134190.4      0.00       0.0       0.0                           640405.9375      0.00  
    0:01:40  134190.4      0.00       0.0       0.0                           640405.9375      0.00  
    0:01:40  134190.4      0.00       0.0       0.0                           640405.9375      0.00  
    0:01:40  134190.4      0.00       0.0       0.0                           640405.9375      0.00  
    0:01:42  134189.3      0.00       0.0       0.0                           640406.5000      0.00  
Loading db file '/home/linux/ieng6/ee260bwi25/public/PDKdata/db/tcbn65gplustc.db'


Note: Symbol # after min delay cost means estimated hold TNS across all active scenarios 


  Optimization Complete
  ---------------------
Warning: Design 'fullchip' contains 1 high-fanout nets. A fanout number of 1000 will be used for delay calculations involving these nets. (TIM-134)
     Net 'core_instance/ofifo_inst/col_idx[2].fifo_instance/wr_clk': 8624 load(s), 1 driver(s)
Information: State dependent leakage is now switched from off to on.
Information: Propagating switching activity (low effort zero delay simulation). (PWR-6)
Current design is 'fullchip'.
Writing verilog file '/home/linux/ieng6/ee260bwi25/zhbian/1D-Vector-based-NPU/SingleCore_withoutSFP/fullchip.out.v'.
run.scr completed successfully
