###############################################################
#  Generated by:      Cadence Innovus 15.23-s045_1
#  OS:                Linux x86_64(Host ID ieng6-ece-13.ucsd.edu)
#  Generated on:      Sun Mar  9 17:47:27 2025
#  Design:            core
#  Command:           report_timing -max_paths 5 > ${design}.post_route.timing.rpt
###############################################################
Path 1: MET Setup Check with Pin ofifo_inst/col_idx_1__fifo_instance/q1_reg_19_/
CP 
Endpoint:   ofifo_inst/col_idx_1__fifo_instance/q1_reg_19_/D             (^) 
checked with  leading edge of 'clk'
Beginpoint: mac_array_instance/col_idx_2__mac_col_inst/query_q_reg_57_/Q (v) 
triggered by  leading edge of 'clk'
Path Groups: {clk}
Analysis View: WC_VIEW
Other End Arrival Time          0.250
- Setup                         0.018
+ Phase Shift                   3.500
+ CPPR Adjustment               0.000
= Required Time                 3.733
- Arrival Time                  3.730
= Slack Time                    0.002
     Clock Rise Edge                 0.000
     + Clock Network Latency (Prop)  0.257
     = Beginpoint Arrival Time       0.257
     +-----------------------------------------------------------------------------------------------------------+ 
     |                      Instance                      |     Arc      |   Cell   | Delay | Arrival | Required | 
     |                                                    |              |          |       |  Time   |   Time   | 
     |----------------------------------------------------+--------------+----------+-------+---------+----------| 
     | mac_array_instance/col_idx_2__mac_col_inst/query_q | CP ^         |          |       |   0.257 |    0.259 | 
     | _reg_57_                                           |              |          |       |         |          | 
     | mac_array_instance/col_idx_2__mac_col_inst/query_q | CP ^ -> Q v  | DFQD1    | 0.202 |   0.458 |    0.461 | 
     | _reg_57_                                           |              |          |       |         |          | 
     | mac_array_instance/col_idx_2__mac_col_inst/mac_16i | I v -> ZN ^  | CKND0    | 0.119 |   0.578 |    0.580 | 
     | n_instance/FE_OFC598_q_temp_185_                   |              |          |       |         |          | 
     | mac_array_instance/col_idx_2__mac_col_inst/mac_16i | I0 ^ -> ZN v | MUX2ND0  | 0.128 |   0.706 |    0.708 | 
     | n_instance/FE_RC_22_0                              |              |          |       |         |          | 
     | mac_array_instance/col_idx_2__mac_col_inst/mac_16i | I v -> ZN ^  | INVD0    | 0.163 |   0.869 |    0.871 | 
     | n_instance/U244                                    |              |          |       |         |          | 
     | mac_array_instance/col_idx_2__mac_col_inst/mac_16i | C ^ -> ZN v  | OAI221D0 | 0.253 |   1.122 |    1.124 | 
     | n_instance/U524                                    |              |          |       |         |          | 
     | mac_array_instance/col_idx_2__mac_col_inst/mac_16i | C v -> ZN ^  | AOI221D0 | 0.198 |   1.320 |    1.322 | 
     | n_instance/U647                                    |              |          |       |         |          | 
     | mac_array_instance/col_idx_2__mac_col_inst/mac_16i | B ^ -> ZN v  | AOI21D0  | 0.080 |   1.400 |    1.402 | 
     | n_instance/U648                                    |              |          |       |         |          | 
     | mac_array_instance/col_idx_2__mac_col_inst/mac_16i | A2 v -> ZN ^ | AOI21D0  | 0.198 |   1.598 |    1.600 | 
     | n_instance/U651                                    |              |          |       |         |          | 
     | mac_array_instance/col_idx_2__mac_col_inst/mac_16i | CIX ^ -> S v | CMPE42D1 | 0.160 |   1.758 |    1.760 | 
     | n_instance/DP_OP_38J7_122_4029_U166                |              |          |       |         |          | 
     | mac_array_instance/col_idx_2__mac_col_inst/mac_16i | A v -> COX v | CMPE42D1 | 0.150 |   1.908 |    1.910 | 
     | n_instance/DP_OP_38J7_122_4029_U160                |              |          |       |         |          | 
     | mac_array_instance/col_idx_2__mac_col_inst/mac_16i | CIX v -> S ^ | CMPE42D1 | 0.111 |   2.018 |    2.021 | 
     | n_instance/DP_OP_38J7_122_4029_U150                |              |          |       |         |          | 
     | mac_array_instance/col_idx_2__mac_col_inst/mac_16i | C ^ -> S v   | CMPE42D1 | 0.254 |   2.272 |    2.275 | 
     | n_instance/DP_OP_38J7_122_4029_U148                |              |          |       |         |          | 
     | mac_array_instance/col_idx_2__mac_col_inst/mac_16i | B v -> CO v  | FA1D0    | 0.137 |   2.409 |    2.412 | 
     | n_instance/intadd_7_U15                            |              |          |       |         |          | 
     | mac_array_instance/col_idx_2__mac_col_inst/mac_16i | CI v -> CO v | FA1D0    | 0.118 |   2.527 |    2.529 | 
     | n_instance/intadd_7_U14                            |              |          |       |         |          | 
     | mac_array_instance/col_idx_2__mac_col_inst/mac_16i | CI v -> CO v | FA1D1    | 0.097 |   2.624 |    2.626 | 
     | n_instance/intadd_7_U13                            |              |          |       |         |          | 
     | mac_array_instance/col_idx_2__mac_col_inst/mac_16i | CI v -> CO v | FA1D1    | 0.080 |   2.704 |    2.706 | 
     | n_instance/intadd_7_U12                            |              |          |       |         |          | 
     | mac_array_instance/col_idx_2__mac_col_inst/mac_16i | CI v -> CO v | FA1D1    | 0.086 |   2.790 |    2.792 | 
     | n_instance/intadd_7_U11                            |              |          |       |         |          | 
     | mac_array_instance/col_idx_2__mac_col_inst/mac_16i | CI v -> CO v | FA1D1    | 0.080 |   2.870 |    2.872 | 
     | n_instance/intadd_7_U10                            |              |          |       |         |          | 
     | mac_array_instance/col_idx_2__mac_col_inst/mac_16i | CI v -> CO v | FA1D1    | 0.077 |   2.947 |    2.949 | 
     | n_instance/intadd_7_U9                             |              |          |       |         |          | 
     | mac_array_instance/col_idx_2__mac_col_inst/mac_16i | CI v -> CO v | FA1D1    | 0.078 |   3.025 |    3.027 | 
     | n_instance/intadd_7_U8                             |              |          |       |         |          | 
     | mac_array_instance/col_idx_2__mac_col_inst/mac_16i | CI v -> CO v | FA1D1    | 0.083 |   3.108 |    3.110 | 
     | n_instance/intadd_7_U7                             |              |          |       |         |          | 
     | mac_array_instance/col_idx_2__mac_col_inst/mac_16i | CI v -> CO v | FA1D1    | 0.078 |   3.186 |    3.189 | 
     | n_instance/intadd_7_U6                             |              |          |       |         |          | 
     | mac_array_instance/col_idx_2__mac_col_inst/mac_16i | CI v -> CO v | FA1D1    | 0.080 |   3.266 |    3.268 | 
     | n_instance/intadd_7_U5                             |              |          |       |         |          | 
     | mac_array_instance/col_idx_2__mac_col_inst/mac_16i | CI v -> CO v | FA1D1    | 0.076 |   3.342 |    3.344 | 
     | n_instance/intadd_7_U4                             |              |          |       |         |          | 
     | mac_array_instance/col_idx_2__mac_col_inst/mac_16i | CI v -> CO v | FA1D1    | 0.078 |   3.419 |    3.422 | 
     | n_instance/intadd_7_U3                             |              |          |       |         |          | 
     | mac_array_instance/col_idx_2__mac_col_inst/mac_16i | CI v -> CO v | FA1D2    | 0.109 |   3.528 |    3.531 | 
     | n_instance/intadd_7_U2                             |              |          |       |         |          | 
     | mac_array_instance/col_idx_2__mac_col_inst/mac_16i | I v -> ZN ^  | CKND4    | 0.089 |   3.617 |    3.620 | 
     | n_instance/FE_OFC1366_array_out_38_                |              |          |       |         |          | 
     | ofifo_inst/col_idx_1__fifo_instance/U173           | A2 ^ -> Z ^  | OA22D0   | 0.113 |   3.730 |    3.733 | 
     | ofifo_inst/col_idx_1__fifo_instance/q1_reg_19_     | D ^          | DFQD1    | 0.000 |   3.730 |    3.733 | 
     +-----------------------------------------------------------------------------------------------------------+ 
Path 2: MET Setup Check with Pin ofifo_inst/col_idx_2__fifo_instance/q9_reg_17_/
CP 
Endpoint:   ofifo_inst/col_idx_2__fifo_instance/q9_reg_17_/D             (^) 
checked with  leading edge of 'clk'
Beginpoint: mac_array_instance/col_idx_3__mac_col_inst/query_q_reg_13_/Q (v) 
triggered by  leading edge of 'clk'
Path Groups: {clk}
Analysis View: WC_VIEW
Other End Arrival Time          0.239
- Setup                         0.017
+ Phase Shift                   3.500
+ CPPR Adjustment               0.000
= Required Time                 3.722
- Arrival Time                  3.715
= Slack Time                    0.007
     Clock Rise Edge                 0.000
     + Clock Network Latency (Prop)  0.232
     = Beginpoint Arrival Time       0.232
     +-----------------------------------------------------------------------------------------------------------+ 
     |                      Instance                      |     Arc      |   Cell   | Delay | Arrival | Required | 
     |                                                    |              |          |       |  Time   |   Time   | 
     |----------------------------------------------------+--------------+----------+-------+---------+----------| 
     | mac_array_instance/col_idx_3__mac_col_inst/query_q | CP ^         |          |       |   0.232 |    0.239 | 
     | _reg_13_                                           |              |          |       |         |          | 
     | mac_array_instance/col_idx_3__mac_col_inst/query_q | CP ^ -> Q v  | DFQD1    | 0.219 |   0.451 |    0.458 | 
     | _reg_13_                                           |              |          |       |         |          | 
     | mac_array_instance/col_idx_3__mac_col_inst/mac_16i | I v -> ZN ^  | CKND1    | 0.135 |   0.587 |    0.594 | 
     | n_instance/FE_OFC680_q_temp_205_                   |              |          |       |         |          | 
     | mac_array_instance/col_idx_3__mac_col_inst/mac_16i | A1 ^ -> ZN v | AOI22D1  | 0.147 |   0.734 |    0.741 | 
     | n_instance/FE_RC_32_0                              |              |          |       |         |          | 
     | mac_array_instance/col_idx_3__mac_col_inst/mac_16i | C v -> ZN ^  | AOI221D1 | 0.342 |   1.077 |    1.084 | 
     | n_instance/FE_RC_69_0                              |              |          |       |         |          | 
     | mac_array_instance/col_idx_3__mac_col_inst/mac_16i | I ^ -> ZN v  | CKND0    | 0.117 |   1.194 |    1.201 | 
     | n_instance/U349                                    |              |          |       |         |          | 
     | mac_array_instance/col_idx_3__mac_col_inst/mac_16i | C v -> ZN ^  | AOI221D0 | 0.172 |   1.366 |    1.373 | 
     | n_instance/U769                                    |              |          |       |         |          | 
     | mac_array_instance/col_idx_3__mac_col_inst/mac_16i | B ^ -> Z ^   | AO21D0   | 0.143 |   1.508 |    1.515 | 
     | n_instance/U770                                    |              |          |       |         |          | 
     | mac_array_instance/col_idx_3__mac_col_inst/mac_16i | A ^ -> CO v  | CMPE42D1 | 0.344 |   1.852 |    1.859 | 
     | n_instance/DP_OP_38J7_122_4029_U114                |              |          |       |         |          | 
     | mac_array_instance/col_idx_3__mac_col_inst/mac_16i | A v -> S ^   | CMPE42D1 | 0.315 |   2.167 |    2.174 | 
     | n_instance/DP_OP_38J7_122_4029_U89                 |              |          |       |         |          | 
     | mac_array_instance/col_idx_3__mac_col_inst/mac_16i | C ^ -> S v   | CMPE42D1 | 0.260 |   2.426 |    2.433 | 
     | n_instance/DP_OP_38J7_122_4029_U87                 |              |          |       |         |          | 
     | mac_array_instance/col_idx_3__mac_col_inst/mac_16i | C v -> S v   | CMPE42D1 | 0.259 |   2.685 |    2.692 | 
     | n_instance/DP_OP_38J7_122_4029_U86                 |              |          |       |         |          | 
     | mac_array_instance/col_idx_3__mac_col_inst/mac_16i | B v -> CO v  | FA1D1    | 0.138 |   2.823 |    2.830 | 
     | n_instance/intadd_6_U11                            |              |          |       |         |          | 
     | mac_array_instance/col_idx_3__mac_col_inst/mac_16i | CI v -> CO v | FA1D1    | 0.077 |   2.900 |    2.907 | 
     | n_instance/intadd_6_U10                            |              |          |       |         |          | 
     | mac_array_instance/col_idx_3__mac_col_inst/mac_16i | CI v -> CO v | FA1D1    | 0.077 |   2.977 |    2.984 | 
     | n_instance/intadd_6_U9                             |              |          |       |         |          | 
     | mac_array_instance/col_idx_3__mac_col_inst/mac_16i | CI v -> CO v | FA1D1    | 0.076 |   3.053 |    3.060 | 
     | n_instance/intadd_6_U8                             |              |          |       |         |          | 
     | mac_array_instance/col_idx_3__mac_col_inst/mac_16i | CI v -> CO v | FA1D1    | 0.079 |   3.131 |    3.138 | 
     | n_instance/intadd_6_U7                             |              |          |       |         |          | 
     | mac_array_instance/col_idx_3__mac_col_inst/mac_16i | CI v -> CO v | FA1D1    | 0.075 |   3.206 |    3.213 | 
     | n_instance/intadd_6_U6                             |              |          |       |         |          | 
     | mac_array_instance/col_idx_3__mac_col_inst/mac_16i | CI v -> CO v | FA1D1    | 0.073 |   3.280 |    3.287 | 
     | n_instance/intadd_6_U5                             |              |          |       |         |          | 
     | mac_array_instance/col_idx_3__mac_col_inst/mac_16i | CI v -> CO v | FA1D1    | 0.073 |   3.353 |    3.360 | 
     | n_instance/intadd_6_U4                             |              |          |       |         |          | 
     | mac_array_instance/col_idx_3__mac_col_inst/mac_16i | CI v -> CO v | FA1D1    | 0.076 |   3.429 |    3.436 | 
     | n_instance/intadd_6_U3                             |              |          |       |         |          | 
     | mac_array_instance/col_idx_3__mac_col_inst/mac_16i | CI v -> S ^  | FA1D1    | 0.092 |   3.521 |    3.528 | 
     | n_instance/intadd_6_U2                             |              |          |       |         |          | 
     | FE_OFC382_array_out_57_                            | I ^ -> Z ^   | BUFFD3   | 0.092 |   3.613 |    3.620 | 
     | ofifo_inst/col_idx_2__fifo_instance/U112           | A2 ^ -> Z ^  | OA22D0   | 0.102 |   3.715 |    3.722 | 
     | ofifo_inst/col_idx_2__fifo_instance/q9_reg_17_     | D ^          | DFQD1    | 0.000 |   3.715 |    3.722 | 
     +-----------------------------------------------------------------------------------------------------------+ 
Path 3: MET Setup Check with Pin ofifo_inst/col_idx_3__fifo_instance/q2_reg_19_/
CP 
Endpoint:   ofifo_inst/col_idx_3__fifo_instance/q2_reg_19_/D             (^) 
checked with  leading edge of 'clk'
Beginpoint: mac_array_instance/col_idx_4__mac_col_inst/query_q_reg_15_/Q (^) 
triggered by  leading edge of 'clk'
Path Groups: {clk}
Analysis View: WC_VIEW
Other End Arrival Time          0.216
- Setup                         0.020
+ Phase Shift                   3.500
+ CPPR Adjustment               0.000
= Required Time                 3.697
- Arrival Time                  3.688
= Slack Time                    0.009
     Clock Rise Edge                 0.000
     + Clock Network Latency (Prop)  0.250
     = Beginpoint Arrival Time       0.250
     +-----------------------------------------------------------------------------------------------------------+ 
     |                      Instance                      |     Arc      |   Cell   | Delay | Arrival | Required | 
     |                                                    |              |          |       |  Time   |   Time   | 
     |----------------------------------------------------+--------------+----------+-------+---------+----------| 
     | mac_array_instance/col_idx_4__mac_col_inst/query_q | CP ^         |          |       |   0.250 |    0.259 | 
     | _reg_15_                                           |              |          |       |         |          | 
     | mac_array_instance/col_idx_4__mac_col_inst/query_q | CP ^ -> Q ^  | DFQD1    | 0.131 |   0.381 |    0.390 | 
     | _reg_15_                                           |              |          |       |         |          | 
     | mac_array_instance/col_idx_4__mac_col_inst/FE_OFC1 | I ^ -> Z ^   | BUFFD1   | 0.264 |   0.645 |    0.654 | 
     | 258_q_temp_271_                                    |              |          |       |         |          | 
     | mac_array_instance/col_idx_4__mac_col_inst/mac_16i | I ^ -> ZN v  | CKND1    | 0.187 |   0.832 |    0.841 | 
     | n_instance/FE_OFC490_q_temp_271_                   |              |          |       |         |          | 
     | mac_array_instance/col_idx_4__mac_col_inst/mac_16i | B2 v -> ZN ^ | AOI221D1 | 0.263 |   1.095 |    1.104 | 
     | n_instance/U265                                    |              |          |       |         |          | 
     | mac_array_instance/col_idx_4__mac_col_inst/mac_16i | I ^ -> ZN v  | CKND0    | 0.115 |   1.211 |    1.219 | 
     | n_instance/U344                                    |              |          |       |         |          | 
     | mac_array_instance/col_idx_4__mac_col_inst/mac_16i | C v -> ZN ^  | AOI221D0 | 0.170 |   1.380 |    1.389 | 
     | n_instance/U770                                    |              |          |       |         |          | 
     | mac_array_instance/col_idx_4__mac_col_inst/mac_16i | B ^ -> Z ^   | AO21D0   | 0.125 |   1.505 |    1.514 | 
     | n_instance/U771                                    |              |          |       |         |          | 
     | mac_array_instance/col_idx_4__mac_col_inst/mac_16i | A ^ -> CO v  | CMPE42D1 | 0.325 |   1.830 |    1.839 | 
     | n_instance/DP_OP_38J7_122_4029_U114                |              |          |       |         |          | 
     | mac_array_instance/col_idx_4__mac_col_inst/mac_16i | A v -> S ^   | CMPE42D1 | 0.306 |   2.136 |    2.145 | 
     | n_instance/DP_OP_38J7_122_4029_U89                 |              |          |       |         |          | 
     | mac_array_instance/col_idx_4__mac_col_inst/mac_16i | C ^ -> S v   | CMPE42D1 | 0.258 |   2.394 |    2.402 | 
     | n_instance/DP_OP_38J7_122_4029_U87                 |              |          |       |         |          | 
     | mac_array_instance/col_idx_4__mac_col_inst/mac_16i | C v -> S v   | CMPE42D1 | 0.269 |   2.663 |    2.672 | 
     | n_instance/DP_OP_38J7_122_4029_U86                 |              |          |       |         |          | 
     | mac_array_instance/col_idx_4__mac_col_inst/mac_16i | B v -> CO v  | FA1D1    | 0.142 |   2.805 |    2.813 | 
     | n_instance/intadd_5_U11                            |              |          |       |         |          | 
     | mac_array_instance/col_idx_4__mac_col_inst/mac_16i | CI v -> CO v | FA1D1    | 0.073 |   2.878 |    2.887 | 
     | n_instance/intadd_5_U10                            |              |          |       |         |          | 
     | mac_array_instance/col_idx_4__mac_col_inst/mac_16i | CI v -> CO v | FA1D1    | 0.075 |   2.953 |    2.962 | 
     | n_instance/intadd_5_U9                             |              |          |       |         |          | 
     | mac_array_instance/col_idx_4__mac_col_inst/mac_16i | CI v -> CO v | FA1D1    | 0.075 |   3.028 |    3.037 | 
     | n_instance/intadd_5_U8                             |              |          |       |         |          | 
     | mac_array_instance/col_idx_4__mac_col_inst/mac_16i | CI v -> CO v | FA1D1    | 0.074 |   3.102 |    3.110 | 
     | n_instance/intadd_5_U7                             |              |          |       |         |          | 
     | mac_array_instance/col_idx_4__mac_col_inst/mac_16i | CI v -> CO v | FA1D1    | 0.073 |   3.174 |    3.183 | 
     | n_instance/intadd_5_U6                             |              |          |       |         |          | 
     | mac_array_instance/col_idx_4__mac_col_inst/mac_16i | CI v -> CO v | FA1D1    | 0.073 |   3.248 |    3.256 | 
     | n_instance/intadd_5_U5                             |              |          |       |         |          | 
     | mac_array_instance/col_idx_4__mac_col_inst/mac_16i | CI v -> CO v | FA1D1    | 0.076 |   3.324 |    3.333 | 
     | n_instance/intadd_5_U4                             |              |          |       |         |          | 
     | mac_array_instance/col_idx_4__mac_col_inst/mac_16i | CI v -> CO v | FA1D1    | 0.072 |   3.396 |    3.405 | 
     | n_instance/intadd_5_U3                             |              |          |       |         |          | 
     | mac_array_instance/col_idx_4__mac_col_inst/mac_16i | CI v -> CO v | FA1D2    | 0.086 |   3.483 |    3.492 | 
     | n_instance/intadd_5_U2                             |              |          |       |         |          | 
     | mac_array_instance/col_idx_4__mac_col_inst/mac_16i | I v -> ZN ^  | CKND3    | 0.095 |   3.578 |    3.587 | 
     | n_instance/U2                                      |              |          |       |         |          | 
     | ofifo_inst/col_idx_3__fifo_instance/U195           | A2 ^ -> Z ^  | OA22D0   | 0.109 |   3.688 |    3.697 | 
     | ofifo_inst/col_idx_3__fifo_instance/q2_reg_19_     | D ^          | DFQD1    | 0.000 |   3.688 |    3.697 | 
     +-----------------------------------------------------------------------------------------------------------+ 
Path 4: MET Setup Check with Pin ofifo_inst/col_idx_2__fifo_instance/q1_reg_17_/
CP 
Endpoint:   ofifo_inst/col_idx_2__fifo_instance/q1_reg_17_/D             (^) 
checked with  leading edge of 'clk'
Beginpoint: mac_array_instance/col_idx_3__mac_col_inst/query_q_reg_13_/Q (v) 
triggered by  leading edge of 'clk'
Path Groups: {clk}
Analysis View: WC_VIEW
Other End Arrival Time          0.244
- Setup                         0.016
+ Phase Shift                   3.500
+ CPPR Adjustment               0.000
= Required Time                 3.728
- Arrival Time                  3.718
= Slack Time                    0.010
     Clock Rise Edge                 0.000
     + Clock Network Latency (Prop)  0.232
     = Beginpoint Arrival Time       0.232
     +-----------------------------------------------------------------------------------------------------------+ 
     |                      Instance                      |     Arc      |   Cell   | Delay | Arrival | Required | 
     |                                                    |              |          |       |  Time   |   Time   | 
     |----------------------------------------------------+--------------+----------+-------+---------+----------| 
     | mac_array_instance/col_idx_3__mac_col_inst/query_q | CP ^         |          |       |   0.232 |    0.242 | 
     | _reg_13_                                           |              |          |       |         |          | 
     | mac_array_instance/col_idx_3__mac_col_inst/query_q | CP ^ -> Q v  | DFQD1    | 0.219 |   0.451 |    0.461 | 
     | _reg_13_                                           |              |          |       |         |          | 
     | mac_array_instance/col_idx_3__mac_col_inst/mac_16i | I v -> ZN ^  | CKND1    | 0.135 |   0.587 |    0.596 | 
     | n_instance/FE_OFC680_q_temp_205_                   |              |          |       |         |          | 
     | mac_array_instance/col_idx_3__mac_col_inst/mac_16i | A1 ^ -> ZN v | AOI22D1  | 0.147 |   0.734 |    0.744 | 
     | n_instance/FE_RC_32_0                              |              |          |       |         |          | 
     | mac_array_instance/col_idx_3__mac_col_inst/mac_16i | C v -> ZN ^  | AOI221D1 | 0.342 |   1.077 |    1.086 | 
     | n_instance/FE_RC_69_0                              |              |          |       |         |          | 
     | mac_array_instance/col_idx_3__mac_col_inst/mac_16i | I ^ -> ZN v  | CKND0    | 0.117 |   1.194 |    1.204 | 
     | n_instance/U349                                    |              |          |       |         |          | 
     | mac_array_instance/col_idx_3__mac_col_inst/mac_16i | C v -> ZN ^  | AOI221D0 | 0.172 |   1.366 |    1.375 | 
     | n_instance/U769                                    |              |          |       |         |          | 
     | mac_array_instance/col_idx_3__mac_col_inst/mac_16i | B ^ -> Z ^   | AO21D0   | 0.143 |   1.508 |    1.518 | 
     | n_instance/U770                                    |              |          |       |         |          | 
     | mac_array_instance/col_idx_3__mac_col_inst/mac_16i | A ^ -> CO v  | CMPE42D1 | 0.344 |   1.852 |    1.862 | 
     | n_instance/DP_OP_38J7_122_4029_U114                |              |          |       |         |          | 
     | mac_array_instance/col_idx_3__mac_col_inst/mac_16i | A v -> S ^   | CMPE42D1 | 0.315 |   2.167 |    2.176 | 
     | n_instance/DP_OP_38J7_122_4029_U89                 |              |          |       |         |          | 
     | mac_array_instance/col_idx_3__mac_col_inst/mac_16i | C ^ -> S v   | CMPE42D1 | 0.260 |   2.426 |    2.436 | 
     | n_instance/DP_OP_38J7_122_4029_U87                 |              |          |       |         |          | 
     | mac_array_instance/col_idx_3__mac_col_inst/mac_16i | C v -> S v   | CMPE42D1 | 0.259 |   2.685 |    2.695 | 
     | n_instance/DP_OP_38J7_122_4029_U86                 |              |          |       |         |          | 
     | mac_array_instance/col_idx_3__mac_col_inst/mac_16i | B v -> CO v  | FA1D1    | 0.138 |   2.823 |    2.833 | 
     | n_instance/intadd_6_U11                            |              |          |       |         |          | 
     | mac_array_instance/col_idx_3__mac_col_inst/mac_16i | CI v -> CO v | FA1D1    | 0.077 |   2.900 |    2.910 | 
     | n_instance/intadd_6_U10                            |              |          |       |         |          | 
     | mac_array_instance/col_idx_3__mac_col_inst/mac_16i | CI v -> CO v | FA1D1    | 0.077 |   2.977 |    2.987 | 
     | n_instance/intadd_6_U9                             |              |          |       |         |          | 
     | mac_array_instance/col_idx_3__mac_col_inst/mac_16i | CI v -> CO v | FA1D1    | 0.076 |   3.053 |    3.063 | 
     | n_instance/intadd_6_U8                             |              |          |       |         |          | 
     | mac_array_instance/col_idx_3__mac_col_inst/mac_16i | CI v -> CO v | FA1D1    | 0.079 |   3.131 |    3.141 | 
     | n_instance/intadd_6_U7                             |              |          |       |         |          | 
     | mac_array_instance/col_idx_3__mac_col_inst/mac_16i | CI v -> CO v | FA1D1    | 0.075 |   3.206 |    3.216 | 
     | n_instance/intadd_6_U6                             |              |          |       |         |          | 
     | mac_array_instance/col_idx_3__mac_col_inst/mac_16i | CI v -> CO v | FA1D1    | 0.073 |   3.280 |    3.289 | 
     | n_instance/intadd_6_U5                             |              |          |       |         |          | 
     | mac_array_instance/col_idx_3__mac_col_inst/mac_16i | CI v -> CO v | FA1D1    | 0.073 |   3.353 |    3.363 | 
     | n_instance/intadd_6_U4                             |              |          |       |         |          | 
     | mac_array_instance/col_idx_3__mac_col_inst/mac_16i | CI v -> CO v | FA1D1    | 0.076 |   3.429 |    3.439 | 
     | n_instance/intadd_6_U3                             |              |          |       |         |          | 
     | mac_array_instance/col_idx_3__mac_col_inst/mac_16i | CI v -> S ^  | FA1D1    | 0.092 |   3.521 |    3.531 | 
     | n_instance/intadd_6_U2                             |              |          |       |         |          | 
     | FE_OFC382_array_out_57_                            | I ^ -> Z ^   | BUFFD3   | 0.092 |   3.613 |    3.623 | 
     | ofifo_inst/col_idx_2__fifo_instance/U177           | A2 ^ -> Z ^  | OA22D0   | 0.105 |   3.718 |    3.728 | 
     | ofifo_inst/col_idx_2__fifo_instance/q1_reg_17_     | D ^          | DFQD1    | 0.000 |   3.718 |    3.728 | 
     +-----------------------------------------------------------------------------------------------------------+ 
Path 5: MET Setup Check with Pin ofifo_inst/col_idx_1__fifo_instance/q3_reg_18_/
CP 
Endpoint:   ofifo_inst/col_idx_1__fifo_instance/q3_reg_18_/D             (^) 
checked with  leading edge of 'clk'
Beginpoint: mac_array_instance/col_idx_2__mac_col_inst/query_q_reg_57_/Q (v) 
triggered by  leading edge of 'clk'
Path Groups: {clk}
Analysis View: WC_VIEW
Other End Arrival Time          0.251
- Setup                         0.016
+ Phase Shift                   3.500
+ CPPR Adjustment               0.000
= Required Time                 3.735
- Arrival Time                  3.725
= Slack Time                    0.010
     Clock Rise Edge                 0.000
     + Clock Network Latency (Prop)  0.257
     = Beginpoint Arrival Time       0.257
     +-----------------------------------------------------------------------------------------------------------+ 
     |                      Instance                      |     Arc      |   Cell   | Delay | Arrival | Required | 
     |                                                    |              |          |       |  Time   |   Time   | 
     |----------------------------------------------------+--------------+----------+-------+---------+----------| 
     | mac_array_instance/col_idx_2__mac_col_inst/query_q | CP ^         |          |       |   0.257 |    0.267 | 
     | _reg_57_                                           |              |          |       |         |          | 
     | mac_array_instance/col_idx_2__mac_col_inst/query_q | CP ^ -> Q v  | DFQD1    | 0.202 |   0.458 |    0.468 | 
     | _reg_57_                                           |              |          |       |         |          | 
     | mac_array_instance/col_idx_2__mac_col_inst/mac_16i | I v -> ZN ^  | CKND0    | 0.119 |   0.578 |    0.587 | 
     | n_instance/FE_OFC598_q_temp_185_                   |              |          |       |         |          | 
     | mac_array_instance/col_idx_2__mac_col_inst/mac_16i | I0 ^ -> ZN v | MUX2ND0  | 0.128 |   0.706 |    0.716 | 
     | n_instance/FE_RC_22_0                              |              |          |       |         |          | 
     | mac_array_instance/col_idx_2__mac_col_inst/mac_16i | I v -> ZN ^  | INVD0    | 0.163 |   0.869 |    0.879 | 
     | n_instance/U244                                    |              |          |       |         |          | 
     | mac_array_instance/col_idx_2__mac_col_inst/mac_16i | C ^ -> ZN v  | OAI221D0 | 0.253 |   1.122 |    1.132 | 
     | n_instance/U524                                    |              |          |       |         |          | 
     | mac_array_instance/col_idx_2__mac_col_inst/mac_16i | C v -> ZN ^  | AOI221D0 | 0.198 |   1.320 |    1.329 | 
     | n_instance/U647                                    |              |          |       |         |          | 
     | mac_array_instance/col_idx_2__mac_col_inst/mac_16i | B ^ -> ZN v  | AOI21D0  | 0.080 |   1.400 |    1.410 | 
     | n_instance/U648                                    |              |          |       |         |          | 
     | mac_array_instance/col_idx_2__mac_col_inst/mac_16i | A2 v -> ZN ^ | AOI21D0  | 0.198 |   1.598 |    1.608 | 
     | n_instance/U651                                    |              |          |       |         |          | 
     | mac_array_instance/col_idx_2__mac_col_inst/mac_16i | CIX ^ -> S v | CMPE42D1 | 0.160 |   1.758 |    1.768 | 
     | n_instance/DP_OP_38J7_122_4029_U166                |              |          |       |         |          | 
     | mac_array_instance/col_idx_2__mac_col_inst/mac_16i | A v -> COX v | CMPE42D1 | 0.150 |   1.908 |    1.918 | 
     | n_instance/DP_OP_38J7_122_4029_U160                |              |          |       |         |          | 
     | mac_array_instance/col_idx_2__mac_col_inst/mac_16i | CIX v -> S ^ | CMPE42D1 | 0.111 |   2.018 |    2.028 | 
     | n_instance/DP_OP_38J7_122_4029_U150                |              |          |       |         |          | 
     | mac_array_instance/col_idx_2__mac_col_inst/mac_16i | C ^ -> S v   | CMPE42D1 | 0.254 |   2.272 |    2.282 | 
     | n_instance/DP_OP_38J7_122_4029_U148                |              |          |       |         |          | 
     | mac_array_instance/col_idx_2__mac_col_inst/mac_16i | B v -> CO v  | FA1D0    | 0.137 |   2.409 |    2.419 | 
     | n_instance/intadd_7_U15                            |              |          |       |         |          | 
     | mac_array_instance/col_idx_2__mac_col_inst/mac_16i | CI v -> CO v | FA1D0    | 0.118 |   2.527 |    2.537 | 
     | n_instance/intadd_7_U14                            |              |          |       |         |          | 
     | mac_array_instance/col_idx_2__mac_col_inst/mac_16i | CI v -> CO v | FA1D1    | 0.097 |   2.624 |    2.634 | 
     | n_instance/intadd_7_U13                            |              |          |       |         |          | 
     | mac_array_instance/col_idx_2__mac_col_inst/mac_16i | CI v -> CO v | FA1D1    | 0.080 |   2.704 |    2.714 | 
     | n_instance/intadd_7_U12                            |              |          |       |         |          | 
     | mac_array_instance/col_idx_2__mac_col_inst/mac_16i | CI v -> CO v | FA1D1    | 0.086 |   2.790 |    2.800 | 
     | n_instance/intadd_7_U11                            |              |          |       |         |          | 
     | mac_array_instance/col_idx_2__mac_col_inst/mac_16i | CI v -> CO v | FA1D1    | 0.080 |   2.870 |    2.880 | 
     | n_instance/intadd_7_U10                            |              |          |       |         |          | 
     | mac_array_instance/col_idx_2__mac_col_inst/mac_16i | CI v -> CO v | FA1D1    | 0.077 |   2.947 |    2.956 | 
     | n_instance/intadd_7_U9                             |              |          |       |         |          | 
     | mac_array_instance/col_idx_2__mac_col_inst/mac_16i | CI v -> CO v | FA1D1    | 0.078 |   3.025 |    3.035 | 
     | n_instance/intadd_7_U8                             |              |          |       |         |          | 
     | mac_array_instance/col_idx_2__mac_col_inst/mac_16i | CI v -> CO v | FA1D1    | 0.083 |   3.108 |    3.118 | 
     | n_instance/intadd_7_U7                             |              |          |       |         |          | 
     | mac_array_instance/col_idx_2__mac_col_inst/mac_16i | CI v -> CO v | FA1D1    | 0.078 |   3.186 |    3.196 | 
     | n_instance/intadd_7_U6                             |              |          |       |         |          | 
     | mac_array_instance/col_idx_2__mac_col_inst/mac_16i | CI v -> CO v | FA1D1    | 0.080 |   3.266 |    3.276 | 
     | n_instance/intadd_7_U5                             |              |          |       |         |          | 
     | mac_array_instance/col_idx_2__mac_col_inst/mac_16i | CI v -> CO v | FA1D1    | 0.076 |   3.342 |    3.351 | 
     | n_instance/intadd_7_U4                             |              |          |       |         |          | 
     | mac_array_instance/col_idx_2__mac_col_inst/mac_16i | CI v -> CO v | FA1D1    | 0.078 |   3.419 |    3.429 | 
     | n_instance/intadd_7_U3                             |              |          |       |         |          | 
     | mac_array_instance/col_idx_2__mac_col_inst/mac_16i | CI v -> CO v | FA1D2    | 0.109 |   3.528 |    3.538 | 
     | n_instance/intadd_7_U2                             |              |          |       |         |          | 
     | mac_array_instance/col_idx_2__mac_col_inst/mac_16i | I v -> ZN ^  | CKND4    | 0.089 |   3.617 |    3.627 | 
     | n_instance/FE_OFC1366_array_out_38_                |              |          |       |         |          | 
     | ofifo_inst/col_idx_1__fifo_instance/U218           | A2 ^ -> Z ^  | OA22D0   | 0.108 |   3.725 |    3.735 | 
     | ofifo_inst/col_idx_1__fifo_instance/q3_reg_18_     | D ^          | DFQD1    | 0.000 |   3.725 |    3.735 | 
     +-----------------------------------------------------------------------------------------------------------+ 

