*----------------------------------------------------------------------------------------
*	Innovus 15.23-s045_1 (64bit) 04/22/2016 12:32 (Linux 2.6.18-194.el5)
*	
*
* 	Date & Time:	2025-Mar-20 11:53:37 (2025-Mar-20 18:53:37 GMT)
*
*----------------------------------------------------------------------------------------
*
*	Design: core
*
*	Liberty Libraries used: 
*	        WC_VIEW: /home/linux/ieng6/ee260bwi25/public/PDKdata/lib/tcbn65gpluswc.lib
*
*	Power Domain used: 
*		Rail:        VDD 	Voltage:        0.9 
*
*       Power View : WC_VIEW
*
*       User-Defined Activity : N.A.
*
*       Activity File: N.A.
*
*       Hierarchical Global Activity: N.A.
*
*       Global Activity: N.A.
*
*       Sequential Element Activity: 0.200000
*
*       Primary Input Activity: 0.200000
*
*       Default icg ratio: N.A.
*
*       Global Comb ClockGate Ratio: N.A.
*
*	Power Units = 1mW
*
*	Time Units = 1e-09 secs 
*
*       report_power -outfile core.post_route.power.rpt
*
-----------------------------------------------------------------------------------------


Total Power 
-----------------------------------------------------------------------------------------
Total Internal Power:       28.28138068 	   73.3115%
Total Switching Power:       8.79367349 	   22.7951%
Total Leakage Power:         1.50193547 	    3.8933%
Total Power:                38.57698991 
-----------------------------------------------------------------------------------------


Group                           Internal   Switching     Leakage       Total  Percentage 
                                Power      Power         Power         Power  (%)        
-----------------------------------------------------------------------------------------
Sequential                         21.87      0.7129      0.4799       23.06       59.77 
Macro                                  0           0       0.587       0.587       1.522 
IO                                     0           0           0           0           0 
Combinational                      5.393       4.785      0.4114       10.59       27.45 
Clock (Combinational)              1.023       3.295     0.02362       4.342       11.26 
Clock (Sequential)                     0           0           0           0           0 
-----------------------------------------------------------------------------------------
Total                              28.28       8.794       1.502       38.58         100 
-----------------------------------------------------------------------------------------


Rail                  Voltage   Internal   Switching     Leakage       Total  Percentage 
                                Power      Power         Power         Power  (%)        
-----------------------------------------------------------------------------------------
VDD                       0.9      28.28       8.794       1.502       38.58         100 


Clock                           Internal   Switching     Leakage       Total  Percentage 
                                Power      Power         Power         Power  (%)        
-----------------------------------------------------------------------------------------
clk                                1.023       3.295     0.02362       4.342       11.26 
-----------------------------------------------------------------------------------------
Total (excluding duplicates)       1.023       3.295     0.02362       4.342       11.26 
-----------------------------------------------------------------------------------------


-----------------------------------------------------------------------------------------
*	Power Distribution Summary: 
* 		Highest Average Power: CTS_ccl_BUF_clk_G0_L3_126 (CKBD16): 	   0.04507 
* 		Highest Leakage Power:                    U18531 (FA1D4): 	 0.0002578 
* 		Total Cap: 	1.82987e-10 F
* 		Total instances in design: 39569
* 		Total instances in design with no power:     0
*          Total instances in design with no activity:     0
* 		Total Fillers and Decap: 16488
-----------------------------------------------------------------------------------------

