###############################################################
#  Generated by:      Cadence Innovus 15.23-s045_1
#  OS:                Linux x86_64(Host ID ieng6-ece-13.ucsd.edu)
#  Generated on:      Thu Mar 20 11:53:40 2025
#  Design:            core
#  Command:           report_ccopt_worst_chain -file core.post_route.worst_chain.rpt 
###############################################################

  x inst[7]
  |   slack 3.531ns .../inst[7] -> .../D (distance: 302.100um)
  |                 delays=(launch: 0.200ns, datapath: 0.013ns, capture: 0.244ns, adjust: 3.500ns)
  |                 launch no clock
  |                 capture clock clk in analysis view WC_VIEW
  o mac_array_instance_col_idx_1__mac_col_inst_inst_q_reg_1_
  |     .../CP @(unknown) constraint=(unknown) chosen=(unknown)
  |            location=(244.300,194.600) slew=(launch: 0.090ns, capture: 0.090ns)
  |   slack 3.313ns .../Q -> .../D (distance: 4.400um)
  |                 delays=(launch: 0.244ns, datapath: 0.186ns, capture: 0.243ns, adjust: 3.500ns)
  |                 launch/capture clock clk in analysis view WC_VIEW
  o R_0
  |     .../CP @(unknown) constraint=(unknown) chosen=(unknown)
  |            location=(246.300,198.200) slew=(launch: 0.089ns, capture: 0.089ns)
  |   slack 3.258ns .../Q -> .../D (distance: 20.800um)
  |                 delays=(launch: 0.243ns, datapath: 0.243ns, capture: 0.244ns, adjust: 3.500ns)
  |                 launch/capture clock clk in analysis view WC_VIEW
  o R_1
  |     .../CP @(unknown) constraint=(unknown) chosen=(unknown)
  |            location=(252.700,216.200) slew=(launch: 0.094ns, capture: 0.094ns)
  |   slack 3.153ns .../Q -> .../D (distance: 4.600um)
  |                 delays=(launch: 0.244ns, datapath: 0.347ns, capture: 0.244ns, adjust: 3.500ns)
  |                 launch/capture clock clk in analysis view WC_VIEW
  o R_2
  |     .../CP @(unknown) constraint=(unknown) chosen=(unknown)
  |            location=(256.500,219.800) slew=(launch: 0.094ns, capture: 0.094ns)
  |   slack 3.185ns .../Q -> .../D (distance: 134.600um)
  |                 delays=(launch: 0.244ns, datapath: 0.315ns, capture: 0.244ns, adjust: 3.500ns)
  |                 launch/capture clock clk in analysis view WC_VIEW
  o R_3
  |     .../CP @(unknown) constraint=(unknown) chosen=(unknown)
  |            location=(245.900,347.400) slew=(launch: 0.072ns, capture: 0.072ns)
  |   slack 3.153ns .../Q -> .../D (distance: 32.000um)
  |                 delays=(launch: 0.244ns, datapath: 0.349ns, capture: 0.246ns, adjust: 3.500ns)
  |                 launch/capture clock clk in analysis view WC_VIEW
  o R_4
  |     .../CP @(unknown) constraint=(unknown) chosen=(unknown)
  |            location=(225.500,363.800) slew=(launch: 0.072ns, capture: 0.072ns)
  |   slack 3.083ns .../Q -> .../D (distance: 105.000um)
  |                 delays=(launch: 0.246ns, datapath: 0.425ns, capture: 0.254ns, adjust: 3.500ns)
  |                 launch/capture clock clk in analysis view WC_VIEW
  o R_5
  |     .../CP @(unknown) constraint=(unknown) chosen=(unknown)
  |            location=(308.900,389.000) slew=(launch: 0.094ns, capture: 0.094ns)
  |   slack 3.167ns .../Q -> .../D (distance: 202.200um)
  |                 delays=(launch: 0.254ns, datapath: 0.338ns, capture: 0.259ns, adjust: 3.500ns)
  |                 launch/capture clock clk in analysis view WC_VIEW
  o R_6
  |     .../CP @(unknown) constraint=(unknown) chosen=(unknown)
  |            location=(389.500,264.600) slew=(launch: 0.095ns, capture: 0.095ns)
  |   slack 2.254ns .../Q -> .../E (distance: 143.000um)
  |                 delays=(launch: 0.259ns, datapath: 1.234ns, capture: 0.247ns, adjust: 3.500ns)
  |                 launch/capture clock clk in analysis view WC_VIEW
  o mac_array_instance_col_idx_8__mac_col_inst_query_q_reg_13_
  |     .../CP @(unknown) constraint=(unknown) chosen=(unknown)
  |            location=(439.300,166.000) slew=(launch: 0.081ns, capture: 0.081ns)
  |   *WNS* 0.003ns .../Q -> .../D (distance: 423.400um)
  |                 delays=(launch: 0.247ns, datapath: 3.498ns, capture: 0.248ns, adjust: 3.500ns)
  |                 launch/capture clock clk in analysis view WC_VIEW
  o ofifo_inst_col_idx_7__fifo_instance_q1_reg_17_
  |     .../CP @(unknown) constraint=(unknown) chosen=(unknown)
  |            location=(409.900,108.400) slew=(launch: 0.085ns, capture: 0.085ns)
  |   slack 2.713ns .../Q -> .../D (distance: 305.600um)
  |                 delays=(launch: 0.248ns, datapath: 1.455ns, capture: 0.256ns, adjust: 3.500ns)
  |                 launch/capture clock clk in analysis view WC_VIEW
  o psum_mem_instance_memory_reg_3__37_
  |     .../CP @(unknown) constraint=(unknown) chosen=(unknown)
  |            location=(430.700,378.400) slew=(launch: 0.082ns, capture: 0.082ns)
  |   slack 2.790ns .../Q -> .../D (distance: 126.000um)
  |                 delays=(launch: 0.256ns, datapath: 0.732ns, capture: 0.262ns, adjust: 3.500ns)
  |                 launch/capture clock clk in analysis view WC_VIEW
  o psum_mem_instance_Q_reg_157_
  |     .../CP @(unknown) constraint=(unknown) chosen=(unknown)
  |            location=(465.900,468.400) slew=(launch: 0.082ns, capture: 0.082ns)
  |   slack 2.853ns .../Q -> .../out[157] (distance: 82.100um)
  |                 delays=(launch: 0.262ns, datapath: 0.186ns, capture: 3.300ns, adjust: 0.000ns)
  |                 launch clock clk in analysis view WC_VIEW
  |                 capture no clock
  x out[157]

