###############################################################
#  Generated by:      Cadence Innovus 15.23-s045_1
#  OS:                Linux x86_64(Host ID ieng6-ece-13.ucsd.edu)
#  Generated on:      Thu Mar 20 11:53:33 2025
#  Design:            core
#  Command:           report_timing -max_paths 5 > ${design}.post_route.timing.rpt
###############################################################
Path 1: MET Setup Check with Pin ofifo_inst_col_idx_7__fifo_instance_q1_reg_17_/
CP 
Endpoint:   ofifo_inst_col_idx_7__fifo_instance_q1_reg_17_/D             (^) 
checked with  leading edge of 'clk'
Beginpoint: mac_array_instance_col_idx_8__mac_col_inst_query_q_reg_13_/Q (^) 
triggered by  leading edge of 'clk'
Path Groups: {clk}
Analysis View: WC_VIEW
Other End Arrival Time          0.248
- Setup                         0.121
+ Phase Shift                   3.500
+ CPPR Adjustment               0.000
= Required Time                 3.628
- Arrival Time                  3.624
= Slack Time                    0.003
     Clock Rise Edge                 0.000
     + Clock Network Latency (Prop)  0.247
     = Beginpoint Arrival Time       0.247
     +-----------------------------------------------------------------------------------------------------------+ 
     |                      Instance                      |     Arc      |   Cell   | Delay | Arrival | Required | 
     |                                                    |              |          |       |  Time   |   Time   | 
     |----------------------------------------------------+--------------+----------+-------+---------+----------| 
     | mac_array_instance_col_idx_8__mac_col_inst_query_q | CP ^         |          |       |   0.247 |    0.250 | 
     | _reg_13_                                           |              |          |       |         |          | 
     | mac_array_instance_col_idx_8__mac_col_inst_query_q | CP ^ -> Q ^  | EDFQD1   | 0.212 |   0.459 |    0.462 | 
     | _reg_13_                                           |              |          |       |         |          | 
     | U8323                                              | I ^ -> ZN v  | CKND1    | 0.125 |   0.583 |    0.587 | 
     | U5781                                              | A2 v -> ZN ^ | OAI22D0  | 0.209 |   0.792 |    0.795 | 
     | U13886                                             | I ^ -> ZN v  | CKND0    | 0.177 |   0.969 |    0.972 | 
     | U13887                                             | A2 v -> ZN ^ | NR2XD0   | 0.127 |   1.096 |    1.099 | 
     | U14097                                             | I ^ -> ZN v  | CKND0    | 0.071 |   1.167 |    1.170 | 
     | U17635                                             | A1 v -> ZN ^ | MOAI22D0 | 0.159 |   1.326 |    1.329 | 
     | DP_OP_759J1_129_9850_U95                           | A ^ -> S v   | CMPE42D1 | 0.355 |   1.681 |    1.684 | 
     | DP_OP_759J1_129_9850_U91                           | A v -> S ^   | CMPE42D1 | 0.302 |   1.982 |    1.986 | 
     | DP_OP_759J1_129_9850_U87                           | B ^ -> S v   | CMPE42D1 | 0.305 |   2.288 |    2.291 | 
     | DP_OP_759J1_129_9850_U86                           | C v -> S v   | CMPE42D1 | 0.269 |   2.557 |    2.560 | 
     | U18404                                             | B v -> CO v  | FA1D1    | 0.153 |   2.710 |    2.713 | 
     | U18403                                             | CI v -> CO v | FA1D1    | 0.086 |   2.796 |    2.799 | 
     | U18402                                             | CI v -> CO v | FA1D1    | 0.080 |   2.875 |    2.879 | 
     | U18401                                             | CI v -> CO v | FA1D1    | 0.086 |   2.961 |    2.965 | 
     | U18400                                             | CI v -> CO v | FA1D1    | 0.080 |   3.042 |    3.045 | 
     | U18399                                             | CI v -> CO v | FA1D1    | 0.079 |   3.121 |    3.124 | 
     | U18398                                             | CI v -> CO v | FA1D1    | 0.076 |   3.196 |    3.200 | 
     | U18397                                             | CI v -> CO v | FA1D1    | 0.124 |   3.320 |    3.324 | 
     | U18396                                             | CI v -> CO v | FA1D1    | 0.087 |   3.407 |    3.411 | 
     | U18526                                             | CI v -> S ^  | FA1D1    | 0.216 |   3.623 |    3.626 | 
     | ofifo_inst_col_idx_7__fifo_instance_q1_reg_17_     | D ^          | EDFQD1   | 0.001 |   3.624 |    3.628 | 
     +-----------------------------------------------------------------------------------------------------------+ 
Path 2: MET Setup Check with Pin ofifo_inst_col_idx_7__fifo_instance_q8_reg_17_/
CP 
Endpoint:   ofifo_inst_col_idx_7__fifo_instance_q8_reg_17_/D             (^) 
checked with  leading edge of 'clk'
Beginpoint: mac_array_instance_col_idx_8__mac_col_inst_query_q_reg_13_/Q (^) 
triggered by  leading edge of 'clk'
Path Groups: {clk}
Analysis View: WC_VIEW
Other End Arrival Time          0.248
- Setup                         0.121
+ Phase Shift                   3.500
+ CPPR Adjustment               0.000
= Required Time                 3.628
- Arrival Time                  3.624
= Slack Time                    0.003
     Clock Rise Edge                 0.000
     + Clock Network Latency (Prop)  0.247
     = Beginpoint Arrival Time       0.247
     +-----------------------------------------------------------------------------------------------------------+ 
     |                      Instance                      |     Arc      |   Cell   | Delay | Arrival | Required | 
     |                                                    |              |          |       |  Time   |   Time   | 
     |----------------------------------------------------+--------------+----------+-------+---------+----------| 
     | mac_array_instance_col_idx_8__mac_col_inst_query_q | CP ^         |          |       |   0.247 |    0.250 | 
     | _reg_13_                                           |              |          |       |         |          | 
     | mac_array_instance_col_idx_8__mac_col_inst_query_q | CP ^ -> Q ^  | EDFQD1   | 0.212 |   0.459 |    0.462 | 
     | _reg_13_                                           |              |          |       |         |          | 
     | U8323                                              | I ^ -> ZN v  | CKND1    | 0.125 |   0.583 |    0.587 | 
     | U5781                                              | A2 v -> ZN ^ | OAI22D0  | 0.209 |   0.792 |    0.795 | 
     | U13886                                             | I ^ -> ZN v  | CKND0    | 0.177 |   0.969 |    0.972 | 
     | U13887                                             | A2 v -> ZN ^ | NR2XD0   | 0.127 |   1.096 |    1.099 | 
     | U14097                                             | I ^ -> ZN v  | CKND0    | 0.071 |   1.167 |    1.170 | 
     | U17635                                             | A1 v -> ZN ^ | MOAI22D0 | 0.159 |   1.326 |    1.329 | 
     | DP_OP_759J1_129_9850_U95                           | A ^ -> S v   | CMPE42D1 | 0.355 |   1.681 |    1.684 | 
     | DP_OP_759J1_129_9850_U91                           | A v -> S ^   | CMPE42D1 | 0.302 |   1.982 |    1.986 | 
     | DP_OP_759J1_129_9850_U87                           | B ^ -> S v   | CMPE42D1 | 0.305 |   2.288 |    2.291 | 
     | DP_OP_759J1_129_9850_U86                           | C v -> S v   | CMPE42D1 | 0.269 |   2.557 |    2.560 | 
     | U18404                                             | B v -> CO v  | FA1D1    | 0.153 |   2.710 |    2.713 | 
     | U18403                                             | CI v -> CO v | FA1D1    | 0.086 |   2.796 |    2.799 | 
     | U18402                                             | CI v -> CO v | FA1D1    | 0.080 |   2.875 |    2.879 | 
     | U18401                                             | CI v -> CO v | FA1D1    | 0.086 |   2.961 |    2.965 | 
     | U18400                                             | CI v -> CO v | FA1D1    | 0.080 |   3.042 |    3.045 | 
     | U18399                                             | CI v -> CO v | FA1D1    | 0.079 |   3.121 |    3.124 | 
     | U18398                                             | CI v -> CO v | FA1D1    | 0.076 |   3.196 |    3.200 | 
     | U18397                                             | CI v -> CO v | FA1D1    | 0.124 |   3.320 |    3.324 | 
     | U18396                                             | CI v -> CO v | FA1D1    | 0.087 |   3.407 |    3.411 | 
     | U18526                                             | CI v -> S ^  | FA1D1    | 0.216 |   3.623 |    3.626 | 
     | ofifo_inst_col_idx_7__fifo_instance_q8_reg_17_     | D ^          | EDFQD1   | 0.001 |   3.624 |    3.628 | 
     +-----------------------------------------------------------------------------------------------------------+ 
Path 3: MET Setup Check with Pin ofifo_inst_col_idx_7__fifo_instance_q5_reg_17_/
CP 
Endpoint:   ofifo_inst_col_idx_7__fifo_instance_q5_reg_17_/D             (^) 
checked with  leading edge of 'clk'
Beginpoint: mac_array_instance_col_idx_8__mac_col_inst_query_q_reg_13_/Q (^) 
triggered by  leading edge of 'clk'
Path Groups: {clk}
Analysis View: WC_VIEW
Other End Arrival Time          0.249
- Setup                         0.121
+ Phase Shift                   3.500
+ CPPR Adjustment               0.000
= Required Time                 3.628
- Arrival Time                  3.624
= Slack Time                    0.003
     Clock Rise Edge                 0.000
     + Clock Network Latency (Prop)  0.247
     = Beginpoint Arrival Time       0.247
     +-----------------------------------------------------------------------------------------------------------+ 
     |                      Instance                      |     Arc      |   Cell   | Delay | Arrival | Required | 
     |                                                    |              |          |       |  Time   |   Time   | 
     |----------------------------------------------------+--------------+----------+-------+---------+----------| 
     | mac_array_instance_col_idx_8__mac_col_inst_query_q | CP ^         |          |       |   0.247 |    0.250 | 
     | _reg_13_                                           |              |          |       |         |          | 
     | mac_array_instance_col_idx_8__mac_col_inst_query_q | CP ^ -> Q ^  | EDFQD1   | 0.212 |   0.459 |    0.462 | 
     | _reg_13_                                           |              |          |       |         |          | 
     | U8323                                              | I ^ -> ZN v  | CKND1    | 0.125 |   0.583 |    0.587 | 
     | U5781                                              | A2 v -> ZN ^ | OAI22D0  | 0.209 |   0.792 |    0.795 | 
     | U13886                                             | I ^ -> ZN v  | CKND0    | 0.177 |   0.969 |    0.972 | 
     | U13887                                             | A2 v -> ZN ^ | NR2XD0   | 0.127 |   1.096 |    1.099 | 
     | U14097                                             | I ^ -> ZN v  | CKND0    | 0.071 |   1.167 |    1.170 | 
     | U17635                                             | A1 v -> ZN ^ | MOAI22D0 | 0.159 |   1.326 |    1.329 | 
     | DP_OP_759J1_129_9850_U95                           | A ^ -> S v   | CMPE42D1 | 0.355 |   1.681 |    1.684 | 
     | DP_OP_759J1_129_9850_U91                           | A v -> S ^   | CMPE42D1 | 0.302 |   1.982 |    1.986 | 
     | DP_OP_759J1_129_9850_U87                           | B ^ -> S v   | CMPE42D1 | 0.305 |   2.288 |    2.291 | 
     | DP_OP_759J1_129_9850_U86                           | C v -> S v   | CMPE42D1 | 0.269 |   2.557 |    2.560 | 
     | U18404                                             | B v -> CO v  | FA1D1    | 0.153 |   2.710 |    2.713 | 
     | U18403                                             | CI v -> CO v | FA1D1    | 0.086 |   2.796 |    2.799 | 
     | U18402                                             | CI v -> CO v | FA1D1    | 0.080 |   2.875 |    2.879 | 
     | U18401                                             | CI v -> CO v | FA1D1    | 0.086 |   2.961 |    2.965 | 
     | U18400                                             | CI v -> CO v | FA1D1    | 0.080 |   3.042 |    3.045 | 
     | U18399                                             | CI v -> CO v | FA1D1    | 0.079 |   3.121 |    3.124 | 
     | U18398                                             | CI v -> CO v | FA1D1    | 0.076 |   3.196 |    3.200 | 
     | U18397                                             | CI v -> CO v | FA1D1    | 0.124 |   3.320 |    3.324 | 
     | U18396                                             | CI v -> CO v | FA1D1    | 0.087 |   3.407 |    3.411 | 
     | U18526                                             | CI v -> S ^  | FA1D1    | 0.216 |   3.623 |    3.626 | 
     | ofifo_inst_col_idx_7__fifo_instance_q5_reg_17_     | D ^          | EDFQD1   | 0.001 |   3.624 |    3.628 | 
     +-----------------------------------------------------------------------------------------------------------+ 
Path 4: MET Setup Check with Pin ofifo_inst_col_idx_7__fifo_instance_q9_reg_17_/
CP 
Endpoint:   ofifo_inst_col_idx_7__fifo_instance_q9_reg_17_/D             (^) 
checked with  leading edge of 'clk'
Beginpoint: mac_array_instance_col_idx_8__mac_col_inst_query_q_reg_13_/Q (^) 
triggered by  leading edge of 'clk'
Path Groups: {clk}
Analysis View: WC_VIEW
Other End Arrival Time          0.249
- Setup                         0.121
+ Phase Shift                   3.500
+ CPPR Adjustment               0.000
= Required Time                 3.628
- Arrival Time                  3.625
= Slack Time                    0.004
     Clock Rise Edge                 0.000
     + Clock Network Latency (Prop)  0.247
     = Beginpoint Arrival Time       0.247
     +-----------------------------------------------------------------------------------------------------------+ 
     |                      Instance                      |     Arc      |   Cell   | Delay | Arrival | Required | 
     |                                                    |              |          |       |  Time   |   Time   | 
     |----------------------------------------------------+--------------+----------+-------+---------+----------| 
     | mac_array_instance_col_idx_8__mac_col_inst_query_q | CP ^         |          |       |   0.247 |    0.251 | 
     | _reg_13_                                           |              |          |       |         |          | 
     | mac_array_instance_col_idx_8__mac_col_inst_query_q | CP ^ -> Q ^  | EDFQD1   | 0.212 |   0.459 |    0.462 | 
     | _reg_13_                                           |              |          |       |         |          | 
     | U8323                                              | I ^ -> ZN v  | CKND1    | 0.125 |   0.583 |    0.587 | 
     | U5781                                              | A2 v -> ZN ^ | OAI22D0  | 0.209 |   0.792 |    0.796 | 
     | U13886                                             | I ^ -> ZN v  | CKND0    | 0.177 |   0.969 |    0.972 | 
     | U13887                                             | A2 v -> ZN ^ | NR2XD0   | 0.127 |   1.096 |    1.100 | 
     | U14097                                             | I ^ -> ZN v  | CKND0    | 0.071 |   1.167 |    1.171 | 
     | U17635                                             | A1 v -> ZN ^ | MOAI22D0 | 0.159 |   1.326 |    1.330 | 
     | DP_OP_759J1_129_9850_U95                           | A ^ -> S v   | CMPE42D1 | 0.355 |   1.681 |    1.684 | 
     | DP_OP_759J1_129_9850_U91                           | A v -> S ^   | CMPE42D1 | 0.302 |   1.982 |    1.986 | 
     | DP_OP_759J1_129_9850_U87                           | B ^ -> S v   | CMPE42D1 | 0.305 |   2.288 |    2.291 | 
     | DP_OP_759J1_129_9850_U86                           | C v -> S v   | CMPE42D1 | 0.269 |   2.557 |    2.561 | 
     | U18404                                             | B v -> CO v  | FA1D1    | 0.153 |   2.710 |    2.713 | 
     | U18403                                             | CI v -> CO v | FA1D1    | 0.086 |   2.796 |    2.799 | 
     | U18402                                             | CI v -> CO v | FA1D1    | 0.080 |   2.875 |    2.879 | 
     | U18401                                             | CI v -> CO v | FA1D1    | 0.086 |   2.961 |    2.965 | 
     | U18400                                             | CI v -> CO v | FA1D1    | 0.080 |   3.042 |    3.045 | 
     | U18399                                             | CI v -> CO v | FA1D1    | 0.079 |   3.121 |    3.125 | 
     | U18398                                             | CI v -> CO v | FA1D1    | 0.076 |   3.196 |    3.200 | 
     | U18397                                             | CI v -> CO v | FA1D1    | 0.124 |   3.320 |    3.324 | 
     | U18396                                             | CI v -> CO v | FA1D1    | 0.087 |   3.407 |    3.411 | 
     | U18526                                             | CI v -> S ^  | FA1D1    | 0.216 |   3.623 |    3.627 | 
     | ofifo_inst_col_idx_7__fifo_instance_q9_reg_17_     | D ^          | EDFQD1   | 0.002 |   3.625 |    3.628 | 
     +-----------------------------------------------------------------------------------------------------------+ 
Path 5: MET Setup Check with Pin ofifo_inst_col_idx_7__fifo_instance_q11_reg_17_
/CP 
Endpoint:   ofifo_inst_col_idx_7__fifo_instance_q11_reg_17_/D            (^) 
checked with  leading edge of 'clk'
Beginpoint: mac_array_instance_col_idx_8__mac_col_inst_query_q_reg_13_/Q (^) 
triggered by  leading edge of 'clk'
Path Groups: {clk}
Analysis View: WC_VIEW
Other End Arrival Time          0.248
- Setup                         0.121
+ Phase Shift                   3.500
+ CPPR Adjustment               0.000
= Required Time                 3.628
- Arrival Time                  3.624
= Slack Time                    0.004
     Clock Rise Edge                 0.000
     + Clock Network Latency (Prop)  0.247
     = Beginpoint Arrival Time       0.247
     +-----------------------------------------------------------------------------------------------------------+ 
     |                      Instance                      |     Arc      |   Cell   | Delay | Arrival | Required | 
     |                                                    |              |          |       |  Time   |   Time   | 
     |----------------------------------------------------+--------------+----------+-------+---------+----------| 
     | mac_array_instance_col_idx_8__mac_col_inst_query_q | CP ^         |          |       |   0.247 |    0.251 | 
     | _reg_13_                                           |              |          |       |         |          | 
     | mac_array_instance_col_idx_8__mac_col_inst_query_q | CP ^ -> Q ^  | EDFQD1   | 0.212 |   0.459 |    0.462 | 
     | _reg_13_                                           |              |          |       |         |          | 
     | U8323                                              | I ^ -> ZN v  | CKND1    | 0.125 |   0.583 |    0.587 | 
     | U5781                                              | A2 v -> ZN ^ | OAI22D0  | 0.209 |   0.792 |    0.796 | 
     | U13886                                             | I ^ -> ZN v  | CKND0    | 0.177 |   0.969 |    0.973 | 
     | U13887                                             | A2 v -> ZN ^ | NR2XD0   | 0.127 |   1.096 |    1.100 | 
     | U14097                                             | I ^ -> ZN v  | CKND0    | 0.071 |   1.167 |    1.171 | 
     | U17635                                             | A1 v -> ZN ^ | MOAI22D0 | 0.159 |   1.326 |    1.330 | 
     | DP_OP_759J1_129_9850_U95                           | A ^ -> S v   | CMPE42D1 | 0.355 |   1.681 |    1.685 | 
     | DP_OP_759J1_129_9850_U91                           | A v -> S ^   | CMPE42D1 | 0.302 |   1.982 |    1.986 | 
     | DP_OP_759J1_129_9850_U87                           | B ^ -> S v   | CMPE42D1 | 0.305 |   2.288 |    2.291 | 
     | DP_OP_759J1_129_9850_U86                           | C v -> S v   | CMPE42D1 | 0.269 |   2.557 |    2.561 | 
     | U18404                                             | B v -> CO v  | FA1D1    | 0.153 |   2.710 |    2.714 | 
     | U18403                                             | CI v -> CO v | FA1D1    | 0.086 |   2.796 |    2.799 | 
     | U18402                                             | CI v -> CO v | FA1D1    | 0.080 |   2.875 |    2.879 | 
     | U18401                                             | CI v -> CO v | FA1D1    | 0.086 |   2.961 |    2.965 | 
     | U18400                                             | CI v -> CO v | FA1D1    | 0.080 |   3.042 |    3.045 | 
     | U18399                                             | CI v -> CO v | FA1D1    | 0.079 |   3.121 |    3.125 | 
     | U18398                                             | CI v -> CO v | FA1D1    | 0.076 |   3.196 |    3.200 | 
     | U18397                                             | CI v -> CO v | FA1D1    | 0.124 |   3.320 |    3.324 | 
     | U18396                                             | CI v -> CO v | FA1D1    | 0.087 |   3.407 |    3.411 | 
     | U18526                                             | CI v -> S ^  | FA1D1    | 0.216 |   3.623 |    3.627 | 
     | ofifo_inst_col_idx_7__fifo_instance_q11_reg_17_    | D ^          | EDFQD1   | 0.001 |   3.624 |    3.628 | 
     +-----------------------------------------------------------------------------------------------------------+ 

