###############################################################
#  Generated by:      Cadence Innovus 15.23-s045_1
#  OS:                Linux x86_64(Host ID ieng6-ece-05.ucsd.edu)
#  Generated on:      Fri Mar 21 19:53:02 2025
#  Design:            core
#  Command:           report_timing -max_paths 5 > ./summaryReport/${design}.post_route.timing.rpt
###############################################################
Path 1: VIOLATED Setup Check with Pin ofifo_inst/col_idx_6__fifo_instance/q11_
reg_18_/CP 
Endpoint:   ofifo_inst/col_idx_6__fifo_instance/q11_reg_18_/D           (^) 
checked with  leading edge of 'clk'
Beginpoint: mac_array_instance/col_idx_7__mac_col_inst/query_q_reg_1_/Q (v) 
triggered by  leading edge of 'clk'
Path Groups: {clk}
Analysis View: WC_VIEW
Other End Arrival Time          0.939
- Setup                         0.013
+ Phase Shift                   3.500
+ CPPR Adjustment               0.000
= Required Time                 4.426
- Arrival Time                  4.679
= Slack Time                   -0.253
     Clock Rise Edge                 0.000
     + Clock Network Latency (Prop)  1.341
     = Beginpoint Arrival Time       1.341
     +-----------------------------------------------------------------------------------------------------------+ 
     |                      Instance                      |     Arc      |   Cell   | Delay | Arrival | Required | 
     |                                                    |              |          |       |  Time   |   Time   | 
     |----------------------------------------------------+--------------+----------+-------+---------+----------| 
     | mac_array_instance/col_idx_7__mac_col_inst/query_q | CP ^         |          |       |   1.341 |    1.088 | 
     | _reg_1_                                            |              |          |       |         |          | 
     | mac_array_instance/col_idx_7__mac_col_inst/query_q | CP ^ -> Q v  | EDFQD2   | 0.186 |   1.527 |    1.274 | 
     | _reg_1_                                            |              |          |       |         |          | 
     | mac_array_instance/col_idx_7__mac_col_inst/mac_16i | I v -> ZN ^  | CKND1    | 0.082 |   1.609 |    1.356 | 
     | n_instance/FE_OFC831_q_temp_449_                   |              |          |       |         |          | 
     | mac_array_instance/col_idx_7__mac_col_inst/mac_16i | I0 ^ -> ZN v | MUX2ND0  | 0.136 |   1.745 |    1.492 | 
     | n_instance/FE_RC_4_0                               |              |          |       |         |          | 
     | mac_array_instance/col_idx_7__mac_col_inst/mac_16i | C v -> ZN ^  | AOI221D0 | 0.473 |   2.218 |    1.965 | 
     | n_instance/U456                                    |              |          |       |         |          | 
     | mac_array_instance/col_idx_7__mac_col_inst/mac_16i | I ^ -> ZN v  | INVD2    | 0.102 |   2.320 |    2.067 | 
     | n_instance/U506                                    |              |          |       |         |          | 
     | mac_array_instance/col_idx_7__mac_col_inst/mac_16i | B2 v -> ZN ^ | OAI22D1  | 0.109 |   2.429 |    2.175 | 
     | n_instance/U610                                    |              |          |       |         |          | 
     | mac_array_instance/col_idx_7__mac_col_inst/mac_16i | B ^ -> S v   | CMPE42D1 | 0.354 |   2.783 |    2.530 | 
     | n_instance/DP_OP_38J6_122_4029_U113                |              |          |       |         |          | 
     | mac_array_instance/col_idx_7__mac_col_inst/mac_16i | B v -> COX v | CMPE42D1 | 0.164 |   2.947 |    2.693 | 
     | n_instance/DP_OP_38J6_122_4029_U106                |              |          |       |         |          | 
     | mac_array_instance/col_idx_7__mac_col_inst/mac_16i | CIX v -> S ^ | CMPE42D1 | 0.133 |   3.079 |    2.826 | 
     | n_instance/DP_OP_38J6_122_4029_U91                 |              |          |       |         |          | 
     | mac_array_instance/col_idx_7__mac_col_inst/mac_16i | B ^ -> S v   | CMPE42D1 | 0.314 |   3.393 |    3.140 | 
     | n_instance/DP_OP_38J6_122_4029_U87                 |              |          |       |         |          | 
     | mac_array_instance/col_idx_7__mac_col_inst/mac_16i | C v -> S v   | CMPE42D1 | 0.266 |   3.660 |    3.406 | 
     | n_instance/DP_OP_38J6_122_4029_U86                 |              |          |       |         |          | 
     | mac_array_instance/col_idx_7__mac_col_inst/mac_16i | B v -> CO v  | FA1D1    | 0.140 |   3.799 |    3.546 | 
     | n_instance/intadd_3_U11                            |              |          |       |         |          | 
     | mac_array_instance/col_idx_7__mac_col_inst/mac_16i | CI v -> CO v | FA1D1    | 0.077 |   3.877 |    3.623 | 
     | n_instance/intadd_3_U10                            |              |          |       |         |          | 
     | mac_array_instance/col_idx_7__mac_col_inst/mac_16i | CI v -> CO v | FA1D1    | 0.080 |   3.957 |    3.704 | 
     | n_instance/intadd_3_U9                             |              |          |       |         |          | 
     | mac_array_instance/col_idx_7__mac_col_inst/mac_16i | CI v -> CO v | FA1D1    | 0.072 |   4.030 |    3.776 | 
     | n_instance/intadd_3_U8                             |              |          |       |         |          | 
     | mac_array_instance/col_idx_7__mac_col_inst/mac_16i | CI v -> CO v | FA1D2    | 0.088 |   4.118 |    3.864 | 
     | n_instance/intadd_3_U7                             |              |          |       |         |          | 
     | mac_array_instance/col_idx_7__mac_col_inst/mac_16i | CI v -> CO v | FA1D1    | 0.083 |   4.200 |    3.947 | 
     | n_instance/intadd_3_U6                             |              |          |       |         |          | 
     | mac_array_instance/col_idx_7__mac_col_inst/mac_16i | CI v -> CO v | FA1D1    | 0.075 |   4.275 |    4.022 | 
     | n_instance/intadd_3_U5                             |              |          |       |         |          | 
     | mac_array_instance/col_idx_7__mac_col_inst/mac_16i | CI v -> CO v | FA1D1    | 0.076 |   4.351 |    4.098 | 
     | n_instance/intadd_3_U4                             |              |          |       |         |          | 
     | mac_array_instance/col_idx_7__mac_col_inst/mac_16i | CI v -> CO v | FA1D1    | 0.076 |   4.427 |    4.174 | 
     | n_instance/intadd_3_U3                             |              |          |       |         |          | 
     | mac_array_instance/col_idx_7__mac_col_inst/mac_16i | CI v -> CO v | FA1D2    | 0.101 |   4.528 |    4.275 | 
     | n_instance/intadd_3_U2                             |              |          |       |         |          | 
     | mac_array_instance/col_idx_7__mac_col_inst/mac_16i | I v -> ZN ^  | CKND12   | 0.056 |   4.584 |    4.331 | 
     | n_instance/FE_OFC537_array_out_138_                |              |          |       |         |          | 
     | ofifo_inst/col_idx_6__fifo_instance/U113           | A1 ^ -> Z ^  | OA22D0   | 0.095 |   4.679 |    4.426 | 
     | ofifo_inst/col_idx_6__fifo_instance/q11_reg_18_    | D ^          | DFQD1    | 0.000 |   4.679 |    4.426 | 
     +-----------------------------------------------------------------------------------------------------------+ 
Path 2: VIOLATED Setup Check with Pin ofifo_inst/col_idx_6__fifo_instance/q9_
reg_19_/CP 
Endpoint:   ofifo_inst/col_idx_6__fifo_instance/q9_reg_19_/D            (^) 
checked with  leading edge of 'clk'
Beginpoint: mac_array_instance/col_idx_7__mac_col_inst/query_q_reg_1_/Q (v) 
triggered by  leading edge of 'clk'
Path Groups: {clk}
Analysis View: WC_VIEW
Other End Arrival Time          0.940
- Setup                         0.012
+ Phase Shift                   3.500
+ CPPR Adjustment               0.000
= Required Time                 4.428
- Arrival Time                  4.674
= Slack Time                   -0.246
     Clock Rise Edge                 0.000
     + Clock Network Latency (Prop)  1.341
     = Beginpoint Arrival Time       1.341
     +-----------------------------------------------------------------------------------------------------------+ 
     |                      Instance                      |     Arc      |   Cell   | Delay | Arrival | Required | 
     |                                                    |              |          |       |  Time   |   Time   | 
     |----------------------------------------------------+--------------+----------+-------+---------+----------| 
     | mac_array_instance/col_idx_7__mac_col_inst/query_q | CP ^         |          |       |   1.341 |    1.095 | 
     | _reg_1_                                            |              |          |       |         |          | 
     | mac_array_instance/col_idx_7__mac_col_inst/query_q | CP ^ -> Q v  | EDFQD2   | 0.186 |   1.527 |    1.281 | 
     | _reg_1_                                            |              |          |       |         |          | 
     | mac_array_instance/col_idx_7__mac_col_inst/mac_16i | I v -> ZN ^  | CKND1    | 0.082 |   1.609 |    1.363 | 
     | n_instance/FE_OFC831_q_temp_449_                   |              |          |       |         |          | 
     | mac_array_instance/col_idx_7__mac_col_inst/mac_16i | I0 ^ -> ZN v | MUX2ND0  | 0.136 |   1.745 |    1.499 | 
     | n_instance/FE_RC_4_0                               |              |          |       |         |          | 
     | mac_array_instance/col_idx_7__mac_col_inst/mac_16i | C v -> ZN ^  | AOI221D0 | 0.473 |   2.218 |    1.972 | 
     | n_instance/U456                                    |              |          |       |         |          | 
     | mac_array_instance/col_idx_7__mac_col_inst/mac_16i | I ^ -> ZN v  | INVD2    | 0.102 |   2.320 |    2.074 | 
     | n_instance/U506                                    |              |          |       |         |          | 
     | mac_array_instance/col_idx_7__mac_col_inst/mac_16i | B2 v -> ZN ^ | OAI22D1  | 0.109 |   2.429 |    2.183 | 
     | n_instance/U610                                    |              |          |       |         |          | 
     | mac_array_instance/col_idx_7__mac_col_inst/mac_16i | B ^ -> S v   | CMPE42D1 | 0.354 |   2.783 |    2.537 | 
     | n_instance/DP_OP_38J6_122_4029_U113                |              |          |       |         |          | 
     | mac_array_instance/col_idx_7__mac_col_inst/mac_16i | B v -> COX v | CMPE42D1 | 0.164 |   2.947 |    2.701 | 
     | n_instance/DP_OP_38J6_122_4029_U106                |              |          |       |         |          | 
     | mac_array_instance/col_idx_7__mac_col_inst/mac_16i | CIX v -> S ^ | CMPE42D1 | 0.133 |   3.079 |    2.833 | 
     | n_instance/DP_OP_38J6_122_4029_U91                 |              |          |       |         |          | 
     | mac_array_instance/col_idx_7__mac_col_inst/mac_16i | B ^ -> S v   | CMPE42D1 | 0.314 |   3.393 |    3.147 | 
     | n_instance/DP_OP_38J6_122_4029_U87                 |              |          |       |         |          | 
     | mac_array_instance/col_idx_7__mac_col_inst/mac_16i | C v -> S v   | CMPE42D1 | 0.266 |   3.660 |    3.414 | 
     | n_instance/DP_OP_38J6_122_4029_U86                 |              |          |       |         |          | 
     | mac_array_instance/col_idx_7__mac_col_inst/mac_16i | B v -> CO v  | FA1D1    | 0.140 |   3.799 |    3.553 | 
     | n_instance/intadd_3_U11                            |              |          |       |         |          | 
     | mac_array_instance/col_idx_7__mac_col_inst/mac_16i | CI v -> CO v | FA1D1    | 0.077 |   3.877 |    3.630 | 
     | n_instance/intadd_3_U10                            |              |          |       |         |          | 
     | mac_array_instance/col_idx_7__mac_col_inst/mac_16i | CI v -> CO v | FA1D1    | 0.080 |   3.957 |    3.711 | 
     | n_instance/intadd_3_U9                             |              |          |       |         |          | 
     | mac_array_instance/col_idx_7__mac_col_inst/mac_16i | CI v -> CO v | FA1D1    | 0.072 |   4.030 |    3.783 | 
     | n_instance/intadd_3_U8                             |              |          |       |         |          | 
     | mac_array_instance/col_idx_7__mac_col_inst/mac_16i | CI v -> CO v | FA1D2    | 0.088 |   4.118 |    3.872 | 
     | n_instance/intadd_3_U7                             |              |          |       |         |          | 
     | mac_array_instance/col_idx_7__mac_col_inst/mac_16i | CI v -> CO v | FA1D1    | 0.083 |   4.200 |    3.954 | 
     | n_instance/intadd_3_U6                             |              |          |       |         |          | 
     | mac_array_instance/col_idx_7__mac_col_inst/mac_16i | CI v -> CO v | FA1D1    | 0.075 |   4.275 |    4.029 | 
     | n_instance/intadd_3_U5                             |              |          |       |         |          | 
     | mac_array_instance/col_idx_7__mac_col_inst/mac_16i | CI v -> CO v | FA1D1    | 0.076 |   4.351 |    4.105 | 
     | n_instance/intadd_3_U4                             |              |          |       |         |          | 
     | mac_array_instance/col_idx_7__mac_col_inst/mac_16i | CI v -> CO v | FA1D1    | 0.076 |   4.427 |    4.181 | 
     | n_instance/intadd_3_U3                             |              |          |       |         |          | 
     | mac_array_instance/col_idx_7__mac_col_inst/mac_16i | CI v -> CO v | FA1D2    | 0.101 |   4.528 |    4.282 | 
     | n_instance/intadd_3_U2                             |              |          |       |         |          | 
     | mac_array_instance/col_idx_7__mac_col_inst/mac_16i | I v -> ZN ^  | CKND12   | 0.056 |   4.584 |    4.338 | 
     | n_instance/FE_OFC537_array_out_138_                |              |          |       |         |          | 
     | ofifo_inst/col_idx_6__fifo_instance/U92            | A1 ^ -> Z ^  | OA22D0   | 0.090 |   4.674 |    4.428 | 
     | ofifo_inst/col_idx_6__fifo_instance/q9_reg_19_     | D ^          | DFQD1    | 0.000 |   4.674 |    4.428 | 
     +-----------------------------------------------------------------------------------------------------------+ 
Path 3: VIOLATED Setup Check with Pin ofifo_inst/col_idx_6__fifo_instance/q9_
reg_18_/CP 
Endpoint:   ofifo_inst/col_idx_6__fifo_instance/q9_reg_18_/D            (^) 
checked with  leading edge of 'clk'
Beginpoint: mac_array_instance/col_idx_7__mac_col_inst/query_q_reg_1_/Q (v) 
triggered by  leading edge of 'clk'
Path Groups: {clk}
Analysis View: WC_VIEW
Other End Arrival Time          0.941
- Setup                         0.011
+ Phase Shift                   3.500
+ CPPR Adjustment               0.000
= Required Time                 4.430
- Arrival Time                  4.674
= Slack Time                   -0.245
     Clock Rise Edge                 0.000
     + Clock Network Latency (Prop)  1.341
     = Beginpoint Arrival Time       1.341
     +-----------------------------------------------------------------------------------------------------------+ 
     |                      Instance                      |     Arc      |   Cell   | Delay | Arrival | Required | 
     |                                                    |              |          |       |  Time   |   Time   | 
     |----------------------------------------------------+--------------+----------+-------+---------+----------| 
     | mac_array_instance/col_idx_7__mac_col_inst/query_q | CP ^         |          |       |   1.341 |    1.097 | 
     | _reg_1_                                            |              |          |       |         |          | 
     | mac_array_instance/col_idx_7__mac_col_inst/query_q | CP ^ -> Q v  | EDFQD2   | 0.186 |   1.527 |    1.283 | 
     | _reg_1_                                            |              |          |       |         |          | 
     | mac_array_instance/col_idx_7__mac_col_inst/mac_16i | I v -> ZN ^  | CKND1    | 0.082 |   1.609 |    1.365 | 
     | n_instance/FE_OFC831_q_temp_449_                   |              |          |       |         |          | 
     | mac_array_instance/col_idx_7__mac_col_inst/mac_16i | I0 ^ -> ZN v | MUX2ND0  | 0.136 |   1.745 |    1.501 | 
     | n_instance/FE_RC_4_0                               |              |          |       |         |          | 
     | mac_array_instance/col_idx_7__mac_col_inst/mac_16i | C v -> ZN ^  | AOI221D0 | 0.473 |   2.218 |    1.974 | 
     | n_instance/U456                                    |              |          |       |         |          | 
     | mac_array_instance/col_idx_7__mac_col_inst/mac_16i | I ^ -> ZN v  | INVD2    | 0.102 |   2.320 |    2.075 | 
     | n_instance/U506                                    |              |          |       |         |          | 
     | mac_array_instance/col_idx_7__mac_col_inst/mac_16i | B2 v -> ZN ^ | OAI22D1  | 0.109 |   2.429 |    2.184 | 
     | n_instance/U610                                    |              |          |       |         |          | 
     | mac_array_instance/col_idx_7__mac_col_inst/mac_16i | B ^ -> S v   | CMPE42D1 | 0.354 |   2.783 |    2.539 | 
     | n_instance/DP_OP_38J6_122_4029_U113                |              |          |       |         |          | 
     | mac_array_instance/col_idx_7__mac_col_inst/mac_16i | B v -> COX v | CMPE42D1 | 0.164 |   2.947 |    2.702 | 
     | n_instance/DP_OP_38J6_122_4029_U106                |              |          |       |         |          | 
     | mac_array_instance/col_idx_7__mac_col_inst/mac_16i | CIX v -> S ^ | CMPE42D1 | 0.133 |   3.079 |    2.835 | 
     | n_instance/DP_OP_38J6_122_4029_U91                 |              |          |       |         |          | 
     | mac_array_instance/col_idx_7__mac_col_inst/mac_16i | B ^ -> S v   | CMPE42D1 | 0.314 |   3.393 |    3.149 | 
     | n_instance/DP_OP_38J6_122_4029_U87                 |              |          |       |         |          | 
     | mac_array_instance/col_idx_7__mac_col_inst/mac_16i | C v -> S v   | CMPE42D1 | 0.266 |   3.660 |    3.415 | 
     | n_instance/DP_OP_38J6_122_4029_U86                 |              |          |       |         |          | 
     | mac_array_instance/col_idx_7__mac_col_inst/mac_16i | B v -> CO v  | FA1D1    | 0.140 |   3.799 |    3.555 | 
     | n_instance/intadd_3_U11                            |              |          |       |         |          | 
     | mac_array_instance/col_idx_7__mac_col_inst/mac_16i | CI v -> CO v | FA1D1    | 0.077 |   3.877 |    3.632 | 
     | n_instance/intadd_3_U10                            |              |          |       |         |          | 
     | mac_array_instance/col_idx_7__mac_col_inst/mac_16i | CI v -> CO v | FA1D1    | 0.080 |   3.957 |    3.713 | 
     | n_instance/intadd_3_U9                             |              |          |       |         |          | 
     | mac_array_instance/col_idx_7__mac_col_inst/mac_16i | CI v -> CO v | FA1D1    | 0.072 |   4.030 |    3.785 | 
     | n_instance/intadd_3_U8                             |              |          |       |         |          | 
     | mac_array_instance/col_idx_7__mac_col_inst/mac_16i | CI v -> CO v | FA1D2    | 0.088 |   4.118 |    3.873 | 
     | n_instance/intadd_3_U7                             |              |          |       |         |          | 
     | mac_array_instance/col_idx_7__mac_col_inst/mac_16i | CI v -> CO v | FA1D1    | 0.083 |   4.200 |    3.956 | 
     | n_instance/intadd_3_U6                             |              |          |       |         |          | 
     | mac_array_instance/col_idx_7__mac_col_inst/mac_16i | CI v -> CO v | FA1D1    | 0.075 |   4.275 |    4.031 | 
     | n_instance/intadd_3_U5                             |              |          |       |         |          | 
     | mac_array_instance/col_idx_7__mac_col_inst/mac_16i | CI v -> CO v | FA1D1    | 0.076 |   4.351 |    4.106 | 
     | n_instance/intadd_3_U4                             |              |          |       |         |          | 
     | mac_array_instance/col_idx_7__mac_col_inst/mac_16i | CI v -> CO v | FA1D1    | 0.076 |   4.427 |    4.183 | 
     | n_instance/intadd_3_U3                             |              |          |       |         |          | 
     | mac_array_instance/col_idx_7__mac_col_inst/mac_16i | CI v -> CO v | FA1D2    | 0.101 |   4.528 |    4.284 | 
     | n_instance/intadd_3_U2                             |              |          |       |         |          | 
     | mac_array_instance/col_idx_7__mac_col_inst/mac_16i | I v -> ZN ^  | CKND12   | 0.056 |   4.584 |    4.340 | 
     | n_instance/FE_OFC537_array_out_138_                |              |          |       |         |          | 
     | ofifo_inst/col_idx_6__fifo_instance/U91            | A2 ^ -> Z ^  | OA22D0   | 0.090 |   4.674 |    4.430 | 
     | ofifo_inst/col_idx_6__fifo_instance/q9_reg_18_     | D ^          | DFQD1    | 0.000 |   4.674 |    4.430 | 
     +-----------------------------------------------------------------------------------------------------------+ 
Path 4: VIOLATED Setup Check with Pin ofifo_inst/col_idx_6__fifo_instance/q11_
reg_19_/CP 
Endpoint:   ofifo_inst/col_idx_6__fifo_instance/q11_reg_19_/D           (^) 
checked with  leading edge of 'clk'
Beginpoint: mac_array_instance/col_idx_7__mac_col_inst/query_q_reg_1_/Q (v) 
triggered by  leading edge of 'clk'
Path Groups: {clk}
Analysis View: WC_VIEW
Other End Arrival Time          0.940
- Setup                         0.010
+ Phase Shift                   3.500
+ CPPR Adjustment               0.000
= Required Time                 4.430
- Arrival Time                  4.672
= Slack Time                   -0.242
     Clock Rise Edge                 0.000
     + Clock Network Latency (Prop)  1.341
     = Beginpoint Arrival Time       1.341
     +-----------------------------------------------------------------------------------------------------------+ 
     |                      Instance                      |     Arc      |   Cell   | Delay | Arrival | Required | 
     |                                                    |              |          |       |  Time   |   Time   | 
     |----------------------------------------------------+--------------+----------+-------+---------+----------| 
     | mac_array_instance/col_idx_7__mac_col_inst/query_q | CP ^         |          |       |   1.341 |    1.099 | 
     | _reg_1_                                            |              |          |       |         |          | 
     | mac_array_instance/col_idx_7__mac_col_inst/query_q | CP ^ -> Q v  | EDFQD2   | 0.186 |   1.527 |    1.285 | 
     | _reg_1_                                            |              |          |       |         |          | 
     | mac_array_instance/col_idx_7__mac_col_inst/mac_16i | I v -> ZN ^  | CKND1    | 0.082 |   1.609 |    1.367 | 
     | n_instance/FE_OFC831_q_temp_449_                   |              |          |       |         |          | 
     | mac_array_instance/col_idx_7__mac_col_inst/mac_16i | I0 ^ -> ZN v | MUX2ND0  | 0.136 |   1.745 |    1.503 | 
     | n_instance/FE_RC_4_0                               |              |          |       |         |          | 
     | mac_array_instance/col_idx_7__mac_col_inst/mac_16i | C v -> ZN ^  | AOI221D0 | 0.473 |   2.218 |    1.976 | 
     | n_instance/U456                                    |              |          |       |         |          | 
     | mac_array_instance/col_idx_7__mac_col_inst/mac_16i | I ^ -> ZN v  | INVD2    | 0.102 |   2.320 |    2.078 | 
     | n_instance/U506                                    |              |          |       |         |          | 
     | mac_array_instance/col_idx_7__mac_col_inst/mac_16i | B2 v -> ZN ^ | OAI22D1  | 0.109 |   2.429 |    2.187 | 
     | n_instance/U610                                    |              |          |       |         |          | 
     | mac_array_instance/col_idx_7__mac_col_inst/mac_16i | B ^ -> S v   | CMPE42D1 | 0.354 |   2.783 |    2.541 | 
     | n_instance/DP_OP_38J6_122_4029_U113                |              |          |       |         |          | 
     | mac_array_instance/col_idx_7__mac_col_inst/mac_16i | B v -> COX v | CMPE42D1 | 0.164 |   2.947 |    2.705 | 
     | n_instance/DP_OP_38J6_122_4029_U106                |              |          |       |         |          | 
     | mac_array_instance/col_idx_7__mac_col_inst/mac_16i | CIX v -> S ^ | CMPE42D1 | 0.133 |   3.079 |    2.837 | 
     | n_instance/DP_OP_38J6_122_4029_U91                 |              |          |       |         |          | 
     | mac_array_instance/col_idx_7__mac_col_inst/mac_16i | B ^ -> S v   | CMPE42D1 | 0.314 |   3.393 |    3.151 | 
     | n_instance/DP_OP_38J6_122_4029_U87                 |              |          |       |         |          | 
     | mac_array_instance/col_idx_7__mac_col_inst/mac_16i | C v -> S v   | CMPE42D1 | 0.266 |   3.660 |    3.418 | 
     | n_instance/DP_OP_38J6_122_4029_U86                 |              |          |       |         |          | 
     | mac_array_instance/col_idx_7__mac_col_inst/mac_16i | B v -> CO v  | FA1D1    | 0.140 |   3.799 |    3.557 | 
     | n_instance/intadd_3_U11                            |              |          |       |         |          | 
     | mac_array_instance/col_idx_7__mac_col_inst/mac_16i | CI v -> CO v | FA1D1    | 0.077 |   3.877 |    3.635 | 
     | n_instance/intadd_3_U10                            |              |          |       |         |          | 
     | mac_array_instance/col_idx_7__mac_col_inst/mac_16i | CI v -> CO v | FA1D1    | 0.080 |   3.957 |    3.715 | 
     | n_instance/intadd_3_U9                             |              |          |       |         |          | 
     | mac_array_instance/col_idx_7__mac_col_inst/mac_16i | CI v -> CO v | FA1D1    | 0.072 |   4.030 |    3.788 | 
     | n_instance/intadd_3_U8                             |              |          |       |         |          | 
     | mac_array_instance/col_idx_7__mac_col_inst/mac_16i | CI v -> CO v | FA1D2    | 0.088 |   4.118 |    3.876 | 
     | n_instance/intadd_3_U7                             |              |          |       |         |          | 
     | mac_array_instance/col_idx_7__mac_col_inst/mac_16i | CI v -> CO v | FA1D1    | 0.083 |   4.200 |    3.958 | 
     | n_instance/intadd_3_U6                             |              |          |       |         |          | 
     | mac_array_instance/col_idx_7__mac_col_inst/mac_16i | CI v -> CO v | FA1D1    | 0.075 |   4.275 |    4.033 | 
     | n_instance/intadd_3_U5                             |              |          |       |         |          | 
     | mac_array_instance/col_idx_7__mac_col_inst/mac_16i | CI v -> CO v | FA1D1    | 0.076 |   4.351 |    4.109 | 
     | n_instance/intadd_3_U4                             |              |          |       |         |          | 
     | mac_array_instance/col_idx_7__mac_col_inst/mac_16i | CI v -> CO v | FA1D1    | 0.076 |   4.427 |    4.185 | 
     | n_instance/intadd_3_U3                             |              |          |       |         |          | 
     | mac_array_instance/col_idx_7__mac_col_inst/mac_16i | CI v -> CO v | FA1D2    | 0.101 |   4.528 |    4.286 | 
     | n_instance/intadd_3_U2                             |              |          |       |         |          | 
     | mac_array_instance/col_idx_7__mac_col_inst/mac_16i | I v -> ZN ^  | CKND12   | 0.056 |   4.584 |    4.342 | 
     | n_instance/FE_OFC537_array_out_138_                |              |          |       |         |          | 
     | ofifo_inst/col_idx_6__fifo_instance/U114           | A2 ^ -> Z ^  | OA22D0   | 0.088 |   4.672 |    4.430 | 
     | ofifo_inst/col_idx_6__fifo_instance/q11_reg_19_    | D ^          | DFQD1    | 0.000 |   4.672 |    4.430 | 
     +-----------------------------------------------------------------------------------------------------------+ 
Path 5: VIOLATED Setup Check with Pin ofifo_inst/col_idx_6__fifo_instance/q14_
reg_18_/CP 
Endpoint:   ofifo_inst/col_idx_6__fifo_instance/q14_reg_18_/D           (^) 
checked with  leading edge of 'clk'
Beginpoint: mac_array_instance/col_idx_7__mac_col_inst/query_q_reg_1_/Q (v) 
triggered by  leading edge of 'clk'
Path Groups: {clk}
Analysis View: WC_VIEW
Other End Arrival Time          0.944
- Setup                         0.008
+ Phase Shift                   3.500
+ CPPR Adjustment               0.000
= Required Time                 4.435
- Arrival Time                  4.670
= Slack Time                   -0.235
     Clock Rise Edge                 0.000
     + Clock Network Latency (Prop)  1.341
     = Beginpoint Arrival Time       1.341
     +-----------------------------------------------------------------------------------------------------------+ 
     |                      Instance                      |     Arc      |   Cell   | Delay | Arrival | Required | 
     |                                                    |              |          |       |  Time   |   Time   | 
     |----------------------------------------------------+--------------+----------+-------+---------+----------| 
     | mac_array_instance/col_idx_7__mac_col_inst/query_q | CP ^         |          |       |   1.341 |    1.106 | 
     | _reg_1_                                            |              |          |       |         |          | 
     | mac_array_instance/col_idx_7__mac_col_inst/query_q | CP ^ -> Q v  | EDFQD2   | 0.186 |   1.527 |    1.292 | 
     | _reg_1_                                            |              |          |       |         |          | 
     | mac_array_instance/col_idx_7__mac_col_inst/mac_16i | I v -> ZN ^  | CKND1    | 0.082 |   1.609 |    1.374 | 
     | n_instance/FE_OFC831_q_temp_449_                   |              |          |       |         |          | 
     | mac_array_instance/col_idx_7__mac_col_inst/mac_16i | I0 ^ -> ZN v | MUX2ND0  | 0.136 |   1.745 |    1.510 | 
     | n_instance/FE_RC_4_0                               |              |          |       |         |          | 
     | mac_array_instance/col_idx_7__mac_col_inst/mac_16i | C v -> ZN ^  | AOI221D0 | 0.473 |   2.218 |    1.983 | 
     | n_instance/U456                                    |              |          |       |         |          | 
     | mac_array_instance/col_idx_7__mac_col_inst/mac_16i | I ^ -> ZN v  | INVD2    | 0.102 |   2.320 |    2.085 | 
     | n_instance/U506                                    |              |          |       |         |          | 
     | mac_array_instance/col_idx_7__mac_col_inst/mac_16i | B2 v -> ZN ^ | OAI22D1  | 0.109 |   2.429 |    2.194 | 
     | n_instance/U610                                    |              |          |       |         |          | 
     | mac_array_instance/col_idx_7__mac_col_inst/mac_16i | B ^ -> S v   | CMPE42D1 | 0.354 |   2.783 |    2.548 | 
     | n_instance/DP_OP_38J6_122_4029_U113                |              |          |       |         |          | 
     | mac_array_instance/col_idx_7__mac_col_inst/mac_16i | B v -> COX v | CMPE42D1 | 0.164 |   2.947 |    2.712 | 
     | n_instance/DP_OP_38J6_122_4029_U106                |              |          |       |         |          | 
     | mac_array_instance/col_idx_7__mac_col_inst/mac_16i | CIX v -> S ^ | CMPE42D1 | 0.133 |   3.079 |    2.845 | 
     | n_instance/DP_OP_38J6_122_4029_U91                 |              |          |       |         |          | 
     | mac_array_instance/col_idx_7__mac_col_inst/mac_16i | B ^ -> S v   | CMPE42D1 | 0.314 |   3.393 |    3.159 | 
     | n_instance/DP_OP_38J6_122_4029_U87                 |              |          |       |         |          | 
     | mac_array_instance/col_idx_7__mac_col_inst/mac_16i | C v -> S v   | CMPE42D1 | 0.266 |   3.660 |    3.425 | 
     | n_instance/DP_OP_38J6_122_4029_U86                 |              |          |       |         |          | 
     | mac_array_instance/col_idx_7__mac_col_inst/mac_16i | B v -> CO v  | FA1D1    | 0.140 |   3.799 |    3.565 | 
     | n_instance/intadd_3_U11                            |              |          |       |         |          | 
     | mac_array_instance/col_idx_7__mac_col_inst/mac_16i | CI v -> CO v | FA1D1    | 0.077 |   3.877 |    3.642 | 
     | n_instance/intadd_3_U10                            |              |          |       |         |          | 
     | mac_array_instance/col_idx_7__mac_col_inst/mac_16i | CI v -> CO v | FA1D1    | 0.080 |   3.957 |    3.722 | 
     | n_instance/intadd_3_U9                             |              |          |       |         |          | 
     | mac_array_instance/col_idx_7__mac_col_inst/mac_16i | CI v -> CO v | FA1D1    | 0.072 |   4.030 |    3.795 | 
     | n_instance/intadd_3_U8                             |              |          |       |         |          | 
     | mac_array_instance/col_idx_7__mac_col_inst/mac_16i | CI v -> CO v | FA1D2    | 0.088 |   4.118 |    3.883 | 
     | n_instance/intadd_3_U7                             |              |          |       |         |          | 
     | mac_array_instance/col_idx_7__mac_col_inst/mac_16i | CI v -> CO v | FA1D1    | 0.083 |   4.200 |    3.966 | 
     | n_instance/intadd_3_U6                             |              |          |       |         |          | 
     | mac_array_instance/col_idx_7__mac_col_inst/mac_16i | CI v -> CO v | FA1D1    | 0.075 |   4.275 |    4.041 | 
     | n_instance/intadd_3_U5                             |              |          |       |         |          | 
     | mac_array_instance/col_idx_7__mac_col_inst/mac_16i | CI v -> CO v | FA1D1    | 0.076 |   4.351 |    4.116 | 
     | n_instance/intadd_3_U4                             |              |          |       |         |          | 
     | mac_array_instance/col_idx_7__mac_col_inst/mac_16i | CI v -> CO v | FA1D1    | 0.076 |   4.427 |    4.193 | 
     | n_instance/intadd_3_U3                             |              |          |       |         |          | 
     | mac_array_instance/col_idx_7__mac_col_inst/mac_16i | CI v -> CO v | FA1D2    | 0.101 |   4.528 |    4.294 | 
     | n_instance/intadd_3_U2                             |              |          |       |         |          | 
     | mac_array_instance/col_idx_7__mac_col_inst/mac_16i | I v -> ZN ^  | CKND12   | 0.056 |   4.584 |    4.349 | 
     | n_instance/FE_OFC537_array_out_138_                |              |          |       |         |          | 
     | ofifo_inst/col_idx_6__fifo_instance/U139           | A2 ^ -> Z ^  | OA22D0   | 0.086 |   4.670 |    4.435 | 
     | ofifo_inst/col_idx_6__fifo_instance/q14_reg_18_    | D ^          | DFQD1    | 0.000 |   4.670 |    4.435 | 
     +-----------------------------------------------------------------------------------------------------------+ 

